Log file open, 11/22/16 12:38:29
LogInit:Display: Running engine for game: CardGameProject3
LogPlatformFile: Not using cached read wrapper
LogInit:Display: RandInit(-2109815881) SRandInit(-2109815880).
LogTaskGraph: Started task graph with 5 named threads and 6 total threads with 1 sets of task threads.
LogStats: Stats thread started at 0.058641
LogPluginManager: Loaded Plugin Paper2D, From C:/Program Files (x86)/Epic Games/4.13/Engine/Plugins/2D/Paper2D/Paper2D.uplugin
LogPluginManager: Loaded Plugin LightPropagationVolume, From C:/Program Files (x86)/Epic Games/4.13/Engine/Plugins/Blendables/LightPropagationVolume/LightPropagationVolume.uplugin
LogPluginManager: Loaded Plugin BlankPlugin, From C:/Program Files (x86)/Epic Games/4.13/Engine/Plugins/Developer/BlankPlugin/BlankPlugin.uplugin
LogPluginManager: Loaded Plugin CodeLiteSourceCodeAccess, From C:/Program Files (x86)/Epic Games/4.13/Engine/Plugins/Developer/CodeLiteSourceCodeAccess/CodeLiteSourceCodeAccess.uplugin
LogPluginManager: Loaded Plugin GitSourceControl, From C:/Program Files (x86)/Epic Games/4.13/Engine/Plugins/Developer/GitSourceControl/GitSourceControl.uplugin
LogPluginManager: Loaded Plugin KDevelopSourceCodeAccess, From C:/Program Files (x86)/Epic Games/4.13/Engine/Plugins/Developer/KDevelopSourceCodeAccess/KDevelopSourceCodeAccess.uplugin
LogPluginManager: Loaded Plugin NullSourceCodeAccess, From C:/Program Files (x86)/Epic Games/4.13/Engine/Plugins/Developer/NullSourceCodeAccess/NullSourceCodeAccess.uplugin
LogPluginManager: Loaded Plugin OneSkyLocalizationService, From C:/Program Files (x86)/Epic Games/4.13/Engine/Plugins/Developer/OneSkyLocalizationService/OneSkyLocalizationService.uplugin
LogPluginManager: Loaded Plugin PerforceSourceControl, From C:/Program Files (x86)/Epic Games/4.13/Engine/Plugins/Developer/PerforceSourceControl/PerforceSourceControl.uplugin
LogPluginManager: Loaded Plugin SubversionSourceControl, From C:/Program Files (x86)/Epic Games/4.13/Engine/Plugins/Developer/SubversionSourceControl/SubversionSourceControl.uplugin
LogPluginManager: Loaded Plugin UObjectPlugin, From C:/Program Files (x86)/Epic Games/4.13/Engine/Plugins/Developer/UObjectPlugin/UObjectPlugin.uplugin
LogPluginManager: Loaded Plugin VisualStudioSourceCodeAccess, From C:/Program Files (x86)/Epic Games/4.13/Engine/Plugins/Developer/VisualStudioSourceCodeAccess/VisualStudioSourceCodeAccess.uplugin
LogPluginManager: Loaded Plugin XCodeSourceCodeAccess, From C:/Program Files (x86)/Epic Games/4.13/Engine/Plugins/Developer/XCodeSourceCodeAccess/XCodeSourceCodeAccess.uplugin
LogPluginManager: Loaded Plugin EpicSurvey, From C:/Program Files (x86)/Epic Games/4.13/Engine/Plugins/Editor/EpicSurvey/EpicSurvey.uplugin
LogPluginManager: Loaded Plugin MacGraphicsSwitching, From C:/Program Files (x86)/Epic Games/4.13/Engine/Plugins/Editor/MacGraphicsSwitching/MacGraphicsSwitching.uplugin
LogPluginManager: Loaded Plugin MobileLauncherProfileWizard, From C:/Program Files (x86)/Epic Games/4.13/Engine/Plugins/Editor/MobileLauncherProfileWizard/MobileLauncherProfileWizard.uplugin
LogPluginManager: Loaded Plugin PluginBrowser, From C:/Program Files (x86)/Epic Games/4.13/Engine/Plugins/Editor/PluginBrowser/PluginBrowser.uplugin
LogPluginManager: Loaded Plugin SpeedTreeImporter, From C:/Program Files (x86)/Epic Games/4.13/Engine/Plugins/Editor/SpeedTreeImporter/SpeedTreeImporter.uplugin
LogPluginManager: Loaded Plugin SuperSearchEditor, From C:/Program Files (x86)/Epic Games/4.13/Engine/Plugins/Editor/SuperSearchEditor/SuperSearchEditor.uplugin
LogPluginManager: Loaded Plugin AlembicImporter, From C:/Program Files (x86)/Epic Games/4.13/Engine/Plugins/Experimental/AlembicImporter/AlembicImporter.uplugin
LogPluginManager: Loaded Plugin BlueprintStats, From C:/Program Files (x86)/Epic Games/4.13/Engine/Plugins/Experimental/BlueprintStats/BlueprintStats.uplugin
LogPluginManager: Loaded Plugin CharacterAI, From C:/Program Files (x86)/Epic Games/4.13/Engine/Plugins/Experimental/CharacterAI/CharacterAI.uplugin
LogPluginManager: Loaded Plugin CodeEditor, From C:/Program Files (x86)/Epic Games/4.13/Engine/Plugins/Experimental/CodeEditor/CodeEditor.uplugin
LogPluginManager: Loaded Plugin CodeView, From C:/Program Files (x86)/Epic Games/4.13/Engine/Plugins/Experimental/CodeView/CodeView.uplugin
LogPluginManager: Loaded Plugin HTML5Networking, From C:/Program Files (x86)/Epic Games/4.13/Engine/Plugins/Experimental/HTML5Networking/HTML5Networking.uplugin
LogPluginManager: Loaded Plugin LiveEditor, From C:/Program Files (x86)/Epic Games/4.13/Engine/Plugins/Experimental/LiveEditor/LiveEditor.uplugin
LogPluginManager: Loaded Plugin OSVR, From C:/Program Files (x86)/Epic Games/4.13/Engine/Plugins/Experimental/OSVR/OSVR.uplugin
LogPluginManager: Loaded Plugin Phya, From C:/Program Files (x86)/Epic Games/4.13/Engine/Plugins/Experimental/Phya/Phya.uplugin
LogPluginManager: Loaded Plugin SignificanceManager, From C:/Program Files (x86)/Epic Games/4.13/Engine/Plugins/Experimental/SignificanceManager/SignificanceManager.uplugin
LogPluginManager: Loaded Plugin SimpleHMD, From C:/Program Files (x86)/Epic Games/4.13/Engine/Plugins/Experimental/SimpleHMD/SimpleHMD.uplugin
LogPluginManager: Loaded Plugin StereoPanorama, From C:/Program Files (x86)/Epic Games/4.13/Engine/Plugins/Experimental/StereoPanorama/StereoPanorama.uplugin
LogPluginManager: Loaded Plugin StructBox, From C:/Program Files (x86)/Epic Games/4.13/Engine/Plugins/Experimental/StructBox/StructBox.uplugin
LogPluginManager: Loaded Plugin AndroidMedia, From C:/Program Files (x86)/Epic Games/4.13/Engine/Plugins/Media/AndroidMedia/AndroidMedia.uplugin
LogPluginManager: Loaded Plugin AvfMedia, From C:/Program Files (x86)/Epic Games/4.13/Engine/Plugins/Media/AvfMedia/AvfMedia.uplugin
LogPluginManager: Loaded Plugin MediaPlayerEditor, From C:/Program Files (x86)/Epic Games/4.13/Engine/Plugins/Media/MediaPlayerEditor/MediaPlayerEditor.uplugin
LogPluginManager: Loaded Plugin WmfMedia, From C:/Program Files (x86)/Epic Games/4.13/Engine/Plugins/Media/WmfMedia/WmfMedia.uplugin
LogPluginManager: Loaded Plugin MessagingDebugger, From C:/Program Files (x86)/Epic Games/4.13/Engine/Plugins/Messaging/MessagingDebugger/MessagingDebugger.uplugin
LogPluginManager: Loaded Plugin TcpMessaging, From C:/Program Files (x86)/Epic Games/4.13/Engine/Plugins/Messaging/TcpMessaging/TcpMessaging.uplugin
LogPluginManager: Loaded Plugin UdpMessaging, From C:/Program Files (x86)/Epic Games/4.13/Engine/Plugins/Messaging/UdpMessaging/UdpMessaging.uplugin
LogPluginManager: Loaded Plugin LevelSequenceEditor, From C:/Program Files (x86)/Epic Games/4.13/Engine/Plugins/MovieScene/LevelSequenceEditor/LevelSequenceEditor.uplugin
LogPluginManager: Loaded Plugin MatineeToLevelSequence, From C:/Program Files (x86)/Epic Games/4.13/Engine/Plugins/MovieScene/MatineeToLevelSequence/MatineeToLevelSequence.uplugin
LogPluginManager: Loaded Plugin NetcodeUnitTest, From C:/Program Files (x86)/Epic Games/4.13/Engine/Plugins/NetcodeUnitTest/NetcodeUnitTest/NetcodeUnitTest.uplugin
LogPluginManager: Loaded Plugin NUTUnrealEngine4, From C:/Program Files (x86)/Epic Games/4.13/Engine/Plugins/NetcodeUnitTest/NUTUnrealEngine4/NUTUnrealEngine4.uplugin
LogPluginManager: Loaded Plugin OnlineSubsystemGooglePlay, From C:/Program Files (x86)/Epic Games/4.13/Engine/Plugins/Online/Android/OnlineSubsystemGooglePlay/OnlineSubsystemGooglePlay.uplugin
LogPluginManager: Loaded Plugin OnlineSubsystemIOS, From C:/Program Files (x86)/Epic Games/4.13/Engine/Plugins/Online/IOS/OnlineSubsystemIOS/OnlineSubsystemIOS.uplugin
LogPluginManager: Loaded Plugin OnlineFramework, From C:/Program Files (x86)/Epic Games/4.13/Engine/Plugins/Online/OnlineFramework/OnlineFramework.uplugin
LogPluginManager: Loaded Plugin OnlineSubsystem, From C:/Program Files (x86)/Epic Games/4.13/Engine/Plugins/Online/OnlineSubsystem/OnlineSubsystem.uplugin
LogPluginManager: Loaded Plugin OnlineSubsystemAmazon, From C:/Program Files (x86)/Epic Games/4.13/Engine/Plugins/Online/OnlineSubsystemAmazon/OnlineSubsystemAmazon.uplugin
LogPluginManager: Loaded Plugin OnlineSubsystemFacebook, From C:/Program Files (x86)/Epic Games/4.13/Engine/Plugins/Online/OnlineSubsystemFacebook/OnlineSubsystemFacebook.uplugin
LogPluginManager: Loaded Plugin OnlineSubsystemNull, From C:/Program Files (x86)/Epic Games/4.13/Engine/Plugins/Online/OnlineSubsystemNull/OnlineSubsystemNull.uplugin
LogPluginManager: Loaded Plugin OnlineSubsystemOculus, From C:/Program Files (x86)/Epic Games/4.13/Engine/Plugins/Online/OnlineSubsystemOculus/OnlineSubsystemOculus.uplugin
LogPluginManager: Loaded Plugin OnlineSubsystemSteam, From C:/Program Files (x86)/Epic Games/4.13/Engine/Plugins/Online/OnlineSubsystemSteam/OnlineSubsystemSteam.uplugin
LogPluginManager: Loaded Plugin OnlineSubsystemUtils, From C:/Program Files (x86)/Epic Games/4.13/Engine/Plugins/Online/OnlineSubsystemUtils/OnlineSubsystemUtils.uplugin
LogPluginManager: Loaded Plugin IOSTapJoy, From C:/Program Files (x86)/Epic Games/4.13/Engine/Plugins/Runtime/Advertising/IOSTapJoy/IOSTapJoy.uplugin
LogPluginManager: Loaded Plugin AnalyticsBlueprintLibrary, From C:/Program Files (x86)/Epic Games/4.13/Engine/Plugins/Runtime/Analytics/AnalyticsBlueprintLibrary/AnalyticsBlueprintLibrary.uplugin
LogPluginManager: Loaded Plugin AnalyticsMulticast, From C:/Program Files (x86)/Epic Games/4.13/Engine/Plugins/Runtime/Analytics/AnalyticsMulticast/AnalyticsMulticast.uplugin
LogPluginManager: Loaded Plugin Apsalar, From C:/Program Files (x86)/Epic Games/4.13/Engine/Plugins/Runtime/Analytics/Apsalar/Apsalar.uplugin
LogPluginManager: Loaded Plugin FileLogging, From C:/Program Files (x86)/Epic Games/4.13/Engine/Plugins/Runtime/Analytics/FileLogging/FileLogging.uplugin
LogPluginManager: Loaded Plugin Flurry, From C:/Program Files (x86)/Epic Games/4.13/Engine/Plugins/Runtime/Analytics/Flurry/Flurry.uplugin
LogPluginManager: Loaded Plugin AndroidDeviceProfileSelector, From C:/Program Files (x86)/Epic Games/4.13/Engine/Plugins/Runtime/AndroidDeviceProfileSelector/AndroidDeviceProfileSelector.uplugin
LogPluginManager: Loaded Plugin AndroidMoviePlayer, From C:/Program Files (x86)/Epic Games/4.13/Engine/Plugins/Runtime/AndroidMoviePlayer/AndroidMoviePlayer.uplugin
LogPluginManager: Loaded Plugin AppleMoviePlayer, From C:/Program Files (x86)/Epic Games/4.13/Engine/Plugins/Runtime/AppleMoviePlayer/AppleMoviePlayer.uplugin
LogPluginManager: Loaded Plugin ArchVisCharacter, From C:/Program Files (x86)/Epic Games/4.13/Engine/Plugins/Runtime/ArchVisCharacter/ArchVisCharacter.uplugin
LogPluginManager: Loaded Plugin CableComponent, From C:/Program Files (x86)/Epic Games/4.13/Engine/Plugins/Runtime/CableComponent/CableComponent.uplugin
LogPluginManager: Loaded Plugin CustomMeshComponent, From C:/Program Files (x86)/Epic Games/4.13/Engine/Plugins/Runtime/CustomMeshComponent/CustomMeshComponent.uplugin
LogPluginManager: Loaded Plugin ExampleDeviceProfileSelector, From C:/Program Files (x86)/Epic Games/4.13/Engine/Plugins/Runtime/ExampleDeviceProfileSelector/ExampleDeviceProfileSelector.uplugin
LogPluginManager: Loaded Plugin GearVR, From C:/Program Files (x86)/Epic Games/4.13/Engine/Plugins/Runtime/GearVR/GearVR.uplugin
LogPluginManager: Loaded Plugin GoogleVRController, From C:/Program Files (x86)/Epic Games/4.13/Engine/Plugins/Runtime/GoogleVR/GoogleVRController/GoogleVRController.uplugin
LogPluginManager: Loaded Plugin GoogleVRHMD, From C:/Program Files (x86)/Epic Games/4.13/Engine/Plugins/Runtime/GoogleVR/GoogleVRHMD/GoogleVRHMD.uplugin
LogPluginManager: Loaded Plugin IOSDeviceProfileSelector, From C:/Program Files (x86)/Epic Games/4.13/Engine/Plugins/Runtime/IOSDeviceProfileSelector/IOSDeviceProfileSelector.uplugin
LogPluginManager: Loaded Plugin LeapMotion, From C:/Program Files (x86)/Epic Games/4.13/Engine/Plugins/Runtime/LeapMotion/LeapMotion.uplugin
LogPluginManager: Loaded Plugin LinuxDeviceProfileSelector, From C:/Program Files (x86)/Epic Games/4.13/Engine/Plugins/Runtime/LinuxDeviceProfileSelector/LinuxDeviceProfileSelector.uplugin
LogPluginManager: Loaded Plugin LiveEditorListenServer, From C:/Program Files (x86)/Epic Games/4.13/Engine/Plugins/Runtime/LiveEditorListenServer/LiveEditorListenServer.uplugin
LogPluginManager: Loaded Plugin OculusAudio, From C:/Program Files (x86)/Epic Games/4.13/Engine/Plugins/Runtime/OculusAudio/OculusAudio.uplugin
LogPluginManager: Loaded Plugin OculusInput, From C:/Program Files (x86)/Epic Games/4.13/Engine/Plugins/Runtime/OculusInput/OculusInput.uplugin
LogPluginManager: Loaded Plugin OculusLibrary, From C:/Program Files (x86)/Epic Games/4.13/Engine/Plugins/Runtime/OculusLibrary/OculusLibrary.uplugin
LogPluginManager: Loaded Plugin OculusRift, From C:/Program Files (x86)/Epic Games/4.13/Engine/Plugins/Runtime/OculusRift/OculusRift.uplugin
LogPluginManager: Loaded Plugin Oodle, From C:/Program Files (x86)/Epic Games/4.13/Engine/Plugins/Runtime/PacketHandlers/CompressionComponents/Oodle/Oodle.uplugin
LogPluginManager: Loaded Plugin ProceduralMeshComponent, From C:/Program Files (x86)/Epic Games/4.13/Engine/Plugins/Runtime/ProceduralMeshComponent/ProceduralMeshComponent.uplugin
LogPluginManager: Loaded Plugin SoundMod, From C:/Program Files (x86)/Epic Games/4.13/Engine/Plugins/Runtime/SoundMod/SoundMod.uplugin
LogPluginManager: Loaded Plugin SoundVisualizations, From C:/Program Files (x86)/Epic Games/4.13/Engine/Plugins/Runtime/SoundVisualizations/SoundVisualizations.uplugin
LogPluginManager: Loaded Plugin SteamController, From C:/Program Files (x86)/Epic Games/4.13/Engine/Plugins/Runtime/Steam/SteamController/SteamController.uplugin
LogPluginManager: Loaded Plugin SteamVR, From C:/Program Files (x86)/Epic Games/4.13/Engine/Plugins/Runtime/Steam/SteamVR/SteamVR.uplugin
LogPluginManager: Loaded Plugin WebBrowserWidget, From C:/Program Files (x86)/Epic Games/4.13/Engine/Plugins/Runtime/WebBrowserWidget/WebBrowserWidget.uplugin
LogPluginManager: Loaded Plugin WindowsDeviceProfileSelector, From C:/Program Files (x86)/Epic Games/4.13/Engine/Plugins/Runtime/WindowsDeviceProfileSelector/WindowsDeviceProfileSelector.uplugin
LogPluginManager: Loaded Plugin WindowsMoviePlayer, From C:/Program Files (x86)/Epic Games/4.13/Engine/Plugins/Runtime/WindowsMoviePlayer/WindowsMoviePlayer.uplugin
LogPluginManager: Loaded Plugin ScriptPlugin, From C:/Program Files (x86)/Epic Games/4.13/Engine/Plugins/ScriptPlugin/ScriptPlugin.uplugin
LogPluginManager: Loaded Plugin SlateRemote, From C:/Program Files (x86)/Epic Games/4.13/Engine/Plugins/Slate/SlateRemote/SlateRemote.uplugin
LogInit: Using libcurl 7.47.1
LogInit:  - built for x86_64-pc-win32
LogInit:  - supports SSL with WinSSL
LogInit:  - other features:
LogInit:      CURL_VERSION_SSL
LogInit:      CURL_VERSION_IPV6
LogInit:      CURL_VERSION_ASYNCHDNS
LogInit:      CURL_VERSION_LARGEFILE
LogInit:      CURL_VERSION_IDN
LogInit:  CurlRequestOptions (configurable via config and command line):
LogInit:  - bVerifyPeer = false  - Libcurl will NOT verify peer certificate
LogInit:  - bUseHttpProxy = false  - Libcurl will NOT use HTTP proxy
LogInit:  - bDontReuseConnections = false  - Libcurl will reuse connections
LogInit:  - CertBundlePath = nullptr  - Libcurl will use whatever was configured at build time.
LogInit: Build: ++UE4+Release-4.13-CL-3172292
LogInit: Engine Version: 4.13.2-3172292+++UE4+Release-4.13
LogInit: Compatible Engine Version: 4.13.0-3106830+++UE4+Release-4.13
LogInit: Net CL: 3172292
LogDevObjectVersion: Number of dev versions registered: 13
LogDevObjectVersion:   Dev-Blueprints (B0D832E4-1F89-4F0D-ACCF-7EB736FD4AA2): 5
LogDevObjectVersion:   Dev-Build (E1C64328-A22C-4D53-A36C-8E866417BD8C): 0
LogDevObjectVersion:   Dev-Core (375EC13C-06E4-48FB-B500-84F0262A717E): 1
LogDevObjectVersion:   Dev-Editor (E4B068ED-F494-42E9-A231-DA0B2E46BB41): 6
LogDevObjectVersion:   Dev-Framework (CFFC743F-43B0-4480-9391-14DF171D2073): 12
LogDevObjectVersion:   Dev-Mobile (B02B49B5-BB20-44E9-A304-32B752E40360): 0
LogDevObjectVersion:   Dev-Networking (A4E4105C-59A1-49B5-A7C5-40C4547EDFEE): 0
LogDevObjectVersion:   Dev-Online (39C831C9-5AE6-47DC-9A44-9C173E1C8E7C): 0
LogDevObjectVersion:   Dev-Physics (78F01B33-EBEA-4F98-B9B4-84EACCB95AA2): 0
LogDevObjectVersion:   Dev-Platform (6631380F-2D4D-43E0-8009-CF276956A95A): 0
LogDevObjectVersion:   Dev-Rendering (12F88B9F-8875-4AFC-A67C-D90C383ABD29): 4
LogDevObjectVersion:   Dev-Sequencer (7B5AE74C-D270-4C10-A958-57980B212A5A): 0
LogDevObjectVersion:   Dev-VR (D7296918-1DD6-4BDD-9DE2-64A83CC13884): 0
LogInit: Compiled (64-bit): Oct 24 2016 14:29:06
LogInit: Compiled with Visual C++: 19.00.23026.00
LogInit: Build Configuration: Development
LogInit: Branch Name: ++UE4+Release-4.13
LogInit: Command line:  
LogInit: Base directory: C:/Program Files (x86)/Epic Games/4.13/Engine/Binaries/Win64/
LogInit: Installed Engine Build: 1
LogInit: Presizing for max 8388607 objects, including 0 objects not considered by GC, pre-allocating 0 bytes for permanent pool.
LogInit: Object subsystem initialized
[2016.11.22-17.38.29:783][  0]LogInit: Selected Device Profile: [Windows]
[2016.11.22-17.38.29:783][  0]LogInit: Applying CVar settings loaded from the selected device profile: [Windows]
[2016.11.22-17.38.29:792][  0]LogInit: Computer: BSARDINHA
[2016.11.22-17.38.29:792][  0]LogInit: User: Brian
[2016.11.22-17.38.29:792][  0]LogInit: CPU Page size=65536, Cores=2
[2016.11.22-17.38.29:792][  0]LogInit: High frequency timer resolution =2.530855 MHz
[2016.11.22-17.38.29:792][  0]LogMemory: Memory total: Physical=7.9GB (8GB approx)
[2016.11.22-17.38.29:792][  0]LogMemory: Platform Memory Stats for Windows
[2016.11.22-17.38.29:792][  0]LogMemory: Process Physical Memory: 254.68 MB used, 254.68 MB peak
[2016.11.22-17.38.29:792][  0]LogMemory: Process Virtual Memory: 259.80 MB used, 259.80 MB peak
[2016.11.22-17.38.29:792][  0]LogMemory: Physical Memory: 3155.63 MB used, 8075.23 MB total
[2016.11.22-17.38.29:792][  0]LogMemory: Virtual Memory: 599.96 MB used, 134217728.00 MB total
[2016.11.22-17.38.29:830][  0]LogTextLocalizationManager: No specific translations for ('en-US') exist, so ('en') translations will be used.
[2016.11.22-17.38.30:498][  0]LogD3D11RHI: D3D11 adapters:
[2016.11.22-17.38.30:840][  0]LogD3D11RHI:    0. 'NVIDIA NVS 4200M    ' (Feature Level 11_0)
[2016.11.22-17.38.30:840][  0]LogD3D11RHI:       973/0/3071 MB DedicatedVideo/DedicatedSystem/SharedSystem, Outputs:1, VendorId:0x10de
[2016.11.22-17.38.30:859][  0]LogD3D11RHI:    1. 'NVIDIA NVS 4200M    ' (Feature Level 11_0)
[2016.11.22-17.38.30:859][  0]LogD3D11RHI:       973/0/3071 MB DedicatedVideo/DedicatedSystem/SharedSystem, Outputs:0, VendorId:0x10de
[2016.11.22-17.38.30:861][  0]LogD3D11RHI:    2. 'Microsoft Basic Render Driver' (Feature Level 11_0)
[2016.11.22-17.38.30:861][  0]LogD3D11RHI:       973/0/3071 MB DedicatedVideo/DedicatedSystem/SharedSystem, Outputs:0, VendorId:0x1414
[2016.11.22-17.38.30:861][  0]LogD3D11RHI: Chosen D3D11 Adapter: 0
[2016.11.22-17.38.30:866][  0]LogD3D11RHI: Creating new Direct3DDevice
[2016.11.22-17.38.30:866][  0]LogD3D11RHI:     GPU DeviceId: 0x1057 (for the marketing name, search the web for "GPU Device Id")
[2016.11.22-17.38.30:866][  0]LogWindows: EnumDisplayDevices:
[2016.11.22-17.38.30:866][  0]LogWindows:    0. 'Intel(R) HD Graphics 3000' (P:1 D:1)
[2016.11.22-17.38.30:866][  0]LogWindows:    1. 'Intel(R) HD Graphics 3000' (P:0 D:0)
[2016.11.22-17.38.30:866][  0]LogWindows:    2. 'NVIDIA NVS 4200M    ' (P:0 D:0)
[2016.11.22-17.38.30:867][  0]LogWindows:    3. 'NVIDIA NVS 4200M    ' (P:0 D:0)
[2016.11.22-17.38.30:867][  0]LogWindows: DebugString: PrimaryIsNotTheChoosenAdapter PrimaryIsNotTheChoosenAdapter FoundDriverCount:2 
[2016.11.22-17.38.30:867][  0]LogD3D11RHI:     Adapter Name: NVIDIA NVS 4200M    
[2016.11.22-17.38.30:867][  0]LogD3D11RHI:   Driver Version: 354.45 (internal:10.18.13.5445, unified:354.45)
[2016.11.22-17.38.30:867][  0]LogD3D11RHI:      Driver Date: 11-5-2015
[2016.11.22-17.38.30:867][  0]LogRHI: Texture pool is 681 MB (70% of 973 MB)
[2016.11.22-17.38.30:880][  0]LogD3D11RHI: Async texture creation enabled
[2016.11.22-17.38.30:900][  0]LogD3D11RHI: GPU Timing Frequency: 1000.000000 (Debug: 2 2)
[2016.11.22-17.38.30:900][  0]LogShaderCompilers: Guid format shader working directory is -44 characters bigger than the processId version (../../../../../../Users/Brian/Documents/GitHub/quad-shaped-battle-objects/CardGameProject3/Intermediate/Shaders/WorkingDirectory/1712/).
[2016.11.22-17.38.30:900][  0]LogShaderCompilers: Cleaned the shader compiler working directory 'C:/Users/Brian/AppData/Local/Temp/UnrealShaderWorkingDir/3C2CF60F4FD3A0430086F599849AE834/'.
[2016.11.22-17.38.30:900][  0]LogShaderCompilers:Display: Using Local Shader Compiler.
[2016.11.22-17.38.32:045][  0]LogTemp:Display: Loaded TP AllDesktopTargetPlatform
[2016.11.22-17.38.32:056][  0]LogTemp:Display: Loaded TP WindowsClientTargetPlatform
[2016.11.22-17.38.32:067][  0]LogTemp:Display: Loaded TP WindowsNoEditorTargetPlatform
[2016.11.22-17.38.32:078][  0]LogTemp:Display: Loaded TP WindowsServerTargetPlatform
[2016.11.22-17.38.32:089][  0]LogTemp:Display: Loaded TP WindowsTargetPlatform
[2016.11.22-17.38.32:099][  0]LogTemp:Display: Loaded TP AndroidTargetPlatform
[2016.11.22-17.38.32:109][  0]LogTemp:Display: Loaded TP Android_ASTCTargetPlatform
[2016.11.22-17.38.32:119][  0]LogTemp:Display: Loaded TP Android_ATCTargetPlatform
[2016.11.22-17.38.32:128][  0]LogTemp:Display: Loaded TP Android_DXTTargetPlatform
[2016.11.22-17.38.32:137][  0]LogTemp:Display: Loaded TP Android_ETC1TargetPlatform
[2016.11.22-17.38.32:147][  0]LogTemp:Display: Loaded TP Android_ETC2TargetPlatform
[2016.11.22-17.38.32:166][  0]LogTemp:Display: Loaded TP Android_MultiTargetPlatform
[2016.11.22-17.38.32:166][  0]LogTemp:Display: Loaded TP Android_PVRTCTargetPlatform
[2016.11.22-17.38.32:168][  0]LogTemp:Display: Loaded TP HTML5TargetPlatform
[2016.11.22-17.38.32:192][  0]LogTemp:Display: Loaded TP IOSTargetPlatform
[2016.11.22-17.38.32:200][  0]LogTemp:Display: Loaded TP TVOSTargetPlatform
[2016.11.22-17.38.32:209][  0]LogTemp:Display: Loaded TP LinuxClientTargetPlatform
[2016.11.22-17.38.32:218][  0]LogTemp:Display: Loaded TP LinuxNoEditorTargetPlatform
[2016.11.22-17.38.32:227][  0]LogTemp:Display: Loaded TP LinuxServerTargetPlatform
[2016.11.22-17.38.32:236][  0]LogTemp:Display: Loaded TP LinuxTargetPlatform
[2016.11.22-17.38.32:236][  0]LogTargetPlatformManager:Display: Building Assets For Windows
[2016.11.22-17.38.32:343][  0]LogDerivedDataCache:Display: Max Cache Size: 512 MB
[2016.11.22-17.38.32:424][  0]LogDerivedDataCache: Loaded boot cache 0.08s 63MB C:/Users/Brian/AppData/Local/UnrealEngine/4.13/DerivedDataCache/Boot.ddc.
[2016.11.22-17.38.32:425][  0]LogDerivedDataCache:Display: Loaded Boot cache: C:/Users/Brian/AppData/Local/UnrealEngine/4.13/DerivedDataCache/Boot.ddc
[2016.11.22-17.38.32:425][  0]LogDerivedDataCache: FDerivedDataBackendGraph:  Pak pak cache file ../../../../../../Users/Brian/Documents/GitHub/quad-shaped-battle-objects/CardGameProject3/DerivedDataCache/DDC.ddp not found, will not use a pak cache.
[2016.11.22-17.38.32:425][  0]LogDerivedDataCache: Unable to find inner node Pak for hierarchical cache Hierarchy.
[2016.11.22-17.38.32:425][  0]LogDerivedDataCache: FDerivedDataBackendGraph:  CompressedPak pak cache file ../../../../../../Users/Brian/Documents/GitHub/quad-shaped-battle-objects/CardGameProject3/DerivedDataCache/Compressed.ddp not found, will not use a pak cache.
[2016.11.22-17.38.32:425][  0]LogDerivedDataCache: Unable to find inner node CompressedPak for hierarchical cache Hierarchy.
[2016.11.22-17.38.32:444][  0]LogDerivedDataCache:Display: Pak cache opened for reading ../../../Engine/DerivedDataCache/Compressed.ddp.
[2016.11.22-17.38.32:457][  0]LogDerivedDataCache: Using Local data cache path C:/Users/Brian/AppData/Local/UnrealEngine/Common/DerivedDataCache: Writable
[2016.11.22-17.38.32:695][  0]LogInit: Selected Device Profile: [Windows]
[2016.11.22-17.38.32:698][  0]LogContentStreaming: Texture pool size is 0.00 MB
[2016.11.22-17.38.32:806][  0]LogMeshUtilities: No automatic mesh reduction module available
[2016.11.22-17.38.32:806][  0]LogMeshUtilities: No automatic mesh merging module available
[2016.11.22-17.38.32:806][  0]LogMeshUtilities: No distributed automatic mesh merging module available
[2016.11.22-17.38.32:897][  0]LogMaterial: Uniform references updated for custom material expression Custom.
[2016.11.22-17.38.33:226][  0]LogNetVersion: GetLocalNetworkVersion: CL: 3106830, ProjectName: cardgameproject3, ProjectVersion: , EngineNetworkVersion: 1, GameNetworkVersion: 0, NetworkChecksum: 2141254031
[2016.11.22-17.38.33:266][  0]LogAssetRegistry: FAssetRegistry took 0.0226 seconds to start up
[2016.11.22-17.38.33:306][  0]LogPackageLocalizationCache: Processed 3 localized package path(s) for 2 prioritized culture(s) in 0.035158 seconds
[2016.11.22-17.38.33:314][  0]LogUObjectArray: 29778 objects as part of root set at end of initial load.
[2016.11.22-17.38.33:314][  0]LogUObjectAllocator: 6125448 out of 0 bytes used by permanent object pool.
[2016.11.22-17.38.33:314][  0]LogUObjectArray: CloseDisregardForGC: 0/0 objects in disregard for GC pool
[2016.11.22-17.38.33:323][  0]LogInit: WinSock: version 1.1 (2.2), MaxSocks=32767, MaxUdp=65467
[2016.11.22-17.38.33:598][  0]LogSlate: SlateFontCache - WITH_FREETYPE: 1, WITH_HARFBUZZ: 1
[2016.11.22-17.38.33:598][  0]LogSlate: SlateFontCache - WITH_FREETYPE: 1, WITH_HARFBUZZ: 1
[2016.11.22-17.38.34:305][  0]LogTcpMessaging: Initializing TcpMessaging bridge
[2016.11.22-17.38.34:328][  0]LogUdpMessaging: Initializing bridge on interface 0.0.0.0:0 to multicast group 230.0.0.1:6666.
[2016.11.22-17.38.34:595][  0]SourceControl: Info Source control is disabled
[2016.11.22-17.38.34:596][  0]SourceControl: Info Source control is disabled
[2016.11.22-17.38.34:608][  0]SourceControl: Info Source control is disabled
[2016.11.22-17.38.34:619][  0]SourceControl: Info Source control is disabled
[2016.11.22-17.38.34:713][  0]LogLinker:Warning: Can't find file '/Game/2DSideScrollerBP/2DSideScrollerOverview'
[2016.11.22-17.38.34:714][  0]LogLinker:Warning: Can't find file '/Game/2DSideScrollerBP/2DSideScrollerOverview'
[2016.11.22-17.38.34:714][  0]LogUObjectGlobals:Warning: Failed to find object 'Class /Game/2DSideScrollerBP/2DSideScrollerOverview.2DSideScrollerOverview_C'
[2016.11.22-17.38.34:962][  0]LogEngine: Initializing Engine...
[2016.11.22-17.38.34:963][  0]LogHMD: Failed to initialize OpenVR with code 110
[2016.11.22-17.38.35:121][  0]LogAIModule: Creating AISystem for world Untitled
[2016.11.22-17.38.35:130][  0]LogInit: XAudio2 using 'Headphones (High Definition Audio Device)' : 2 channels at 44.1 kHz using 16 bits per sample (channel mask 0x3)
[2016.11.22-17.38.35:141][  0]LogInit: FAudioDevice initialized.
[2016.11.22-17.38.35:174][  0]LogDerivedDataCache: Saved boot cache 0.03s 63MB C:/Users/Brian/AppData/Local/UnrealEngine/4.13/DerivedDataCache/Boot.ddc.
[2016.11.22-17.38.35:185][  0]LogInit: Texture streaming: Enabled
[2016.11.22-17.38.35:238][  0]LogInit: Transaction tracking system initialized
[2016.11.22-17.38.35:271][  0]BlueprintLog: New page: Editor Load
[2016.11.22-17.38.35:381][  0]LocalizationService: Info Localization service is disabled
[2016.11.22-17.38.35:716][  0]LogConsoleResponse:Display: 
[2016.11.22-17.38.35:871][  0]LogCook:Display: Max memory allowance for cook 16384mb min free memory 0mb
[2016.11.22-17.38.35:871][  0]LogCook:Display: Mobile HDR setting 1
[2016.11.22-17.38.36:102][  0]LogFileCache: Scanning file cache for directory 'C:/Users/Brian/Documents/GitHub/quad-shaped-battle-objects/CardGameProject3/Content/' took 0.01s
[2016.11.22-17.38.36:102][  0]SourceControl: Info Source control is disabled
[2016.11.22-17.38.36:102][  0]Cmd: MAP LOAD FILE="../../../../../../Users/Brian/Documents/GitHub/quad-shaped-battle-objects/CardGameProject3/Content/Levels/BasicLevel.umap" TEMPLATE=0 SHOWPROGRESS=1 FEATURELEVEL=3
[2016.11.22-17.38.36:103][  0]LightingResults: New page: Lighting Build
[2016.11.22-17.38.36:107][  0]MapCheck: New page: Map Check
[2016.11.22-17.38.36:107][  0]LightingResults: New page: Lighting Build
[2016.11.22-17.38.36:666][  0]LogAIModule: Creating AISystem for world BasicLevel
[2016.11.22-17.38.36:671][  0]LogEditorServer: Finished looking for orphan Actors (0.000 secs)
[2016.11.22-17.38.36:672][  0]Cmd: MAP CHECKDEP NOCLEARLOG
[2016.11.22-17.38.36:738][  0]MapCheck: Info Map check complete: 0 Error(s), 0 Warning(s), took 64.947ms to complete.
[2016.11.22-17.38.36:738][  0]LogFileHelpers: Loading map 'BasicLevel' took 0.636
[2016.11.22-17.38.36:889][  0]LogCollectionManager: Loaded 0 collections in 0.002922 seconds
[2016.11.22-17.38.36:933][  0]LogFileCache: Scanning file cache for directory 'C:/Users/Brian/Documents/GitHub/quad-shaped-battle-objects/CardGameProject3/Saved/Collections/' took 0.01s
[2016.11.22-17.38.36:933][  0]LogFileCache: Scanning file cache for directory 'C:/Users/Brian/Documents/GitHub/quad-shaped-battle-objects/CardGameProject3/Content/Developers/Brian/Collections/' took 0.01s
[2016.11.22-17.38.36:933][  0]LogFileCache: Scanning file cache for directory 'C:/Users/Brian/Documents/GitHub/quad-shaped-battle-objects/CardGameProject3/Content/Collections/' took 0.01s
[2016.11.22-17.38.36:933][  0]LogCollectionManager: Rebuilt the GUID cache for 0 collections in 0.000004 seconds
[2016.11.22-17.38.36:949][  0]LogContentBrowser: Native class hierarchy populated in 0.0156 seconds. Added 2141 classes and 415 folders.
[2016.11.22-17.38.36:956][  0]LogStats: UGameplayTagsManager::ConstructGameplayTagTree: Construct from data asset -  0.000 s
[2016.11.22-17.38.36:956][  0]LogStats: UGameplayTagsManager::ConstructGameplayTagTree: GameplayTagTreeChangedEvent.Broadcast -  0.000 s
[2016.11.22-17.38.36:957][  0]LogContentBrowser: Native class hierarchy updated for 'GameplayTags' in 0.0009 seconds. Added 12 classes and 0 folders.
[2016.11.22-17.38.36:966][  0]LogContentBrowser: Native class hierarchy updated for 'WidgetCarousel' in 0.0007 seconds. Added 0 classes and 0 folders.
[2016.11.22-17.38.37:022][  0]LogContentBrowser: Native class hierarchy updated for 'AddContentDialog' in 0.0008 seconds. Added 0 classes and 0 folders.
[2016.11.22-17.38.37:030][  0]LogContentBrowser: Native class hierarchy updated for 'SceneOutliner' in 0.0008 seconds. Added 1 classes and 2 folders.
[2016.11.22-17.38.37:117][  0]LogCrashTracker: Crashtracker disabled due to settings.
[2016.11.22-17.38.37:125][  0]LogUObjectGlobals:Warning: Failed to find object 'Class None.'
[2016.11.22-17.38.37:157][  0]LogContentBrowser: Native class hierarchy updated for 'HierarchicalLODOutliner' in 0.0006 seconds. Added 1 classes and 2 folders.
[2016.11.22-17.38.37:158][  0]LogLoad: (Engine Initialization) Total time: 8.29 seconds
[2016.11.22-17.38.37:158][  0]LogLoad: (Engine Initialization) Total Blueprint compile time: 0.18 seconds
[2016.11.22-17.38.37:158][  0]LogExternalProfiler: Found external profiler: VSPerf
[2016.11.22-17.38.37:158][  0]LogExternalProfiler: Using external profiler: VSPerf
[2016.11.22-17.38.37:176][  0]LogOcInput: OculusInput pre-init called
[2016.11.22-17.38.37:198][  0]LogContentStreaming: Texture pool size now 400 MB
[2016.11.22-17.38.37:412][  0]LogRenderer: Reallocating scene render targets to support 964x504 (Frame:2).
[2016.11.22-17.38.37:695][  2]LogAssetRegistry: Asset discovery search completed in 4.4514 seconds
[2016.11.22-17.38.37:695][  2]LogCollectionManager: Rebuilt the object cache for 0 collections in 0.000001 seconds (found 0 objects)
[2016.11.22-17.38.37:695][  2]LogCollectionManager: Fixed up redirectors for 0 collections in 0.000040 seconds (updated 0 objects)
[2016.11.22-17.38.40:813][124]LogContentBrowser: Native class hierarchy updated for 'BlueprintGraph' in 0.0011 seconds. Added 112 classes and 0 folders.
[2016.11.22-17.38.45:923][301]LogBlueprintUserMessages: Early PlayInEditor Detection: Level '/Game/Levels/BasicLevel.BasicLevel:PersistentLevel' has LevelScriptBlueprint '/Game/Levels/BasicLevel.BasicLevel:PersistentLevel.BasicLevel' with GeneratedClass '/Game/Levels/BasicLevel.BasicLevel_C' with ClassGeneratedBy '/Game/Levels/BasicLevel.BasicLevel:PersistentLevel.BasicLevel'
[2016.11.22-17.38.45:923][301]LogPlayLevel: PlayLevel: No blueprints needed recompiling
[2016.11.22-17.38.45:925][301]PIE: New page: PIE session: BasicLevel (Nov 22, 2016, 7:38:45 AM)
[2016.11.22-17.38.45:925][301]LogPlayLevel: Creating play world package: /Game/Levels/UEDPIE_1_BasicLevel
[2016.11.22-17.38.45:927][301]LogPlayLevel: PIE: StaticDuplicateObject took: (0.001799s)
[2016.11.22-17.38.45:928][301]LogAIModule: Creating AISystem for world BasicLevel
[2016.11.22-17.38.45:928][301]LogPlayLevel: PIE: World Init took: (0.001226s)
[2016.11.22-17.38.45:928][301]LogPlayLevel: PIE: Created PIE world by copying editor world from /Game/Levels/BasicLevel.BasicLevel to /Game/Levels/UEDPIE_1_BasicLevel.BasicLevel (0.003334s)
[2016.11.22-17.38.45:981][301]LogInit: XAudio2 using 'Headphones (High Definition Audio Device)' : 2 channels at 44.1 kHz using 16 bits per sample (channel mask 0x3)
[2016.11.22-17.38.45:989][301]LogInit: FAudioDevice initialized.
[2016.11.22-17.38.46:043][301]LogWorld: Game class is 'BattleCardGameMode_C'
[2016.11.22-17.38.46:045][301]LogWorld: Bringing World /Game/Levels/UEDPIE_1_BasicLevel.BasicLevel up for play (max tick rate 60) at 2016.11.22-12.38.46
[2016.11.22-17.38.46:046][301]LogWorld: Bringing up level for play took: 0.002087
[2016.11.22-17.38.46:047][301]LogGameMode: Warning - PATHS NOT DEFINED or NO PLAYERSTART with positive rating
[2016.11.22-17.38.46:051][301]LogContentBrowser: Native class hierarchy updated for 'MovieSceneCapture' in 0.0006 seconds. Added 11 classes and 0 folders.
[2016.11.22-17.38.46:052][301]LogInit: WinSock: Socket queue 131072 / 131072
[2016.11.22-17.38.46:055][301]LogInit: WinSock: I am BSardinha (10.0.0.13:0)
[2016.11.22-17.38.46:055][301]PacketHandlerLog: Loaded PacketHandler component: Engine.EngineHandlerComponentFactory (StatelessConnectHandlerComponent)
[2016.11.22-17.38.46:055][301]LogNet: GameNetDriver IpNetDriver_0 IpNetDriver listening on port 7777
[2016.11.22-17.38.46:055][301]LogGameMode:Display: Match State Changed from EnteringMap to WaitingToStart
[2016.11.22-17.38.46:056][301]LogGameState: Match State Changed from EnteringMap to WaitingToStart
[2016.11.22-17.38.46:056][301]LogGameMode:Display: Match State Changed from WaitingToStart to InProgress
[2016.11.22-17.38.46:059][301]LogGameState: Match State Changed from WaitingToStart to InProgress
[2016.11.22-17.38.46:062][301]PIE: Info Play in editor start time for /Game/Levels/UEDPIE_1_BasicLevel -0.19
[2016.11.22-17.38.46:064][301]PIE: New page: PIE session: BasicLevel (Nov 22, 2016, 7:38:46 AM)
[2016.11.22-17.38.46:101][301]LogNet: Browse: 127.0.0.1//Engine/Maps/Entry
[2016.11.22-17.38.46:102][301]LogInit: WinSock: Socket queue 32768 / 32768
[2016.11.22-17.38.46:102][301]PacketHandlerLog: Loaded PacketHandler component: Engine.EngineHandlerComponentFactory (StatelessConnectHandlerComponent)
[2016.11.22-17.38.46:102][301]LogNet: Game client on port 7777, rate 10000
[2016.11.22-17.38.46:102][301]LogNetVersion: GetLocalNetworkVersion: CL: 3106830, ProjectName: cardgameproject3, ProjectVersion: 1.0.0.0, EngineNetworkVersion: 1, GameNetworkVersion: 0, NetworkChecksum: 1135273578
[2016.11.22-17.38.46:102][301]LogNet: UPendingNetGame::InitNetDriver: Sending hello. [UNetConnection] RemoteAddr: 127.0.0.1:7777, Name: IpConnection_0, Driver: PendingNetDriver IpNetDriver_1, IsServer: NO, PC: NULL, Owner: NULL
[2016.11.22-17.38.46:106][301]PIE: Info Play in editor start time for /Engine/Maps/Entry -0.147
[2016.11.22-17.38.46:111][301]LogBlueprintUserMessages: Late PlayInEditor Detection: Level '/Game/Levels/BasicLevel.BasicLevel:PersistentLevel' has LevelScriptBlueprint '/Game/Levels/BasicLevel.BasicLevel:PersistentLevel.BasicLevel' with GeneratedClass '/Game/Levels/BasicLevel.BasicLevel_C' with ClassGeneratedBy '/Game/Levels/BasicLevel.BasicLevel:PersistentLevel.BasicLevel'
[2016.11.22-17.38.46:111][301]LogHandshake: SendConnectChallenge. Timestamp: 0.016667, Cookie: 037055251030170177247127104009172133127030163068209022214251
[2016.11.22-17.38.46:116][301]LogHandshake: SendChallengeResponse. Timestamp: 0.016667, Cookie: 037055251030170177247127104009172133127030163068209022214251
[2016.11.22-17.38.46:137][301]LogRenderer: Reallocating scene render targets to support 1292x756 (Frame:54).
[2016.11.22-17.38.46:208][302]LogNet: Server accepting post-challenge connection from: 127.0.0.1:64980
[2016.11.22-17.38.46:208][302]PacketHandlerLog: Loaded PacketHandler component: Engine.EngineHandlerComponentFactory (StatelessConnectHandlerComponent)
[2016.11.22-17.38.46:208][302]LogNet: NotifyAcceptedConnection: Name: BasicLevel, TimeStamp: 11/22/16 12:38:46, [UNetConnection] RemoteAddr: 127.0.0.1:64980, Name: IpConnection_1, Driver: GameNetDriver IpNetDriver_0, IsServer: YES, PC: NULL, Owner: NULL
[2016.11.22-17.38.46:208][302]LogNet: AddClientConnection: Added client connection: [UNetConnection] RemoteAddr: 127.0.0.1:64980, Name: IpConnection_1, Driver: GameNetDriver IpNetDriver_0, IsServer: YES, PC: NULL, Owner: NULL
[2016.11.22-17.38.46:416][304]LogNet: NotifyAcceptingChannel Control 0 server World /Game/Levels/UEDPIE_1_BasicLevel.BasicLevel: Accepted
[2016.11.22-17.38.46:416][304]LogNet: Remote platform little endian=1
[2016.11.22-17.38.46:416][304]LogNet: This platform little endian=1
[2016.11.22-17.38.46:486][305]LogNet: Login request: /Engine/Maps/Entry userId: Invalid
[2016.11.22-17.38.46:486][305]LogNet: Welcomed by server (Level: /Game/Levels/UEDPIE_1_BasicLevel, Game: /Game/Blueprints/BattleCardGameMode.BattleCardGameMode_C)
[2016.11.22-17.38.46:487][305]LogLoad: LoadMap: 127.0.0.1//Game/Levels/UEDPIE_1_BasicLevel?game=/Game/Blueprints/BattleCardGameMode.BattleCardGameMode_C
[2016.11.22-17.38.46:590][305]Cmd: MEM
[2016.11.22-17.38.46:632][305]LogMemory: Platform Memory Stats for Windows
[2016.11.22-17.38.46:632][305]LogMemory: Process Physical Memory: 1034.06 MB used, 1045.45 MB peak
[2016.11.22-17.38.46:632][305]LogMemory: Process Virtual Memory: 1593.12 MB used, 1664.84 MB peak
[2016.11.22-17.38.46:632][305]LogMemory: Physical Memory: 4342.04 MB used, 8075.23 MB total
[2016.11.22-17.38.46:632][305]LogMemory: Virtual Memory: 2344.50 MB used, 134217728.00 MB total
[2016.11.22-17.38.46:632][305]LogMemory: 
[2016.11.22-17.38.46:632][305]Allocator Stats for TBB: (not implemented)
[2016.11.22-17.38.46:634][305]LogWorld: PIE: Copying PIE streaming level from /Game/Levels/BasicLevel.BasicLevel to /Game/Levels/UEDPIE_2_BasicLevel.BasicLevel. OwningWorld: <null>
[2016.11.22-17.38.46:635][305]LogAIModule: Creating AISystem for world BasicLevel
[2016.11.22-17.38.46:638][305]LogWorld: Bringing World /Game/Levels/UEDPIE_2_BasicLevel.BasicLevel up for play (max tick rate 60) at 2016.11.22-12.38.46
[2016.11.22-17.38.46:638][305]LogWorld: Bringing up level for play took: 0.002177
[2016.11.22-17.38.46:639][305]LogLoad: Took 0.152719 seconds to LoadMap(/Game/Levels/UEDPIE_1_BasicLevel)
[2016.11.22-17.38.46:661][306]LogNet: Client netspeed is 10000
[2016.11.22-17.38.46:661][306]LogNet: Join request: /Engine/Maps/Entry?SplitscreenCount=1
[2016.11.22-17.38.46:663][306]LogGameMode: Warning - PATHS NOT DEFINED or NO PLAYERSTART with positive rating
[2016.11.22-17.38.46:665][306]LogNet: Join succeeded: 257
[2016.11.22-17.38.54:335][378]LogBlueprintUserMessages: Early EndPlayMap Detection: Level '/Game/Levels/BasicLevel.BasicLevel:PersistentLevel' has LevelScriptBlueprint '/Game/Levels/BasicLevel.BasicLevel:PersistentLevel.BasicLevel' with GeneratedClass '/Game/Levels/BasicLevel.BasicLevel_C' with ClassGeneratedBy '/Game/Levels/BasicLevel.BasicLevel:PersistentLevel.BasicLevel'
[2016.11.22-17.38.54:406][378]LogBlueprintUserMessages: Late EndPlayMap Detection: Level '/Game/Levels/BasicLevel.BasicLevel:PersistentLevel' has LevelScriptBlueprint '/Game/Levels/BasicLevel.BasicLevel:PersistentLevel.BasicLevel' with GeneratedClass '/Game/Levels/BasicLevel.BasicLevel_C' with ClassGeneratedBy '/Game/Levels/BasicLevel.BasicLevel:PersistentLevel.BasicLevel'
[2016.11.22-17.38.54:442][378]LogNet: UChannel::CleanUp: ChIndex == 0. Closing connection. [UChannel] ChIndex: 0, Closing: 0 [UNetConnection] RemoteAddr: 127.0.0.1:64980, Name: IpConnection_1, Driver: GameNetDriver IpNetDriver_0, IsServer: YES, PC: None, Owner: None
[2016.11.22-17.38.54:442][378]LogNet: UNetConnection::Close: [UNetConnection] RemoteAddr: 127.0.0.1:64980, Name: IpConnection_1, Driver: GameNetDriver IpNetDriver_0, IsServer: YES, PC: None, Owner: None, Channels: 2, Time: 2016.11.22-17.38.54
[2016.11.22-17.38.54:442][378]LogNet: UChannel::Close: Sending CloseBunch. ChIndex == 0. Name: [UChannel] ChIndex: 0, Closing: 0 [UNetConnection] RemoteAddr: 127.0.0.1:64980, Name: IpConnection_1, Driver: GameNetDriver IpNetDriver_0, IsServer: YES, PC: None, Owner: None
[2016.11.22-17.38.54:442][378]LogNet: UChannel::CleanUp: ChIndex == 0. Closing connection. [UChannel] ChIndex: 0, Closing: 0 [UNetConnection] RemoteAddr: 127.0.0.1:7777, Name: IpConnection_0, Driver: GameNetDriver IpNetDriver_1, IsServer: NO, PC: None, Owner: None
[2016.11.22-17.38.54:442][378]LogNet: UNetConnection::Close: [UNetConnection] RemoteAddr: 127.0.0.1:7777, Name: IpConnection_0, Driver: GameNetDriver IpNetDriver_1, IsServer: NO, PC: None, Owner: None, Channels: 2, Time: 2016.11.22-17.38.54
[2016.11.22-17.38.54:442][378]LogNet: UChannel::Close: Sending CloseBunch. ChIndex == 0. Name: [UChannel] ChIndex: 0, Closing: 0 [UNetConnection] RemoteAddr: 127.0.0.1:7777, Name: IpConnection_0, Driver: GameNetDriver IpNetDriver_1, IsServer: NO, PC: None, Owner: None
[2016.11.22-17.38.54:445][378]LogExit: GameNetDriver None shut down
[2016.11.22-17.38.54:445][378]LogExit: GameNetDriver None shut down
[2016.11.22-17.39.07:956][185]LogBlueprintUserMessages: Early PlayInEditor Detection: Level '/Game/Levels/BasicLevel.BasicLevel:PersistentLevel' has LevelScriptBlueprint '/Game/Levels/BasicLevel.BasicLevel:PersistentLevel.BasicLevel' with GeneratedClass '/Game/Levels/BasicLevel.BasicLevel_C' with ClassGeneratedBy '/Game/Levels/BasicLevel.BasicLevel:PersistentLevel.BasicLevel'
[2016.11.22-17.39.07:956][185]BlueprintLog: New page: Pre-Play auto-recompile
[2016.11.22-17.39.07:956][185]LogPlayLevel: [PlayLevel] Compiling BattleCardGameMode before play...
[2016.11.22-17.39.08:151][185]LogPlayLevel: PlayLevel: Blueprint regeneration took 194 ms (1 blueprints)
[2016.11.22-17.39.08:152][185]PIE: New page: PIE session: BasicLevel (Nov 22, 2016, 7:39:08 AM)
[2016.11.22-17.39.08:152][185]LogPlayLevel: Creating play world package: /Game/Levels/UEDPIE_1_BasicLevel
[2016.11.22-17.39.08:153][185]LogPlayLevel: PIE: StaticDuplicateObject took: (0.001579s)
[2016.11.22-17.39.08:154][185]LogAIModule: Creating AISystem for world BasicLevel
[2016.11.22-17.39.08:154][185]LogPlayLevel: PIE: World Init took: (0.000991s)
[2016.11.22-17.39.08:155][185]LogPlayLevel: PIE: Created PIE world by copying editor world from /Game/Levels/BasicLevel.BasicLevel to /Game/Levels/UEDPIE_1_BasicLevel.BasicLevel (0.002809s)
[2016.11.22-17.39.08:192][185]LogInit: XAudio2 using 'Headphones (High Definition Audio Device)' : 2 channels at 44.1 kHz using 16 bits per sample (channel mask 0x3)
[2016.11.22-17.39.08:198][185]LogInit: FAudioDevice initialized.
[2016.11.22-17.39.08:240][185]LogWorld: Game class is 'BattleCardGameMode_C'
[2016.11.22-17.39.08:242][185]LogWorld: Bringing World /Game/Levels/UEDPIE_1_BasicLevel.BasicLevel up for play (max tick rate 60) at 2016.11.22-12.39.08
[2016.11.22-17.39.08:243][185]LogWorld: Bringing up level for play took: 0.001955
[2016.11.22-17.39.08:244][185]LogGameMode: Warning - PATHS NOT DEFINED or NO PLAYERSTART with positive rating
[2016.11.22-17.39.08:245][185]LogInit: WinSock: Socket queue 131072 / 131072
[2016.11.22-17.39.08:246][185]PacketHandlerLog: Loaded PacketHandler component: Engine.EngineHandlerComponentFactory (StatelessConnectHandlerComponent)
[2016.11.22-17.39.08:246][185]LogNet: GameNetDriver IpNetDriver_2 IpNetDriver listening on port 7777
[2016.11.22-17.39.08:246][185]LogGameMode:Display: Match State Changed from EnteringMap to WaitingToStart
[2016.11.22-17.39.08:246][185]LogGameState: Match State Changed from EnteringMap to WaitingToStart
[2016.11.22-17.39.08:246][185]LogGameMode:Display: Match State Changed from WaitingToStart to InProgress
[2016.11.22-17.39.08:248][185]LogGameState: Match State Changed from WaitingToStart to InProgress
[2016.11.22-17.39.08:251][185]PIE: Info Play in editor start time for /Game/Levels/UEDPIE_1_BasicLevel -0.002
[2016.11.22-17.39.08:252][185]PIE: New page: PIE session: BasicLevel (Nov 22, 2016, 7:39:08 AM)
[2016.11.22-17.39.08:291][185]LogNet: Browse: 127.0.0.1//Engine/Maps/Entry
[2016.11.22-17.39.08:291][185]LogInit: WinSock: Socket queue 32768 / 32768
[2016.11.22-17.39.08:291][185]PacketHandlerLog: Loaded PacketHandler component: Engine.EngineHandlerComponentFactory (StatelessConnectHandlerComponent)
[2016.11.22-17.39.08:291][185]LogNet: Game client on port 7777, rate 10000
[2016.11.22-17.39.08:292][185]LogNet: UPendingNetGame::InitNetDriver: Sending hello. [UNetConnection] RemoteAddr: 127.0.0.1:7777, Name: IpConnection_2, Driver: PendingNetDriver IpNetDriver_3, IsServer: NO, PC: NULL, Owner: NULL
[2016.11.22-17.39.08:295][185]PIE: Info Play in editor start time for /Engine/Maps/Entry 0.042
[2016.11.22-17.39.08:299][185]LogBlueprintUserMessages: Late PlayInEditor Detection: Level '/Game/Levels/BasicLevel.BasicLevel:PersistentLevel' has LevelScriptBlueprint '/Game/Levels/BasicLevel.BasicLevel:PersistentLevel.BasicLevel' with GeneratedClass '/Game/Levels/BasicLevel.BasicLevel_C' with ClassGeneratedBy '/Game/Levels/BasicLevel.BasicLevel:PersistentLevel.BasicLevel'
[2016.11.22-17.39.08:299][185]LogHandshake: SendConnectChallenge. Timestamp: 0.016667, Cookie: 232181064200221066167233093177189138059046100189155164144074
[2016.11.22-17.39.08:300][185]LogHandshake: SendChallengeResponse. Timestamp: 0.016667, Cookie: 232181064200221066167233093177189138059046100189155164144074
[2016.11.22-17.39.08:397][186]LogNet: Server accepting post-challenge connection from: 127.0.0.1:64915
[2016.11.22-17.39.08:397][186]PacketHandlerLog: Loaded PacketHandler component: Engine.EngineHandlerComponentFactory (StatelessConnectHandlerComponent)
[2016.11.22-17.39.08:397][186]LogNet: NotifyAcceptedConnection: Name: BasicLevel, TimeStamp: 11/22/16 12:39:08, [UNetConnection] RemoteAddr: 127.0.0.1:64915, Name: IpConnection_3, Driver: GameNetDriver IpNetDriver_2, IsServer: YES, PC: NULL, Owner: NULL
[2016.11.22-17.39.08:397][186]LogNet: AddClientConnection: Added client connection: [UNetConnection] RemoteAddr: 127.0.0.1:64915, Name: IpConnection_3, Driver: GameNetDriver IpNetDriver_2, IsServer: YES, PC: NULL, Owner: NULL
[2016.11.22-17.39.08:612][188]LogNet: NotifyAcceptingChannel Control 0 server World /Game/Levels/UEDPIE_1_BasicLevel.BasicLevel: Accepted
[2016.11.22-17.39.08:612][188]LogNet: Remote platform little endian=1
[2016.11.22-17.39.08:612][188]LogNet: This platform little endian=1
[2016.11.22-17.39.08:678][189]LogNet: Login request: /Engine/Maps/Entry userId: Invalid
[2016.11.22-17.39.08:680][189]LogNet: Welcomed by server (Level: /Game/Levels/UEDPIE_1_BasicLevel, Game: /Game/Blueprints/BattleCardGameMode.BattleCardGameMode_C)
[2016.11.22-17.39.08:680][189]LogLoad: LoadMap: 127.0.0.1//Game/Levels/UEDPIE_1_BasicLevel?game=/Game/Blueprints/BattleCardGameMode.BattleCardGameMode_C
[2016.11.22-17.39.08:782][189]Cmd: MEM
[2016.11.22-17.39.08:818][189]LogMemory: Platform Memory Stats for Windows
[2016.11.22-17.39.08:818][189]LogMemory: Process Physical Memory: 1042.14 MB used, 1045.89 MB peak
[2016.11.22-17.39.08:818][189]LogMemory: Process Virtual Memory: 1610.53 MB used, 1664.84 MB peak
[2016.11.22-17.39.08:818][189]LogMemory: Physical Memory: 4284.36 MB used, 8075.23 MB total
[2016.11.22-17.39.08:818][189]LogMemory: Virtual Memory: 2360.32 MB used, 134217728.00 MB total
[2016.11.22-17.39.08:818][189]LogMemory: 
[2016.11.22-17.39.08:818][189]Allocator Stats for TBB: (not implemented)
[2016.11.22-17.39.08:820][189]LogWorld: PIE: Copying PIE streaming level from /Game/Levels/BasicLevel.BasicLevel to /Game/Levels/UEDPIE_2_BasicLevel.BasicLevel. OwningWorld: <null>
[2016.11.22-17.39.08:821][189]LogAIModule: Creating AISystem for world BasicLevel
[2016.11.22-17.39.08:823][189]LogWorld: Bringing World /Game/Levels/UEDPIE_2_BasicLevel.BasicLevel up for play (max tick rate 60) at 2016.11.22-12.39.08
[2016.11.22-17.39.08:823][189]LogWorld: Bringing up level for play took: 0.001519
[2016.11.22-17.39.08:824][189]LogLoad: Took 0.142304 seconds to LoadMap(/Game/Levels/UEDPIE_1_BasicLevel)
[2016.11.22-17.39.08:833][190]LogNet: Client netspeed is 10000
[2016.11.22-17.39.08:833][190]LogNet: Join request: /Engine/Maps/Entry?SplitscreenCount=1
[2016.11.22-17.39.08:834][190]LogGameMode: Warning - PATHS NOT DEFINED or NO PLAYERSTART with positive rating
[2016.11.22-17.39.08:836][190]LogNet: Join succeeded: 259
[2016.11.22-17.39.20:780][317]LogBlueprintUserMessages: Early EndPlayMap Detection: Level '/Game/Levels/BasicLevel.BasicLevel:PersistentLevel' has LevelScriptBlueprint '/Game/Levels/BasicLevel.BasicLevel:PersistentLevel.BasicLevel' with GeneratedClass '/Game/Levels/BasicLevel.BasicLevel_C' with ClassGeneratedBy '/Game/Levels/BasicLevel.BasicLevel:PersistentLevel.BasicLevel'
[2016.11.22-17.39.20:852][317]LogBlueprintUserMessages: Late EndPlayMap Detection: Level '/Game/Levels/BasicLevel.BasicLevel:PersistentLevel' has LevelScriptBlueprint '/Game/Levels/BasicLevel.BasicLevel:PersistentLevel.BasicLevel' with GeneratedClass '/Game/Levels/BasicLevel.BasicLevel_C' with ClassGeneratedBy '/Game/Levels/BasicLevel.BasicLevel:PersistentLevel.BasicLevel'
[2016.11.22-17.39.20:888][317]LogNet: UChannel::CleanUp: ChIndex == 0. Closing connection. [UChannel] ChIndex: 0, Closing: 0 [UNetConnection] RemoteAddr: 127.0.0.1:64915, Name: IpConnection_3, Driver: GameNetDriver IpNetDriver_2, IsServer: YES, PC: CardGameController_C_1, Owner: CardGameController_C_1
[2016.11.22-17.39.20:888][317]LogNet: UNetConnection::Close: [UNetConnection] RemoteAddr: 127.0.0.1:64915, Name: IpConnection_3, Driver: GameNetDriver IpNetDriver_2, IsServer: YES, PC: CardGameController_C_1, Owner: CardGameController_C_1, Channels: 22, Time: 2016.11.22-17.39.20
[2016.11.22-17.39.20:888][317]LogNet: UChannel::Close: Sending CloseBunch. ChIndex == 0. Name: [UChannel] ChIndex: 0, Closing: 0 [UNetConnection] RemoteAddr: 127.0.0.1:64915, Name: IpConnection_3, Driver: GameNetDriver IpNetDriver_2, IsServer: YES, PC: CardGameController_C_1, Owner: CardGameController_C_1
[2016.11.22-17.39.20:889][317]LogNet: UChannel::CleanUp: ChIndex == 0. Closing connection. [UChannel] ChIndex: 0, Closing: 0 [UNetConnection] RemoteAddr: 127.0.0.1:7777, Name: IpConnection_2, Driver: GameNetDriver IpNetDriver_3, IsServer: NO, PC: CardGameController_C_0, Owner: CardGameController_C_0
[2016.11.22-17.39.20:889][317]LogNet: UNetConnection::Close: [UNetConnection] RemoteAddr: 127.0.0.1:7777, Name: IpConnection_2, Driver: GameNetDriver IpNetDriver_3, IsServer: NO, PC: CardGameController_C_0, Owner: CardGameController_C_0, Channels: 22, Time: 2016.11.22-17.39.20
[2016.11.22-17.39.20:889][317]LogNet: UChannel::Close: Sending CloseBunch. ChIndex == 0. Name: [UChannel] ChIndex: 0, Closing: 0 [UNetConnection] RemoteAddr: 127.0.0.1:7777, Name: IpConnection_2, Driver: GameNetDriver IpNetDriver_3, IsServer: NO, PC: CardGameController_C_0, Owner: CardGameController_C_0
[2016.11.22-17.39.20:892][317]LogExit: GameNetDriver None shut down
[2016.11.22-17.39.20:892][317]LogExit: GameNetDriver None shut down
[2016.11.22-17.39.29:446][824]LogBlueprintUserMessages: Early PlayInEditor Detection: Level '/Game/Levels/BasicLevel.BasicLevel:PersistentLevel' has LevelScriptBlueprint '/Game/Levels/BasicLevel.BasicLevel:PersistentLevel.BasicLevel' with GeneratedClass '/Game/Levels/BasicLevel.BasicLevel_C' with ClassGeneratedBy '/Game/Levels/BasicLevel.BasicLevel:PersistentLevel.BasicLevel'
[2016.11.22-17.39.29:446][824]BlueprintLog: New page: Pre-Play auto-recompile
[2016.11.22-17.39.29:446][824]LogPlayLevel: [PlayLevel] Compiling BattleCardGameMode before play...
[2016.11.22-17.39.29:634][824]LogPlayLevel: PlayLevel: Blueprint regeneration took 188 ms (1 blueprints)
[2016.11.22-17.39.29:635][824]PIE: New page: PIE session: BasicLevel (Nov 22, 2016, 7:39:29 AM)
[2016.11.22-17.39.29:635][824]LogPlayLevel: Creating play world package: /Game/Levels/UEDPIE_1_BasicLevel
[2016.11.22-17.39.29:637][824]LogPlayLevel: PIE: StaticDuplicateObject took: (0.001525s)
[2016.11.22-17.39.29:638][824]LogAIModule: Creating AISystem for world BasicLevel
[2016.11.22-17.39.29:638][824]LogPlayLevel: PIE: World Init took: (0.001386s)
[2016.11.22-17.39.29:638][824]LogPlayLevel: PIE: Created PIE world by copying editor world from /Game/Levels/BasicLevel.BasicLevel to /Game/Levels/UEDPIE_1_BasicLevel.BasicLevel (0.003142s)
[2016.11.22-17.39.29:675][824]LogInit: XAudio2 using 'Headphones (High Definition Audio Device)' : 2 channels at 44.1 kHz using 16 bits per sample (channel mask 0x3)
[2016.11.22-17.39.29:682][824]LogInit: FAudioDevice initialized.
[2016.11.22-17.39.29:723][824]LogWorld: Game class is 'BattleCardGameMode_C'
[2016.11.22-17.39.29:725][824]LogWorld: Bringing World /Game/Levels/UEDPIE_1_BasicLevel.BasicLevel up for play (max tick rate 60) at 2016.11.22-12.39.29
[2016.11.22-17.39.29:726][824]LogWorld: Bringing up level for play took: 0.001798
[2016.11.22-17.39.29:726][824]LogGameMode: Warning - PATHS NOT DEFINED or NO PLAYERSTART with positive rating
[2016.11.22-17.39.29:727][824]LogInit: WinSock: Socket queue 131072 / 131072
[2016.11.22-17.39.29:728][824]PacketHandlerLog: Loaded PacketHandler component: Engine.EngineHandlerComponentFactory (StatelessConnectHandlerComponent)
[2016.11.22-17.39.29:728][824]LogNet: GameNetDriver IpNetDriver_4 IpNetDriver listening on port 7777
[2016.11.22-17.39.29:728][824]LogGameMode:Display: Match State Changed from EnteringMap to WaitingToStart
[2016.11.22-17.39.29:728][824]LogGameState: Match State Changed from EnteringMap to WaitingToStart
[2016.11.22-17.39.29:728][824]LogGameMode:Display: Match State Changed from WaitingToStart to InProgress
[2016.11.22-17.39.29:731][824]LogGameState: Match State Changed from WaitingToStart to InProgress
[2016.11.22-17.39.29:733][824]PIE: Info Play in editor start time for /Game/Levels/UEDPIE_1_BasicLevel -0.519
[2016.11.22-17.39.29:735][824]PIE: New page: PIE session: BasicLevel (Nov 22, 2016, 7:39:29 AM)
[2016.11.22-17.39.29:773][824]LogNet: Browse: 127.0.0.1//Engine/Maps/Entry
[2016.11.22-17.39.29:774][824]LogInit: WinSock: Socket queue 32768 / 32768
[2016.11.22-17.39.29:774][824]PacketHandlerLog: Loaded PacketHandler component: Engine.EngineHandlerComponentFactory (StatelessConnectHandlerComponent)
[2016.11.22-17.39.29:774][824]LogNet: Game client on port 7777, rate 10000
[2016.11.22-17.39.29:774][824]LogNet: UPendingNetGame::InitNetDriver: Sending hello. [UNetConnection] RemoteAddr: 127.0.0.1:7777, Name: IpConnection_4, Driver: PendingNetDriver IpNetDriver_5, IsServer: NO, PC: NULL, Owner: NULL
[2016.11.22-17.39.29:777][824]PIE: Info Play in editor start time for /Engine/Maps/Entry -0.475
[2016.11.22-17.39.29:782][824]LogBlueprintUserMessages: Late PlayInEditor Detection: Level '/Game/Levels/BasicLevel.BasicLevel:PersistentLevel' has LevelScriptBlueprint '/Game/Levels/BasicLevel.BasicLevel:PersistentLevel.BasicLevel' with GeneratedClass '/Game/Levels/BasicLevel.BasicLevel_C' with ClassGeneratedBy '/Game/Levels/BasicLevel.BasicLevel:PersistentLevel.BasicLevel'
[2016.11.22-17.39.29:782][824]LogHandshake: SendConnectChallenge. Timestamp: 0.016667, Cookie: 163099112193184230250136194172007096243162148233043172085152
[2016.11.22-17.39.29:783][824]LogHandshake: SendChallengeResponse. Timestamp: 0.016667, Cookie: 163099112193184230250136194172007096243162148233043172085152
[2016.11.22-17.39.29:885][825]LogNet: Server accepting post-challenge connection from: 127.0.0.1:58394
[2016.11.22-17.39.29:885][825]PacketHandlerLog: Loaded PacketHandler component: Engine.EngineHandlerComponentFactory (StatelessConnectHandlerComponent)
[2016.11.22-17.39.29:885][825]LogNet: NotifyAcceptedConnection: Name: BasicLevel, TimeStamp: 11/22/16 12:39:29, [UNetConnection] RemoteAddr: 127.0.0.1:58394, Name: IpConnection_5, Driver: GameNetDriver IpNetDriver_4, IsServer: YES, PC: NULL, Owner: NULL
[2016.11.22-17.39.29:886][825]LogNet: AddClientConnection: Added client connection: [UNetConnection] RemoteAddr: 127.0.0.1:58394, Name: IpConnection_5, Driver: GameNetDriver IpNetDriver_4, IsServer: YES, PC: NULL, Owner: NULL
[2016.11.22-17.39.30:094][827]LogNet: NotifyAcceptingChannel Control 0 server World /Game/Levels/UEDPIE_1_BasicLevel.BasicLevel: Accepted
[2016.11.22-17.39.30:094][827]LogNet: Remote platform little endian=1
[2016.11.22-17.39.30:094][827]LogNet: This platform little endian=1
[2016.11.22-17.39.30:160][828]LogNet: Login request: /Engine/Maps/Entry userId: Invalid
[2016.11.22-17.39.30:163][828]LogNet: Welcomed by server (Level: /Game/Levels/UEDPIE_1_BasicLevel, Game: /Game/Blueprints/BattleCardGameMode.BattleCardGameMode_C)
[2016.11.22-17.39.30:163][828]LogLoad: LoadMap: 127.0.0.1//Game/Levels/UEDPIE_1_BasicLevel?game=/Game/Blueprints/BattleCardGameMode.BattleCardGameMode_C
[2016.11.22-17.39.30:262][828]Cmd: MEM
[2016.11.22-17.39.30:298][828]LogMemory: Platform Memory Stats for Windows
[2016.11.22-17.39.30:298][828]LogMemory: Process Physical Memory: 1043.45 MB used, 1054.93 MB peak
[2016.11.22-17.39.30:298][828]LogMemory: Process Virtual Memory: 1610.54 MB used, 1664.84 MB peak
[2016.11.22-17.39.30:298][828]LogMemory: Physical Memory: 4225.58 MB used, 8075.23 MB total
[2016.11.22-17.39.30:298][828]LogMemory: Virtual Memory: 2360.32 MB used, 134217728.00 MB total
[2016.11.22-17.39.30:298][828]LogMemory: 
[2016.11.22-17.39.30:298][828]Allocator Stats for TBB: (not implemented)
[2016.11.22-17.39.30:299][828]LogWorld: PIE: Copying PIE streaming level from /Game/Levels/BasicLevel.BasicLevel to /Game/Levels/UEDPIE_2_BasicLevel.BasicLevel. OwningWorld: <null>
[2016.11.22-17.39.30:300][828]LogAIModule: Creating AISystem for world BasicLevel
[2016.11.22-17.39.30:302][828]LogWorld: Bringing World /Game/Levels/UEDPIE_2_BasicLevel.BasicLevel up for play (max tick rate 60) at 2016.11.22-12.39.30
[2016.11.22-17.39.30:303][828]LogWorld: Bringing up level for play took: 0.001622
[2016.11.22-17.39.30:303][828]LogLoad: Took 0.139977 seconds to LoadMap(/Game/Levels/UEDPIE_1_BasicLevel)
[2016.11.22-17.39.30:315][829]LogNet: Client netspeed is 10000
[2016.11.22-17.39.30:315][829]LogNet: Join request: /Engine/Maps/Entry?SplitscreenCount=1
[2016.11.22-17.39.30:316][829]LogGameMode: Warning - PATHS NOT DEFINED or NO PLAYERSTART with positive rating
[2016.11.22-17.39.30:318][829]LogNet: Join succeeded: 261
[2016.11.22-17.39.39:462][927]LogBlueprintUserMessages: Early EndPlayMap Detection: Level '/Game/Levels/BasicLevel.BasicLevel:PersistentLevel' has LevelScriptBlueprint '/Game/Levels/BasicLevel.BasicLevel:PersistentLevel.BasicLevel' with GeneratedClass '/Game/Levels/BasicLevel.BasicLevel_C' with ClassGeneratedBy '/Game/Levels/BasicLevel.BasicLevel:PersistentLevel.BasicLevel'
[2016.11.22-17.39.39:536][927]LogBlueprintUserMessages: Late EndPlayMap Detection: Level '/Game/Levels/BasicLevel.BasicLevel:PersistentLevel' has LevelScriptBlueprint '/Game/Levels/BasicLevel.BasicLevel:PersistentLevel.BasicLevel' with GeneratedClass '/Game/Levels/BasicLevel.BasicLevel_C' with ClassGeneratedBy '/Game/Levels/BasicLevel.BasicLevel:PersistentLevel.BasicLevel'
[2016.11.22-17.39.39:572][927]LogNet: UChannel::CleanUp: ChIndex == 0. Closing connection. [UChannel] ChIndex: 0, Closing: 0 [UNetConnection] RemoteAddr: 127.0.0.1:58394, Name: IpConnection_5, Driver: GameNetDriver IpNetDriver_4, IsServer: YES, PC: None, Owner: None
[2016.11.22-17.39.39:572][927]LogNet: UNetConnection::Close: [UNetConnection] RemoteAddr: 127.0.0.1:58394, Name: IpConnection_5, Driver: GameNetDriver IpNetDriver_4, IsServer: YES, PC: None, Owner: None, Channels: 2, Time: 2016.11.22-17.39.39
[2016.11.22-17.39.39:572][927]LogNet: UChannel::Close: Sending CloseBunch. ChIndex == 0. Name: [UChannel] ChIndex: 0, Closing: 0 [UNetConnection] RemoteAddr: 127.0.0.1:58394, Name: IpConnection_5, Driver: GameNetDriver IpNetDriver_4, IsServer: YES, PC: None, Owner: None
[2016.11.22-17.39.39:572][927]LogNet: UChannel::CleanUp: ChIndex == 0. Closing connection. [UChannel] ChIndex: 0, Closing: 0 [UNetConnection] RemoteAddr: 127.0.0.1:7777, Name: IpConnection_4, Driver: GameNetDriver IpNetDriver_5, IsServer: NO, PC: None, Owner: None
[2016.11.22-17.39.39:572][927]LogNet: UNetConnection::Close: [UNetConnection] RemoteAddr: 127.0.0.1:7777, Name: IpConnection_4, Driver: GameNetDriver IpNetDriver_5, IsServer: NO, PC: None, Owner: None, Channels: 2, Time: 2016.11.22-17.39.39
[2016.11.22-17.39.39:572][927]LogNet: UChannel::Close: Sending CloseBunch. ChIndex == 0. Name: [UChannel] ChIndex: 0, Closing: 0 [UNetConnection] RemoteAddr: 127.0.0.1:7777, Name: IpConnection_4, Driver: GameNetDriver IpNetDriver_5, IsServer: NO, PC: None, Owner: None
[2016.11.22-17.39.39:574][927]LogExit: GameNetDriver None shut down
[2016.11.22-17.39.39:574][927]LogExit: GameNetDriver None shut down
[2016.11.22-17.39.42:130][ 73]LogSavePackage: Save=19.04ms
[2016.11.22-17.39.42:131][ 73]LogSavePackage: Moving '../../../../../../Users/Brian/Documents/GitHub/quad-shaped-battle-objects/CardGameProject3/Saved/BattleCardGameModeB6185CAF42CB67B1237B33BE44EFC543.tmp' to '../../../../../../Users/Brian/Documents/GitHub/quad-shaped-battle-objects/CardGameProject3/Content/Blueprints/BattleCardGameMode.uasset'
[2016.11.22-17.39.42:134][ 73]LogSavePackage:Display: Finished SavePackage ../../../../../../Users/Brian/Documents/GitHub/quad-shaped-battle-objects/CardGameProject3/Content/Blueprints/BattleCardGameMode.uasset
[2016.11.22-17.50.50:286][403]LogActorComponent: UnregisterComponent: (/Engine/Transient.EditorFloorComp) Not registered. Aborting.
[2016.11.22-17.50.50:342][403]LogWindowsTextInputMethodSystem:Display: IME system now deactivated.
[2016.11.22-17.50.50:570][404]Cmd: QUIT_EDITOR
[2016.11.22-17.50.51:467][404]LogExit: Preparing to exit.
[2016.11.22-17.50.51:810][404]LogDirectoryWatcher: A directory notification for 'C:/Users/Brian/Documents/GitHub/quad-shaped-battle-objects/CardGameProject3/Content/' was aborted.
[2016.11.22-17.50.51:842][404]LogExit: Editor shut down
[2016.11.22-17.50.51:842][404]LogExit: Transaction tracking system shut down
[2016.11.22-17.50.52:048][404]LogObj: Freed 0b from 0 cluster array pools.
[2016.11.22-17.50.52:048][404]LogExit: Object subsystem successfully closed.
[2016.11.22-17.50.52:064][404]LogD3D11RHI: Shutdown
[2016.11.22-17.50.52:064][404]LogD3D11RHI: CleanupD3DDevice
[2016.11.22-17.50.52:138][404]LogD3D11RHI: ~FD3D11DynamicRHI
[2016.11.22-17.50.52:160][404]LogModuleManager: Shutting down and abandoning module MovieSceneCapture (236)
[2016.11.22-17.50.52:160][404]LogModuleManager: Shutting down and abandoning module BlueprintGraph (235)
[2016.11.22-17.50.52:160][404]LogModuleManager: Shutting down and abandoning module BlueprintProfiler (234)
[2016.11.22-17.50.52:160][404]LogModuleManager: Shutting down and abandoning module HierarchicalLODOutliner (233)
[2016.11.22-17.50.52:160][404]LogModuleManager: Shutting down and abandoning module CrashTracker (232)
[2016.11.22-17.50.52:160][404]LogModuleManager: Shutting down and abandoning module SceneOutliner (231)
[2016.11.22-17.50.52:160][404]LogModuleManager: Shutting down and abandoning module WidgetCarousel (230)
[2016.11.22-17.50.52:160][404]LogModuleManager: Shutting down and abandoning module AddContentDialog (229)
[2016.11.22-17.50.52:160][404]LogDirectoryWatcher: A directory notification for 'C:/Program Files (x86)/Epic Games/4.13/FeaturePacks/' was aborted.
[2016.11.22-17.50.52:162][404]LogModuleManager: Shutting down and abandoning module GameplayTags (228)
[2016.11.22-17.50.52:162][404]LogModuleManager: Shutting down and abandoning module EditorWidgets (227)
[2016.11.22-17.50.52:162][404]LogModuleManager: Shutting down and abandoning module CollectionManager (226)
[2016.11.22-17.50.52:162][404]LogDirectoryWatcher: A directory notification for 'C:/Users/Brian/Documents/GitHub/quad-shaped-battle-objects/CardGameProject3/Content/Collections/' was aborted.
[2016.11.22-17.50.52:162][404]LogDirectoryWatcher: A directory notification for 'C:/Users/Brian/Documents/GitHub/quad-shaped-battle-objects/CardGameProject3/Content/Developers/Brian/Collections/' was aborted.
[2016.11.22-17.50.52:162][404]LogDirectoryWatcher: A directory notification for 'C:/Users/Brian/Documents/GitHub/quad-shaped-battle-objects/CardGameProject3/Saved/Collections/' was aborted.
[2016.11.22-17.50.52:162][404]LogModuleManager: Shutting down and abandoning module StatsViewer (225)
[2016.11.22-17.50.52:162][404]LogModuleManager: Shutting down and abandoning module FoliageEdit (224)
[2016.11.22-17.50.52:162][404]LogModuleManager: Shutting down and abandoning module LandscapeEditor (223)
[2016.11.22-17.50.52:163][404]LogModuleManager: Shutting down and abandoning module SceneDepthPickerMode (222)
[2016.11.22-17.50.52:163][404]LogModuleManager: Shutting down and abandoning module ActorPickerMode (221)
[2016.11.22-17.50.52:163][404]LogModuleManager: Shutting down and abandoning module GeometryMode (220)
[2016.11.22-17.50.52:163][404]LogModuleManager: Shutting down and abandoning module TextureAlignMode (219)
[2016.11.22-17.50.52:163][404]LogModuleManager: Shutting down and abandoning module BspMode (218)
[2016.11.22-17.50.52:163][404]LogModuleManager: Shutting down and abandoning module HardwareSurvey (217)
[2016.11.22-17.50.52:163][404]LogModuleManager: Shutting down and abandoning module SequenceRecorderSections (216)
[2016.11.22-17.50.52:163][404]LogModuleManager: Shutting down and abandoning module SequenceRecorder (215)
[2016.11.22-17.50.52:163][404]LogModuleManager: Shutting down and abandoning module AutomationWorker (214)
[2016.11.22-17.50.52:163][404]LogModuleManager: Shutting down and abandoning module MatineeToLevelSequence (213)
[2016.11.22-17.50.52:163][404]LogModuleManager: Shutting down and abandoning module PlacementMode (212)
[2016.11.22-17.50.52:163][404]LogModuleManager: Shutting down and abandoning module LevelSequenceEditor (211)
[2016.11.22-17.50.52:163][404]LogModuleManager: Shutting down and abandoning module WmfMediaFactory (210)
[2016.11.22-17.50.52:163][404]LogModuleManager: Shutting down and abandoning module WmfMediaEditor (209)
[2016.11.22-17.50.52:163][404]LogModuleManager: Shutting down and abandoning module AvfMediaFactory (208)
[2016.11.22-17.50.52:163][404]LogModuleManager: Shutting down and abandoning module AvfMediaEditor (207)
[2016.11.22-17.50.52:163][404]LogModuleManager: Shutting down and abandoning module Media (206)
[2016.11.22-17.50.52:163][404]LogModuleManager: Shutting down and abandoning module AndroidMediaFactory (205)
[2016.11.22-17.50.52:163][404]LogModuleManager: Shutting down and abandoning module AndroidMediaEditor (204)
[2016.11.22-17.50.52:163][404]LogModuleManager: Shutting down and abandoning module CharacterAI (203)
[2016.11.22-17.50.52:163][404]LogModuleManager: Shutting down and abandoning module SmartSnapping (202)
[2016.11.22-17.50.52:163][404]LogModuleManager: Shutting down and abandoning module SessionServices (201)
[2016.11.22-17.50.52:163][404]LogModuleManager: Shutting down and abandoning module ViewportSnapping (200)
[2016.11.22-17.50.52:163][404]LogModuleManager: Shutting down and abandoning module ViewportInteraction (199)
[2016.11.22-17.50.52:163][404]LogModuleManager: Shutting down and abandoning module LogVisualizer (198)
[2016.11.22-17.50.52:164][404]LogModuleManager: Shutting down and abandoning module GameProjectGeneration (197)
[2016.11.22-17.50.52:164][404]LogModuleManager: Shutting down and abandoning module IntroTutorials (196)
[2016.11.22-17.50.52:164][404]LogModuleManager: Shutting down and abandoning module EditorLiveStreaming (195)
[2016.11.22-17.50.52:164][404]LogModuleManager: Shutting down and abandoning module IOSPlatformEditor (194)
[2016.11.22-17.50.52:164][404]LogModuleManager: Shutting down and abandoning module HTML5PlatformEditor (193)
[2016.11.22-17.50.52:164][404]LogModuleManager: Shutting down and abandoning module AndroidDeviceDetection (192)
[2016.11.22-17.50.52:844][404]LogModuleManager: Shutting down and abandoning module AndroidPlatformEditor (191)
[2016.11.22-17.50.52:844][404]LogModuleManager: Shutting down and abandoning module IOSRuntimeSettings (190)
[2016.11.22-17.50.52:844][404]LogModuleManager: Shutting down and abandoning module AndroidRuntimeSettings (189)
[2016.11.22-17.50.52:844][404]LogModuleManager: Shutting down and abandoning module NiagaraEditor (188)
[2016.11.22-17.50.52:844][404]LogModuleManager: Shutting down and abandoning module MergeActors (187)
[2016.11.22-17.50.52:844][404]LogModuleManager: Shutting down and abandoning module SizeMap (186)
[2016.11.22-17.50.52:844][404]LogModuleManager: Shutting down and abandoning module TreeMap (185)
[2016.11.22-17.50.52:844][404]LogModuleManager: Shutting down and abandoning module ReferenceViewer (184)
[2016.11.22-17.50.52:844][404]LogModuleManager: Shutting down and abandoning module LocalizationService (183)
[2016.11.22-17.50.52:844][404]LogModuleManager: Shutting down and abandoning module LocalizationDashboard (182)
[2016.11.22-17.50.52:844][404]LogModuleManager: Shutting down and abandoning module HardwareTargeting (181)
[2016.11.22-17.50.52:844][404]LogModuleManager: Shutting down and abandoning module DeviceProfileEditor (180)
[2016.11.22-17.50.52:844][404]LogModuleManager: Shutting down and abandoning module UndoHistory (179)
[2016.11.22-17.50.52:844][404]LogModuleManager: Shutting down and abandoning module UserFeedback (178)
[2016.11.22-17.50.52:844][404]LogModuleManager: Shutting down and abandoning module XmlParser (177)
[2016.11.22-17.50.52:845][404]LogModuleManager: Shutting down and abandoning module Blutility (176)
[2016.11.22-17.50.52:845][404]LogModuleManager: Shutting down and abandoning module ProjectTargetPlatformEditor (175)
[2016.11.22-17.50.52:845][404]LogModuleManager: Shutting down and abandoning module ProjectSettingsViewer (174)
[2016.11.22-17.50.52:845][404]LogModuleManager: Shutting down and abandoning module InputBindingEditor (173)
[2016.11.22-17.50.52:845][404]LogModuleManager: Shutting down and abandoning module EditorSettingsViewer (172)
[2016.11.22-17.50.52:845][404]LogModuleManager: Shutting down and abandoning module SettingsEditor (171)
[2016.11.22-17.50.52:845][404]LogModuleManager: Shutting down and abandoning module ProjectLauncher (170)
[2016.11.22-17.50.52:845][404]LogModuleManager: Shutting down and abandoning module SessionFrontend (169)
[2016.11.22-17.50.52:845][404]LogModuleManager: Shutting down and abandoning module ProfilerClient (168)
[2016.11.22-17.50.52:845][404]LogModuleManager: Shutting down and abandoning module TargetDeviceServices (167)
[2016.11.22-17.50.52:845][404]LogModuleManager: Shutting down and abandoning module DeviceManager (166)
[2016.11.22-17.50.52:888][404]LogModuleManager: Shutting down and abandoning module AutomationController (165)
[2016.11.22-17.50.52:888][404]LogModuleManager: Shutting down and abandoning module AutomationWindow (164)
[2016.11.22-17.50.52:888][404]LogModuleManager: Shutting down and abandoning module Layers (163)
[2016.11.22-17.50.52:888][404]LogModuleManager: Shutting down and abandoning module ComponentVisualizers (162)
[2016.11.22-17.50.52:888][404]LogModuleManager: Shutting down and abandoning module DetailCustomizations (161)
[2016.11.22-17.50.52:888][404]LogModuleManager: Shutting down and abandoning module PackagesDialog (160)
[2016.11.22-17.50.52:888][404]LogModuleManager: Shutting down and abandoning module AnimGraph (159)
[2016.11.22-17.50.52:888][404]LogModuleManager: Shutting down and abandoning module Persona (158)
[2016.11.22-17.50.52:888][404]LogModuleManager: Shutting down and abandoning module Kismet (157)
[2016.11.22-17.50.52:894][404]LogModuleManager: Shutting down and abandoning module GraphEditor (156)
[2016.11.22-17.50.52:894][404]LogModuleManager: Shutting down and abandoning module ClassViewer (155)
[2016.11.22-17.50.52:894][404]LogModuleManager: Shutting down and abandoning module Toolbox (154)
[2016.11.22-17.50.52:894][404]LogModuleManager: Shutting down and abandoning module ModuleUI (153)
[2016.11.22-17.50.52:894][404]LogModuleManager: Shutting down and abandoning module MovieSceneTools (152)
[2016.11.22-17.50.52:894][404]LogModuleManager: Shutting down and abandoning module OutputLog (151)
[2016.11.22-17.50.52:894][404]LogModuleManager: Shutting down and abandoning module GammaUI (150)
[2016.11.22-17.50.52:894][404]LogModuleManager: Shutting down and abandoning module Documentation (149)
[2016.11.22-17.50.52:894][404]LogModuleManager: Shutting down and abandoning module Niagara (148)
[2016.11.22-17.50.52:894][404]LogModuleManager: Shutting down and abandoning module StreamingPauseRendering (147)
[2016.11.22-17.50.52:894][404]LogModuleManager: Shutting down and abandoning module AnalyticsET (146)
[2016.11.22-17.50.52:894][404]LogModuleManager: Shutting down and abandoning module PortalServices (145)
[2016.11.22-17.50.52:894][404]LogModuleManager: Shutting down and abandoning module PortalRpc (144)
[2016.11.22-17.50.52:894][404]LogModuleManager: Shutting down and abandoning module MessagingRpc (143)
[2016.11.22-17.50.52:894][404]LogModuleManager: Shutting down and abandoning module GameplayDebugger (142)
[2016.11.22-17.50.52:894][404]LogModuleManager: Shutting down and abandoning module AITestSuite (141)
[2016.11.22-17.50.52:894][404]LogModuleManager: Shutting down and abandoning module AIModule (140)
[2016.11.22-17.50.52:894][404]LogModuleManager: Shutting down and abandoning module ProfilerService (139)
[2016.11.22-17.50.53:051][404]LogModuleManager: Shutting down and abandoning module TaskGraph (138)
[2016.11.22-17.50.53:051][404]LogModuleManager: Shutting down and abandoning module SlateRemote (137)
[2016.11.22-17.50.53:052][404]LogModuleManager: Shutting down and abandoning module SteamVRController (136)
[2016.11.22-17.50.53:052][404]LogModuleManager: Shutting down and abandoning module SteamVR (135)
[2016.11.22-17.50.53:052][404]LogModuleManager: Shutting down and abandoning module ProceduralMeshComponentEditor (134)
[2016.11.22-17.50.53:052][404]LogModuleManager: Shutting down and abandoning module ProceduralMeshComponent (133)
[2016.11.22-17.50.53:052][404]LogModuleManager: Shutting down and abandoning module OculusLibrary (132)
[2016.11.22-17.50.53:052][404]LogModuleManager: Shutting down and abandoning module OculusInput (131)
[2016.11.22-17.50.53:052][404]LogModuleManager: Shutting down and abandoning module CustomMeshComponent (130)
[2016.11.22-17.50.53:052][404]LogModuleManager: Shutting down and abandoning module CableComponent (129)
[2016.11.22-17.50.53:052][404]LogModuleManager: Shutting down and abandoning module ArchVisCharacter (128)
[2016.11.22-17.50.53:052][404]LogModuleManager: Shutting down and abandoning module MediaPlayerEditor (126)
[2016.11.22-17.50.53:052][404]LogModuleManager: Shutting down and abandoning module HTML5Networking (125)
[2016.11.22-17.50.53:052][404]LogModuleManager: Shutting down and abandoning module GeometryCacheEd (124)
[2016.11.22-17.50.53:052][404]LogModuleManager: Shutting down and abandoning module GeometryCache (123)
[2016.11.22-17.50.53:052][404]LogModuleManager: Shutting down and abandoning module AlembicLibrary (122)
[2016.11.22-17.50.53:052][404]LogModuleManager: Shutting down and abandoning module AlembicImporter (121)
[2016.11.22-17.50.53:052][404]LogModuleManager: Shutting down and abandoning module SuperSearch (120)
[2016.11.22-17.50.53:052][404]LogModuleManager: Shutting down and abandoning module SuperSearchEditor (119)
[2016.11.22-17.50.53:052][404]LogModuleManager: Shutting down and abandoning module SpeedTreeImporter (118)
[2016.11.22-17.50.53:052][404]LogModuleManager: Shutting down and abandoning module PluginBrowser (117)
[2016.11.22-17.50.53:052][404]LogModuleManager: Shutting down and abandoning module MobileLauncherProfileWizard (116)
[2016.11.22-17.50.53:052][404]LogModuleManager: Shutting down and abandoning module EpicSurvey (115)
[2016.11.22-17.50.53:052][404]LogModuleManager: Shutting down and abandoning module DesktopPlatform (114)
[2016.11.22-17.50.53:052][404]LogModuleManager: Shutting down and abandoning module VisualStudioSourceCodeAccess (113)
[2016.11.22-17.50.53:052][404]LogModuleManager: Shutting down and abandoning module UObjectPlugin (112)
[2016.11.22-17.50.53:052][404]LogModuleManager: Shutting down and abandoning module SubversionSourceControl (111)
[2016.11.22-17.50.53:052][404]LogModuleManager: Shutting down and abandoning module PerforceSourceControl (110)
[2016.11.22-17.50.53:052][404]LogModuleManager: Shutting down and abandoning module SourceControl (109)
[2016.11.22-17.50.53:052][404]LogModuleManager: Shutting down and abandoning module GitSourceControl (108)
[2016.11.22-17.50.53:052][404]LogModuleManager: Shutting down and abandoning module LightPropagationVolumeEditor (107)
[2016.11.22-17.50.53:052][404]LogModuleManager: Shutting down and abandoning module PaperTiledImporter (106)
[2016.11.22-17.50.53:052][404]LogModuleManager: Shutting down and abandoning module PaperSpriteSheetImporter (105)
[2016.11.22-17.50.53:052][404]LogModuleManager: Shutting down and abandoning module MeshPaint (104)
[2016.11.22-17.50.53:052][404]LogModuleManager: Shutting down and abandoning module FbxAutomationBuilderModule (103)
[2016.11.22-17.50.53:052][404]LogModuleManager: Shutting down and abandoning module PixelInspectorModule (102)
[2016.11.22-17.50.53:052][404]LogModuleManager: Shutting down and abandoning module HotReload (101)
[2016.11.22-17.50.53:053][404]LogModuleManager: Shutting down and abandoning module MainFrame (100)
[2016.11.22-17.50.53:053][404]LogModuleManager: Shutting down and abandoning module LevelEditor (99)
[2016.11.22-17.50.53:054][404]LogModuleManager: Shutting down and abandoning module ContentBrowser (98)
[2016.11.22-17.50.53:055][404]LogModuleManager: Shutting down and abandoning module Paper2DEditor (97)
[2016.11.22-17.50.53:055][404]LogModuleManager: Shutting down and abandoning module UdpMessaging (96)
[2016.11.22-17.50.53:156][404]LogModuleManager: Shutting down and abandoning module TcpMessaging (95)
[2016.11.22-17.50.53:257][404]LogModuleManager: Shutting down and abandoning module LightPropagationVolumeRuntime (94)
[2016.11.22-17.50.53:257][404]LogModuleManager: Shutting down and abandoning module Paper2D (93)
[2016.11.22-17.50.53:257][404]LogModuleManager: Shutting down and abandoning module WindowsMoviePlayer (92)
[2016.11.22-17.50.53:257][404]LogModuleManager: Shutting down and abandoning module WmfMedia (91)
[2016.11.22-17.50.53:257][404]LogModuleManager: Shutting down and abandoning module MediaAssets (90)
[2016.11.22-17.50.53:257][404]LogModuleManager: Shutting down and abandoning module GameLiveStreaming (89)
[2016.11.22-17.50.53:257][404]LogModuleManager: Shutting down and abandoning module GameplayTagsEditor (88)
[2016.11.22-17.50.53:257][404]LogModuleManager: Shutting down and abandoning module VREditor (87)
[2016.11.22-17.50.53:257][404]LogModuleManager: Shutting down and abandoning module GameplayTasksEditor (86)
[2016.11.22-17.50.53:257][404]LogModuleManager: Shutting down and abandoning module PropertyEditor (85)
[2016.11.22-17.50.53:257][404]LogModuleManager: Shutting down and abandoning module BehaviorTreeEditor (84)
[2016.11.22-17.50.53:257][404]LogModuleManager: Shutting down and abandoning module FunctionalTesting (83)
[2016.11.22-17.50.53:257][404]LogModuleManager: Shutting down and abandoning module CollisionAnalyzer (82)
[2016.11.22-17.50.53:257][404]LogModuleManager: Shutting down and abandoning module Sequencer (81)
[2016.11.22-17.50.53:257][404]LogModuleManager: Shutting down and abandoning module WorkspaceMenuStructure (80)
[2016.11.22-17.50.53:257][404]LogModuleManager: Shutting down and abandoning module MessageLog (79)
[2016.11.22-17.50.53:257][404]LogModuleManager: Shutting down and abandoning module AssetTools (78)
[2016.11.22-17.50.53:257][404]LogModuleManager: Shutting down and abandoning module UMGEditor (77)
[2016.11.22-17.50.53:257][404]LogModuleManager: Shutting down and abandoning module UMG (76)
[2016.11.22-17.50.53:257][404]LogModuleManager: Shutting down and abandoning module SlateReflector (75)
[2016.11.22-17.50.53:258][404]LogModuleManager: Shutting down and abandoning module Slate (74)
[2016.11.22-17.50.53:258][404]LogModuleManager: Shutting down and abandoning module EditorStyle (73)
[2016.11.22-17.50.53:260][404]LogModuleManager: Shutting down and abandoning module SourceCodeAccess (72)
[2016.11.22-17.50.53:260][404]LogModuleManager: Shutting down and abandoning module HeadMountedDisplay (71)
[2016.11.22-17.50.53:260][404]LogModuleManager: Shutting down and abandoning module XAudio2 (70)
[2016.11.22-17.50.53:260][404]LogModuleManager: Shutting down and abandoning module Networking (68)
[2016.11.22-17.50.53:260][404]LogModuleManager: Shutting down and abandoning module Core (67)
[2016.11.22-17.50.53:260][404]LogModuleManager: Shutting down and abandoning module DirectoryWatcher (66)
[2016.11.22-17.50.53:260][404]LogDirectoryWatcher: A directory notification for '../../../Engine/Content/' was aborted.
[2016.11.22-17.50.53:260][404]LogDirectoryWatcher: A directory notification for '../../../../../../Users/Brian/Documents/GitHub/quad-shaped-battle-objects/CardGameProject3/Content/' was aborted.
[2016.11.22-17.50.53:261][404]LogDirectoryWatcher: A directory notification for '../../../Engine/Plugins/2D/Paper2D/Content/' was aborted.
[2016.11.22-17.50.53:261][404]LogModuleManager: Shutting down and abandoning module AssetRegistry (65)
[2016.11.22-17.50.53:434][404]LogModuleManager: Shutting down and abandoning module KismetCompiler (64)
[2016.11.22-17.50.53:434][404]LogModuleManager: Shutting down and abandoning module PhysXFormats (63)
[2016.11.22-17.50.53:434][404]LogModuleManager: Shutting down and abandoning module MeshUtilities (62)
[2016.11.22-17.50.53:434][404]LogModuleManager: Shutting down and abandoning module DerivedDataCache (61)
[2016.11.22-17.50.53:437][404]LogDerivedDataCache: Shutdown
[2016.11.22-17.50.53:437][404]LogModuleManager: Shutting down and abandoning module VulkanShaderFormat (60)
[2016.11.22-17.50.53:437][404]LogModuleManager: Shutting down and abandoning module ShaderFormatOpenGL (59)
[2016.11.22-17.50.53:437][404]LogModuleManager: Shutting down and abandoning module ShaderFormatD3D (58)
[2016.11.22-17.50.53:437][404]LogModuleManager: Shutting down and abandoning module MetalShaderFormat (57)
[2016.11.22-17.50.53:437][404]LogModuleManager: Shutting down and abandoning module TextureFormatUncompressed (56)
[2016.11.22-17.50.53:437][404]LogModuleManager: Shutting down and abandoning module TextureFormatPVR (55)
[2016.11.22-17.50.53:437][404]LogModuleManager: Shutting down and abandoning module TextureFormatDXT (54)
[2016.11.22-17.50.53:437][404]LogModuleManager: Shutting down and abandoning module TextureFormatIntelISPCTexComp (53)
[2016.11.22-17.50.53:438][404]LogModuleManager: Shutting down and abandoning module ImageWrapper (52)
[2016.11.22-17.50.53:438][404]LogModuleManager: Shutting down and abandoning module TextureFormatASTC (51)
[2016.11.22-17.50.53:438][404]LogModuleManager: Shutting down and abandoning module TextureFormatAndroid (50)
[2016.11.22-17.50.53:438][404]LogModuleManager: Shutting down and abandoning module AudioFormatOpus (49)
[2016.11.22-17.50.53:438][404]LogModuleManager: Shutting down and abandoning module AudioFormatOgg (48)
[2016.11.22-17.50.53:438][404]LogModuleManager: Shutting down and abandoning module AudioFormatADPCM (47)
[2016.11.22-17.50.53:438][404]LogModuleManager: Shutting down and abandoning module LinuxTargetPlatform (46)
[2016.11.22-17.50.53:438][404]LogModuleManager: Shutting down and abandoning module LinuxServerTargetPlatform (45)
[2016.11.22-17.50.53:438][404]LogModuleManager: Shutting down and abandoning module LinuxNoEditorTargetPlatform (44)
[2016.11.22-17.50.53:438][404]LogModuleManager: Shutting down and abandoning module LinuxClientTargetPlatform (43)
[2016.11.22-17.50.53:438][404]LogModuleManager: Shutting down and abandoning module TVOSTargetPlatform (42)
[2016.11.22-17.50.53:438][404]LogModuleManager: Shutting down and abandoning module Messaging (41)
[2016.11.22-17.50.53:438][404]LogModuleManager: Shutting down and abandoning module IOSTargetPlatform (40)
[2016.11.22-17.50.53:438][404]LogModuleManager: Shutting down and abandoning module HTML5TargetPlatform (39)
[2016.11.22-17.50.53:438][404]LogModuleManager: Shutting down and abandoning module Android_PVRTCTargetPlatform (38)
[2016.11.22-17.50.53:438][404]LogModuleManager: Shutting down and abandoning module Android_MultiTargetPlatform (37)
[2016.11.22-17.50.53:438][404]LogModuleManager: Shutting down and abandoning module Android_ETC2TargetPlatform (36)
[2016.11.22-17.50.53:438][404]LogModuleManager: Shutting down and abandoning module Android_ETC1TargetPlatform (35)
[2016.11.22-17.50.53:438][404]LogModuleManager: Shutting down and abandoning module Android_DXTTargetPlatform (34)
[2016.11.22-17.50.53:438][404]LogModuleManager: Shutting down and abandoning module Android_ATCTargetPlatform (33)
[2016.11.22-17.50.53:438][404]LogModuleManager: Shutting down and abandoning module Android_ASTCTargetPlatform (32)
[2016.11.22-17.50.53:438][404]LogModuleManager: Shutting down and abandoning module AndroidTargetPlatform (31)
[2016.11.22-17.50.53:438][404]LogModuleManager: Shutting down and abandoning module WindowsTargetPlatform (30)
[2016.11.22-17.50.53:438][404]LogModuleManager: Shutting down and abandoning module WindowsServerTargetPlatform (29)
[2016.11.22-17.50.53:438][404]LogModuleManager: Shutting down and abandoning module WindowsNoEditorTargetPlatform (28)
[2016.11.22-17.50.53:438][404]LogModuleManager: Shutting down and abandoning module WindowsClientTargetPlatform (27)
[2016.11.22-17.50.53:438][404]LogModuleManager: Shutting down and abandoning module AllDesktopTargetPlatform (26)
[2016.11.22-17.50.53:438][404]LogModuleManager: Shutting down and abandoning module TargetPlatform (25)
[2016.11.22-17.50.53:438][404]LogModuleManager: Shutting down and abandoning module InputCore (24)
[2016.11.22-17.50.53:438][404]LogModuleManager: Shutting down and abandoning module Settings (23)
[2016.11.22-17.50.53:438][404]LogModuleManager: Shutting down and abandoning module OculusRift (22)
[2016.11.22-17.50.53:438][404]LogModuleManager: Shutting down and abandoning module GearVR (21)
[2016.11.22-17.50.53:438][404]LogModuleManager: Shutting down and abandoning module ExampleDeviceProfileSelector (20)
[2016.11.22-17.50.53:438][404]LogModuleManager: Shutting down and abandoning module OnlineBlueprintSupport (19)
[2016.11.22-17.50.53:438][404]LogModuleManager: Shutting down and abandoning module OnlineSubsystem (17)
[2016.11.22-17.50.53:438][404]LogOnline:Display: Unloading online subsystem: NULL
[2016.11.22-17.50.53:438][404]LogModuleManager: Shutting down and abandoning module HTTP (16)
[2016.11.22-17.50.53:438][404]LogHttp:Display: Http module shutting down, but needs to wait on 1 outstanding Http requests:
[2016.11.22-17.50.53:438][404]LogHttp:Display: 	verb=[POST] url=[https://datarouter.ol.epicgames.com/datarouter/api/v1/public/data?SessionID=%7B852391C6-42A6-6F2A-3F97-A2BEB18053C6%7D&AppID=UEEditor.Rocket.Release&AppVersion=4.13.2-3172292%2B%2B%2BUE4%2BRelease-4.13&UserID=622d6cc84c757446e01d25b6259f4ae3%7C0088da38c4fe4f999d6f0e52c41d2185%7C0f0e893d-46e4-44f8-bd74-7f933f7c90a3&AppEnvironment=datacollector-binary&UploadType=eteventstream] status=Processing
[2016.11.22-17.50.53:472][404]LogModuleManager: Shutting down and abandoning module XMPP (15)
[2016.11.22-17.50.53:472][404]LogModuleManager: Shutting down and abandoning module TextureCompressor (14)
[2016.11.22-17.50.53:472][404]LogModuleManager: Shutting down and abandoning module ShaderCore (13)
[2016.11.22-17.50.53:472][404]LogModuleManager: Shutting down and abandoning module Landscape (12)
[2016.11.22-17.50.53:472][404]LogModuleManager: Shutting down and abandoning module SlateRHIRenderer (11)
[2016.11.22-17.50.53:474][404]LogModuleManager: Shutting down and abandoning module OpenGLDrv (10)
[2016.11.22-17.50.53:474][404]LogModuleManager: Shutting down and abandoning module D3D11RHI (9)
[2016.11.22-17.50.53:474][404]LogModuleManager: Shutting down and abandoning module AnimGraphRuntime (8)
[2016.11.22-17.50.53:474][404]LogModuleManager: Shutting down and abandoning module Renderer (7)
[2016.11.22-17.50.53:474][404]LogModuleManager: Shutting down and abandoning module Engine (6)
[2016.11.22-17.50.53:474][404]LogModuleManager: Shutting down and abandoning module CoreUObject (5)
[2016.11.22-17.50.53:474][404]LogModuleManager: Shutting down and abandoning module NetworkFile (4)
[2016.11.22-17.50.53:474][404]LogModuleManager: Shutting down and abandoning module StreamingFile (3)
[2016.11.22-17.50.53:474][404]LogModuleManager: Shutting down and abandoning module SandboxFile (2)
[2016.11.22-17.50.53:474][404]LogModuleManager: Shutting down and abandoning module PakFile (1)
[2016.11.22-17.50.53:475][404]LogExit: Exiting.
[2016.11.22-17.50.53:477][404]Log file closed, 11/22/16 12:50:53
