Log file open, 11/02/16 13:32:07
LogInit:Display: Running engine for game: CardGameProject3
LogPlatformFile: Not using cached read wrapper
LogInit:Display: RandInit(-1151046844) SRandInit(-1151046844).
LogTaskGraph: Started task graph with 5 named threads and 6 total threads with 1 sets of task threads.
LogStats: Stats thread started at 0.072838
LogPluginManager: Loaded Plugin Paper2D, From C:/Program Files (x86)/Epic Games/4.13/Engine/Plugins/2D/Paper2D/Paper2D.uplugin
LogPluginManager: Loaded Plugin LightPropagationVolume, From C:/Program Files (x86)/Epic Games/4.13/Engine/Plugins/Blendables/LightPropagationVolume/LightPropagationVolume.uplugin
LogPluginManager: Loaded Plugin BlankPlugin, From C:/Program Files (x86)/Epic Games/4.13/Engine/Plugins/Developer/BlankPlugin/BlankPlugin.uplugin
LogPluginManager: Loaded Plugin CodeLiteSourceCodeAccess, From C:/Program Files (x86)/Epic Games/4.13/Engine/Plugins/Developer/CodeLiteSourceCodeAccess/CodeLiteSourceCodeAccess.uplugin
LogPluginManager: Loaded Plugin GitSourceControl, From C:/Program Files (x86)/Epic Games/4.13/Engine/Plugins/Developer/GitSourceControl/GitSourceControl.uplugin
LogPluginManager: Loaded Plugin KDevelopSourceCodeAccess, From C:/Program Files (x86)/Epic Games/4.13/Engine/Plugins/Developer/KDevelopSourceCodeAccess/KDevelopSourceCodeAccess.uplugin
LogPluginManager: Loaded Plugin NullSourceCodeAccess, From C:/Program Files (x86)/Epic Games/4.13/Engine/Plugins/Developer/NullSourceCodeAccess/NullSourceCodeAccess.uplugin
LogPluginManager: Loaded Plugin OneSkyLocalizationService, From C:/Program Files (x86)/Epic Games/4.13/Engine/Plugins/Developer/OneSkyLocalizationService/OneSkyLocalizationService.uplugin
LogPluginManager: Loaded Plugin PerforceSourceControl, From C:/Program Files (x86)/Epic Games/4.13/Engine/Plugins/Developer/PerforceSourceControl/PerforceSourceControl.uplugin
LogPluginManager: Loaded Plugin SubversionSourceControl, From C:/Program Files (x86)/Epic Games/4.13/Engine/Plugins/Developer/SubversionSourceControl/SubversionSourceControl.uplugin
LogPluginManager: Loaded Plugin UObjectPlugin, From C:/Program Files (x86)/Epic Games/4.13/Engine/Plugins/Developer/UObjectPlugin/UObjectPlugin.uplugin
LogPluginManager: Loaded Plugin VisualStudioSourceCodeAccess, From C:/Program Files (x86)/Epic Games/4.13/Engine/Plugins/Developer/VisualStudioSourceCodeAccess/VisualStudioSourceCodeAccess.uplugin
LogPluginManager: Loaded Plugin XCodeSourceCodeAccess, From C:/Program Files (x86)/Epic Games/4.13/Engine/Plugins/Developer/XCodeSourceCodeAccess/XCodeSourceCodeAccess.uplugin
LogPluginManager: Loaded Plugin EpicSurvey, From C:/Program Files (x86)/Epic Games/4.13/Engine/Plugins/Editor/EpicSurvey/EpicSurvey.uplugin
LogPluginManager: Loaded Plugin MacGraphicsSwitching, From C:/Program Files (x86)/Epic Games/4.13/Engine/Plugins/Editor/MacGraphicsSwitching/MacGraphicsSwitching.uplugin
LogPluginManager: Loaded Plugin MobileLauncherProfileWizard, From C:/Program Files (x86)/Epic Games/4.13/Engine/Plugins/Editor/MobileLauncherProfileWizard/MobileLauncherProfileWizard.uplugin
LogPluginManager: Loaded Plugin PluginBrowser, From C:/Program Files (x86)/Epic Games/4.13/Engine/Plugins/Editor/PluginBrowser/PluginBrowser.uplugin
LogPluginManager: Loaded Plugin SpeedTreeImporter, From C:/Program Files (x86)/Epic Games/4.13/Engine/Plugins/Editor/SpeedTreeImporter/SpeedTreeImporter.uplugin
LogPluginManager: Loaded Plugin SuperSearchEditor, From C:/Program Files (x86)/Epic Games/4.13/Engine/Plugins/Editor/SuperSearchEditor/SuperSearchEditor.uplugin
LogPluginManager: Loaded Plugin AlembicImporter, From C:/Program Files (x86)/Epic Games/4.13/Engine/Plugins/Experimental/AlembicImporter/AlembicImporter.uplugin
LogPluginManager: Loaded Plugin BlueprintStats, From C:/Program Files (x86)/Epic Games/4.13/Engine/Plugins/Experimental/BlueprintStats/BlueprintStats.uplugin
LogPluginManager: Loaded Plugin CharacterAI, From C:/Program Files (x86)/Epic Games/4.13/Engine/Plugins/Experimental/CharacterAI/CharacterAI.uplugin
LogPluginManager: Loaded Plugin CodeEditor, From C:/Program Files (x86)/Epic Games/4.13/Engine/Plugins/Experimental/CodeEditor/CodeEditor.uplugin
LogPluginManager: Loaded Plugin CodeView, From C:/Program Files (x86)/Epic Games/4.13/Engine/Plugins/Experimental/CodeView/CodeView.uplugin
LogPluginManager: Loaded Plugin HTML5Networking, From C:/Program Files (x86)/Epic Games/4.13/Engine/Plugins/Experimental/HTML5Networking/HTML5Networking.uplugin
LogPluginManager: Loaded Plugin LiveEditor, From C:/Program Files (x86)/Epic Games/4.13/Engine/Plugins/Experimental/LiveEditor/LiveEditor.uplugin
LogPluginManager: Loaded Plugin OSVR, From C:/Program Files (x86)/Epic Games/4.13/Engine/Plugins/Experimental/OSVR/OSVR.uplugin
LogPluginManager: Loaded Plugin Phya, From C:/Program Files (x86)/Epic Games/4.13/Engine/Plugins/Experimental/Phya/Phya.uplugin
LogPluginManager: Loaded Plugin SignificanceManager, From C:/Program Files (x86)/Epic Games/4.13/Engine/Plugins/Experimental/SignificanceManager/SignificanceManager.uplugin
LogPluginManager: Loaded Plugin SimpleHMD, From C:/Program Files (x86)/Epic Games/4.13/Engine/Plugins/Experimental/SimpleHMD/SimpleHMD.uplugin
LogPluginManager: Loaded Plugin StereoPanorama, From C:/Program Files (x86)/Epic Games/4.13/Engine/Plugins/Experimental/StereoPanorama/StereoPanorama.uplugin
LogPluginManager: Loaded Plugin StructBox, From C:/Program Files (x86)/Epic Games/4.13/Engine/Plugins/Experimental/StructBox/StructBox.uplugin
LogPluginManager: Loaded Plugin AndroidMedia, From C:/Program Files (x86)/Epic Games/4.13/Engine/Plugins/Media/AndroidMedia/AndroidMedia.uplugin
LogPluginManager: Loaded Plugin AvfMedia, From C:/Program Files (x86)/Epic Games/4.13/Engine/Plugins/Media/AvfMedia/AvfMedia.uplugin
LogPluginManager: Loaded Plugin MediaPlayerEditor, From C:/Program Files (x86)/Epic Games/4.13/Engine/Plugins/Media/MediaPlayerEditor/MediaPlayerEditor.uplugin
LogPluginManager: Loaded Plugin WmfMedia, From C:/Program Files (x86)/Epic Games/4.13/Engine/Plugins/Media/WmfMedia/WmfMedia.uplugin
LogPluginManager: Loaded Plugin MessagingDebugger, From C:/Program Files (x86)/Epic Games/4.13/Engine/Plugins/Messaging/MessagingDebugger/MessagingDebugger.uplugin
LogPluginManager: Loaded Plugin TcpMessaging, From C:/Program Files (x86)/Epic Games/4.13/Engine/Plugins/Messaging/TcpMessaging/TcpMessaging.uplugin
LogPluginManager: Loaded Plugin UdpMessaging, From C:/Program Files (x86)/Epic Games/4.13/Engine/Plugins/Messaging/UdpMessaging/UdpMessaging.uplugin
LogPluginManager: Loaded Plugin LevelSequenceEditor, From C:/Program Files (x86)/Epic Games/4.13/Engine/Plugins/MovieScene/LevelSequenceEditor/LevelSequenceEditor.uplugin
LogPluginManager: Loaded Plugin MatineeToLevelSequence, From C:/Program Files (x86)/Epic Games/4.13/Engine/Plugins/MovieScene/MatineeToLevelSequence/MatineeToLevelSequence.uplugin
LogPluginManager: Loaded Plugin NetcodeUnitTest, From C:/Program Files (x86)/Epic Games/4.13/Engine/Plugins/NetcodeUnitTest/NetcodeUnitTest/NetcodeUnitTest.uplugin
LogPluginManager: Loaded Plugin NUTUnrealEngine4, From C:/Program Files (x86)/Epic Games/4.13/Engine/Plugins/NetcodeUnitTest/NUTUnrealEngine4/NUTUnrealEngine4.uplugin
LogPluginManager: Loaded Plugin OnlineSubsystemGooglePlay, From C:/Program Files (x86)/Epic Games/4.13/Engine/Plugins/Online/Android/OnlineSubsystemGooglePlay/OnlineSubsystemGooglePlay.uplugin
LogPluginManager: Loaded Plugin OnlineSubsystemIOS, From C:/Program Files (x86)/Epic Games/4.13/Engine/Plugins/Online/IOS/OnlineSubsystemIOS/OnlineSubsystemIOS.uplugin
LogPluginManager: Loaded Plugin OnlineFramework, From C:/Program Files (x86)/Epic Games/4.13/Engine/Plugins/Online/OnlineFramework/OnlineFramework.uplugin
LogPluginManager: Loaded Plugin OnlineSubsystem, From C:/Program Files (x86)/Epic Games/4.13/Engine/Plugins/Online/OnlineSubsystem/OnlineSubsystem.uplugin
LogPluginManager: Loaded Plugin OnlineSubsystemAmazon, From C:/Program Files (x86)/Epic Games/4.13/Engine/Plugins/Online/OnlineSubsystemAmazon/OnlineSubsystemAmazon.uplugin
LogPluginManager: Loaded Plugin OnlineSubsystemFacebook, From C:/Program Files (x86)/Epic Games/4.13/Engine/Plugins/Online/OnlineSubsystemFacebook/OnlineSubsystemFacebook.uplugin
LogPluginManager: Loaded Plugin OnlineSubsystemNull, From C:/Program Files (x86)/Epic Games/4.13/Engine/Plugins/Online/OnlineSubsystemNull/OnlineSubsystemNull.uplugin
LogPluginManager: Loaded Plugin OnlineSubsystemOculus, From C:/Program Files (x86)/Epic Games/4.13/Engine/Plugins/Online/OnlineSubsystemOculus/OnlineSubsystemOculus.uplugin
LogPluginManager: Loaded Plugin OnlineSubsystemSteam, From C:/Program Files (x86)/Epic Games/4.13/Engine/Plugins/Online/OnlineSubsystemSteam/OnlineSubsystemSteam.uplugin
LogPluginManager: Loaded Plugin OnlineSubsystemUtils, From C:/Program Files (x86)/Epic Games/4.13/Engine/Plugins/Online/OnlineSubsystemUtils/OnlineSubsystemUtils.uplugin
LogPluginManager: Loaded Plugin IOSTapJoy, From C:/Program Files (x86)/Epic Games/4.13/Engine/Plugins/Runtime/Advertising/IOSTapJoy/IOSTapJoy.uplugin
LogPluginManager: Loaded Plugin AnalyticsBlueprintLibrary, From C:/Program Files (x86)/Epic Games/4.13/Engine/Plugins/Runtime/Analytics/AnalyticsBlueprintLibrary/AnalyticsBlueprintLibrary.uplugin
LogPluginManager: Loaded Plugin AnalyticsMulticast, From C:/Program Files (x86)/Epic Games/4.13/Engine/Plugins/Runtime/Analytics/AnalyticsMulticast/AnalyticsMulticast.uplugin
LogPluginManager: Loaded Plugin Apsalar, From C:/Program Files (x86)/Epic Games/4.13/Engine/Plugins/Runtime/Analytics/Apsalar/Apsalar.uplugin
LogPluginManager: Loaded Plugin FileLogging, From C:/Program Files (x86)/Epic Games/4.13/Engine/Plugins/Runtime/Analytics/FileLogging/FileLogging.uplugin
LogPluginManager: Loaded Plugin Flurry, From C:/Program Files (x86)/Epic Games/4.13/Engine/Plugins/Runtime/Analytics/Flurry/Flurry.uplugin
LogPluginManager: Loaded Plugin AndroidDeviceProfileSelector, From C:/Program Files (x86)/Epic Games/4.13/Engine/Plugins/Runtime/AndroidDeviceProfileSelector/AndroidDeviceProfileSelector.uplugin
LogPluginManager: Loaded Plugin AndroidMoviePlayer, From C:/Program Files (x86)/Epic Games/4.13/Engine/Plugins/Runtime/AndroidMoviePlayer/AndroidMoviePlayer.uplugin
LogPluginManager: Loaded Plugin AppleMoviePlayer, From C:/Program Files (x86)/Epic Games/4.13/Engine/Plugins/Runtime/AppleMoviePlayer/AppleMoviePlayer.uplugin
LogPluginManager: Loaded Plugin ArchVisCharacter, From C:/Program Files (x86)/Epic Games/4.13/Engine/Plugins/Runtime/ArchVisCharacter/ArchVisCharacter.uplugin
LogPluginManager: Loaded Plugin CableComponent, From C:/Program Files (x86)/Epic Games/4.13/Engine/Plugins/Runtime/CableComponent/CableComponent.uplugin
LogPluginManager: Loaded Plugin CustomMeshComponent, From C:/Program Files (x86)/Epic Games/4.13/Engine/Plugins/Runtime/CustomMeshComponent/CustomMeshComponent.uplugin
LogPluginManager: Loaded Plugin ExampleDeviceProfileSelector, From C:/Program Files (x86)/Epic Games/4.13/Engine/Plugins/Runtime/ExampleDeviceProfileSelector/ExampleDeviceProfileSelector.uplugin
LogPluginManager: Loaded Plugin GearVR, From C:/Program Files (x86)/Epic Games/4.13/Engine/Plugins/Runtime/GearVR/GearVR.uplugin
LogPluginManager: Loaded Plugin GoogleVRController, From C:/Program Files (x86)/Epic Games/4.13/Engine/Plugins/Runtime/GoogleVR/GoogleVRController/GoogleVRController.uplugin
LogPluginManager: Loaded Plugin GoogleVRHMD, From C:/Program Files (x86)/Epic Games/4.13/Engine/Plugins/Runtime/GoogleVR/GoogleVRHMD/GoogleVRHMD.uplugin
LogPluginManager: Loaded Plugin IOSDeviceProfileSelector, From C:/Program Files (x86)/Epic Games/4.13/Engine/Plugins/Runtime/IOSDeviceProfileSelector/IOSDeviceProfileSelector.uplugin
LogPluginManager: Loaded Plugin LeapMotion, From C:/Program Files (x86)/Epic Games/4.13/Engine/Plugins/Runtime/LeapMotion/LeapMotion.uplugin
LogPluginManager: Loaded Plugin LinuxDeviceProfileSelector, From C:/Program Files (x86)/Epic Games/4.13/Engine/Plugins/Runtime/LinuxDeviceProfileSelector/LinuxDeviceProfileSelector.uplugin
LogPluginManager: Loaded Plugin LiveEditorListenServer, From C:/Program Files (x86)/Epic Games/4.13/Engine/Plugins/Runtime/LiveEditorListenServer/LiveEditorListenServer.uplugin
LogPluginManager: Loaded Plugin OculusAudio, From C:/Program Files (x86)/Epic Games/4.13/Engine/Plugins/Runtime/OculusAudio/OculusAudio.uplugin
LogPluginManager: Loaded Plugin OculusInput, From C:/Program Files (x86)/Epic Games/4.13/Engine/Plugins/Runtime/OculusInput/OculusInput.uplugin
LogPluginManager: Loaded Plugin OculusLibrary, From C:/Program Files (x86)/Epic Games/4.13/Engine/Plugins/Runtime/OculusLibrary/OculusLibrary.uplugin
LogPluginManager: Loaded Plugin OculusRift, From C:/Program Files (x86)/Epic Games/4.13/Engine/Plugins/Runtime/OculusRift/OculusRift.uplugin
LogPluginManager: Loaded Plugin Oodle, From C:/Program Files (x86)/Epic Games/4.13/Engine/Plugins/Runtime/PacketHandlers/CompressionComponents/Oodle/Oodle.uplugin
LogPluginManager: Loaded Plugin ProceduralMeshComponent, From C:/Program Files (x86)/Epic Games/4.13/Engine/Plugins/Runtime/ProceduralMeshComponent/ProceduralMeshComponent.uplugin
LogPluginManager: Loaded Plugin SoundMod, From C:/Program Files (x86)/Epic Games/4.13/Engine/Plugins/Runtime/SoundMod/SoundMod.uplugin
LogPluginManager: Loaded Plugin SoundVisualizations, From C:/Program Files (x86)/Epic Games/4.13/Engine/Plugins/Runtime/SoundVisualizations/SoundVisualizations.uplugin
LogPluginManager: Loaded Plugin SteamController, From C:/Program Files (x86)/Epic Games/4.13/Engine/Plugins/Runtime/Steam/SteamController/SteamController.uplugin
LogPluginManager: Loaded Plugin SteamVR, From C:/Program Files (x86)/Epic Games/4.13/Engine/Plugins/Runtime/Steam/SteamVR/SteamVR.uplugin
LogPluginManager: Loaded Plugin WebBrowserWidget, From C:/Program Files (x86)/Epic Games/4.13/Engine/Plugins/Runtime/WebBrowserWidget/WebBrowserWidget.uplugin
LogPluginManager: Loaded Plugin WindowsDeviceProfileSelector, From C:/Program Files (x86)/Epic Games/4.13/Engine/Plugins/Runtime/WindowsDeviceProfileSelector/WindowsDeviceProfileSelector.uplugin
LogPluginManager: Loaded Plugin WindowsMoviePlayer, From C:/Program Files (x86)/Epic Games/4.13/Engine/Plugins/Runtime/WindowsMoviePlayer/WindowsMoviePlayer.uplugin
LogPluginManager: Loaded Plugin ScriptPlugin, From C:/Program Files (x86)/Epic Games/4.13/Engine/Plugins/ScriptPlugin/ScriptPlugin.uplugin
LogPluginManager: Loaded Plugin SlateRemote, From C:/Program Files (x86)/Epic Games/4.13/Engine/Plugins/Slate/SlateRemote/SlateRemote.uplugin
LogInit: Using libcurl 7.47.1
LogInit:  - built for x86_64-pc-win32
LogInit:  - supports SSL with WinSSL
LogInit:  - other features:
LogInit:      CURL_VERSION_SSL
LogInit:      CURL_VERSION_IPV6
LogInit:      CURL_VERSION_ASYNCHDNS
LogInit:      CURL_VERSION_LARGEFILE
LogInit:      CURL_VERSION_IDN
LogInit:  CurlRequestOptions (configurable via config and command line):
LogInit:  - bVerifyPeer = false  - Libcurl will NOT verify peer certificate
LogInit:  - bUseHttpProxy = false  - Libcurl will NOT use HTTP proxy
LogInit:  - bDontReuseConnections = false  - Libcurl will reuse connections
LogInit:  - CertBundlePath = nullptr  - Libcurl will use whatever was configured at build time.
LogInit: Build: ++UE4+Release-4.13-CL-3172292
LogInit: Engine Version: 4.13.2-3172292+++UE4+Release-4.13
LogInit: Compatible Engine Version: 4.13.0-3106830+++UE4+Release-4.13
LogInit: Net CL: 3172292
LogDevObjectVersion: Number of dev versions registered: 13
LogDevObjectVersion:   Dev-Blueprints (B0D832E4-1F89-4F0D-ACCF-7EB736FD4AA2): 5
LogDevObjectVersion:   Dev-Build (E1C64328-A22C-4D53-A36C-8E866417BD8C): 0
LogDevObjectVersion:   Dev-Core (375EC13C-06E4-48FB-B500-84F0262A717E): 1
LogDevObjectVersion:   Dev-Editor (E4B068ED-F494-42E9-A231-DA0B2E46BB41): 6
LogDevObjectVersion:   Dev-Framework (CFFC743F-43B0-4480-9391-14DF171D2073): 12
LogDevObjectVersion:   Dev-Mobile (B02B49B5-BB20-44E9-A304-32B752E40360): 0
LogDevObjectVersion:   Dev-Networking (A4E4105C-59A1-49B5-A7C5-40C4547EDFEE): 0
LogDevObjectVersion:   Dev-Online (39C831C9-5AE6-47DC-9A44-9C173E1C8E7C): 0
LogDevObjectVersion:   Dev-Physics (78F01B33-EBEA-4F98-B9B4-84EACCB95AA2): 0
LogDevObjectVersion:   Dev-Platform (6631380F-2D4D-43E0-8009-CF276956A95A): 0
LogDevObjectVersion:   Dev-Rendering (12F88B9F-8875-4AFC-A67C-D90C383ABD29): 4
LogDevObjectVersion:   Dev-Sequencer (7B5AE74C-D270-4C10-A958-57980B212A5A): 0
LogDevObjectVersion:   Dev-VR (D7296918-1DD6-4BDD-9DE2-64A83CC13884): 0
LogInit: Compiled (64-bit): Oct 24 2016 14:29:06
LogInit: Compiled with Visual C++: 19.00.23026.00
LogInit: Build Configuration: Development
LogInit: Branch Name: ++UE4+Release-4.13
LogInit: Command line:  
LogInit: Base directory: C:/Program Files (x86)/Epic Games/4.13/Engine/Binaries/Win64/
LogInit: Installed Engine Build: 1
LogInit: Presizing for max 8388607 objects, including 0 objects not considered by GC, pre-allocating 0 bytes for permanent pool.
LogInit: Object subsystem initialized
[2016.11.02-17.32.07:881][  0]LogInit: Selected Device Profile: [Windows]
[2016.11.02-17.32.07:881][  0]LogInit: Applying CVar settings loaded from the selected device profile: [Windows]
[2016.11.02-17.32.07:898][  0]LogInit: Computer: BSARDINHA
[2016.11.02-17.32.07:898][  0]LogInit: User: Brian
[2016.11.02-17.32.07:898][  0]LogInit: CPU Page size=65536, Cores=2
[2016.11.02-17.32.07:898][  0]LogInit: High frequency timer resolution =2.530855 MHz
[2016.11.02-17.32.07:898][  0]LogMemory: Memory total: Physical=7.9GB (8GB approx)
[2016.11.02-17.32.07:898][  0]LogMemory: Platform Memory Stats for Windows
[2016.11.02-17.32.07:898][  0]LogMemory: Process Physical Memory: 254.52 MB used, 254.52 MB peak
[2016.11.02-17.32.07:898][  0]LogMemory: Process Virtual Memory: 259.77 MB used, 259.77 MB peak
[2016.11.02-17.32.07:898][  0]LogMemory: Physical Memory: 1792.43 MB used, 8075.23 MB total
[2016.11.02-17.32.07:898][  0]LogMemory: Virtual Memory: 599.96 MB used, 134217728.00 MB total
[2016.11.02-17.32.07:935][  0]LogTextLocalizationManager: No specific translations for ('en-US') exist, so ('en') translations will be used.
[2016.11.02-17.32.08:591][  0]LogD3D11RHI: D3D11 adapters:
[2016.11.02-17.32.08:935][  0]LogD3D11RHI:    0. 'NVIDIA NVS 4200M    ' (Feature Level 11_0)
[2016.11.02-17.32.08:935][  0]LogD3D11RHI:       973/0/3071 MB DedicatedVideo/DedicatedSystem/SharedSystem, Outputs:1, VendorId:0x10de
[2016.11.02-17.32.08:952][  0]LogD3D11RHI:    1. 'NVIDIA NVS 4200M    ' (Feature Level 11_0)
[2016.11.02-17.32.08:952][  0]LogD3D11RHI:       973/0/3071 MB DedicatedVideo/DedicatedSystem/SharedSystem, Outputs:0, VendorId:0x10de
[2016.11.02-17.32.08:954][  0]LogD3D11RHI:    2. 'Microsoft Basic Render Driver' (Feature Level 11_0)
[2016.11.02-17.32.08:954][  0]LogD3D11RHI:       973/0/3071 MB DedicatedVideo/DedicatedSystem/SharedSystem, Outputs:0, VendorId:0x1414
[2016.11.02-17.32.08:954][  0]LogD3D11RHI: Chosen D3D11 Adapter: 0
[2016.11.02-17.32.08:958][  0]LogD3D11RHI: Creating new Direct3DDevice
[2016.11.02-17.32.08:958][  0]LogD3D11RHI:     GPU DeviceId: 0x1057 (for the marketing name, search the web for "GPU Device Id")
[2016.11.02-17.32.08:958][  0]LogWindows: EnumDisplayDevices:
[2016.11.02-17.32.08:958][  0]LogWindows:    0. 'Intel(R) HD Graphics 3000' (P:1 D:1)
[2016.11.02-17.32.08:958][  0]LogWindows:    1. 'Intel(R) HD Graphics 3000' (P:0 D:0)
[2016.11.02-17.32.08:958][  0]LogWindows:    2. 'NVIDIA NVS 4200M    ' (P:0 D:0)
[2016.11.02-17.32.08:959][  0]LogWindows:    3. 'NVIDIA NVS 4200M    ' (P:0 D:0)
[2016.11.02-17.32.08:959][  0]LogWindows: DebugString: PrimaryIsNotTheChoosenAdapter PrimaryIsNotTheChoosenAdapter FoundDriverCount:2 
[2016.11.02-17.32.08:959][  0]LogD3D11RHI:     Adapter Name: NVIDIA NVS 4200M    
[2016.11.02-17.32.08:959][  0]LogD3D11RHI:   Driver Version: 354.45 (internal:10.18.13.5445, unified:354.45)
[2016.11.02-17.32.08:959][  0]LogD3D11RHI:      Driver Date: 11-5-2015
[2016.11.02-17.32.08:959][  0]LogRHI: Texture pool is 681 MB (70% of 973 MB)
[2016.11.02-17.32.08:972][  0]LogD3D11RHI: Async texture creation enabled
[2016.11.02-17.32.08:990][  0]LogD3D11RHI: GPU Timing Frequency: 1000.000000 (Debug: 2 2)
[2016.11.02-17.32.08:990][  0]LogShaderCompilers: Guid format shader working directory is -45 characters bigger than the processId version (../../../../../../Users/Brian/Documents/GitHub/quad-shaped-battle-objects/CardGameProject3/Intermediate/Shaders/WorkingDirectory/12692/).
[2016.11.02-17.32.08:990][  0]LogShaderCompilers: Cleaned the shader compiler working directory 'C:/Users/Brian/AppData/Local/Temp/UnrealShaderWorkingDir/4CCBAC144037B835B1EABA856DEB61FD/'.
[2016.11.02-17.32.08:990][  0]LogShaderCompilers:Display: Using Local Shader Compiler.
[2016.11.02-17.32.10:124][  0]LogTemp:Display: Loaded TP AllDesktopTargetPlatform
[2016.11.02-17.32.10:135][  0]LogTemp:Display: Loaded TP WindowsClientTargetPlatform
[2016.11.02-17.32.10:145][  0]LogTemp:Display: Loaded TP WindowsNoEditorTargetPlatform
[2016.11.02-17.32.10:157][  0]LogTemp:Display: Loaded TP WindowsServerTargetPlatform
[2016.11.02-17.32.10:168][  0]LogTemp:Display: Loaded TP WindowsTargetPlatform
[2016.11.02-17.32.10:177][  0]LogTemp:Display: Loaded TP AndroidTargetPlatform
[2016.11.02-17.32.10:186][  0]LogTemp:Display: Loaded TP Android_ASTCTargetPlatform
[2016.11.02-17.32.10:195][  0]LogTemp:Display: Loaded TP Android_ATCTargetPlatform
[2016.11.02-17.32.10:205][  0]LogTemp:Display: Loaded TP Android_DXTTargetPlatform
[2016.11.02-17.32.10:214][  0]LogTemp:Display: Loaded TP Android_ETC1TargetPlatform
[2016.11.02-17.32.10:223][  0]LogTemp:Display: Loaded TP Android_ETC2TargetPlatform
[2016.11.02-17.32.10:242][  0]LogTemp:Display: Loaded TP Android_MultiTargetPlatform
[2016.11.02-17.32.10:242][  0]LogTemp:Display: Loaded TP Android_PVRTCTargetPlatform
[2016.11.02-17.32.10:244][  0]LogTemp:Display: Loaded TP HTML5TargetPlatform
[2016.11.02-17.32.10:269][  0]LogTemp:Display: Loaded TP IOSTargetPlatform
[2016.11.02-17.32.10:277][  0]LogTemp:Display: Loaded TP TVOSTargetPlatform
[2016.11.02-17.32.10:286][  0]LogTemp:Display: Loaded TP LinuxClientTargetPlatform
[2016.11.02-17.32.10:295][  0]LogTemp:Display: Loaded TP LinuxNoEditorTargetPlatform
[2016.11.02-17.32.10:303][  0]LogTemp:Display: Loaded TP LinuxServerTargetPlatform
[2016.11.02-17.32.10:313][  0]LogTemp:Display: Loaded TP LinuxTargetPlatform
[2016.11.02-17.32.10:313][  0]LogTargetPlatformManager:Display: Building Assets For Windows
[2016.11.02-17.32.10:417][  0]LogDerivedDataCache:Display: Max Cache Size: 512 MB
[2016.11.02-17.32.10:508][  0]LogDerivedDataCache: Loaded boot cache 0.09s 63MB C:/Users/Brian/AppData/Local/UnrealEngine/4.13/DerivedDataCache/Boot.ddc.
[2016.11.02-17.32.10:508][  0]LogDerivedDataCache:Display: Loaded Boot cache: C:/Users/Brian/AppData/Local/UnrealEngine/4.13/DerivedDataCache/Boot.ddc
[2016.11.02-17.32.10:509][  0]LogDerivedDataCache: FDerivedDataBackendGraph:  Pak pak cache file ../../../../../../Users/Brian/Documents/GitHub/quad-shaped-battle-objects/CardGameProject3/DerivedDataCache/DDC.ddp not found, will not use a pak cache.
[2016.11.02-17.32.10:509][  0]LogDerivedDataCache: Unable to find inner node Pak for hierarchical cache Hierarchy.
[2016.11.02-17.32.10:509][  0]LogDerivedDataCache: FDerivedDataBackendGraph:  CompressedPak pak cache file ../../../../../../Users/Brian/Documents/GitHub/quad-shaped-battle-objects/CardGameProject3/DerivedDataCache/Compressed.ddp not found, will not use a pak cache.
[2016.11.02-17.32.10:509][  0]LogDerivedDataCache: Unable to find inner node CompressedPak for hierarchical cache Hierarchy.
[2016.11.02-17.32.10:529][  0]LogDerivedDataCache:Display: Pak cache opened for reading ../../../Engine/DerivedDataCache/Compressed.ddp.
[2016.11.02-17.32.10:541][  0]LogDerivedDataCache: Using Local data cache path C:/Users/Brian/AppData/Local/UnrealEngine/Common/DerivedDataCache: Writable
[2016.11.02-17.32.10:786][  0]LogInit: Selected Device Profile: [Windows]
[2016.11.02-17.32.10:789][  0]LogContentStreaming: Texture pool size is 0.00 MB
[2016.11.02-17.32.10:897][  0]LogMeshUtilities: No automatic mesh reduction module available
[2016.11.02-17.32.10:897][  0]LogMeshUtilities: No automatic mesh merging module available
[2016.11.02-17.32.10:897][  0]LogMeshUtilities: No distributed automatic mesh merging module available
[2016.11.02-17.32.10:987][  0]LogMaterial: Uniform references updated for custom material expression Custom.
[2016.11.02-17.32.11:316][  0]LogNetVersion: GetLocalNetworkVersion: CL: 3106830, ProjectName: cardgameproject3, ProjectVersion: , EngineNetworkVersion: 1, GameNetworkVersion: 0, NetworkChecksum: 2141254031
[2016.11.02-17.32.11:358][  0]LogAssetRegistry: FAssetRegistry took 0.0220 seconds to start up
[2016.11.02-17.32.11:397][  0]LogPackageLocalizationCache: Processed 3 localized package path(s) for 2 prioritized culture(s) in 0.035714 seconds
[2016.11.02-17.32.11:403][  0]LogUObjectArray: 29778 objects as part of root set at end of initial load.
[2016.11.02-17.32.11:403][  0]LogUObjectAllocator: 6125456 out of 0 bytes used by permanent object pool.
[2016.11.02-17.32.11:403][  0]LogUObjectArray: CloseDisregardForGC: 0/0 objects in disregard for GC pool
[2016.11.02-17.32.11:412][  0]LogInit: WinSock: version 1.1 (2.2), MaxSocks=32767, MaxUdp=65467
[2016.11.02-17.32.11:681][  0]LogSlate: SlateFontCache - WITH_FREETYPE: 1, WITH_HARFBUZZ: 1
[2016.11.02-17.32.11:681][  0]LogSlate: SlateFontCache - WITH_FREETYPE: 1, WITH_HARFBUZZ: 1
[2016.11.02-17.32.12:365][  0]LogTcpMessaging: Initializing TcpMessaging bridge
[2016.11.02-17.32.12:388][  0]LogUdpMessaging: Initializing bridge on interface 0.0.0.0:0 to multicast group 230.0.0.1:6666.
[2016.11.02-17.32.12:647][  0]SourceControl: Info Source control is disabled
[2016.11.02-17.32.12:648][  0]SourceControl: Info Source control is disabled
[2016.11.02-17.32.12:659][  0]SourceControl: Info Source control is disabled
[2016.11.02-17.32.12:670][  0]SourceControl: Info Source control is disabled
[2016.11.02-17.32.12:765][  0]LogLinker:Warning: Can't find file '/Game/2DSideScrollerBP/2DSideScrollerOverview'
[2016.11.02-17.32.12:765][  0]LogLinker:Warning: Can't find file '/Game/2DSideScrollerBP/2DSideScrollerOverview'
[2016.11.02-17.32.12:765][  0]LogUObjectGlobals:Warning: Failed to find object 'Class /Game/2DSideScrollerBP/2DSideScrollerOverview.2DSideScrollerOverview_C'
[2016.11.02-17.32.13:013][  0]LogEngine: Initializing Engine...
[2016.11.02-17.32.13:014][  0]LogHMD: Failed to initialize OpenVR with code 110
[2016.11.02-17.32.13:169][  0]LogAIModule: Creating AISystem for world Untitled
[2016.11.02-17.32.13:176][  0]LogInit: XAudio2 using 'Speakers (High Definition Audio Device)' : 2 channels at 44.1 kHz using 16 bits per sample (channel mask 0x3)
[2016.11.02-17.32.13:192][  0]LogInit: FAudioDevice initialized.
[2016.11.02-17.32.13:228][  0]LogDerivedDataCache: Saved boot cache 0.04s 63MB C:/Users/Brian/AppData/Local/UnrealEngine/4.13/DerivedDataCache/Boot.ddc.
[2016.11.02-17.32.13:239][  0]LogInit: Texture streaming: Enabled
[2016.11.02-17.32.13:291][  0]LogInit: Transaction tracking system initialized
[2016.11.02-17.32.13:323][  0]BlueprintLog: New page: Editor Load
[2016.11.02-17.32.13:438][  0]LocalizationService: Info Localization service is disabled
[2016.11.02-17.32.13:545][  0]LogConsoleResponse:Display: 
[2016.11.02-17.32.13:701][  0]LogCook:Display: Max memory allowance for cook 16384mb min free memory 0mb
[2016.11.02-17.32.13:701][  0]LogCook:Display: Mobile HDR setting 1
[2016.11.02-17.32.13:917][  0]LogFileCache: Scanning file cache for directory 'C:/Users/Brian/Documents/GitHub/quad-shaped-battle-objects/CardGameProject3/Content/' took 0.01s
[2016.11.02-17.32.13:917][  0]SourceControl: Info Source control is disabled
[2016.11.02-17.32.13:917][  0]Cmd: MAP LOAD FILE="../../../Engine/Content/Maps/Templates/Template_Default.umap" TEMPLATE=1 SHOWPROGRESS=1 FEATURELEVEL=3
[2016.11.02-17.32.13:918][  0]LightingResults: New page: Lighting Build
[2016.11.02-17.32.13:921][  0]MapCheck: New page: Map Check
[2016.11.02-17.32.13:921][  0]LightingResults: New page: Lighting Build
[2016.11.02-17.32.14:350][  0]LogAIModule: Creating AISystem for world Untitled_1
[2016.11.02-17.32.14:357][  0]LogEditorServer: Finished looking for orphan Actors (0.000 secs)
[2016.11.02-17.32.14:363][  0]Cmd: MAP CHECKDEP NOCLEARLOG
[2016.11.02-17.32.14:415][  0]MapCheck: Info Map check complete: 0 Error(s), 0 Warning(s), took 52.21ms to complete.
[2016.11.02-17.32.14:416][  0]LogFileHelpers: Loading map 'Template_Default' took 0.497
[2016.11.02-17.32.14:567][  0]LogCollectionManager: Loaded 0 collections in 0.003119 seconds
[2016.11.02-17.32.14:610][  0]LogFileCache: Scanning file cache for directory 'C:/Users/Brian/Documents/GitHub/quad-shaped-battle-objects/CardGameProject3/Saved/Collections/' took 0.01s
[2016.11.02-17.32.14:611][  0]LogFileCache: Scanning file cache for directory 'C:/Users/Brian/Documents/GitHub/quad-shaped-battle-objects/CardGameProject3/Content/Developers/Brian/Collections/' took 0.01s
[2016.11.02-17.32.14:611][  0]LogFileCache: Scanning file cache for directory 'C:/Users/Brian/Documents/GitHub/quad-shaped-battle-objects/CardGameProject3/Content/Collections/' took 0.01s
[2016.11.02-17.32.14:611][  0]LogCollectionManager: Rebuilt the GUID cache for 0 collections in 0.000003 seconds
[2016.11.02-17.32.14:622][  0]LogContentBrowser: Native class hierarchy populated in 0.0109 seconds. Added 2141 classes and 415 folders.
[2016.11.02-17.32.14:626][  0]LogStats: UGameplayTagsManager::ConstructGameplayTagTree: Construct from data asset -  0.000 s
[2016.11.02-17.32.14:626][  0]LogStats: UGameplayTagsManager::ConstructGameplayTagTree: GameplayTagTreeChangedEvent.Broadcast -  0.000 s
[2016.11.02-17.32.14:627][  0]LogContentBrowser: Native class hierarchy updated for 'GameplayTags' in 0.0006 seconds. Added 12 classes and 0 folders.
[2016.11.02-17.32.14:633][  0]LogContentBrowser: Native class hierarchy updated for 'WidgetCarousel' in 0.0005 seconds. Added 0 classes and 0 folders.
[2016.11.02-17.32.14:682][  0]LogContentBrowser: Native class hierarchy updated for 'AddContentDialog' in 0.0005 seconds. Added 0 classes and 0 folders.
[2016.11.02-17.32.14:688][  0]LogContentBrowser: Native class hierarchy updated for 'SceneOutliner' in 0.0006 seconds. Added 1 classes and 2 folders.
[2016.11.02-17.32.14:745][  0]LogCrashTracker: Crashtracker disabled due to settings.
[2016.11.02-17.32.14:750][  0]LogUObjectGlobals:Warning: Failed to find object 'Class None.'
[2016.11.02-17.32.14:780][  0]LogContentBrowser: Native class hierarchy updated for 'HierarchicalLODOutliner' in 0.0006 seconds. Added 1 classes and 2 folders.
[2016.11.02-17.32.14:780][  0]LogLoad: (Engine Initialization) Total time: 7.83 seconds
[2016.11.02-17.32.14:780][  0]LogLoad: (Engine Initialization) Total Blueprint compile time: 0.08 seconds
[2016.11.02-17.32.14:780][  0]LogExternalProfiler: Found external profiler: VSPerf
[2016.11.02-17.32.14:780][  0]LogExternalProfiler: Using external profiler: VSPerf
[2016.11.02-17.32.14:798][  0]LogOcInput: OculusInput pre-init called
[2016.11.02-17.32.14:819][  0]LogContentStreaming: Texture pool size now 1000 MB
[2016.11.02-17.32.15:048][  0]LogRenderer: Reallocating scene render targets to support 1004x504 (Frame:2).
[2016.11.02-17.32.15:135][  1]LogHttp:Warning: 000000EAD3003100: request failed, libcurl error: 6 (Couldn't resolve host name)
[2016.11.02-17.32.15:135][  1]LogHttp:Warning: 000000EAD3003100: libcurl info message cache 8 (Could not resolve host: cdn.unrealengine.com)
[2016.11.02-17.32.15:135][  1]LogHttp:Warning: 000000EAD3003100: libcurl info message cache 9 (Closing connection 0)
[2016.11.02-17.32.15:220][  2]LogHttp:Warning: 000000EAD362BE80: request failed, libcurl error: 6 (Couldn't resolve host name)
[2016.11.02-17.32.15:220][  2]LogHttp:Warning: 000000EAD362BE80: libcurl info message cache 8 (Could not resolve host: cdn.unrealengine.com)
[2016.11.02-17.32.15:220][  2]LogHttp:Warning: 000000EAD362BE80: libcurl info message cache 9 (Closing connection 1)
[2016.11.02-17.32.15:234][  2]LogAssetRegistry: Asset discovery search completed in 3.8978 seconds
[2016.11.02-17.32.15:234][  2]LogCollectionManager: Rebuilt the object cache for 0 collections in 0.000001 seconds (found 0 objects)
[2016.11.02-17.32.15:234][  2]LogCollectionManager: Fixed up redirectors for 0 collections in 0.000035 seconds (updated 0 objects)
[2016.11.02-17.32.15:384][  3]LogHttp:Warning: 000000EAD3628100: request failed, libcurl error: 6 (Couldn't resolve host name)
[2016.11.02-17.32.15:384][  3]LogHttp:Warning: 000000EAD3628100: libcurl info message cache 8 (Could not resolve host: cdn.unrealengine.com)
[2016.11.02-17.32.15:384][  3]LogHttp:Warning: 000000EAD3628100: libcurl info message cache 9 (Closing connection 2)
[2016.11.02-17.32.16:776][ 56]LogWindows:Warning: FWindowsPlatformSurvey::TickSurveyHardware() failed to parse available memory from dxdiag report
[2016.11.02-17.32.16:784][ 56]LogSynthBenchmark:Display: FSynthBenchmark (V0.95):  requested WorkScale=5.00
[2016.11.02-17.32.16:784][ 56]LogSynthBenchmark:Display: ===============
[2016.11.02-17.32.16:784][ 56]LogSynthBenchmark:Display: Main Processor:
[2016.11.02-17.32.17:050][ 56]LogSynthBenchmark:Display:          ... 0.028112 s/Run 'RayIntersect'
[2016.11.02-17.32.17:050][ 56]LogSynthBenchmark:Display:          ... 0.024966 s/Run 'Fractal'
[2016.11.02-17.32.17:050][ 56]LogSynthBenchmark:Display: 
[2016.11.02-17.32.17:050][ 56]LogSynthBenchmark:Display:   CompiledTarget_x_Bits: 64
[2016.11.02-17.32.17:050][ 56]LogSynthBenchmark:Display:   UE_BUILD_SHIPPING: 0
[2016.11.02-17.32.17:050][ 56]LogSynthBenchmark:Display:   UE_BUILD_TEST: 0
[2016.11.02-17.32.17:050][ 56]LogSynthBenchmark:Display:   UE_BUILD_DEBUG: 0
[2016.11.02-17.32.17:050][ 56]LogSynthBenchmark:Display:   TotalPhysicalGBRam: 8
[2016.11.02-17.32.17:050][ 56]LogSynthBenchmark:Display:   NumberOfCores (physical): 2
[2016.11.02-17.32.17:050][ 56]LogSynthBenchmark:Display:   NumberOfCores (logical): 4
[2016.11.02-17.32.17:050][ 56]LogSynthBenchmark:Display:   CPU Perf Index 0: 91.1 (weight 1.00)
[2016.11.02-17.32.17:050][ 56]LogSynthBenchmark:Display:   CPU Perf Index 1: 114.6 (weight 1.50)
[2016.11.02-17.32.17:050][ 56]LogSynthBenchmark:Display:  
[2016.11.02-17.32.17:050][ 56]LogSynthBenchmark:Display: Graphics:
[2016.11.02-17.32.17:050][ 56]LogSynthBenchmark:Display:   Adapter Name: 'NVIDIA NVS 4200M    '
[2016.11.02-17.32.17:050][ 56]LogSynthBenchmark:Display:   (On Optimus the name might be wrong, memory should be ok)
[2016.11.02-17.32.17:050][ 56]LogSynthBenchmark:Display:   Vendor Id: 0x10de
[2016.11.02-17.32.17:050][ 56]LogSynthBenchmark:Display:   Device Id: 0x1057
[2016.11.02-17.32.17:050][ 56]LogSynthBenchmark:Display:   GPU Memory: 974/0/3072 MB
[2016.11.02-17.32.17:083][ 56]LogSynthBenchmark:Display:   GPU first test: 0.03s
[2016.11.02-17.32.17:083][ 56]LogSynthBenchmark:Display:          ... 0.292 GigaPix/s, Confidence=100% 'ALUHeavyNoise' (likely to be very inaccurate)
[2016.11.02-17.32.17:083][ 56]LogSynthBenchmark:Display:          ... 0.336 GigaPix/s, Confidence=100% 'TexHeavy' (likely to be very inaccurate)
[2016.11.02-17.32.17:083][ 56]LogSynthBenchmark:Display:          ... 0.234 GigaPix/s, Confidence=100% 'DepTexHeavy' (likely to be very inaccurate)
[2016.11.02-17.32.17:083][ 56]LogSynthBenchmark:Display:          ... 1.229 GigaPix/s, Confidence=89% 'FillOnly' (likely to be very inaccurate)
[2016.11.02-17.32.17:083][ 56]LogSynthBenchmark:Display:          ... 0.060 GigaPix/s, Confidence=100% 'Bandwidth' (likely to be very inaccurate)
[2016.11.02-17.32.17:317][ 56]LogSynthBenchmark:Display:   GPU second test: 0.23s
[2016.11.02-17.32.17:317][ 56]LogSynthBenchmark:Display:          ... 0.338 GigaPix/s, Confidence=100% 'ALUHeavyNoise' (likely to be inaccurate)
[2016.11.02-17.32.17:317][ 56]LogSynthBenchmark:Display:          ... 0.392 GigaPix/s, Confidence=100% 'TexHeavy' (likely to be inaccurate)
[2016.11.02-17.32.17:317][ 56]LogSynthBenchmark:Display:          ... 0.235 GigaPix/s, Confidence=100% 'DepTexHeavy' (likely to be inaccurate)
[2016.11.02-17.32.17:317][ 56]LogSynthBenchmark:Display:          ... 1.906 GigaPix/s, Confidence=100% 'FillOnly' (likely to be inaccurate)
[2016.11.02-17.32.17:317][ 56]LogSynthBenchmark:Display:          ... 0.058 GigaPix/s, Confidence=100% 'Bandwidth' (likely to be inaccurate)
[2016.11.02-17.32.17:317][ 56]LogSynthBenchmark:Display:          ... 0.338 GigaPix/s, Confidence=100% 'ALUHeavyNoise'
[2016.11.02-17.32.17:317][ 56]LogSynthBenchmark:Display:          ... 0.392 GigaPix/s, Confidence=100% 'TexHeavy'
[2016.11.02-17.32.17:317][ 56]LogSynthBenchmark:Display:          ... 0.235 GigaPix/s, Confidence=100% 'DepTexHeavy'
[2016.11.02-17.32.17:317][ 56]LogSynthBenchmark:Display:          ... 1.906 GigaPix/s, Confidence=100% 'FillOnly'
[2016.11.02-17.32.17:317][ 56]LogSynthBenchmark:Display:          ... 0.058 GigaPix/s, Confidence=100% 'Bandwidth'
[2016.11.02-17.32.17:317][ 56]LogSynthBenchmark:Display: 
[2016.11.02-17.32.17:317][ 56]LogSynthBenchmark:Display:   GPU Perf Index 0: 7.3 (weight 1.00)
[2016.11.02-17.32.17:317][ 56]LogSynthBenchmark:Display:   GPU Perf Index 1: 5.3 (weight 0.10)
[2016.11.02-17.32.17:317][ 56]LogSynthBenchmark:Display:   GPU Perf Index 2: 6.1 (weight 0.10)
[2016.11.02-17.32.17:317][ 56]LogSynthBenchmark:Display:   GPU Perf Index 3: 7.5 (weight 3.00)
[2016.11.02-17.32.17:317][ 56]LogSynthBenchmark:Display:   GPU Perf Index 4: 5.4 (weight 1.00)
[2016.11.02-17.32.17:317][ 56]LogSynthBenchmark:Display:   CPUIndex: 105.2
[2016.11.02-17.32.17:317][ 56]LogSynthBenchmark:Display:   GPUIndex: 7.0
[2016.11.02-17.32.17:317][ 56]LogSynthBenchmark:Display: 
[2016.11.02-17.32.17:317][ 56]LogSynthBenchmark:Display:          ... Total Time: 0.532218 sec
[2016.11.02-17.32.22:088][165]LogAIModule: Creating AISystem for world BasicLevel
[2016.11.02-17.32.22:129][165]Cmd: MAP LOAD FILE="../../../../../../Users/Brian/Documents/GitHub/quad-shaped-battle-objects/CardGameProject3/Content/Levels/BasicLevel.umap" TEMPLATE=0 SHOWPROGRESS=1 FEATURELEVEL=3
[2016.11.02-17.32.22:129][165]LightingResults: New page: Lighting Build
[2016.11.02-17.32.22:130][165]LoadErrors: New page: Loading map: BasicLevel.umap
[2016.11.02-17.32.22:130][165]MapCheck: New page: Map Check
[2016.11.02-17.32.22:130][165]LightingResults: New page: Lighting Build
[2016.11.02-17.32.22:198][165]LogEditorServer: Finished looking for orphan Actors (0.000 secs)
[2016.11.02-17.32.22:219][165]Cmd: MAP CHECKDEP NOCLEARLOG
[2016.11.02-17.32.22:273][165]MapCheck: Info Map check complete: 0 Error(s), 0 Warning(s), took 54.39ms to complete.
[2016.11.02-17.32.22:273][165]LogFileHelpers: Loading map 'BasicLevel' took 0.145
[2016.11.02-17.32.36:249][418]LogEditorViewport: Clicking on Actor (LMB): Card_C (Card8)
[2016.11.02-17.33.14:869][730]LogHttp:Warning: 000000EACC0C5180: request failed, libcurl error: 6 (Couldn't resolve host name)
[2016.11.02-17.33.14:870][730]LogHttp:Warning: 000000EACC0C5180: libcurl info message cache 8 (Could not resolve host: datarouter.ol.epicgames.com)
[2016.11.02-17.33.14:870][730]LogHttp:Warning: 000000EACC0C5180: libcurl info message cache 9 (Closing connection 3)
[2016.11.02-17.34.11:939][702]LogContentBrowser: Native class hierarchy updated for 'BlueprintGraph' in 0.0009 seconds. Added 112 classes and 0 folders.
[2016.11.02-17.35.11:476][674]LogHttp:Warning: 000000EAFBC7AF80: request failed, libcurl error: 6 (Couldn't resolve host name)
[2016.11.02-17.35.11:476][674]LogHttp:Warning: 000000EAFBC7AF80: libcurl info message cache 8 (Could not resolve host: datarouter.ol.epicgames.com)
[2016.11.02-17.35.11:476][674]LogHttp:Warning: 000000EAFBC7AF80: libcurl info message cache 9 (Closing connection 4)
[2016.11.02-17.36.21:365][843]LogHttp:Warning: 000000EAFD62A200: request failed, libcurl error: 6 (Couldn't resolve host name)
[2016.11.02-17.36.21:366][843]LogHttp:Warning: 000000EAFD62A200: libcurl info message cache 8 (Could not resolve host: datarouter.ol.epicgames.com)
[2016.11.02-17.36.21:366][843]LogHttp:Warning: 000000EAFD62A200: libcurl info message cache 9 (Closing connection 5)
[2016.11.02-17.37.26:292][725]BlueprintLog: New page: Compile Card
[2016.11.02-17.37.26:302][725]LogUObjectGlobals:Warning: Guid referenced by StaticMeshComponent /Game/Levels/BasicLevel.BasicLevel:PersistentLevel.Card8.StaticMeshComponent0 is already used by StaticMeshComponent /Game/Levels/BasicLevel.BasicLevel:PersistentLevel.REINST_Card_C_0.StaticMeshComponent0, which should never happen in the editor but could happen at runtime with duplicate level loading or PIE
[2016.11.02-17.38.14:862][594]LogHttp:Warning: 000000EAFE395180: request failed, libcurl error: 6 (Couldn't resolve host name)
[2016.11.02-17.38.14:862][594]LogHttp:Warning: 000000EAFE395180: libcurl info message cache 8 (Could not resolve host: datarouter.ol.epicgames.com)
[2016.11.02-17.38.14:862][594]LogHttp:Warning: 000000EAFE395180: libcurl info message cache 9 (Closing connection 6)
[2016.11.02-17.39.29:983][ 18]LogHttp:Warning: 000000EA81DC9C00: request failed, libcurl error: 6 (Couldn't resolve host name)
[2016.11.02-17.39.29:983][ 18]LogHttp:Warning: 000000EA81DC9C00: libcurl info message cache 8 (Could not resolve host: datarouter.ol.epicgames.com)
[2016.11.02-17.39.29:983][ 18]LogHttp:Warning: 000000EA81DC9C00: libcurl info message cache 9 (Closing connection 7)
[2016.11.02-17.40.40:922][245]LogHttp:Warning: 000000EA84383B80: request failed, libcurl error: 6 (Couldn't resolve host name)
[2016.11.02-17.40.40:922][245]LogHttp:Warning: 000000EA84383B80: libcurl info message cache 8 (Could not resolve host: datarouter.ol.epicgames.com)
[2016.11.02-17.40.40:922][245]LogHttp:Warning: 000000EA84383B80: libcurl info message cache 9 (Closing connection 8)
[2016.11.02-17.42.18:923][ 51]LogHttp:Warning: 000000EA8617A980: request failed, libcurl error: 6 (Couldn't resolve host name)
[2016.11.02-17.42.18:923][ 51]LogHttp:Warning: 000000EA8617A980: libcurl info message cache 8 (Could not resolve host: datarouter.ol.epicgames.com)
[2016.11.02-17.42.18:923][ 51]LogHttp:Warning: 000000EA8617A980: libcurl info message cache 9 (Closing connection 9)
[2016.11.02-17.43.20:273][635]LogHttp:Warning: 000000EA850BF700: request failed, libcurl error: 6 (Couldn't resolve host name)
[2016.11.02-17.43.20:273][635]LogHttp:Warning: 000000EA850BF700: libcurl info message cache 8 (Could not resolve host: datarouter.ol.epicgames.com)
[2016.11.02-17.43.20:273][635]LogHttp:Warning: 000000EA850BF700: libcurl info message cache 9 (Closing connection 10)
[2016.11.02-17.44.35:204][ 71]LogHttp:Warning: 000000EA883CFE80: request failed, libcurl error: 6 (Couldn't resolve host name)
[2016.11.02-17.44.35:205][ 71]LogHttp:Warning: 000000EA883CFE80: libcurl info message cache 8 (Could not resolve host: datarouter.ol.epicgames.com)
[2016.11.02-17.44.35:205][ 71]LogHttp:Warning: 000000EA883CFE80: libcurl info message cache 9 (Closing connection 11)
[2016.11.02-17.47.53:299][815]BlueprintLog: New page: Compile Card
[2016.11.02-17.48.14:880][ 97]LogHttp:Warning: 000000EAF1F6E800: request failed, libcurl error: 6 (Couldn't resolve host name)
[2016.11.02-17.48.14:880][ 97]LogHttp:Warning: 000000EAF1F6E800: libcurl info message cache 8 (Could not resolve host: datarouter.ol.epicgames.com)
[2016.11.02-17.48.14:880][ 97]LogHttp:Warning: 000000EAF1F6E800: libcurl info message cache 9 (Closing connection 12)
[2016.11.02-17.49.00:149][792]Cmd: OBJ SAVEPACKAGE PACKAGE="/Game/Blueprints/Card" FILE="../../../../../../Users/Brian/Documents/GitHub/quad-shaped-battle-objects/CardGameProject3/Content/Blueprints/Card.uasset" SILENT=true
[2016.11.02-17.49.00:192][792]LogSavePackage: Save=30.21ms
[2016.11.02-17.49.00:193][792]LogSavePackage: Moving '../../../../../../Users/Brian/Documents/GitHub/quad-shaped-battle-objects/CardGameProject3/Saved/CardEEE525FC4D1E3642A4E59BBFA8FA1294.tmp' to '../../../../../../Users/Brian/Documents/GitHub/quad-shaped-battle-objects/CardGameProject3/Content/Blueprints/Card.uasset'
[2016.11.02-17.49.00:196][792]LogSavePackage:Display: Finished SavePackage ../../../../../../Users/Brian/Documents/GitHub/quad-shaped-battle-objects/CardGameProject3/Content/Blueprints/Card.uasset
[2016.11.02-17.49.01:073][845]BlueprintLog: New page: Compile Card
[2016.11.02-17.49.07:050][183]LogSavePackage: Save=35.80ms
[2016.11.02-17.49.07:050][183]LogSavePackage: Moving '../../../../../../Users/Brian/Documents/GitHub/quad-shaped-battle-objects/CardGameProject3/Saved/BasicLevelA529F6114BFB56C83A0F20B2E777A7B5.tmp' to '../../../../../../Users/Brian/Documents/GitHub/quad-shaped-battle-objects/CardGameProject3/Content/Levels/BasicLevel.umap'
[2016.11.02-17.49.07:053][183]LogSavePackage:Display: Finished SavePackage ../../../../../../Users/Brian/Documents/GitHub/quad-shaped-battle-objects/CardGameProject3/Content/Levels/BasicLevel.umap
[2016.11.02-17.49.07:084][183]LogFileHelpers: Saving map 'BasicLevel' took 0.170
[2016.11.02-17.50.01:144][381]LogHttp:Warning: 000000EA80BAE680: request failed, libcurl error: 6 (Couldn't resolve host name)
[2016.11.02-17.50.01:144][381]LogHttp:Warning: 000000EA80BAE680: libcurl info message cache 8 (Could not resolve host: datarouter.ol.epicgames.com)
[2016.11.02-17.50.01:144][381]LogHttp:Warning: 000000EA80BAE680: libcurl info message cache 9 (Closing connection 13)
[2016.11.02-17.50.13:058][ 91]BlueprintLog: New page: Compile Card
[2016.11.02-17.50.19:258][442]LogSavePackage: Save=37.06ms
[2016.11.02-17.50.19:258][442]LogSavePackage: Moving '../../../../../../Users/Brian/Documents/GitHub/quad-shaped-battle-objects/CardGameProject3/Saved/BasicLevel663379914A0460B0D3F42DBF50508EB0.tmp' to '../../../../../../Users/Brian/Documents/GitHub/quad-shaped-battle-objects/CardGameProject3/Content/Levels/BasicLevel.umap'
[2016.11.02-17.50.19:263][442]LogSavePackage:Display: Finished SavePackage ../../../../../../Users/Brian/Documents/GitHub/quad-shaped-battle-objects/CardGameProject3/Content/Levels/BasicLevel.umap
[2016.11.02-17.50.19:289][442]LogFileHelpers: Saving map 'BasicLevel' took 0.167
[2016.11.02-17.50.19:341][442]Cmd: OBJ SAVEPACKAGE PACKAGE="/Game/Blueprints/Card" FILE="../../../../../../Users/Brian/Documents/GitHub/quad-shaped-battle-objects/CardGameProject3/Content/Blueprints/Card.uasset" SILENT=true
[2016.11.02-17.50.19:377][442]LogSavePackage: Save=25.91ms
[2016.11.02-17.50.19:377][442]LogSavePackage: Moving '../../../../../../Users/Brian/Documents/GitHub/quad-shaped-battle-objects/CardGameProject3/Saved/Card382380594097AA38FD082E8397F280BE.tmp' to '../../../../../../Users/Brian/Documents/GitHub/quad-shaped-battle-objects/CardGameProject3/Content/Blueprints/Card.uasset'
[2016.11.02-17.50.19:381][442]LogSavePackage:Display: Finished SavePackage ../../../../../../Users/Brian/Documents/GitHub/quad-shaped-battle-objects/CardGameProject3/Content/Blueprints/Card.uasset
[2016.11.02-17.50.44:755][942]LogRenderer: Reallocating scene render targets to support 1004x568 (Frame:1622).
[2016.11.02-17.51.13:123][465]LogHttp:Warning: 000000EAFE397100: request failed, libcurl error: 6 (Couldn't resolve host name)
[2016.11.02-17.51.13:123][465]LogHttp:Warning: 000000EAFE397100: libcurl info message cache 8 (Could not resolve host: datarouter.ol.epicgames.com)
[2016.11.02-17.51.13:123][465]LogHttp:Warning: 000000EAFE397100: libcurl info message cache 9 (Closing connection 14)
[2016.11.02-17.52.23:402][589]LogHttp:Warning: 000000EAD9DE2980: request failed, libcurl error: 6 (Couldn't resolve host name)
[2016.11.02-17.52.23:402][589]LogHttp:Warning: 000000EAD9DE2980: libcurl info message cache 8 (Could not resolve host: datarouter.ol.epicgames.com)
[2016.11.02-17.52.23:402][589]LogHttp:Warning: 000000EAD9DE2980: libcurl info message cache 9 (Closing connection 15)
[2016.11.02-17.53.23:429][ 24]LogHttp:Warning: 000000EAFB343700: request failed, libcurl error: 6 (Couldn't resolve host name)
[2016.11.02-17.53.23:429][ 24]LogHttp:Warning: 000000EAFB343700: libcurl info message cache 8 (Could not resolve host: datarouter.ol.epicgames.com)
[2016.11.02-17.53.23:429][ 24]LogHttp:Warning: 000000EAFB343700: libcurl info message cache 9 (Closing connection 16)
[2016.11.02-17.54.26:102][688]LogHttp:Warning: 000000EAEBD36800: request failed, libcurl error: 6 (Couldn't resolve host name)
[2016.11.02-17.54.26:102][688]LogHttp:Warning: 000000EAEBD36800: libcurl info message cache 8 (Could not resolve host: datarouter.ol.epicgames.com)
[2016.11.02-17.54.26:102][688]LogHttp:Warning: 000000EAEBD36800: libcurl info message cache 9 (Closing connection 17)
[2016.11.02-17.55.11:038][294]Cmd: OBJ SAVEPACKAGE PACKAGE="/Game/Blueprints/Card" FILE="../../../../../../Users/Brian/Documents/GitHub/quad-shaped-battle-objects/CardGameProject3/Content/Blueprints/Card.uasset" SILENT=true
[2016.11.02-17.55.11:090][294]LogSavePackage: Save=37.39ms
[2016.11.02-17.55.11:090][294]LogSavePackage: Moving '../../../../../../Users/Brian/Documents/GitHub/quad-shaped-battle-objects/CardGameProject3/Saved/Card951CEBE949E03E2FD42F6BB2945AEF29.tmp' to '../../../../../../Users/Brian/Documents/GitHub/quad-shaped-battle-objects/CardGameProject3/Content/Blueprints/Card.uasset'
[2016.11.02-17.55.11:093][294]LogSavePackage:Display: Finished SavePackage ../../../../../../Users/Brian/Documents/GitHub/quad-shaped-battle-objects/CardGameProject3/Content/Blueprints/Card.uasset
[2016.11.02-17.55.57:645][817]LogHttp:Warning: 000000EB0A97F400: request failed, libcurl error: 6 (Couldn't resolve host name)
[2016.11.02-17.55.57:646][817]LogHttp:Warning: 000000EB0A97F400: libcurl info message cache 8 (Could not resolve host: datarouter.ol.epicgames.com)
[2016.11.02-17.55.57:646][817]LogHttp:Warning: 000000EB0A97F400: libcurl info message cache 9 (Closing connection 18)
[2016.11.02-17.56.25:109][786]LogEditorViewport: Clicking on Actor (LMB): Deck_C (Deck)
[2016.11.02-17.56.43:952][538]LogEditorViewport: Clicking on Actor (LMB): Card_C (Card8)
[2016.11.02-17.57.05:886][949]LogHttp:Warning: 000000EAF81C8100: request failed, libcurl error: 6 (Couldn't resolve host name)
[2016.11.02-17.57.05:886][949]LogHttp:Warning: 000000EAF81C8100: libcurl info message cache 8 (Could not resolve host: datarouter.ol.epicgames.com)
[2016.11.02-17.57.05:886][949]LogHttp:Warning: 000000EAF81C8100: libcurl info message cache 9 (Closing connection 19)
[2016.11.02-17.57.39:644][463]LogSavePackage: Save=12.52ms
[2016.11.02-17.57.39:644][463]LogSavePackage: Moving '../../../../../../Users/Brian/Documents/GitHub/quad-shaped-battle-objects/CardGameProject3/Saved/BattleCardGameModeF4844D1B4E2E64DB89E289B7FD2CD72C.tmp' to '../../../../../../Users/Brian/Documents/GitHub/quad-shaped-battle-objects/CardGameProject3/Content/Blueprints/BattleCardGameMode.uasset'
[2016.11.02-17.57.39:648][463]LogSavePackage:Display: Finished SavePackage ../../../../../../Users/Brian/Documents/GitHub/quad-shaped-battle-objects/CardGameProject3/Content/Blueprints/BattleCardGameMode.uasset
[2016.11.02-17.58.02:758][627]LogEditorViewport: Clicking on Actor (LMB): StaticMeshActor (Cube)
[2016.11.02-17.58.03:242][632]LogEditorViewport: Clicking on Actor (LMB): Card_C (Card8)
[2016.11.02-17.58.06:343][683]LogEditorViewport: Clicking on Actor (LMB): StaticMeshActor (Cube)
[2016.11.02-17.58.09:962][740]BlueprintLog: New page: Pre-Play auto-recompile
[2016.11.02-17.58.09:962][740]LogPlayLevel: [PlayLevel] Compiling BattleCardGameMode before play...
[2016.11.02-17.58.10:060][740]LogPlayLevel: [PlayLevel] Compiling Card before play...
[2016.11.02-17.58.10:219][740]LogPlayLevel: PlayLevel: Blueprint regeneration took 257 ms (2 blueprints)
[2016.11.02-17.58.10:224][740]PIE: New page: PIE session: BasicLevel (Nov 2, 2016, 8:58:10 AM)
[2016.11.02-17.58.10:224][740]LogPlayLevel: Creating play world package: /Game/Levels/UEDPIE_0_BasicLevel
[2016.11.02-17.58.10:228][740]LogPlayLevel: PIE: StaticDuplicateObject took: (0.003566s)
[2016.11.02-17.58.10:228][740]LogAIModule: Creating AISystem for world BasicLevel
[2016.11.02-17.58.10:229][740]LogPlayLevel: PIE: World Init took: (0.001467s)
[2016.11.02-17.58.10:230][740]LogPlayLevel: PIE: Created PIE world by copying editor world from /Game/Levels/BasicLevel.BasicLevel to /Game/Levels/UEDPIE_0_BasicLevel.BasicLevel (0.005677s)
[2016.11.02-17.58.10:274][740]LogInit: XAudio2 using 'Speakers (High Definition Audio Device)' : 2 channels at 44.1 kHz using 16 bits per sample (channel mask 0x3)
[2016.11.02-17.58.10:283][740]LogInit: FAudioDevice initialized.
[2016.11.02-17.58.10:345][740]LogWorld: Game class is 'BattleCardGameMode_C'
[2016.11.02-17.58.10:363][740]LogWorld: Bringing World /Game/Levels/UEDPIE_0_BasicLevel.BasicLevel up for play (max tick rate 60) at 2016.11.02-13.58.10
[2016.11.02-17.58.10:365][740]LogWorld: Bringing up level for play took: 0.003295
[2016.11.02-17.58.10:392][740]LogContentBrowser: Native class hierarchy updated for 'MovieSceneCapture' in 0.0006 seconds. Added 11 classes and 0 folders.
[2016.11.02-17.58.10:392][740]LogGameMode:Display: Match State Changed from EnteringMap to WaitingToStart
[2016.11.02-17.58.10:393][740]LogGameState: Match State Changed from EnteringMap to WaitingToStart
[2016.11.02-17.58.10:393][740]LogGameMode:Display: Match State Changed from WaitingToStart to InProgress
[2016.11.02-17.58.10:399][740]LogGameState: Match State Changed from WaitingToStart to InProgress
[2016.11.02-17.58.10:399][740]PIE: Info Play in editor start time for /Game/Levels/UEDPIE_0_BasicLevel 0.464
[2016.11.02-17.58.14:894][837]LogHttp:Warning: 000000EB0E4F8E80: request failed, libcurl error: 6 (Couldn't resolve host name)
[2016.11.02-17.58.14:894][837]LogHttp:Warning: 000000EB0E4F8E80: libcurl info message cache 8 (Could not resolve host: datarouter.ol.epicgames.com)
[2016.11.02-17.58.14:894][837]LogHttp:Warning: 000000EB0E4F8E80: libcurl info message cache 9 (Closing connection 20)
[2016.11.02-17.58.22:972][988]LogEditorViewport: Clicking on Actor (LMB): Card_C (Card8)
[2016.11.02-17.58.44:687][618]LogPlayLevel: PlayLevel: No blueprints needed recompiling
[2016.11.02-17.58.44:687][618]PIE: New page: PIE session: BasicLevel (Nov 2, 2016, 8:58:44 AM)
[2016.11.02-17.58.44:687][618]LogPlayLevel: Creating play world package: /Game/Levels/UEDPIE_0_BasicLevel
[2016.11.02-17.58.44:690][618]LogPlayLevel: PIE: StaticDuplicateObject took: (0.002274s)
[2016.11.02-17.58.44:690][618]LogAIModule: Creating AISystem for world BasicLevel
[2016.11.02-17.58.44:691][618]LogPlayLevel: PIE: World Init took: (0.000943s)
[2016.11.02-17.58.44:691][618]LogPlayLevel: PIE: Created PIE world by copying editor world from /Game/Levels/BasicLevel.BasicLevel to /Game/Levels/UEDPIE_0_BasicLevel.BasicLevel (0.003468s)
[2016.11.02-17.58.44:742][618]LogInit: XAudio2 using 'Speakers (High Definition Audio Device)' : 2 channels at 44.1 kHz using 16 bits per sample (channel mask 0x3)
[2016.11.02-17.58.44:752][618]LogInit: FAudioDevice initialized.
[2016.11.02-17.58.44:786][618]LogWorld: Game class is 'BattleCardGameMode_C'
[2016.11.02-17.58.44:789][618]LogWorld: Bringing World /Game/Levels/UEDPIE_0_BasicLevel.BasicLevel up for play (max tick rate 60) at 2016.11.02-13.58.44
[2016.11.02-17.58.44:789][618]LogWorld: Bringing up level for play took: 0.002271
[2016.11.02-17.58.44:790][618]LogGameMode:Display: Match State Changed from EnteringMap to WaitingToStart
[2016.11.02-17.58.44:790][618]LogGameState: Match State Changed from EnteringMap to WaitingToStart
[2016.11.02-17.58.44:790][618]LogGameMode:Display: Match State Changed from WaitingToStart to InProgress
[2016.11.02-17.58.44:791][618]LogGameState: Match State Changed from WaitingToStart to InProgress
[2016.11.02-17.58.44:791][618]PIE: Info Play in editor start time for /Game/Levels/UEDPIE_0_BasicLevel 0.856
[2016.11.02-17.58.57:898][ 67]BlueprintLog: New page: Compile Card
[2016.11.02-17.58.58:903][100]LogSavePackage: Save=38.50ms
[2016.11.02-17.58.58:903][100]LogSavePackage: Moving '../../../../../../Users/Brian/Documents/GitHub/quad-shaped-battle-objects/CardGameProject3/Saved/BasicLevelA9C02AEF454AA6F827136D8F9E430A05.tmp' to '../../../../../../Users/Brian/Documents/GitHub/quad-shaped-battle-objects/CardGameProject3/Content/Levels/BasicLevel.umap'
[2016.11.02-17.58.58:907][100]LogSavePackage:Display: Finished SavePackage ../../../../../../Users/Brian/Documents/GitHub/quad-shaped-battle-objects/CardGameProject3/Content/Levels/BasicLevel.umap
[2016.11.02-17.58.58:930][100]LogFileHelpers: Saving map 'BasicLevel' took 0.191
[2016.11.02-17.58.58:982][100]Cmd: OBJ SAVEPACKAGE PACKAGE="/Game/Blueprints/Card" FILE="../../../../../../Users/Brian/Documents/GitHub/quad-shaped-battle-objects/CardGameProject3/Content/Blueprints/Card.uasset" SILENT=true
[2016.11.02-17.58.59:040][100]LogSavePackage: Save=44.00ms
[2016.11.02-17.58.59:040][100]LogSavePackage: Moving '../../../../../../Users/Brian/Documents/GitHub/quad-shaped-battle-objects/CardGameProject3/Saved/CardFF38AF534EAF6B61A5276DAA2039D088.tmp' to '../../../../../../Users/Brian/Documents/GitHub/quad-shaped-battle-objects/CardGameProject3/Content/Blueprints/Card.uasset'
[2016.11.02-17.58.59:044][100]LogSavePackage:Display: Finished SavePackage ../../../../../../Users/Brian/Documents/GitHub/quad-shaped-battle-objects/CardGameProject3/Content/Blueprints/Card.uasset
[2016.11.02-17.59.02:659][258]LogPlayLevel: PlayLevel: No blueprints needed recompiling
[2016.11.02-17.59.02:659][258]PIE: New page: PIE session: BasicLevel (Nov 2, 2016, 8:59:02 AM)
[2016.11.02-17.59.02:659][258]LogPlayLevel: Creating play world package: /Game/Levels/UEDPIE_0_BasicLevel
[2016.11.02-17.59.02:661][258]LogPlayLevel: PIE: StaticDuplicateObject took: (0.002041s)
[2016.11.02-17.59.02:662][258]LogAIModule: Creating AISystem for world BasicLevel
[2016.11.02-17.59.02:662][258]LogPlayLevel: PIE: World Init took: (0.000925s)
[2016.11.02-17.59.02:662][258]LogPlayLevel: PIE: Created PIE world by copying editor world from /Game/Levels/BasicLevel.BasicLevel to /Game/Levels/UEDPIE_0_BasicLevel.BasicLevel (0.003211s)
[2016.11.02-17.59.02:713][258]LogInit: XAudio2 using 'Speakers (High Definition Audio Device)' : 2 channels at 44.1 kHz using 16 bits per sample (channel mask 0x3)
[2016.11.02-17.59.02:721][258]LogInit: FAudioDevice initialized.
[2016.11.02-17.59.02:757][258]LogWorld: Game class is 'BattleCardGameMode_C'
[2016.11.02-17.59.02:760][258]LogWorld: Bringing World /Game/Levels/UEDPIE_0_BasicLevel.BasicLevel up for play (max tick rate 60) at 2016.11.02-13.59.02
[2016.11.02-17.59.02:761][258]LogWorld: Bringing up level for play took: 0.002459
[2016.11.02-17.59.02:762][258]LogGameMode:Display: Match State Changed from EnteringMap to WaitingToStart
[2016.11.02-17.59.02:762][258]LogGameState: Match State Changed from EnteringMap to WaitingToStart
[2016.11.02-17.59.02:762][258]LogGameMode:Display: Match State Changed from WaitingToStart to InProgress
[2016.11.02-17.59.02:762][258]LogGameState: Match State Changed from WaitingToStart to InProgress
[2016.11.02-17.59.02:763][258]PIE: Info Play in editor start time for /Game/Levels/UEDPIE_0_BasicLevel 0.828
[2016.11.02-17.59.20:323][778]BlueprintLog: New page: Compile Card
[2016.11.02-17.59.31:679][223]BlueprintLog: New page: Compile Card
[2016.11.02-17.59.44:441][679]BlueprintLog: New page: Compile Card
[2016.11.02-17.59.44:760][686]LogHttp:Warning: 000000EADC97A500: request failed, libcurl error: 6 (Couldn't resolve host name)
[2016.11.02-17.59.44:760][686]LogHttp:Warning: 000000EADC97A500: libcurl info message cache 8 (Could not resolve host: datarouter.ol.epicgames.com)
[2016.11.02-17.59.44:760][686]LogHttp:Warning: 000000EADC97A500: libcurl info message cache 9 (Closing connection 21)
[2016.11.02-18.00.02:157][108]LogSavePackage: Save=37.69ms
[2016.11.02-18.00.02:157][108]LogSavePackage: Moving '../../../../../../Users/Brian/Documents/GitHub/quad-shaped-battle-objects/CardGameProject3/Saved/BasicLevelA09C426047C468BFDE70FB91DE4A63F4.tmp' to '../../../../../../Users/Brian/Documents/GitHub/quad-shaped-battle-objects/CardGameProject3/Content/Levels/BasicLevel.umap'
[2016.11.02-18.00.02:160][108]LogSavePackage:Display: Finished SavePackage ../../../../../../Users/Brian/Documents/GitHub/quad-shaped-battle-objects/CardGameProject3/Content/Levels/BasicLevel.umap
[2016.11.02-18.00.02:192][108]LogFileHelpers: Saving map 'BasicLevel' took 0.173
[2016.11.02-18.00.02:238][108]Cmd: OBJ SAVEPACKAGE PACKAGE="/Game/Blueprints/Card" FILE="../../../../../../Users/Brian/Documents/GitHub/quad-shaped-battle-objects/CardGameProject3/Content/Blueprints/Card.uasset" SILENT=true
[2016.11.02-18.00.02:283][108]LogSavePackage: Save=34.56ms
[2016.11.02-18.00.02:283][108]LogSavePackage: Moving '../../../../../../Users/Brian/Documents/GitHub/quad-shaped-battle-objects/CardGameProject3/Saved/CardD68CD1FB4BC126907BA4FEBE1B3B30A9.tmp' to '../../../../../../Users/Brian/Documents/GitHub/quad-shaped-battle-objects/CardGameProject3/Content/Blueprints/Card.uasset'
[2016.11.02-18.00.02:287][108]LogSavePackage:Display: Finished SavePackage ../../../../../../Users/Brian/Documents/GitHub/quad-shaped-battle-objects/CardGameProject3/Content/Blueprints/Card.uasset
[2016.11.02-18.00.20:254][422]LogActorComponent: UnregisterComponent: (/Engine/Transient.EditorFloorComp) Not registered. Aborting.
[2016.11.02-18.00.20:304][422]LogWindowsTextInputMethodSystem:Display: IME system now deactivated.
[2016.11.02-18.00.20:500][423]Cmd: QUIT_EDITOR
[2016.11.02-18.00.20:755][423]LogExit: Preparing to exit.
[2016.11.02-18.00.21:318][423]LogDirectoryWatcher: A directory notification for 'C:/Users/Brian/Documents/GitHub/quad-shaped-battle-objects/CardGameProject3/Content/' was aborted.
[2016.11.02-18.00.21:351][423]LogExit: Editor shut down
[2016.11.02-18.00.21:352][423]LogExit: Transaction tracking system shut down
[2016.11.02-18.00.21:524][423]LogObj: Freed 0b from 0 cluster array pools.
[2016.11.02-18.00.21:524][423]LogExit: Object subsystem successfully closed.
[2016.11.02-18.00.21:534][423]LogD3D11RHI: Shutdown
[2016.11.02-18.00.21:534][423]LogD3D11RHI: CleanupD3DDevice
[2016.11.02-18.00.21:602][423]LogD3D11RHI: ~FD3D11DynamicRHI
[2016.11.02-18.00.21:628][423]LogModuleManager: Shutting down and abandoning module MovieSceneCapture (238)
[2016.11.02-18.00.21:628][423]LogModuleManager: Shutting down and abandoning module BlueprintGraph (237)
[2016.11.02-18.00.21:628][423]LogModuleManager: Shutting down and abandoning module BlueprintProfiler (236)
[2016.11.02-18.00.21:628][423]LogModuleManager: Shutting down and abandoning module DataTableEditor (235)
[2016.11.02-18.00.21:628][423]LogModuleManager: Shutting down and abandoning module SynthBenchmark (234)
[2016.11.02-18.00.21:628][423]LogModuleManager: Shutting down and abandoning module HierarchicalLODOutliner (233)
[2016.11.02-18.00.21:629][423]LogModuleManager: Shutting down and abandoning module CrashTracker (232)
[2016.11.02-18.00.21:629][423]LogModuleManager: Shutting down and abandoning module SceneOutliner (231)
[2016.11.02-18.00.21:629][423]LogModuleManager: Shutting down and abandoning module WidgetCarousel (230)
[2016.11.02-18.00.21:629][423]LogModuleManager: Shutting down and abandoning module AddContentDialog (229)
[2016.11.02-18.00.21:629][423]LogDirectoryWatcher: A directory notification for 'C:/Program Files (x86)/Epic Games/4.13/FeaturePacks/' was aborted.
[2016.11.02-18.00.21:630][423]LogModuleManager: Shutting down and abandoning module GameplayTags (228)
[2016.11.02-18.00.21:630][423]LogModuleManager: Shutting down and abandoning module EditorWidgets (227)
[2016.11.02-18.00.21:630][423]LogModuleManager: Shutting down and abandoning module CollectionManager (226)
[2016.11.02-18.00.21:631][423]LogDirectoryWatcher: A directory notification for 'C:/Users/Brian/Documents/GitHub/quad-shaped-battle-objects/CardGameProject3/Content/Collections/' was aborted.
[2016.11.02-18.00.21:631][423]LogDirectoryWatcher: A directory notification for 'C:/Users/Brian/Documents/GitHub/quad-shaped-battle-objects/CardGameProject3/Content/Developers/Brian/Collections/' was aborted.
[2016.11.02-18.00.21:631][423]LogDirectoryWatcher: A directory notification for 'C:/Users/Brian/Documents/GitHub/quad-shaped-battle-objects/CardGameProject3/Saved/Collections/' was aborted.
[2016.11.02-18.00.21:631][423]LogModuleManager: Shutting down and abandoning module StatsViewer (225)
[2016.11.02-18.00.21:631][423]LogModuleManager: Shutting down and abandoning module FoliageEdit (224)
[2016.11.02-18.00.21:631][423]LogModuleManager: Shutting down and abandoning module LandscapeEditor (223)
[2016.11.02-18.00.21:631][423]LogModuleManager: Shutting down and abandoning module SceneDepthPickerMode (222)
[2016.11.02-18.00.21:631][423]LogModuleManager: Shutting down and abandoning module ActorPickerMode (221)
[2016.11.02-18.00.21:631][423]LogModuleManager: Shutting down and abandoning module GeometryMode (220)
[2016.11.02-18.00.21:631][423]LogModuleManager: Shutting down and abandoning module TextureAlignMode (219)
[2016.11.02-18.00.21:631][423]LogModuleManager: Shutting down and abandoning module BspMode (218)
[2016.11.02-18.00.21:631][423]LogModuleManager: Shutting down and abandoning module HardwareSurvey (217)
[2016.11.02-18.00.21:631][423]LogModuleManager: Shutting down and abandoning module SequenceRecorderSections (216)
[2016.11.02-18.00.21:631][423]LogModuleManager: Shutting down and abandoning module SequenceRecorder (215)
[2016.11.02-18.00.21:631][423]LogModuleManager: Shutting down and abandoning module AutomationWorker (214)
[2016.11.02-18.00.21:631][423]LogModuleManager: Shutting down and abandoning module MatineeToLevelSequence (213)
[2016.11.02-18.00.21:631][423]LogModuleManager: Shutting down and abandoning module PlacementMode (212)
[2016.11.02-18.00.21:631][423]LogModuleManager: Shutting down and abandoning module LevelSequenceEditor (211)
[2016.11.02-18.00.21:632][423]LogModuleManager: Shutting down and abandoning module WmfMediaFactory (210)
[2016.11.02-18.00.21:632][423]LogModuleManager: Shutting down and abandoning module WmfMediaEditor (209)
[2016.11.02-18.00.21:632][423]LogModuleManager: Shutting down and abandoning module AvfMediaFactory (208)
[2016.11.02-18.00.21:632][423]LogModuleManager: Shutting down and abandoning module AvfMediaEditor (207)
[2016.11.02-18.00.21:632][423]LogModuleManager: Shutting down and abandoning module Media (206)
[2016.11.02-18.00.21:632][423]LogModuleManager: Shutting down and abandoning module AndroidMediaFactory (205)
[2016.11.02-18.00.21:632][423]LogModuleManager: Shutting down and abandoning module AndroidMediaEditor (204)
[2016.11.02-18.00.21:632][423]LogModuleManager: Shutting down and abandoning module CharacterAI (203)
[2016.11.02-18.00.21:632][423]LogModuleManager: Shutting down and abandoning module SmartSnapping (202)
[2016.11.02-18.00.21:632][423]LogModuleManager: Shutting down and abandoning module SessionServices (201)
[2016.11.02-18.00.21:632][423]LogModuleManager: Shutting down and abandoning module ViewportSnapping (200)
[2016.11.02-18.00.21:632][423]LogModuleManager: Shutting down and abandoning module ViewportInteraction (199)
[2016.11.02-18.00.21:632][423]LogModuleManager: Shutting down and abandoning module LogVisualizer (198)
[2016.11.02-18.00.21:632][423]LogModuleManager: Shutting down and abandoning module GameProjectGeneration (197)
[2016.11.02-18.00.21:632][423]LogModuleManager: Shutting down and abandoning module IntroTutorials (196)
[2016.11.02-18.00.21:632][423]LogModuleManager: Shutting down and abandoning module EditorLiveStreaming (195)
[2016.11.02-18.00.21:633][423]LogModuleManager: Shutting down and abandoning module IOSPlatformEditor (194)
[2016.11.02-18.00.21:633][423]LogModuleManager: Shutting down and abandoning module HTML5PlatformEditor (193)
[2016.11.02-18.00.21:633][423]LogModuleManager: Shutting down and abandoning module AndroidDeviceDetection (192)
[2016.11.02-18.00.22:412][423]LogModuleManager: Shutting down and abandoning module AndroidPlatformEditor (191)
[2016.11.02-18.00.22:412][423]LogModuleManager: Shutting down and abandoning module IOSRuntimeSettings (190)
[2016.11.02-18.00.22:412][423]LogModuleManager: Shutting down and abandoning module AndroidRuntimeSettings (189)
[2016.11.02-18.00.22:412][423]LogModuleManager: Shutting down and abandoning module NiagaraEditor (188)
[2016.11.02-18.00.22:412][423]LogModuleManager: Shutting down and abandoning module MergeActors (187)
[2016.11.02-18.00.22:412][423]LogModuleManager: Shutting down and abandoning module SizeMap (186)
[2016.11.02-18.00.22:412][423]LogModuleManager: Shutting down and abandoning module TreeMap (185)
[2016.11.02-18.00.22:412][423]LogModuleManager: Shutting down and abandoning module ReferenceViewer (184)
[2016.11.02-18.00.22:412][423]LogModuleManager: Shutting down and abandoning module LocalizationService (183)
[2016.11.02-18.00.22:412][423]LogModuleManager: Shutting down and abandoning module LocalizationDashboard (182)
[2016.11.02-18.00.22:413][423]LogModuleManager: Shutting down and abandoning module HardwareTargeting (181)
[2016.11.02-18.00.22:413][423]LogModuleManager: Shutting down and abandoning module DeviceProfileEditor (180)
[2016.11.02-18.00.22:413][423]LogModuleManager: Shutting down and abandoning module UndoHistory (179)
[2016.11.02-18.00.22:413][423]LogModuleManager: Shutting down and abandoning module UserFeedback (178)
[2016.11.02-18.00.22:413][423]LogModuleManager: Shutting down and abandoning module XmlParser (177)
[2016.11.02-18.00.22:413][423]LogModuleManager: Shutting down and abandoning module Blutility (176)
[2016.11.02-18.00.22:413][423]LogModuleManager: Shutting down and abandoning module ProjectTargetPlatformEditor (175)
[2016.11.02-18.00.22:413][423]LogModuleManager: Shutting down and abandoning module ProjectSettingsViewer (174)
[2016.11.02-18.00.22:413][423]LogModuleManager: Shutting down and abandoning module InputBindingEditor (173)
[2016.11.02-18.00.22:414][423]LogModuleManager: Shutting down and abandoning module EditorSettingsViewer (172)
[2016.11.02-18.00.22:414][423]LogModuleManager: Shutting down and abandoning module SettingsEditor (171)
[2016.11.02-18.00.22:414][423]LogModuleManager: Shutting down and abandoning module ProjectLauncher (170)
[2016.11.02-18.00.22:414][423]LogModuleManager: Shutting down and abandoning module SessionFrontend (169)
[2016.11.02-18.00.22:414][423]LogModuleManager: Shutting down and abandoning module ProfilerClient (168)
[2016.11.02-18.00.22:414][423]LogModuleManager: Shutting down and abandoning module TargetDeviceServices (167)
[2016.11.02-18.00.22:414][423]LogModuleManager: Shutting down and abandoning module DeviceManager (166)
[2016.11.02-18.00.22:458][423]LogModuleManager: Shutting down and abandoning module AutomationController (165)
[2016.11.02-18.00.22:458][423]LogModuleManager: Shutting down and abandoning module AutomationWindow (164)
[2016.11.02-18.00.22:458][423]LogModuleManager: Shutting down and abandoning module Layers (163)
[2016.11.02-18.00.22:458][423]LogModuleManager: Shutting down and abandoning module ComponentVisualizers (162)
[2016.11.02-18.00.22:458][423]LogModuleManager: Shutting down and abandoning module DetailCustomizations (161)
[2016.11.02-18.00.22:458][423]LogModuleManager: Shutting down and abandoning module PackagesDialog (160)
[2016.11.02-18.00.22:459][423]LogModuleManager: Shutting down and abandoning module AnimGraph (159)
[2016.11.02-18.00.22:459][423]LogModuleManager: Shutting down and abandoning module Persona (158)
[2016.11.02-18.00.22:459][423]LogModuleManager: Shutting down and abandoning module Kismet (157)
[2016.11.02-18.00.22:474][423]LogModuleManager: Shutting down and abandoning module GraphEditor (156)
[2016.11.02-18.00.22:474][423]LogModuleManager: Shutting down and abandoning module ClassViewer (155)
[2016.11.02-18.00.22:475][423]LogModuleManager: Shutting down and abandoning module Toolbox (154)
[2016.11.02-18.00.22:475][423]LogModuleManager: Shutting down and abandoning module ModuleUI (153)
[2016.11.02-18.00.22:475][423]LogModuleManager: Shutting down and abandoning module MovieSceneTools (152)
[2016.11.02-18.00.22:475][423]LogModuleManager: Shutting down and abandoning module OutputLog (151)
[2016.11.02-18.00.22:475][423]LogModuleManager: Shutting down and abandoning module GammaUI (150)
[2016.11.02-18.00.22:475][423]LogModuleManager: Shutting down and abandoning module Documentation (149)
[2016.11.02-18.00.22:475][423]LogModuleManager: Shutting down and abandoning module Niagara (148)
[2016.11.02-18.00.22:475][423]LogModuleManager: Shutting down and abandoning module StreamingPauseRendering (147)
[2016.11.02-18.00.22:475][423]LogModuleManager: Shutting down and abandoning module AnalyticsET (146)
[2016.11.02-18.00.22:475][423]LogModuleManager: Shutting down and abandoning module PortalServices (145)
[2016.11.02-18.00.22:475][423]LogModuleManager: Shutting down and abandoning module PortalRpc (144)
[2016.11.02-18.00.22:475][423]LogModuleManager: Shutting down and abandoning module MessagingRpc (143)
[2016.11.02-18.00.22:475][423]LogModuleManager: Shutting down and abandoning module GameplayDebugger (142)
[2016.11.02-18.00.22:475][423]LogModuleManager: Shutting down and abandoning module AITestSuite (141)
[2016.11.02-18.00.22:475][423]LogModuleManager: Shutting down and abandoning module AIModule (140)
[2016.11.02-18.00.22:475][423]LogModuleManager: Shutting down and abandoning module ProfilerService (139)
[2016.11.02-18.00.22:626][423]LogModuleManager: Shutting down and abandoning module TaskGraph (138)
[2016.11.02-18.00.22:626][423]LogModuleManager: Shutting down and abandoning module SlateRemote (137)
[2016.11.02-18.00.22:626][423]LogModuleManager: Shutting down and abandoning module SteamVRController (136)
[2016.11.02-18.00.22:626][423]LogModuleManager: Shutting down and abandoning module SteamVR (135)
[2016.11.02-18.00.22:626][423]LogModuleManager: Shutting down and abandoning module ProceduralMeshComponentEditor (134)
[2016.11.02-18.00.22:626][423]LogModuleManager: Shutting down and abandoning module ProceduralMeshComponent (133)
[2016.11.02-18.00.22:626][423]LogModuleManager: Shutting down and abandoning module OculusLibrary (132)
[2016.11.02-18.00.22:626][423]LogModuleManager: Shutting down and abandoning module OculusInput (131)
[2016.11.02-18.00.22:626][423]LogModuleManager: Shutting down and abandoning module CustomMeshComponent (130)
[2016.11.02-18.00.22:626][423]LogModuleManager: Shutting down and abandoning module CableComponent (129)
[2016.11.02-18.00.22:626][423]LogModuleManager: Shutting down and abandoning module ArchVisCharacter (128)
[2016.11.02-18.00.22:626][423]LogModuleManager: Shutting down and abandoning module MediaPlayerEditor (126)
[2016.11.02-18.00.22:626][423]LogModuleManager: Shutting down and abandoning module HTML5Networking (125)
[2016.11.02-18.00.22:626][423]LogModuleManager: Shutting down and abandoning module GeometryCacheEd (124)
[2016.11.02-18.00.22:626][423]LogModuleManager: Shutting down and abandoning module GeometryCache (123)
[2016.11.02-18.00.22:626][423]LogModuleManager: Shutting down and abandoning module AlembicLibrary (122)
[2016.11.02-18.00.22:626][423]LogModuleManager: Shutting down and abandoning module AlembicImporter (121)
[2016.11.02-18.00.22:626][423]LogModuleManager: Shutting down and abandoning module SuperSearch (120)
[2016.11.02-18.00.22:626][423]LogModuleManager: Shutting down and abandoning module SuperSearchEditor (119)
[2016.11.02-18.00.22:626][423]LogModuleManager: Shutting down and abandoning module SpeedTreeImporter (118)
[2016.11.02-18.00.22:626][423]LogModuleManager: Shutting down and abandoning module PluginBrowser (117)
[2016.11.02-18.00.22:626][423]LogModuleManager: Shutting down and abandoning module MobileLauncherProfileWizard (116)
[2016.11.02-18.00.22:626][423]LogModuleManager: Shutting down and abandoning module EpicSurvey (115)
[2016.11.02-18.00.22:627][423]LogModuleManager: Shutting down and abandoning module DesktopPlatform (114)
[2016.11.02-18.00.22:627][423]LogModuleManager: Shutting down and abandoning module VisualStudioSourceCodeAccess (113)
[2016.11.02-18.00.22:627][423]LogModuleManager: Shutting down and abandoning module UObjectPlugin (112)
[2016.11.02-18.00.22:627][423]LogModuleManager: Shutting down and abandoning module SubversionSourceControl (111)
[2016.11.02-18.00.22:627][423]LogModuleManager: Shutting down and abandoning module PerforceSourceControl (110)
[2016.11.02-18.00.22:627][423]LogModuleManager: Shutting down and abandoning module SourceControl (109)
[2016.11.02-18.00.22:627][423]LogModuleManager: Shutting down and abandoning module GitSourceControl (108)
[2016.11.02-18.00.22:627][423]LogModuleManager: Shutting down and abandoning module LightPropagationVolumeEditor (107)
[2016.11.02-18.00.22:627][423]LogModuleManager: Shutting down and abandoning module PaperTiledImporter (106)
[2016.11.02-18.00.22:627][423]LogModuleManager: Shutting down and abandoning module PaperSpriteSheetImporter (105)
[2016.11.02-18.00.22:627][423]LogModuleManager: Shutting down and abandoning module MeshPaint (104)
[2016.11.02-18.00.22:627][423]LogModuleManager: Shutting down and abandoning module FbxAutomationBuilderModule (103)
[2016.11.02-18.00.22:627][423]LogModuleManager: Shutting down and abandoning module PixelInspectorModule (102)
[2016.11.02-18.00.22:627][423]LogModuleManager: Shutting down and abandoning module HotReload (101)
[2016.11.02-18.00.22:628][423]LogModuleManager: Shutting down and abandoning module MainFrame (100)
[2016.11.02-18.00.22:628][423]LogModuleManager: Shutting down and abandoning module LevelEditor (99)
[2016.11.02-18.00.22:630][423]LogModuleManager: Shutting down and abandoning module ContentBrowser (98)
[2016.11.02-18.00.22:631][423]LogModuleManager: Shutting down and abandoning module Paper2DEditor (97)
[2016.11.02-18.00.22:632][423]LogModuleManager: Shutting down and abandoning module UdpMessaging (96)
[2016.11.02-18.00.22:733][423]LogModuleManager: Shutting down and abandoning module TcpMessaging (95)
[2016.11.02-18.00.22:833][423]LogModuleManager: Shutting down and abandoning module LightPropagationVolumeRuntime (94)
[2016.11.02-18.00.22:833][423]LogModuleManager: Shutting down and abandoning module Paper2D (93)
[2016.11.02-18.00.22:833][423]LogModuleManager: Shutting down and abandoning module WindowsMoviePlayer (92)
[2016.11.02-18.00.22:833][423]LogModuleManager: Shutting down and abandoning module WmfMedia (91)
[2016.11.02-18.00.22:833][423]LogModuleManager: Shutting down and abandoning module MediaAssets (90)
[2016.11.02-18.00.22:834][423]LogModuleManager: Shutting down and abandoning module GameLiveStreaming (89)
[2016.11.02-18.00.22:834][423]LogModuleManager: Shutting down and abandoning module GameplayTagsEditor (88)
[2016.11.02-18.00.22:834][423]LogModuleManager: Shutting down and abandoning module VREditor (87)
[2016.11.02-18.00.22:834][423]LogModuleManager: Shutting down and abandoning module GameplayTasksEditor (86)
[2016.11.02-18.00.22:834][423]LogModuleManager: Shutting down and abandoning module PropertyEditor (85)
[2016.11.02-18.00.22:834][423]LogModuleManager: Shutting down and abandoning module BehaviorTreeEditor (84)
[2016.11.02-18.00.22:834][423]LogModuleManager: Shutting down and abandoning module FunctionalTesting (83)
[2016.11.02-18.00.22:834][423]LogModuleManager: Shutting down and abandoning module CollisionAnalyzer (82)
[2016.11.02-18.00.22:834][423]LogModuleManager: Shutting down and abandoning module Sequencer (81)
[2016.11.02-18.00.22:835][423]LogModuleManager: Shutting down and abandoning module WorkspaceMenuStructure (80)
[2016.11.02-18.00.22:835][423]LogModuleManager: Shutting down and abandoning module MessageLog (79)
[2016.11.02-18.00.22:835][423]LogModuleManager: Shutting down and abandoning module AssetTools (78)
[2016.11.02-18.00.22:835][423]LogModuleManager: Shutting down and abandoning module UMGEditor (77)
[2016.11.02-18.00.22:835][423]LogModuleManager: Shutting down and abandoning module UMG (76)
[2016.11.02-18.00.22:835][423]LogModuleManager: Shutting down and abandoning module SlateReflector (75)
[2016.11.02-18.00.22:835][423]LogModuleManager: Shutting down and abandoning module Slate (74)
[2016.11.02-18.00.22:835][423]LogModuleManager: Shutting down and abandoning module EditorStyle (73)
[2016.11.02-18.00.22:845][423]LogModuleManager: Shutting down and abandoning module SourceCodeAccess (72)
[2016.11.02-18.00.22:845][423]LogModuleManager: Shutting down and abandoning module HeadMountedDisplay (71)
[2016.11.02-18.00.22:845][423]LogModuleManager: Shutting down and abandoning module XAudio2 (70)
[2016.11.02-18.00.22:845][423]LogModuleManager: Shutting down and abandoning module Networking (68)
[2016.11.02-18.00.22:845][423]LogModuleManager: Shutting down and abandoning module Core (67)
[2016.11.02-18.00.22:845][423]LogModuleManager: Shutting down and abandoning module DirectoryWatcher (66)
[2016.11.02-18.00.22:845][423]LogDirectoryWatcher: A directory notification for '../../../Engine/Content/' was aborted.
[2016.11.02-18.00.22:845][423]LogDirectoryWatcher: A directory notification for '../../../../../../Users/Brian/Documents/GitHub/quad-shaped-battle-objects/CardGameProject3/Content/' was aborted.
[2016.11.02-18.00.22:846][423]LogDirectoryWatcher: A directory notification for '../../../Engine/Plugins/2D/Paper2D/Content/' was aborted.
[2016.11.02-18.00.22:847][423]LogModuleManager: Shutting down and abandoning module AssetRegistry (65)
[2016.11.02-18.00.22:961][423]LogModuleManager: Shutting down and abandoning module KismetCompiler (64)
[2016.11.02-18.00.22:961][423]LogModuleManager: Shutting down and abandoning module PhysXFormats (63)
[2016.11.02-18.00.22:961][423]LogModuleManager: Shutting down and abandoning module MeshUtilities (62)
[2016.11.02-18.00.22:961][423]LogModuleManager: Shutting down and abandoning module DerivedDataCache (61)
[2016.11.02-18.00.22:978][423]LogDerivedDataCache: Shutdown
[2016.11.02-18.00.22:978][423]LogModuleManager: Shutting down and abandoning module VulkanShaderFormat (60)
[2016.11.02-18.00.22:978][423]LogModuleManager: Shutting down and abandoning module ShaderFormatOpenGL (59)
[2016.11.02-18.00.22:978][423]LogModuleManager: Shutting down and abandoning module ShaderFormatD3D (58)
[2016.11.02-18.00.22:978][423]LogModuleManager: Shutting down and abandoning module MetalShaderFormat (57)
[2016.11.02-18.00.22:978][423]LogModuleManager: Shutting down and abandoning module TextureFormatUncompressed (56)
[2016.11.02-18.00.22:978][423]LogModuleManager: Shutting down and abandoning module TextureFormatPVR (55)
[2016.11.02-18.00.22:978][423]LogModuleManager: Shutting down and abandoning module TextureFormatDXT (54)
[2016.11.02-18.00.22:978][423]LogModuleManager: Shutting down and abandoning module TextureFormatIntelISPCTexComp (53)
[2016.11.02-18.00.22:979][423]LogModuleManager: Shutting down and abandoning module ImageWrapper (52)
[2016.11.02-18.00.22:979][423]LogModuleManager: Shutting down and abandoning module TextureFormatASTC (51)
[2016.11.02-18.00.22:979][423]LogModuleManager: Shutting down and abandoning module TextureFormatAndroid (50)
[2016.11.02-18.00.22:979][423]LogModuleManager: Shutting down and abandoning module AudioFormatOpus (49)
[2016.11.02-18.00.22:979][423]LogModuleManager: Shutting down and abandoning module AudioFormatOgg (48)
[2016.11.02-18.00.22:979][423]LogModuleManager: Shutting down and abandoning module AudioFormatADPCM (47)
[2016.11.02-18.00.22:979][423]LogModuleManager: Shutting down and abandoning module LinuxTargetPlatform (46)
[2016.11.02-18.00.22:979][423]LogModuleManager: Shutting down and abandoning module LinuxServerTargetPlatform (45)
[2016.11.02-18.00.22:979][423]LogModuleManager: Shutting down and abandoning module LinuxNoEditorTargetPlatform (44)
[2016.11.02-18.00.22:979][423]LogModuleManager: Shutting down and abandoning module LinuxClientTargetPlatform (43)
[2016.11.02-18.00.22:979][423]LogModuleManager: Shutting down and abandoning module TVOSTargetPlatform (42)
[2016.11.02-18.00.22:979][423]LogModuleManager: Shutting down and abandoning module Messaging (41)
[2016.11.02-18.00.22:979][423]LogModuleManager: Shutting down and abandoning module IOSTargetPlatform (40)
[2016.11.02-18.00.22:979][423]LogModuleManager: Shutting down and abandoning module HTML5TargetPlatform (39)
[2016.11.02-18.00.22:979][423]LogModuleManager: Shutting down and abandoning module Android_PVRTCTargetPlatform (38)
[2016.11.02-18.00.22:979][423]LogModuleManager: Shutting down and abandoning module Android_MultiTargetPlatform (37)
[2016.11.02-18.00.22:979][423]LogModuleManager: Shutting down and abandoning module Android_ETC2TargetPlatform (36)
[2016.11.02-18.00.22:979][423]LogModuleManager: Shutting down and abandoning module Android_ETC1TargetPlatform (35)
[2016.11.02-18.00.22:979][423]LogModuleManager: Shutting down and abandoning module Android_DXTTargetPlatform (34)
[2016.11.02-18.00.22:979][423]LogModuleManager: Shutting down and abandoning module Android_ATCTargetPlatform (33)
[2016.11.02-18.00.22:979][423]LogModuleManager: Shutting down and abandoning module Android_ASTCTargetPlatform (32)
[2016.11.02-18.00.22:979][423]LogModuleManager: Shutting down and abandoning module AndroidTargetPlatform (31)
[2016.11.02-18.00.22:979][423]LogModuleManager: Shutting down and abandoning module WindowsTargetPlatform (30)
[2016.11.02-18.00.22:979][423]LogModuleManager: Shutting down and abandoning module WindowsServerTargetPlatform (29)
[2016.11.02-18.00.22:979][423]LogModuleManager: Shutting down and abandoning module WindowsNoEditorTargetPlatform (28)
[2016.11.02-18.00.22:979][423]LogModuleManager: Shutting down and abandoning module WindowsClientTargetPlatform (27)
[2016.11.02-18.00.22:979][423]LogModuleManager: Shutting down and abandoning module AllDesktopTargetPlatform (26)
[2016.11.02-18.00.22:979][423]LogModuleManager: Shutting down and abandoning module TargetPlatform (25)
[2016.11.02-18.00.22:979][423]LogModuleManager: Shutting down and abandoning module InputCore (24)
[2016.11.02-18.00.22:979][423]LogModuleManager: Shutting down and abandoning module Settings (23)
[2016.11.02-18.00.22:979][423]LogModuleManager: Shutting down and abandoning module OculusRift (22)
[2016.11.02-18.00.22:979][423]LogModuleManager: Shutting down and abandoning module GearVR (21)
[2016.11.02-18.00.22:979][423]LogModuleManager: Shutting down and abandoning module ExampleDeviceProfileSelector (20)
[2016.11.02-18.00.22:979][423]LogModuleManager: Shutting down and abandoning module OnlineBlueprintSupport (19)
[2016.11.02-18.00.22:979][423]LogModuleManager: Shutting down and abandoning module OnlineSubsystem (17)
[2016.11.02-18.00.22:979][423]LogOnline:Display: Unloading online subsystem: NULL
[2016.11.02-18.00.22:979][423]LogModuleManager: Shutting down and abandoning module HTTP (16)
[2016.11.02-18.00.22:979][423]LogHttp:Display: Http module shutting down, but needs to wait on 1 outstanding Http requests:
[2016.11.02-18.00.22:979][423]LogHttp:Display: 	verb=[POST] url=[https://datarouter.ol.epicgames.com/datarouter/api/v1/public/data?SessionID=%7BEA6167EE-43C3-DEDA-89CE-0A8704748770%7D&AppID=UEEditor.Rocket.Release&AppVersion=4.13.2-3172292%2B%2B%2BUE4%2BRelease-4.13&UserID=622d6cc84c757446e01d25b6259f4ae3%7C0088da38c4fe4f999d6f0e52c41d2185%7C0f0e893d-46e4-44f8-bd74-7f933f7c90a3&AppEnvironment=datacollector-binary&UploadType=eteventstream] status=Processing
[2016.11.02-18.00.22:979][423]LogHttp:Warning: 000000EAF9D4F700: request failed, libcurl error: 6 (Couldn't resolve host name)
[2016.11.02-18.00.22:979][423]LogHttp:Warning: 000000EAF9D4F700: libcurl info message cache 8 (Could not resolve host: datarouter.ol.epicgames.com)
[2016.11.02-18.00.22:979][423]LogHttp:Warning: 000000EAF9D4F700: libcurl info message cache 9 (Closing connection 22)
[2016.11.02-18.00.22:991][423]LogModuleManager: Shutting down and abandoning module XMPP (15)
[2016.11.02-18.00.22:991][423]LogModuleManager: Shutting down and abandoning module TextureCompressor (14)
[2016.11.02-18.00.22:992][423]LogModuleManager: Shutting down and abandoning module ShaderCore (13)
[2016.11.02-18.00.22:992][423]LogModuleManager: Shutting down and abandoning module Landscape (12)
[2016.11.02-18.00.22:992][423]LogModuleManager: Shutting down and abandoning module SlateRHIRenderer (11)
[2016.11.02-18.00.22:994][423]LogModuleManager: Shutting down and abandoning module OpenGLDrv (10)
[2016.11.02-18.00.22:994][423]LogModuleManager: Shutting down and abandoning module D3D11RHI (9)
[2016.11.02-18.00.22:994][423]LogModuleManager: Shutting down and abandoning module AnimGraphRuntime (8)
[2016.11.02-18.00.22:994][423]LogModuleManager: Shutting down and abandoning module Renderer (7)
[2016.11.02-18.00.22:994][423]LogModuleManager: Shutting down and abandoning module Engine (6)
[2016.11.02-18.00.22:994][423]LogModuleManager: Shutting down and abandoning module CoreUObject (5)
[2016.11.02-18.00.22:994][423]LogModuleManager: Shutting down and abandoning module NetworkFile (4)
[2016.11.02-18.00.22:994][423]LogModuleManager: Shutting down and abandoning module StreamingFile (3)
[2016.11.02-18.00.22:994][423]LogModuleManager: Shutting down and abandoning module SandboxFile (2)
[2016.11.02-18.00.22:994][423]LogModuleManager: Shutting down and abandoning module PakFile (1)
[2016.11.02-18.00.22:995][423]LogExit: Exiting.
[2016.11.02-18.00.23:006][423]Log file closed, 11/02/16 14:00:23
