Log file open, 11/02/16 18:03:28
LogInit:Display: Running engine for game: CardGameProject3
LogPlatformFile: Not using cached read wrapper
LogInit:Display: RandInit(1399727056) SRandInit(1399727056).
LogTaskGraph: Started task graph with 5 named threads and 6 total threads with 1 sets of task threads.
LogStats: Stats thread started at 0.073267
LogPluginManager: Loaded Plugin Paper2D, From C:/Program Files (x86)/Epic Games/4.13/Engine/Plugins/2D/Paper2D/Paper2D.uplugin
LogPluginManager: Loaded Plugin LightPropagationVolume, From C:/Program Files (x86)/Epic Games/4.13/Engine/Plugins/Blendables/LightPropagationVolume/LightPropagationVolume.uplugin
LogPluginManager: Loaded Plugin BlankPlugin, From C:/Program Files (x86)/Epic Games/4.13/Engine/Plugins/Developer/BlankPlugin/BlankPlugin.uplugin
LogPluginManager: Loaded Plugin CodeLiteSourceCodeAccess, From C:/Program Files (x86)/Epic Games/4.13/Engine/Plugins/Developer/CodeLiteSourceCodeAccess/CodeLiteSourceCodeAccess.uplugin
LogPluginManager: Loaded Plugin GitSourceControl, From C:/Program Files (x86)/Epic Games/4.13/Engine/Plugins/Developer/GitSourceControl/GitSourceControl.uplugin
LogPluginManager: Loaded Plugin KDevelopSourceCodeAccess, From C:/Program Files (x86)/Epic Games/4.13/Engine/Plugins/Developer/KDevelopSourceCodeAccess/KDevelopSourceCodeAccess.uplugin
LogPluginManager: Loaded Plugin NullSourceCodeAccess, From C:/Program Files (x86)/Epic Games/4.13/Engine/Plugins/Developer/NullSourceCodeAccess/NullSourceCodeAccess.uplugin
LogPluginManager: Loaded Plugin OneSkyLocalizationService, From C:/Program Files (x86)/Epic Games/4.13/Engine/Plugins/Developer/OneSkyLocalizationService/OneSkyLocalizationService.uplugin
LogPluginManager: Loaded Plugin PerforceSourceControl, From C:/Program Files (x86)/Epic Games/4.13/Engine/Plugins/Developer/PerforceSourceControl/PerforceSourceControl.uplugin
LogPluginManager: Loaded Plugin SubversionSourceControl, From C:/Program Files (x86)/Epic Games/4.13/Engine/Plugins/Developer/SubversionSourceControl/SubversionSourceControl.uplugin
LogPluginManager: Loaded Plugin UObjectPlugin, From C:/Program Files (x86)/Epic Games/4.13/Engine/Plugins/Developer/UObjectPlugin/UObjectPlugin.uplugin
LogPluginManager: Loaded Plugin VisualStudioSourceCodeAccess, From C:/Program Files (x86)/Epic Games/4.13/Engine/Plugins/Developer/VisualStudioSourceCodeAccess/VisualStudioSourceCodeAccess.uplugin
LogPluginManager: Loaded Plugin XCodeSourceCodeAccess, From C:/Program Files (x86)/Epic Games/4.13/Engine/Plugins/Developer/XCodeSourceCodeAccess/XCodeSourceCodeAccess.uplugin
LogPluginManager: Loaded Plugin EpicSurvey, From C:/Program Files (x86)/Epic Games/4.13/Engine/Plugins/Editor/EpicSurvey/EpicSurvey.uplugin
LogPluginManager: Loaded Plugin MacGraphicsSwitching, From C:/Program Files (x86)/Epic Games/4.13/Engine/Plugins/Editor/MacGraphicsSwitching/MacGraphicsSwitching.uplugin
LogPluginManager: Loaded Plugin MobileLauncherProfileWizard, From C:/Program Files (x86)/Epic Games/4.13/Engine/Plugins/Editor/MobileLauncherProfileWizard/MobileLauncherProfileWizard.uplugin
LogPluginManager: Loaded Plugin PluginBrowser, From C:/Program Files (x86)/Epic Games/4.13/Engine/Plugins/Editor/PluginBrowser/PluginBrowser.uplugin
LogPluginManager: Loaded Plugin SpeedTreeImporter, From C:/Program Files (x86)/Epic Games/4.13/Engine/Plugins/Editor/SpeedTreeImporter/SpeedTreeImporter.uplugin
LogPluginManager: Loaded Plugin SuperSearchEditor, From C:/Program Files (x86)/Epic Games/4.13/Engine/Plugins/Editor/SuperSearchEditor/SuperSearchEditor.uplugin
LogPluginManager: Loaded Plugin AlembicImporter, From C:/Program Files (x86)/Epic Games/4.13/Engine/Plugins/Experimental/AlembicImporter/AlembicImporter.uplugin
LogPluginManager: Loaded Plugin BlueprintStats, From C:/Program Files (x86)/Epic Games/4.13/Engine/Plugins/Experimental/BlueprintStats/BlueprintStats.uplugin
LogPluginManager: Loaded Plugin CharacterAI, From C:/Program Files (x86)/Epic Games/4.13/Engine/Plugins/Experimental/CharacterAI/CharacterAI.uplugin
LogPluginManager: Loaded Plugin CodeEditor, From C:/Program Files (x86)/Epic Games/4.13/Engine/Plugins/Experimental/CodeEditor/CodeEditor.uplugin
LogPluginManager: Loaded Plugin CodeView, From C:/Program Files (x86)/Epic Games/4.13/Engine/Plugins/Experimental/CodeView/CodeView.uplugin
LogPluginManager: Loaded Plugin HTML5Networking, From C:/Program Files (x86)/Epic Games/4.13/Engine/Plugins/Experimental/HTML5Networking/HTML5Networking.uplugin
LogPluginManager: Loaded Plugin LiveEditor, From C:/Program Files (x86)/Epic Games/4.13/Engine/Plugins/Experimental/LiveEditor/LiveEditor.uplugin
LogPluginManager: Loaded Plugin OSVR, From C:/Program Files (x86)/Epic Games/4.13/Engine/Plugins/Experimental/OSVR/OSVR.uplugin
LogPluginManager: Loaded Plugin Phya, From C:/Program Files (x86)/Epic Games/4.13/Engine/Plugins/Experimental/Phya/Phya.uplugin
LogPluginManager: Loaded Plugin SignificanceManager, From C:/Program Files (x86)/Epic Games/4.13/Engine/Plugins/Experimental/SignificanceManager/SignificanceManager.uplugin
LogPluginManager: Loaded Plugin SimpleHMD, From C:/Program Files (x86)/Epic Games/4.13/Engine/Plugins/Experimental/SimpleHMD/SimpleHMD.uplugin
LogPluginManager: Loaded Plugin StereoPanorama, From C:/Program Files (x86)/Epic Games/4.13/Engine/Plugins/Experimental/StereoPanorama/StereoPanorama.uplugin
LogPluginManager: Loaded Plugin StructBox, From C:/Program Files (x86)/Epic Games/4.13/Engine/Plugins/Experimental/StructBox/StructBox.uplugin
LogPluginManager: Loaded Plugin AndroidMedia, From C:/Program Files (x86)/Epic Games/4.13/Engine/Plugins/Media/AndroidMedia/AndroidMedia.uplugin
LogPluginManager: Loaded Plugin AvfMedia, From C:/Program Files (x86)/Epic Games/4.13/Engine/Plugins/Media/AvfMedia/AvfMedia.uplugin
LogPluginManager: Loaded Plugin MediaPlayerEditor, From C:/Program Files (x86)/Epic Games/4.13/Engine/Plugins/Media/MediaPlayerEditor/MediaPlayerEditor.uplugin
LogPluginManager: Loaded Plugin WmfMedia, From C:/Program Files (x86)/Epic Games/4.13/Engine/Plugins/Media/WmfMedia/WmfMedia.uplugin
LogPluginManager: Loaded Plugin MessagingDebugger, From C:/Program Files (x86)/Epic Games/4.13/Engine/Plugins/Messaging/MessagingDebugger/MessagingDebugger.uplugin
LogPluginManager: Loaded Plugin TcpMessaging, From C:/Program Files (x86)/Epic Games/4.13/Engine/Plugins/Messaging/TcpMessaging/TcpMessaging.uplugin
LogPluginManager: Loaded Plugin UdpMessaging, From C:/Program Files (x86)/Epic Games/4.13/Engine/Plugins/Messaging/UdpMessaging/UdpMessaging.uplugin
LogPluginManager: Loaded Plugin LevelSequenceEditor, From C:/Program Files (x86)/Epic Games/4.13/Engine/Plugins/MovieScene/LevelSequenceEditor/LevelSequenceEditor.uplugin
LogPluginManager: Loaded Plugin MatineeToLevelSequence, From C:/Program Files (x86)/Epic Games/4.13/Engine/Plugins/MovieScene/MatineeToLevelSequence/MatineeToLevelSequence.uplugin
LogPluginManager: Loaded Plugin NetcodeUnitTest, From C:/Program Files (x86)/Epic Games/4.13/Engine/Plugins/NetcodeUnitTest/NetcodeUnitTest/NetcodeUnitTest.uplugin
LogPluginManager: Loaded Plugin NUTUnrealEngine4, From C:/Program Files (x86)/Epic Games/4.13/Engine/Plugins/NetcodeUnitTest/NUTUnrealEngine4/NUTUnrealEngine4.uplugin
LogPluginManager: Loaded Plugin OnlineSubsystemGooglePlay, From C:/Program Files (x86)/Epic Games/4.13/Engine/Plugins/Online/Android/OnlineSubsystemGooglePlay/OnlineSubsystemGooglePlay.uplugin
LogPluginManager: Loaded Plugin OnlineSubsystemIOS, From C:/Program Files (x86)/Epic Games/4.13/Engine/Plugins/Online/IOS/OnlineSubsystemIOS/OnlineSubsystemIOS.uplugin
LogPluginManager: Loaded Plugin OnlineFramework, From C:/Program Files (x86)/Epic Games/4.13/Engine/Plugins/Online/OnlineFramework/OnlineFramework.uplugin
LogPluginManager: Loaded Plugin OnlineSubsystem, From C:/Program Files (x86)/Epic Games/4.13/Engine/Plugins/Online/OnlineSubsystem/OnlineSubsystem.uplugin
LogPluginManager: Loaded Plugin OnlineSubsystemAmazon, From C:/Program Files (x86)/Epic Games/4.13/Engine/Plugins/Online/OnlineSubsystemAmazon/OnlineSubsystemAmazon.uplugin
LogPluginManager: Loaded Plugin OnlineSubsystemFacebook, From C:/Program Files (x86)/Epic Games/4.13/Engine/Plugins/Online/OnlineSubsystemFacebook/OnlineSubsystemFacebook.uplugin
LogPluginManager: Loaded Plugin OnlineSubsystemNull, From C:/Program Files (x86)/Epic Games/4.13/Engine/Plugins/Online/OnlineSubsystemNull/OnlineSubsystemNull.uplugin
LogPluginManager: Loaded Plugin OnlineSubsystemOculus, From C:/Program Files (x86)/Epic Games/4.13/Engine/Plugins/Online/OnlineSubsystemOculus/OnlineSubsystemOculus.uplugin
LogPluginManager: Loaded Plugin OnlineSubsystemSteam, From C:/Program Files (x86)/Epic Games/4.13/Engine/Plugins/Online/OnlineSubsystemSteam/OnlineSubsystemSteam.uplugin
LogPluginManager: Loaded Plugin OnlineSubsystemUtils, From C:/Program Files (x86)/Epic Games/4.13/Engine/Plugins/Online/OnlineSubsystemUtils/OnlineSubsystemUtils.uplugin
LogPluginManager: Loaded Plugin IOSTapJoy, From C:/Program Files (x86)/Epic Games/4.13/Engine/Plugins/Runtime/Advertising/IOSTapJoy/IOSTapJoy.uplugin
LogPluginManager: Loaded Plugin AnalyticsBlueprintLibrary, From C:/Program Files (x86)/Epic Games/4.13/Engine/Plugins/Runtime/Analytics/AnalyticsBlueprintLibrary/AnalyticsBlueprintLibrary.uplugin
LogPluginManager: Loaded Plugin AnalyticsMulticast, From C:/Program Files (x86)/Epic Games/4.13/Engine/Plugins/Runtime/Analytics/AnalyticsMulticast/AnalyticsMulticast.uplugin
LogPluginManager: Loaded Plugin Apsalar, From C:/Program Files (x86)/Epic Games/4.13/Engine/Plugins/Runtime/Analytics/Apsalar/Apsalar.uplugin
LogPluginManager: Loaded Plugin FileLogging, From C:/Program Files (x86)/Epic Games/4.13/Engine/Plugins/Runtime/Analytics/FileLogging/FileLogging.uplugin
LogPluginManager: Loaded Plugin Flurry, From C:/Program Files (x86)/Epic Games/4.13/Engine/Plugins/Runtime/Analytics/Flurry/Flurry.uplugin
LogPluginManager: Loaded Plugin AndroidDeviceProfileSelector, From C:/Program Files (x86)/Epic Games/4.13/Engine/Plugins/Runtime/AndroidDeviceProfileSelector/AndroidDeviceProfileSelector.uplugin
LogPluginManager: Loaded Plugin AndroidMoviePlayer, From C:/Program Files (x86)/Epic Games/4.13/Engine/Plugins/Runtime/AndroidMoviePlayer/AndroidMoviePlayer.uplugin
LogPluginManager: Loaded Plugin AppleMoviePlayer, From C:/Program Files (x86)/Epic Games/4.13/Engine/Plugins/Runtime/AppleMoviePlayer/AppleMoviePlayer.uplugin
LogPluginManager: Loaded Plugin ArchVisCharacter, From C:/Program Files (x86)/Epic Games/4.13/Engine/Plugins/Runtime/ArchVisCharacter/ArchVisCharacter.uplugin
LogPluginManager: Loaded Plugin CableComponent, From C:/Program Files (x86)/Epic Games/4.13/Engine/Plugins/Runtime/CableComponent/CableComponent.uplugin
LogPluginManager: Loaded Plugin CustomMeshComponent, From C:/Program Files (x86)/Epic Games/4.13/Engine/Plugins/Runtime/CustomMeshComponent/CustomMeshComponent.uplugin
LogPluginManager: Loaded Plugin ExampleDeviceProfileSelector, From C:/Program Files (x86)/Epic Games/4.13/Engine/Plugins/Runtime/ExampleDeviceProfileSelector/ExampleDeviceProfileSelector.uplugin
LogPluginManager: Loaded Plugin GearVR, From C:/Program Files (x86)/Epic Games/4.13/Engine/Plugins/Runtime/GearVR/GearVR.uplugin
LogPluginManager: Loaded Plugin GoogleVRController, From C:/Program Files (x86)/Epic Games/4.13/Engine/Plugins/Runtime/GoogleVR/GoogleVRController/GoogleVRController.uplugin
LogPluginManager: Loaded Plugin GoogleVRHMD, From C:/Program Files (x86)/Epic Games/4.13/Engine/Plugins/Runtime/GoogleVR/GoogleVRHMD/GoogleVRHMD.uplugin
LogPluginManager: Loaded Plugin IOSDeviceProfileSelector, From C:/Program Files (x86)/Epic Games/4.13/Engine/Plugins/Runtime/IOSDeviceProfileSelector/IOSDeviceProfileSelector.uplugin
LogPluginManager: Loaded Plugin LeapMotion, From C:/Program Files (x86)/Epic Games/4.13/Engine/Plugins/Runtime/LeapMotion/LeapMotion.uplugin
LogPluginManager: Loaded Plugin LinuxDeviceProfileSelector, From C:/Program Files (x86)/Epic Games/4.13/Engine/Plugins/Runtime/LinuxDeviceProfileSelector/LinuxDeviceProfileSelector.uplugin
LogPluginManager: Loaded Plugin LiveEditorListenServer, From C:/Program Files (x86)/Epic Games/4.13/Engine/Plugins/Runtime/LiveEditorListenServer/LiveEditorListenServer.uplugin
LogPluginManager: Loaded Plugin OculusAudio, From C:/Program Files (x86)/Epic Games/4.13/Engine/Plugins/Runtime/OculusAudio/OculusAudio.uplugin
LogPluginManager: Loaded Plugin OculusInput, From C:/Program Files (x86)/Epic Games/4.13/Engine/Plugins/Runtime/OculusInput/OculusInput.uplugin
LogPluginManager: Loaded Plugin OculusLibrary, From C:/Program Files (x86)/Epic Games/4.13/Engine/Plugins/Runtime/OculusLibrary/OculusLibrary.uplugin
LogPluginManager: Loaded Plugin OculusRift, From C:/Program Files (x86)/Epic Games/4.13/Engine/Plugins/Runtime/OculusRift/OculusRift.uplugin
LogPluginManager: Loaded Plugin Oodle, From C:/Program Files (x86)/Epic Games/4.13/Engine/Plugins/Runtime/PacketHandlers/CompressionComponents/Oodle/Oodle.uplugin
LogPluginManager: Loaded Plugin ProceduralMeshComponent, From C:/Program Files (x86)/Epic Games/4.13/Engine/Plugins/Runtime/ProceduralMeshComponent/ProceduralMeshComponent.uplugin
LogPluginManager: Loaded Plugin SoundMod, From C:/Program Files (x86)/Epic Games/4.13/Engine/Plugins/Runtime/SoundMod/SoundMod.uplugin
LogPluginManager: Loaded Plugin SoundVisualizations, From C:/Program Files (x86)/Epic Games/4.13/Engine/Plugins/Runtime/SoundVisualizations/SoundVisualizations.uplugin
LogPluginManager: Loaded Plugin SteamController, From C:/Program Files (x86)/Epic Games/4.13/Engine/Plugins/Runtime/Steam/SteamController/SteamController.uplugin
LogPluginManager: Loaded Plugin SteamVR, From C:/Program Files (x86)/Epic Games/4.13/Engine/Plugins/Runtime/Steam/SteamVR/SteamVR.uplugin
LogPluginManager: Loaded Plugin WebBrowserWidget, From C:/Program Files (x86)/Epic Games/4.13/Engine/Plugins/Runtime/WebBrowserWidget/WebBrowserWidget.uplugin
LogPluginManager: Loaded Plugin WindowsDeviceProfileSelector, From C:/Program Files (x86)/Epic Games/4.13/Engine/Plugins/Runtime/WindowsDeviceProfileSelector/WindowsDeviceProfileSelector.uplugin
LogPluginManager: Loaded Plugin WindowsMoviePlayer, From C:/Program Files (x86)/Epic Games/4.13/Engine/Plugins/Runtime/WindowsMoviePlayer/WindowsMoviePlayer.uplugin
LogPluginManager: Loaded Plugin ScriptPlugin, From C:/Program Files (x86)/Epic Games/4.13/Engine/Plugins/ScriptPlugin/ScriptPlugin.uplugin
LogPluginManager: Loaded Plugin SlateRemote, From C:/Program Files (x86)/Epic Games/4.13/Engine/Plugins/Slate/SlateRemote/SlateRemote.uplugin
LogInit: Using libcurl 7.47.1
LogInit:  - built for x86_64-pc-win32
LogInit:  - supports SSL with WinSSL
LogInit:  - other features:
LogInit:      CURL_VERSION_SSL
LogInit:      CURL_VERSION_IPV6
LogInit:      CURL_VERSION_ASYNCHDNS
LogInit:      CURL_VERSION_LARGEFILE
LogInit:      CURL_VERSION_IDN
LogInit:  CurlRequestOptions (configurable via config and command line):
LogInit:  - bVerifyPeer = false  - Libcurl will NOT verify peer certificate
LogInit:  - bUseHttpProxy = false  - Libcurl will NOT use HTTP proxy
LogInit:  - bDontReuseConnections = false  - Libcurl will reuse connections
LogInit:  - CertBundlePath = nullptr  - Libcurl will use whatever was configured at build time.
LogInit: Build: ++UE4+Release-4.13-CL-3172292
LogInit: Engine Version: 4.13.2-3172292+++UE4+Release-4.13
LogInit: Compatible Engine Version: 4.13.0-3106830+++UE4+Release-4.13
LogInit: Net CL: 3172292
LogDevObjectVersion: Number of dev versions registered: 13
LogDevObjectVersion:   Dev-Blueprints (B0D832E4-1F89-4F0D-ACCF-7EB736FD4AA2): 5
LogDevObjectVersion:   Dev-Build (E1C64328-A22C-4D53-A36C-8E866417BD8C): 0
LogDevObjectVersion:   Dev-Core (375EC13C-06E4-48FB-B500-84F0262A717E): 1
LogDevObjectVersion:   Dev-Editor (E4B068ED-F494-42E9-A231-DA0B2E46BB41): 6
LogDevObjectVersion:   Dev-Framework (CFFC743F-43B0-4480-9391-14DF171D2073): 12
LogDevObjectVersion:   Dev-Mobile (B02B49B5-BB20-44E9-A304-32B752E40360): 0
LogDevObjectVersion:   Dev-Networking (A4E4105C-59A1-49B5-A7C5-40C4547EDFEE): 0
LogDevObjectVersion:   Dev-Online (39C831C9-5AE6-47DC-9A44-9C173E1C8E7C): 0
LogDevObjectVersion:   Dev-Physics (78F01B33-EBEA-4F98-B9B4-84EACCB95AA2): 0
LogDevObjectVersion:   Dev-Platform (6631380F-2D4D-43E0-8009-CF276956A95A): 0
LogDevObjectVersion:   Dev-Rendering (12F88B9F-8875-4AFC-A67C-D90C383ABD29): 4
LogDevObjectVersion:   Dev-Sequencer (7B5AE74C-D270-4C10-A958-57980B212A5A): 0
LogDevObjectVersion:   Dev-VR (D7296918-1DD6-4BDD-9DE2-64A83CC13884): 0
LogInit: Compiled (64-bit): Oct 24 2016 14:29:06
LogInit: Compiled with Visual C++: 19.00.23026.00
LogInit: Build Configuration: Development
LogInit: Branch Name: ++UE4+Release-4.13
LogInit: Command line:  
LogInit: Base directory: C:/Program Files (x86)/Epic Games/4.13/Engine/Binaries/Win64/
LogInit: Installed Engine Build: 1
LogInit: Presizing for max 8388607 objects, including 0 objects not considered by GC, pre-allocating 0 bytes for permanent pool.
LogInit: Object subsystem initialized
[2016.11.02-22.03.29:217][  0]LogInit: Selected Device Profile: [Windows]
[2016.11.02-22.03.29:217][  0]LogInit: Applying CVar settings loaded from the selected device profile: [Windows]
[2016.11.02-22.03.29:227][  0]LogInit: Computer: BSARDINHA
[2016.11.02-22.03.29:227][  0]LogInit: User: Brian
[2016.11.02-22.03.29:227][  0]LogInit: CPU Page size=65536, Cores=2
[2016.11.02-22.03.29:227][  0]LogInit: High frequency timer resolution =2.530855 MHz
[2016.11.02-22.03.29:227][  0]LogMemory: Memory total: Physical=7.9GB (8GB approx)
[2016.11.02-22.03.29:227][  0]LogMemory: Platform Memory Stats for Windows
[2016.11.02-22.03.29:227][  0]LogMemory: Process Physical Memory: 254.55 MB used, 254.55 MB peak
[2016.11.02-22.03.29:227][  0]LogMemory: Process Virtual Memory: 259.78 MB used, 259.78 MB peak
[2016.11.02-22.03.29:227][  0]LogMemory: Physical Memory: 1788.15 MB used, 8075.23 MB total
[2016.11.02-22.03.29:227][  0]LogMemory: Virtual Memory: 599.96 MB used, 134217728.00 MB total
[2016.11.02-22.03.29:265][  0]LogTextLocalizationManager: No specific translations for ('en-US') exist, so ('en') translations will be used.
[2016.11.02-22.03.29:934][  0]LogD3D11RHI: D3D11 adapters:
[2016.11.02-22.03.30:303][  0]LogD3D11RHI:    0. 'NVIDIA NVS 4200M    ' (Feature Level 11_0)
[2016.11.02-22.03.30:303][  0]LogD3D11RHI:       973/0/3071 MB DedicatedVideo/DedicatedSystem/SharedSystem, Outputs:1, VendorId:0x10de
[2016.11.02-22.03.30:327][  0]LogD3D11RHI:    1. 'NVIDIA NVS 4200M    ' (Feature Level 11_0)
[2016.11.02-22.03.30:327][  0]LogD3D11RHI:       973/0/3071 MB DedicatedVideo/DedicatedSystem/SharedSystem, Outputs:0, VendorId:0x10de
[2016.11.02-22.03.30:328][  0]LogD3D11RHI:    2. 'Microsoft Basic Render Driver' (Feature Level 11_0)
[2016.11.02-22.03.30:328][  0]LogD3D11RHI:       973/0/3071 MB DedicatedVideo/DedicatedSystem/SharedSystem, Outputs:0, VendorId:0x1414
[2016.11.02-22.03.30:328][  0]LogD3D11RHI: Chosen D3D11 Adapter: 0
[2016.11.02-22.03.30:334][  0]LogD3D11RHI: Creating new Direct3DDevice
[2016.11.02-22.03.30:334][  0]LogD3D11RHI:     GPU DeviceId: 0x1057 (for the marketing name, search the web for "GPU Device Id")
[2016.11.02-22.03.30:334][  0]LogWindows: EnumDisplayDevices:
[2016.11.02-22.03.30:334][  0]LogWindows:    0. 'Intel(R) HD Graphics 3000' (P:1 D:1)
[2016.11.02-22.03.30:335][  0]LogWindows:    1. 'Intel(R) HD Graphics 3000' (P:0 D:0)
[2016.11.02-22.03.30:335][  0]LogWindows:    2. 'NVIDIA NVS 4200M    ' (P:0 D:0)
[2016.11.02-22.03.30:336][  0]LogWindows:    3. 'NVIDIA NVS 4200M    ' (P:0 D:0)
[2016.11.02-22.03.30:337][  0]LogWindows: DebugString: PrimaryIsNotTheChoosenAdapter PrimaryIsNotTheChoosenAdapter FoundDriverCount:2 
[2016.11.02-22.03.30:337][  0]LogD3D11RHI:     Adapter Name: NVIDIA NVS 4200M    
[2016.11.02-22.03.30:337][  0]LogD3D11RHI:   Driver Version: 354.45 (internal:10.18.13.5445, unified:354.45)
[2016.11.02-22.03.30:337][  0]LogD3D11RHI:      Driver Date: 11-5-2015
[2016.11.02-22.03.30:337][  0]LogRHI: Texture pool is 681 MB (70% of 973 MB)
[2016.11.02-22.03.30:370][  0]LogD3D11RHI: Async texture creation enabled
[2016.11.02-22.03.30:400][  0]LogD3D11RHI: GPU Timing Frequency: 1000.000000 (Debug: 2 2)
[2016.11.02-22.03.30:401][  0]LogShaderCompilers: Guid format shader working directory is -44 characters bigger than the processId version (../../../../../../Users/Brian/Documents/GitHub/quad-shaped-battle-objects/CardGameProject3/Intermediate/Shaders/WorkingDirectory/5388/).
[2016.11.02-22.03.30:401][  0]LogShaderCompilers: Cleaned the shader compiler working directory 'C:/Users/Brian/AppData/Local/Temp/UnrealShaderWorkingDir/53413CF54D75AB842E6D2A8C44D90F63/'.
[2016.11.02-22.03.30:402][  0]LogShaderCompilers:Display: Using Local Shader Compiler.
[2016.11.02-22.03.31:670][  0]LogTemp:Display: Loaded TP AllDesktopTargetPlatform
[2016.11.02-22.03.31:681][  0]LogTemp:Display: Loaded TP WindowsClientTargetPlatform
[2016.11.02-22.03.31:692][  0]LogTemp:Display: Loaded TP WindowsNoEditorTargetPlatform
[2016.11.02-22.03.31:703][  0]LogTemp:Display: Loaded TP WindowsServerTargetPlatform
[2016.11.02-22.03.31:714][  0]LogTemp:Display: Loaded TP WindowsTargetPlatform
[2016.11.02-22.03.31:723][  0]LogTemp:Display: Loaded TP AndroidTargetPlatform
[2016.11.02-22.03.31:733][  0]LogTemp:Display: Loaded TP Android_ASTCTargetPlatform
[2016.11.02-22.03.31:743][  0]LogTemp:Display: Loaded TP Android_ATCTargetPlatform
[2016.11.02-22.03.31:752][  0]LogTemp:Display: Loaded TP Android_DXTTargetPlatform
[2016.11.02-22.03.31:761][  0]LogTemp:Display: Loaded TP Android_ETC1TargetPlatform
[2016.11.02-22.03.31:770][  0]LogTemp:Display: Loaded TP Android_ETC2TargetPlatform
[2016.11.02-22.03.31:787][  0]LogTemp:Display: Loaded TP Android_MultiTargetPlatform
[2016.11.02-22.03.31:787][  0]LogTemp:Display: Loaded TP Android_PVRTCTargetPlatform
[2016.11.02-22.03.31:789][  0]LogTemp:Display: Loaded TP HTML5TargetPlatform
[2016.11.02-22.03.31:814][  0]LogTemp:Display: Loaded TP IOSTargetPlatform
[2016.11.02-22.03.31:822][  0]LogTemp:Display: Loaded TP TVOSTargetPlatform
[2016.11.02-22.03.31:831][  0]LogTemp:Display: Loaded TP LinuxClientTargetPlatform
[2016.11.02-22.03.31:839][  0]LogTemp:Display: Loaded TP LinuxNoEditorTargetPlatform
[2016.11.02-22.03.31:848][  0]LogTemp:Display: Loaded TP LinuxServerTargetPlatform
[2016.11.02-22.03.31:857][  0]LogTemp:Display: Loaded TP LinuxTargetPlatform
[2016.11.02-22.03.31:857][  0]LogTargetPlatformManager:Display: Building Assets For Windows
[2016.11.02-22.03.31:962][  0]LogDerivedDataCache:Display: Max Cache Size: 512 MB
[2016.11.02-22.03.32:039][  0]LogDerivedDataCache: Loaded boot cache 0.08s 63MB C:/Users/Brian/AppData/Local/UnrealEngine/4.13/DerivedDataCache/Boot.ddc.
[2016.11.02-22.03.32:039][  0]LogDerivedDataCache:Display: Loaded Boot cache: C:/Users/Brian/AppData/Local/UnrealEngine/4.13/DerivedDataCache/Boot.ddc
[2016.11.02-22.03.32:040][  0]LogDerivedDataCache: FDerivedDataBackendGraph:  Pak pak cache file ../../../../../../Users/Brian/Documents/GitHub/quad-shaped-battle-objects/CardGameProject3/DerivedDataCache/DDC.ddp not found, will not use a pak cache.
[2016.11.02-22.03.32:040][  0]LogDerivedDataCache: Unable to find inner node Pak for hierarchical cache Hierarchy.
[2016.11.02-22.03.32:040][  0]LogDerivedDataCache: FDerivedDataBackendGraph:  CompressedPak pak cache file ../../../../../../Users/Brian/Documents/GitHub/quad-shaped-battle-objects/CardGameProject3/DerivedDataCache/Compressed.ddp not found, will not use a pak cache.
[2016.11.02-22.03.32:040][  0]LogDerivedDataCache: Unable to find inner node CompressedPak for hierarchical cache Hierarchy.
[2016.11.02-22.03.32:060][  0]LogDerivedDataCache:Display: Pak cache opened for reading ../../../Engine/DerivedDataCache/Compressed.ddp.
[2016.11.02-22.03.32:072][  0]LogDerivedDataCache: Using Local data cache path C:/Users/Brian/AppData/Local/UnrealEngine/Common/DerivedDataCache: Writable
[2016.11.02-22.03.32:314][  0]LogInit: Selected Device Profile: [Windows]
[2016.11.02-22.03.32:317][  0]LogContentStreaming: Texture pool size is 0.00 MB
[2016.11.02-22.03.32:429][  0]LogMeshUtilities: No automatic mesh reduction module available
[2016.11.02-22.03.32:429][  0]LogMeshUtilities: No automatic mesh merging module available
[2016.11.02-22.03.32:429][  0]LogMeshUtilities: No distributed automatic mesh merging module available
[2016.11.02-22.03.32:521][  0]LogMaterial: Uniform references updated for custom material expression Custom.
[2016.11.02-22.03.32:881][  0]LogNetVersion: GetLocalNetworkVersion: CL: 3106830, ProjectName: cardgameproject3, ProjectVersion: , EngineNetworkVersion: 1, GameNetworkVersion: 0, NetworkChecksum: 2141254031
[2016.11.02-22.03.32:923][  0]LogAssetRegistry: FAssetRegistry took 0.0219 seconds to start up
[2016.11.02-22.03.32:991][  0]LogPackageLocalizationCache: Processed 3 localized package path(s) for 2 prioritized culture(s) in 0.056661 seconds
[2016.11.02-22.03.33:001][  0]LogUObjectArray: 29778 objects as part of root set at end of initial load.
[2016.11.02-22.03.33:001][  0]LogUObjectAllocator: 6125456 out of 0 bytes used by permanent object pool.
[2016.11.02-22.03.33:001][  0]LogUObjectArray: CloseDisregardForGC: 0/0 objects in disregard for GC pool
[2016.11.02-22.03.33:013][  0]LogInit: WinSock: version 1.1 (2.2), MaxSocks=32767, MaxUdp=65467
[2016.11.02-22.03.33:286][  0]LogSlate: SlateFontCache - WITH_FREETYPE: 1, WITH_HARFBUZZ: 1
[2016.11.02-22.03.33:286][  0]LogSlate: SlateFontCache - WITH_FREETYPE: 1, WITH_HARFBUZZ: 1
[2016.11.02-22.03.33:978][  0]LogTcpMessaging: Initializing TcpMessaging bridge
[2016.11.02-22.03.34:000][  0]LogUdpMessaging: Initializing bridge on interface 0.0.0.0:0 to multicast group 230.0.0.1:6666.
[2016.11.02-22.03.34:334][  0]SourceControl: Info Source control is disabled
[2016.11.02-22.03.34:335][  0]SourceControl: Info Source control is disabled
[2016.11.02-22.03.34:347][  0]SourceControl: Info Source control is disabled
[2016.11.02-22.03.34:358][  0]SourceControl: Info Source control is disabled
[2016.11.02-22.03.34:454][  0]LogLinker:Warning: Can't find file '/Game/2DSideScrollerBP/2DSideScrollerOverview'
[2016.11.02-22.03.34:455][  0]LogLinker:Warning: Can't find file '/Game/2DSideScrollerBP/2DSideScrollerOverview'
[2016.11.02-22.03.34:455][  0]LogUObjectGlobals:Warning: Failed to find object 'Class /Game/2DSideScrollerBP/2DSideScrollerOverview.2DSideScrollerOverview_C'
[2016.11.02-22.03.34:704][  0]LogEngine: Initializing Engine...
[2016.11.02-22.03.34:704][  0]LogHMD: Failed to initialize OpenVR with code 110
[2016.11.02-22.03.34:863][  0]LogAIModule: Creating AISystem for world Untitled
[2016.11.02-22.03.34:870][  0]LogInit: XAudio2 using 'Speakers (High Definition Audio Device)' : 2 channels at 44.1 kHz using 16 bits per sample (channel mask 0x3)
[2016.11.02-22.03.34:966][  0]LogInit: FAudioDevice initialized.
[2016.11.02-22.03.35:051][  0]LogDerivedDataCache: Saved boot cache 0.08s 63MB C:/Users/Brian/AppData/Local/UnrealEngine/4.13/DerivedDataCache/Boot.ddc.
[2016.11.02-22.03.35:065][  0]LogInit: Texture streaming: Enabled
[2016.11.02-22.03.35:130][  0]LogInit: Transaction tracking system initialized
[2016.11.02-22.03.35:168][  0]BlueprintLog: New page: Editor Load
[2016.11.02-22.03.35:282][  0]LocalizationService: Info Localization service is disabled
[2016.11.02-22.03.35:382][  0]LogConsoleResponse:Display: 
[2016.11.02-22.03.35:540][  0]LogCook:Display: Max memory allowance for cook 16384mb min free memory 0mb
[2016.11.02-22.03.35:540][  0]LogCook:Display: Mobile HDR setting 1
[2016.11.02-22.03.35:755][  0]LogFileCache: Scanning file cache for directory 'C:/Users/Brian/Documents/GitHub/quad-shaped-battle-objects/CardGameProject3/Content/' took 0.01s
[2016.11.02-22.03.35:755][  0]SourceControl: Info Source control is disabled
[2016.11.02-22.03.35:756][  0]Cmd: MAP LOAD FILE="../../../Engine/Content/Maps/Templates/Template_Default.umap" TEMPLATE=1 SHOWPROGRESS=1 FEATURELEVEL=3
[2016.11.02-22.03.35:756][  0]LightingResults: New page: Lighting Build
[2016.11.02-22.03.35:759][  0]MapCheck: New page: Map Check
[2016.11.02-22.03.35:759][  0]LightingResults: New page: Lighting Build
[2016.11.02-22.03.36:129][  0]LogAIModule: Creating AISystem for world Untitled_1
[2016.11.02-22.03.36:136][  0]LogEditorServer: Finished looking for orphan Actors (0.000 secs)
[2016.11.02-22.03.36:142][  0]Cmd: MAP CHECKDEP NOCLEARLOG
[2016.11.02-22.03.36:198][  0]MapCheck: Info Map check complete: 0 Error(s), 0 Warning(s), took 55.263ms to complete.
[2016.11.02-22.03.36:198][  0]LogFileHelpers: Loading map 'Template_Default' took 0.442
[2016.11.02-22.03.36:354][  0]LogCollectionManager: Loaded 0 collections in 0.003474 seconds
[2016.11.02-22.03.36:397][  0]LogFileCache: Scanning file cache for directory 'C:/Users/Brian/Documents/GitHub/quad-shaped-battle-objects/CardGameProject3/Saved/Collections/' took 0.01s
[2016.11.02-22.03.36:397][  0]LogFileCache: Scanning file cache for directory 'C:/Users/Brian/Documents/GitHub/quad-shaped-battle-objects/CardGameProject3/Content/Developers/Brian/Collections/' took 0.01s
[2016.11.02-22.03.36:397][  0]LogFileCache: Scanning file cache for directory 'C:/Users/Brian/Documents/GitHub/quad-shaped-battle-objects/CardGameProject3/Content/Collections/' took 0.01s
[2016.11.02-22.03.36:397][  0]LogCollectionManager: Rebuilt the GUID cache for 0 collections in 0.000003 seconds
[2016.11.02-22.03.36:416][  0]LogContentBrowser: Native class hierarchy populated in 0.0183 seconds. Added 2141 classes and 415 folders.
[2016.11.02-22.03.36:422][  0]LogStats: UGameplayTagsManager::ConstructGameplayTagTree: Construct from data asset -  0.000 s
[2016.11.02-22.03.36:422][  0]LogStats: UGameplayTagsManager::ConstructGameplayTagTree: GameplayTagTreeChangedEvent.Broadcast -  0.000 s
[2016.11.02-22.03.36:423][  0]LogContentBrowser: Native class hierarchy updated for 'GameplayTags' in 0.0009 seconds. Added 12 classes and 0 folders.
[2016.11.02-22.03.36:430][  0]LogContentBrowser: Native class hierarchy updated for 'WidgetCarousel' in 0.0005 seconds. Added 0 classes and 0 folders.
[2016.11.02-22.03.36:476][  0]LogContentBrowser: Native class hierarchy updated for 'AddContentDialog' in 0.0006 seconds. Added 0 classes and 0 folders.
[2016.11.02-22.03.36:482][  0]LogContentBrowser: Native class hierarchy updated for 'SceneOutliner' in 0.0006 seconds. Added 1 classes and 2 folders.
[2016.11.02-22.03.36:541][  0]LogCrashTracker: Crashtracker disabled due to settings.
[2016.11.02-22.03.36:546][  0]LogUObjectGlobals:Warning: Failed to find object 'Class None.'
[2016.11.02-22.03.36:577][  0]LogContentBrowser: Native class hierarchy updated for 'HierarchicalLODOutliner' in 0.0006 seconds. Added 1 classes and 2 folders.
[2016.11.02-22.03.36:578][  0]LogLoad: (Engine Initialization) Total time: 8.43 seconds
[2016.11.02-22.03.36:578][  0]LogLoad: (Engine Initialization) Total Blueprint compile time: 0.07 seconds
[2016.11.02-22.03.36:578][  0]LogExternalProfiler: Found external profiler: VSPerf
[2016.11.02-22.03.36:578][  0]LogExternalProfiler: Using external profiler: VSPerf
[2016.11.02-22.03.36:587][  0]LogOcInput: OculusInput pre-init called
[2016.11.02-22.03.36:610][  0]LogContentStreaming: Texture pool size now 1000 MB
[2016.11.02-22.03.36:817][  0]LogRenderer: Reallocating scene render targets to support 1004x504 (Frame:2).
[2016.11.02-22.03.37:012][  2]LogAssetRegistry: Asset discovery search completed in 4.1120 seconds
[2016.11.02-22.03.37:013][  2]LogCollectionManager: Rebuilt the object cache for 0 collections in 0.000001 seconds (found 0 objects)
[2016.11.02-22.03.37:013][  2]LogCollectionManager: Fixed up redirectors for 0 collections in 0.000037 seconds (updated 0 objects)
[2016.11.02-22.03.40:657][ 89]LogContentBrowser: Native class hierarchy updated for 'BlueprintGraph' in 0.0010 seconds. Added 112 classes and 0 folders.
[2016.11.02-22.04.24:238][ 97]LogAIModule: Creating AISystem for world BasicLevel
[2016.11.02-22.04.24:304][ 97]Cmd: MAP LOAD FILE="../../../../../../Users/Brian/Documents/GitHub/quad-shaped-battle-objects/CardGameProject3/Content/Levels/BasicLevel.umap" TEMPLATE=0 SHOWPROGRESS=1 FEATURELEVEL=3
[2016.11.02-22.04.24:304][ 97]LightingResults: New page: Lighting Build
[2016.11.02-22.04.24:306][ 97]LoadErrors: New page: Loading map: BasicLevel.umap
[2016.11.02-22.04.24:307][ 97]MapCheck: New page: Map Check
[2016.11.02-22.04.24:307][ 97]LightingResults: New page: Lighting Build
[2016.11.02-22.04.24:541][ 97]LogEditorServer: Finished looking for orphan Actors (0.000 secs)
[2016.11.02-22.04.24:633][ 97]Cmd: MAP CHECKDEP NOCLEARLOG
[2016.11.02-22.04.24:760][ 97]MapCheck: Info Map check complete: 0 Error(s), 0 Warning(s), took 126.458ms to complete.
[2016.11.02-22.04.24:762][ 97]LogFileHelpers: Loading map 'BasicLevel' took 0.460
[2016.11.02-22.05.44:384][184]Cmd: OBJ SAVEPACKAGE PACKAGE="/Game/Blueprints/Card" FILE="../../../../../../Users/Brian/Documents/GitHub/quad-shaped-battle-objects/CardGameProject3/Content/Blueprints/Card.uasset" SILENT=true
[2016.11.02-22.05.44:479][184]LogSavePackage: Save=69.65ms
[2016.11.02-22.05.44:479][184]LogSavePackage: Moving '../../../../../../Users/Brian/Documents/GitHub/quad-shaped-battle-objects/CardGameProject3/Saved/CardADC30BA14DD1042B8CF0CEBD5DACB70A.tmp' to '../../../../../../Users/Brian/Documents/GitHub/quad-shaped-battle-objects/CardGameProject3/Content/Blueprints/Card.uasset'
[2016.11.02-22.05.44:482][184]LogSavePackage:Display: Finished SavePackage ../../../../../../Users/Brian/Documents/GitHub/quad-shaped-battle-objects/CardGameProject3/Content/Blueprints/Card.uasset
[2016.11.02-22.06.56:882][648]Cmd: OBJ SAVEPACKAGE PACKAGE="/Game/Blueprints/Card" FILE="../../../../../../Users/Brian/Documents/GitHub/quad-shaped-battle-objects/CardGameProject3/Content/Blueprints/Card.uasset" SILENT=true
[2016.11.02-22.06.57:114][648]LogSavePackage: Save=184.97ms
[2016.11.02-22.06.57:114][648]LogSavePackage: Moving '../../../../../../Users/Brian/Documents/GitHub/quad-shaped-battle-objects/CardGameProject3/Saved/CardCED37D5A471BE9DCA6CF6E85B84FC10C.tmp' to '../../../../../../Users/Brian/Documents/GitHub/quad-shaped-battle-objects/CardGameProject3/Content/Blueprints/Card.uasset'
[2016.11.02-22.06.57:120][648]LogSavePackage:Display: Finished SavePackage ../../../../../../Users/Brian/Documents/GitHub/quad-shaped-battle-objects/CardGameProject3/Content/Blueprints/Card.uasset
[2016.11.02-22.07.03:700][ 71]LogRenderer: Reallocating scene render targets to support 1004x568 (Frame:371).
[2016.11.02-22.07.18:224][531]BlueprintLog: New page: Compile Card
[2016.11.02-22.07.25:231][857]BlueprintLog: New page: Compile Card
[2016.11.02-22.07.25:983][896]Cmd: OBJ SAVEPACKAGE PACKAGE="/Game/Blueprints/Card" FILE="../../../../../../Users/Brian/Documents/GitHub/quad-shaped-battle-objects/CardGameProject3/Content/Blueprints/Card.uasset" SILENT=true
[2016.11.02-22.07.26:056][896]LogSavePackage: Save=60.15ms
[2016.11.02-22.07.26:056][896]LogSavePackage: Moving '../../../../../../Users/Brian/Documents/GitHub/quad-shaped-battle-objects/CardGameProject3/Saved/Card3A06081D448CD85BF401C4947A02616A.tmp' to '../../../../../../Users/Brian/Documents/GitHub/quad-shaped-battle-objects/CardGameProject3/Content/Blueprints/Card.uasset'
[2016.11.02-22.07.26:060][896]LogSavePackage:Display: Finished SavePackage ../../../../../../Users/Brian/Documents/GitHub/quad-shaped-battle-objects/CardGameProject3/Content/Blueprints/Card.uasset
[2016.11.02-22.07.28:718][ 12]LogSavePackage: Save=42.42ms
[2016.11.02-22.07.28:718][ 12]LogSavePackage: Moving '../../../../../../Users/Brian/Documents/GitHub/quad-shaped-battle-objects/CardGameProject3/Saved/BasicLevelC06D245D449EB55A92A4BD9EFE8A06B3.tmp' to '../../../../../../Users/Brian/Documents/GitHub/quad-shaped-battle-objects/CardGameProject3/Content/Levels/BasicLevel.umap'
[2016.11.02-22.07.28:721][ 12]LogSavePackage:Display: Finished SavePackage ../../../../../../Users/Brian/Documents/GitHub/quad-shaped-battle-objects/CardGameProject3/Content/Levels/BasicLevel.umap
[2016.11.02-22.07.28:763][ 12]LogFileHelpers: Saving map 'BasicLevel' took 0.237
[2016.11.02-22.08.05:440][977]Cmd: OBJ SAVEPACKAGE PACKAGE="/Game/Blueprints/Card" FILE="../../../../../../Users/Brian/Documents/GitHub/quad-shaped-battle-objects/CardGameProject3/Content/Blueprints/Card.uasset" SILENT=true
[2016.11.02-22.08.05:639][977]LogSavePackage: Save=160.83ms
[2016.11.02-22.08.05:639][977]LogSavePackage: Moving '../../../../../../Users/Brian/Documents/GitHub/quad-shaped-battle-objects/CardGameProject3/Saved/Card20A9BD3B4CA08E989859A78AE84F36DA.tmp' to '../../../../../../Users/Brian/Documents/GitHub/quad-shaped-battle-objects/CardGameProject3/Content/Blueprints/Card.uasset'
[2016.11.02-22.08.05:643][977]LogSavePackage:Display: Finished SavePackage ../../../../../../Users/Brian/Documents/GitHub/quad-shaped-battle-objects/CardGameProject3/Content/Blueprints/Card.uasset
[2016.11.02-22.08.06:816][ 54]BlueprintLog: New page: Compile Card
[2016.11.02-22.08.11:630][232]LogSavePackage: Save=42.61ms
[2016.11.02-22.08.11:630][232]LogSavePackage: Moving '../../../../../../Users/Brian/Documents/GitHub/quad-shaped-battle-objects/CardGameProject3/Saved/BasicLevel0DD3E26D45B7BC859CC300847DA43827.tmp' to '../../../../../../Users/Brian/Documents/GitHub/quad-shaped-battle-objects/CardGameProject3/Content/Levels/BasicLevel.umap'
[2016.11.02-22.08.11:633][232]LogSavePackage:Display: Finished SavePackage ../../../../../../Users/Brian/Documents/GitHub/quad-shaped-battle-objects/CardGameProject3/Content/Levels/BasicLevel.umap
[2016.11.02-22.08.11:663][232]LogFileHelpers: Saving map 'BasicLevel' took 0.271
[2016.11.02-22.08.20:770][704]BlueprintLog: New page: Compile Card
[2016.11.02-22.09.29:087][583]LogSavePackage: Save=38.94ms
[2016.11.02-22.09.29:087][583]LogSavePackage: Moving '../../../../../../Users/Brian/Documents/GitHub/quad-shaped-battle-objects/CardGameProject3/Saved/BasicLevelE6E7A039443FDD396F76828D26886245.tmp' to '../../../../../../Users/Brian/Documents/GitHub/quad-shaped-battle-objects/CardGameProject3/Content/Levels/BasicLevel.umap'
[2016.11.02-22.09.29:090][583]LogSavePackage:Display: Finished SavePackage ../../../../../../Users/Brian/Documents/GitHub/quad-shaped-battle-objects/CardGameProject3/Content/Levels/BasicLevel.umap
[2016.11.02-22.09.29:113][583]LogFileHelpers: Saving map 'BasicLevel' took 0.189
[2016.11.02-22.09.29:162][583]Cmd: OBJ SAVEPACKAGE PACKAGE="/Game/Blueprints/Card" FILE="../../../../../../Users/Brian/Documents/GitHub/quad-shaped-battle-objects/CardGameProject3/Content/Blueprints/Card.uasset" SILENT=true
[2016.11.02-22.09.29:231][583]LogSavePackage: Save=57.50ms
[2016.11.02-22.09.29:231][583]LogSavePackage: Moving '../../../../../../Users/Brian/Documents/GitHub/quad-shaped-battle-objects/CardGameProject3/Saved/CardD566EB5A47F379573D552999FA30BC0E.tmp' to '../../../../../../Users/Brian/Documents/GitHub/quad-shaped-battle-objects/CardGameProject3/Content/Blueprints/Card.uasset'
[2016.11.02-22.09.29:234][583]LogSavePackage:Display: Finished SavePackage ../../../../../../Users/Brian/Documents/GitHub/quad-shaped-battle-objects/CardGameProject3/Content/Blueprints/Card.uasset
[2016.11.02-22.09.56:433][264]Cmd: OBJ SAVEPACKAGE PACKAGE="/Game/Blueprints/Card" FILE="../../../../../../Users/Brian/Documents/GitHub/quad-shaped-battle-objects/CardGameProject3/Content/Blueprints/Card.uasset" SILENT=true
[2016.11.02-22.09.56:513][264]LogSavePackage: Save=62.21ms
[2016.11.02-22.09.56:513][264]LogSavePackage: Moving '../../../../../../Users/Brian/Documents/GitHub/quad-shaped-battle-objects/CardGameProject3/Saved/Card0382109D4B9CC54302ABC6A1FA6CA518.tmp' to '../../../../../../Users/Brian/Documents/GitHub/quad-shaped-battle-objects/CardGameProject3/Content/Blueprints/Card.uasset'
[2016.11.02-22.09.56:516][264]LogSavePackage:Display: Finished SavePackage ../../../../../../Users/Brian/Documents/GitHub/quad-shaped-battle-objects/CardGameProject3/Content/Blueprints/Card.uasset
[2016.11.02-22.10.13:167][294]BlueprintLog: New page: Compile Card
[2016.11.02-22.10.22:949][469]LogSavePackage: Save=41.11ms
[2016.11.02-22.10.22:949][469]LogSavePackage: Moving '../../../../../../Users/Brian/Documents/GitHub/quad-shaped-battle-objects/CardGameProject3/Saved/BasicLevel7681483248C3EFB99F4DA88F9B9AE24F.tmp' to '../../../../../../Users/Brian/Documents/GitHub/quad-shaped-battle-objects/CardGameProject3/Content/Levels/BasicLevel.umap'
[2016.11.02-22.10.22:953][469]LogSavePackage:Display: Finished SavePackage ../../../../../../Users/Brian/Documents/GitHub/quad-shaped-battle-objects/CardGameProject3/Content/Levels/BasicLevel.umap
[2016.11.02-22.10.22:977][469]LogFileHelpers: Saving map 'BasicLevel' took 0.232
[2016.11.02-22.10.31:605][960]BlueprintLog: New page: Compile Card
[2016.11.02-22.10.35:039][101]LogSavePackage: Save=75.76ms
[2016.11.02-22.10.35:039][101]LogSavePackage: Moving '../../../../../../Users/Brian/Documents/GitHub/quad-shaped-battle-objects/CardGameProject3/Saved/BasicLevelC783189240C21DEB4EC3C2BA77E35743.tmp' to '../../../../../../Users/Brian/Documents/GitHub/quad-shaped-battle-objects/CardGameProject3/Content/Levels/BasicLevel.umap'
[2016.11.02-22.10.35:044][101]LogSavePackage:Display: Finished SavePackage ../../../../../../Users/Brian/Documents/GitHub/quad-shaped-battle-objects/CardGameProject3/Content/Levels/BasicLevel.umap
[2016.11.02-22.10.35:079][101]LogFileHelpers: Saving map 'BasicLevel' took 0.410
[2016.11.02-22.10.35:125][101]Cmd: OBJ SAVEPACKAGE PACKAGE="/Game/Blueprints/Card" FILE="../../../../../../Users/Brian/Documents/GitHub/quad-shaped-battle-objects/CardGameProject3/Content/Blueprints/Card.uasset" SILENT=true
[2016.11.02-22.10.35:194][101]LogSavePackage: Save=58.20ms
[2016.11.02-22.10.35:194][101]LogSavePackage: Moving '../../../../../../Users/Brian/Documents/GitHub/quad-shaped-battle-objects/CardGameProject3/Saved/Card9BD1ABD04BEC3B2B4A42818CC643825F.tmp' to '../../../../../../Users/Brian/Documents/GitHub/quad-shaped-battle-objects/CardGameProject3/Content/Blueprints/Card.uasset'
[2016.11.02-22.10.35:198][101]LogSavePackage:Display: Finished SavePackage ../../../../../../Users/Brian/Documents/GitHub/quad-shaped-battle-objects/CardGameProject3/Content/Blueprints/Card.uasset
[2016.11.02-22.11.39:020][908]BlueprintLog: New page: Compile Card
[2016.11.02-22.12.43:871][331]LogSavePackage: Save=165.00ms
[2016.11.02-22.12.43:871][331]LogSavePackage: Moving '../../../../../../Users/Brian/Documents/GitHub/quad-shaped-battle-objects/CardGameProject3/Saved/BasicLevel2289BC7F42FA8AA85AE9EF94E3B94980.tmp' to '../../../../../../Users/Brian/Documents/GitHub/quad-shaped-battle-objects/CardGameProject3/Content/Levels/BasicLevel.umap'
[2016.11.02-22.12.43:880][331]LogSavePackage:Display: Finished SavePackage ../../../../../../Users/Brian/Documents/GitHub/quad-shaped-battle-objects/CardGameProject3/Content/Levels/BasicLevel.umap
[2016.11.02-22.12.43:940][331]LogFileHelpers: Saving map 'BasicLevel' took 0.634
[2016.11.02-22.12.43:987][331]Cmd: OBJ SAVEPACKAGE PACKAGE="/Game/Blueprints/Card" FILE="../../../../../../Users/Brian/Documents/GitHub/quad-shaped-battle-objects/CardGameProject3/Content/Blueprints/Card.uasset" SILENT=true
[2016.11.02-22.12.44:070][331]LogSavePackage: Save=59.86ms
[2016.11.02-22.12.44:070][331]LogSavePackage: Moving '../../../../../../Users/Brian/Documents/GitHub/quad-shaped-battle-objects/CardGameProject3/Saved/Card457B8B8943DDFA9943E2EF8DA7772283.tmp' to '../../../../../../Users/Brian/Documents/GitHub/quad-shaped-battle-objects/CardGameProject3/Content/Blueprints/Card.uasset'
[2016.11.02-22.12.44:074][331]LogSavePackage:Display: Finished SavePackage ../../../../../../Users/Brian/Documents/GitHub/quad-shaped-battle-objects/CardGameProject3/Content/Blueprints/Card.uasset
[2016.11.02-22.14.11:144][267]Cmd: OBJ SAVEPACKAGE PACKAGE="/Game/Blueprints/Card" FILE="../../../../../../Users/Brian/Documents/GitHub/quad-shaped-battle-objects/CardGameProject3/Content/Blueprints/Card.uasset" SILENT=true
[2016.11.02-22.14.11:275][267]LogSavePackage: Save=89.53ms
[2016.11.02-22.14.11:275][267]LogSavePackage: Moving '../../../../../../Users/Brian/Documents/GitHub/quad-shaped-battle-objects/CardGameProject3/Saved/CardA9C0B6E5447A46C55DF5518BB9C764A5.tmp' to '../../../../../../Users/Brian/Documents/GitHub/quad-shaped-battle-objects/CardGameProject3/Content/Blueprints/Card.uasset'
[2016.11.02-22.14.11:281][267]LogSavePackage:Display: Finished SavePackage ../../../../../../Users/Brian/Documents/GitHub/quad-shaped-battle-objects/CardGameProject3/Content/Blueprints/Card.uasset
[2016.11.02-22.14.12:311][326]BlueprintLog: New page: Compile Card
[2016.11.02-22.14.49:715][ 49]LogSavePackage: Save=130.04ms
[2016.11.02-22.14.49:715][ 49]LogSavePackage: Moving '../../../../../../Users/Brian/Documents/GitHub/quad-shaped-battle-objects/CardGameProject3/Saved/BasicLevel69E052D84689E428338E459951F8EF75.tmp' to '../../../../../../Users/Brian/Documents/GitHub/quad-shaped-battle-objects/CardGameProject3/Content/Levels/BasicLevel.umap'
[2016.11.02-22.14.49:722][ 49]LogSavePackage:Display: Finished SavePackage ../../../../../../Users/Brian/Documents/GitHub/quad-shaped-battle-objects/CardGameProject3/Content/Levels/BasicLevel.umap
[2016.11.02-22.14.49:792][ 49]LogFileHelpers: Saving map 'BasicLevel' took 0.441
[2016.11.02-22.14.49:875][ 49]Cmd: OBJ SAVEPACKAGE PACKAGE="/Game/Blueprints/Card" FILE="../../../../../../Users/Brian/Documents/GitHub/quad-shaped-battle-objects/CardGameProject3/Content/Blueprints/Card.uasset" SILENT=true
[2016.11.02-22.14.49:979][ 49]LogSavePackage: Save=70.43ms
[2016.11.02-22.14.49:979][ 49]LogSavePackage: Moving '../../../../../../Users/Brian/Documents/GitHub/quad-shaped-battle-objects/CardGameProject3/Saved/CardDA5CD5604300DFAB45656FB9DFE82747.tmp' to '../../../../../../Users/Brian/Documents/GitHub/quad-shaped-battle-objects/CardGameProject3/Content/Blueprints/Card.uasset'
[2016.11.02-22.14.49:982][ 49]LogSavePackage:Display: Finished SavePackage ../../../../../../Users/Brian/Documents/GitHub/quad-shaped-battle-objects/CardGameProject3/Content/Blueprints/Card.uasset
[2016.11.02-22.14.59:350][184]LogSavePackage: Save=159.26ms
[2016.11.02-22.14.59:350][184]LogSavePackage: Moving '../../../../../../Users/Brian/Documents/GitHub/quad-shaped-battle-objects/CardGameProject3/Saved/BasicLevelDFBBF7D4436FEB4FE7E9FFA5E042E6AC.tmp' to '../../../../../../Users/Brian/Documents/GitHub/quad-shaped-battle-objects/CardGameProject3/Content/Levels/BasicLevel.umap'
[2016.11.02-22.14.59:362][184]LogSavePackage:Display: Finished SavePackage ../../../../../../Users/Brian/Documents/GitHub/quad-shaped-battle-objects/CardGameProject3/Content/Levels/BasicLevel.umap
[2016.11.02-22.14.59:432][184]LogFileHelpers: Saving map 'BasicLevel' took 0.563
[2016.11.02-22.14.59:483][184]Cmd: OBJ SAVEPACKAGE PACKAGE="/Game/Blueprints/Card" FILE="../../../../../../Users/Brian/Documents/GitHub/quad-shaped-battle-objects/CardGameProject3/Content/Blueprints/Card.uasset" SILENT=true
[2016.11.02-22.14.59:587][184]LogSavePackage: Save=80.45ms
[2016.11.02-22.14.59:587][184]LogSavePackage: Moving '../../../../../../Users/Brian/Documents/GitHub/quad-shaped-battle-objects/CardGameProject3/Saved/Card6D0ED41B48172A55B95DF38F639CBA27.tmp' to '../../../../../../Users/Brian/Documents/GitHub/quad-shaped-battle-objects/CardGameProject3/Content/Blueprints/Card.uasset'
[2016.11.02-22.14.59:591][184]LogSavePackage:Display: Finished SavePackage ../../../../../../Users/Brian/Documents/GitHub/quad-shaped-battle-objects/CardGameProject3/Content/Blueprints/Card.uasset
[2016.11.02-22.15.28:873][723]LogSavePackage: Save=148.47ms
[2016.11.02-22.15.28:873][723]LogSavePackage: Moving '../../../../../../Users/Brian/Documents/GitHub/quad-shaped-battle-objects/CardGameProject3/Saved/BasicLevel33F2F87044C082B6940723BCE69B9E51.tmp' to '../../../../../../Users/Brian/Documents/GitHub/quad-shaped-battle-objects/CardGameProject3/Content/Levels/BasicLevel.umap'
[2016.11.02-22.15.28:880][723]LogSavePackage:Display: Finished SavePackage ../../../../../../Users/Brian/Documents/GitHub/quad-shaped-battle-objects/CardGameProject3/Content/Levels/BasicLevel.umap
[2016.11.02-22.15.28:926][723]LogFileHelpers: Saving map 'BasicLevel' took 0.589
[2016.11.02-22.15.28:984][723]Cmd: OBJ SAVEPACKAGE PACKAGE="/Game/Blueprints/Card" FILE="../../../../../../Users/Brian/Documents/GitHub/quad-shaped-battle-objects/CardGameProject3/Content/Blueprints/Card.uasset" SILENT=true
[2016.11.02-22.15.29:078][723]LogSavePackage: Save=75.79ms
[2016.11.02-22.15.29:078][723]LogSavePackage: Moving '../../../../../../Users/Brian/Documents/GitHub/quad-shaped-battle-objects/CardGameProject3/Saved/Card6170458C475102C8D73C008B0F74345A.tmp' to '../../../../../../Users/Brian/Documents/GitHub/quad-shaped-battle-objects/CardGameProject3/Content/Blueprints/Card.uasset'
[2016.11.02-22.15.29:081][723]LogSavePackage:Display: Finished SavePackage ../../../../../../Users/Brian/Documents/GitHub/quad-shaped-battle-objects/CardGameProject3/Content/Blueprints/Card.uasset
[2016.11.02-22.15.31:522][767]LogEditorViewport: Clicking on Actor (LMB): StaticMeshActor (Cube)
[2016.11.02-22.15.52:750][ 63]LogEditorViewport: Clicking on Actor (LMB): StaticMeshActor (Floor)
[2016.11.02-22.16.35:207][249]Cmd: OBJ SAVEPACKAGE PACKAGE="/Game/Blueprints/Card" FILE="../../../../../../Users/Brian/Documents/GitHub/quad-shaped-battle-objects/CardGameProject3/Content/Blueprints/Card.uasset" SILENT=true
[2016.11.02-22.16.35:313][249]LogSavePackage: Save=73.92ms
[2016.11.02-22.16.35:313][249]LogSavePackage: Moving '../../../../../../Users/Brian/Documents/GitHub/quad-shaped-battle-objects/CardGameProject3/Saved/Card87BFE3E9481BEF05CDF755A3113C8F76.tmp' to '../../../../../../Users/Brian/Documents/GitHub/quad-shaped-battle-objects/CardGameProject3/Content/Blueprints/Card.uasset'
[2016.11.02-22.16.35:316][249]LogSavePackage:Display: Finished SavePackage ../../../../../../Users/Brian/Documents/GitHub/quad-shaped-battle-objects/CardGameProject3/Content/Blueprints/Card.uasset
[2016.11.02-22.16.40:438][538]BlueprintLog: New page: Compile Card
[2016.11.02-22.19.03:068][ 75]BlueprintLog: New page: Compile Card
[2016.11.02-22.19.07:569][172]LogSavePackage: Save=170.17ms
[2016.11.02-22.19.07:570][172]LogSavePackage: Moving '../../../../../../Users/Brian/Documents/GitHub/quad-shaped-battle-objects/CardGameProject3/Saved/BasicLevel966EB998456270EF3DEBE0A0564DA5E6.tmp' to '../../../../../../Users/Brian/Documents/GitHub/quad-shaped-battle-objects/CardGameProject3/Content/Levels/BasicLevel.umap'
[2016.11.02-22.19.07:581][172]LogSavePackage:Display: Finished SavePackage ../../../../../../Users/Brian/Documents/GitHub/quad-shaped-battle-objects/CardGameProject3/Content/Levels/BasicLevel.umap
[2016.11.02-22.19.07:706][172]LogFileHelpers: Saving map 'BasicLevel' took 0.718
[2016.11.02-22.19.07:800][172]Cmd: OBJ SAVEPACKAGE PACKAGE="/Game/Blueprints/Card" FILE="../../../../../../Users/Brian/Documents/GitHub/quad-shaped-battle-objects/CardGameProject3/Content/Blueprints/Card.uasset" SILENT=true
[2016.11.02-22.19.08:090][172]LogSavePackage: Save=239.45ms
[2016.11.02-22.19.08:090][172]LogSavePackage: Moving '../../../../../../Users/Brian/Documents/GitHub/quad-shaped-battle-objects/CardGameProject3/Saved/Card76F597974A0078A7F000189F882BA715.tmp' to '../../../../../../Users/Brian/Documents/GitHub/quad-shaped-battle-objects/CardGameProject3/Content/Blueprints/Card.uasset'
[2016.11.02-22.19.08:103][172]LogSavePackage:Display: Finished SavePackage ../../../../../../Users/Brian/Documents/GitHub/quad-shaped-battle-objects/CardGameProject3/Content/Blueprints/Card.uasset
[2016.11.02-22.19.28:666][472]LogActorComponent: UnregisterComponent: (/Engine/Transient.EditorFloorComp) Not registered. Aborting.
[2016.11.02-22.19.28:750][472]LogWindowsTextInputMethodSystem:Display: IME system now deactivated.
[2016.11.02-22.19.29:064][473]Cmd: QUIT_EDITOR
[2016.11.02-22.19.29:303][473]LogExit: Preparing to exit.
[2016.11.02-22.19.30:606][473]LogDirectoryWatcher: A directory notification for 'C:/Users/Brian/Documents/GitHub/quad-shaped-battle-objects/CardGameProject3/Content/' was aborted.
[2016.11.02-22.19.30:645][473]LogExit: Editor shut down
[2016.11.02-22.19.30:645][473]LogExit: Transaction tracking system shut down
[2016.11.02-22.19.30:891][473]LogObj: Freed 0b from 0 cluster array pools.
[2016.11.02-22.19.30:891][473]LogExit: Object subsystem successfully closed.
[2016.11.02-22.19.30:916][473]LogD3D11RHI: Shutdown
[2016.11.02-22.19.30:916][473]LogD3D11RHI: CleanupD3DDevice
[2016.11.02-22.19.31:049][473]LogD3D11RHI: ~FD3D11DynamicRHI
[2016.11.02-22.19.31:098][473]LogModuleManager: Shutting down and abandoning module BlueprintGraph (235)
[2016.11.02-22.19.31:098][473]LogModuleManager: Shutting down and abandoning module BlueprintProfiler (234)
[2016.11.02-22.19.31:099][473]LogModuleManager: Shutting down and abandoning module HierarchicalLODOutliner (233)
[2016.11.02-22.19.31:099][473]LogModuleManager: Shutting down and abandoning module CrashTracker (232)
[2016.11.02-22.19.31:099][473]LogModuleManager: Shutting down and abandoning module SceneOutliner (231)
[2016.11.02-22.19.31:099][473]LogModuleManager: Shutting down and abandoning module WidgetCarousel (230)
[2016.11.02-22.19.31:099][473]LogModuleManager: Shutting down and abandoning module AddContentDialog (229)
[2016.11.02-22.19.31:099][473]LogDirectoryWatcher: A directory notification for 'C:/Program Files (x86)/Epic Games/4.13/FeaturePacks/' was aborted.
[2016.11.02-22.19.31:101][473]LogModuleManager: Shutting down and abandoning module GameplayTags (228)
[2016.11.02-22.19.31:101][473]LogModuleManager: Shutting down and abandoning module EditorWidgets (227)
[2016.11.02-22.19.31:101][473]LogModuleManager: Shutting down and abandoning module CollectionManager (226)
[2016.11.02-22.19.31:102][473]LogDirectoryWatcher: A directory notification for 'C:/Users/Brian/Documents/GitHub/quad-shaped-battle-objects/CardGameProject3/Content/Collections/' was aborted.
[2016.11.02-22.19.31:102][473]LogDirectoryWatcher: A directory notification for 'C:/Users/Brian/Documents/GitHub/quad-shaped-battle-objects/CardGameProject3/Content/Developers/Brian/Collections/' was aborted.
[2016.11.02-22.19.31:102][473]LogDirectoryWatcher: A directory notification for 'C:/Users/Brian/Documents/GitHub/quad-shaped-battle-objects/CardGameProject3/Saved/Collections/' was aborted.
[2016.11.02-22.19.31:102][473]LogModuleManager: Shutting down and abandoning module StatsViewer (225)
[2016.11.02-22.19.31:102][473]LogModuleManager: Shutting down and abandoning module FoliageEdit (224)
[2016.11.02-22.19.31:102][473]LogModuleManager: Shutting down and abandoning module LandscapeEditor (223)
[2016.11.02-22.19.31:103][473]LogModuleManager: Shutting down and abandoning module SceneDepthPickerMode (222)
[2016.11.02-22.19.31:103][473]LogModuleManager: Shutting down and abandoning module ActorPickerMode (221)
[2016.11.02-22.19.31:103][473]LogModuleManager: Shutting down and abandoning module GeometryMode (220)
[2016.11.02-22.19.31:103][473]LogModuleManager: Shutting down and abandoning module TextureAlignMode (219)
[2016.11.02-22.19.31:103][473]LogModuleManager: Shutting down and abandoning module BspMode (218)
[2016.11.02-22.19.31:103][473]LogModuleManager: Shutting down and abandoning module HardwareSurvey (217)
[2016.11.02-22.19.31:103][473]LogModuleManager: Shutting down and abandoning module SequenceRecorderSections (216)
[2016.11.02-22.19.31:103][473]LogModuleManager: Shutting down and abandoning module SequenceRecorder (215)
[2016.11.02-22.19.31:103][473]LogModuleManager: Shutting down and abandoning module AutomationWorker (214)
[2016.11.02-22.19.31:103][473]LogModuleManager: Shutting down and abandoning module MatineeToLevelSequence (213)
[2016.11.02-22.19.31:103][473]LogModuleManager: Shutting down and abandoning module PlacementMode (212)
[2016.11.02-22.19.31:103][473]LogModuleManager: Shutting down and abandoning module LevelSequenceEditor (211)
[2016.11.02-22.19.31:104][473]LogModuleManager: Shutting down and abandoning module WmfMediaFactory (210)
[2016.11.02-22.19.31:104][473]LogModuleManager: Shutting down and abandoning module WmfMediaEditor (209)
[2016.11.02-22.19.31:104][473]LogModuleManager: Shutting down and abandoning module AvfMediaFactory (208)
[2016.11.02-22.19.31:104][473]LogModuleManager: Shutting down and abandoning module AvfMediaEditor (207)
[2016.11.02-22.19.31:104][473]LogModuleManager: Shutting down and abandoning module Media (206)
[2016.11.02-22.19.31:104][473]LogModuleManager: Shutting down and abandoning module AndroidMediaFactory (205)
[2016.11.02-22.19.31:104][473]LogModuleManager: Shutting down and abandoning module AndroidMediaEditor (204)
[2016.11.02-22.19.31:104][473]LogModuleManager: Shutting down and abandoning module CharacterAI (203)
[2016.11.02-22.19.31:104][473]LogModuleManager: Shutting down and abandoning module SmartSnapping (202)
[2016.11.02-22.19.31:104][473]LogModuleManager: Shutting down and abandoning module SessionServices (201)
[2016.11.02-22.19.31:104][473]LogModuleManager: Shutting down and abandoning module ViewportSnapping (200)
[2016.11.02-22.19.31:104][473]LogModuleManager: Shutting down and abandoning module ViewportInteraction (199)
[2016.11.02-22.19.31:104][473]LogModuleManager: Shutting down and abandoning module LogVisualizer (198)
[2016.11.02-22.19.31:105][473]LogModuleManager: Shutting down and abandoning module GameProjectGeneration (197)
[2016.11.02-22.19.31:105][473]LogModuleManager: Shutting down and abandoning module IntroTutorials (196)
[2016.11.02-22.19.31:105][473]LogModuleManager: Shutting down and abandoning module EditorLiveStreaming (195)
[2016.11.02-22.19.31:105][473]LogModuleManager: Shutting down and abandoning module IOSPlatformEditor (194)
[2016.11.02-22.19.31:105][473]LogModuleManager: Shutting down and abandoning module HTML5PlatformEditor (193)
[2016.11.02-22.19.31:105][473]LogModuleManager: Shutting down and abandoning module AndroidDeviceDetection (192)
[2016.11.02-22.19.31:833][473]LogModuleManager: Shutting down and abandoning module AndroidPlatformEditor (191)
[2016.11.02-22.19.31:833][473]LogModuleManager: Shutting down and abandoning module IOSRuntimeSettings (190)
[2016.11.02-22.19.31:833][473]LogModuleManager: Shutting down and abandoning module AndroidRuntimeSettings (189)
[2016.11.02-22.19.31:833][473]LogModuleManager: Shutting down and abandoning module NiagaraEditor (188)
[2016.11.02-22.19.31:833][473]LogModuleManager: Shutting down and abandoning module MergeActors (187)
[2016.11.02-22.19.31:833][473]LogModuleManager: Shutting down and abandoning module SizeMap (186)
[2016.11.02-22.19.31:833][473]LogModuleManager: Shutting down and abandoning module TreeMap (185)
[2016.11.02-22.19.31:834][473]LogModuleManager: Shutting down and abandoning module ReferenceViewer (184)
[2016.11.02-22.19.31:834][473]LogModuleManager: Shutting down and abandoning module LocalizationService (183)
[2016.11.02-22.19.31:834][473]LogModuleManager: Shutting down and abandoning module LocalizationDashboard (182)
[2016.11.02-22.19.31:834][473]LogModuleManager: Shutting down and abandoning module HardwareTargeting (181)
[2016.11.02-22.19.31:834][473]LogModuleManager: Shutting down and abandoning module DeviceProfileEditor (180)
[2016.11.02-22.19.31:834][473]LogModuleManager: Shutting down and abandoning module UndoHistory (179)
[2016.11.02-22.19.31:834][473]LogModuleManager: Shutting down and abandoning module UserFeedback (178)
[2016.11.02-22.19.31:834][473]LogModuleManager: Shutting down and abandoning module XmlParser (177)
[2016.11.02-22.19.31:834][473]LogModuleManager: Shutting down and abandoning module Blutility (176)
[2016.11.02-22.19.31:834][473]LogModuleManager: Shutting down and abandoning module ProjectTargetPlatformEditor (175)
[2016.11.02-22.19.31:835][473]LogModuleManager: Shutting down and abandoning module ProjectSettingsViewer (174)
[2016.11.02-22.19.31:835][473]LogModuleManager: Shutting down and abandoning module InputBindingEditor (173)
[2016.11.02-22.19.31:835][473]LogModuleManager: Shutting down and abandoning module EditorSettingsViewer (172)
[2016.11.02-22.19.31:836][473]LogModuleManager: Shutting down and abandoning module SettingsEditor (171)
[2016.11.02-22.19.31:836][473]LogModuleManager: Shutting down and abandoning module ProjectLauncher (170)
[2016.11.02-22.19.31:836][473]LogModuleManager: Shutting down and abandoning module SessionFrontend (169)
[2016.11.02-22.19.31:836][473]LogModuleManager: Shutting down and abandoning module ProfilerClient (168)
[2016.11.02-22.19.31:836][473]LogModuleManager: Shutting down and abandoning module TargetDeviceServices (167)
[2016.11.02-22.19.31:836][473]LogModuleManager: Shutting down and abandoning module DeviceManager (166)
[2016.11.02-22.19.31:880][473]LogModuleManager: Shutting down and abandoning module AutomationController (165)
[2016.11.02-22.19.31:880][473]LogModuleManager: Shutting down and abandoning module AutomationWindow (164)
[2016.11.02-22.19.31:880][473]LogModuleManager: Shutting down and abandoning module Layers (163)
[2016.11.02-22.19.31:880][473]LogModuleManager: Shutting down and abandoning module ComponentVisualizers (162)
[2016.11.02-22.19.31:880][473]LogModuleManager: Shutting down and abandoning module DetailCustomizations (161)
[2016.11.02-22.19.31:880][473]LogModuleManager: Shutting down and abandoning module PackagesDialog (160)
[2016.11.02-22.19.31:881][473]LogModuleManager: Shutting down and abandoning module AnimGraph (159)
[2016.11.02-22.19.31:881][473]LogModuleManager: Shutting down and abandoning module Persona (158)
[2016.11.02-22.19.31:881][473]LogModuleManager: Shutting down and abandoning module Kismet (157)
[2016.11.02-22.19.31:898][473]LogModuleManager: Shutting down and abandoning module GraphEditor (156)
[2016.11.02-22.19.31:898][473]LogModuleManager: Shutting down and abandoning module ClassViewer (155)
[2016.11.02-22.19.31:899][473]LogModuleManager: Shutting down and abandoning module Toolbox (154)
[2016.11.02-22.19.31:899][473]LogModuleManager: Shutting down and abandoning module ModuleUI (153)
[2016.11.02-22.19.31:899][473]LogModuleManager: Shutting down and abandoning module MovieSceneTools (152)
[2016.11.02-22.19.31:899][473]LogModuleManager: Shutting down and abandoning module OutputLog (151)
[2016.11.02-22.19.31:899][473]LogModuleManager: Shutting down and abandoning module GammaUI (150)
[2016.11.02-22.19.31:899][473]LogModuleManager: Shutting down and abandoning module Documentation (149)
[2016.11.02-22.19.31:899][473]LogModuleManager: Shutting down and abandoning module Niagara (148)
[2016.11.02-22.19.31:899][473]LogModuleManager: Shutting down and abandoning module StreamingPauseRendering (147)
[2016.11.02-22.19.31:899][473]LogModuleManager: Shutting down and abandoning module AnalyticsET (146)
[2016.11.02-22.19.31:899][473]LogModuleManager: Shutting down and abandoning module PortalServices (145)
[2016.11.02-22.19.31:899][473]LogModuleManager: Shutting down and abandoning module PortalRpc (144)
[2016.11.02-22.19.31:899][473]LogModuleManager: Shutting down and abandoning module MessagingRpc (143)
[2016.11.02-22.19.31:900][473]LogModuleManager: Shutting down and abandoning module GameplayDebugger (142)
[2016.11.02-22.19.31:900][473]LogModuleManager: Shutting down and abandoning module AITestSuite (141)
[2016.11.02-22.19.31:900][473]LogModuleManager: Shutting down and abandoning module AIModule (140)
[2016.11.02-22.19.31:900][473]LogModuleManager: Shutting down and abandoning module ProfilerService (139)
[2016.11.02-22.19.32:053][473]LogModuleManager: Shutting down and abandoning module TaskGraph (138)
[2016.11.02-22.19.32:053][473]LogModuleManager: Shutting down and abandoning module SlateRemote (137)
[2016.11.02-22.19.32:053][473]LogModuleManager: Shutting down and abandoning module SteamVRController (136)
[2016.11.02-22.19.32:053][473]LogModuleManager: Shutting down and abandoning module SteamVR (135)
[2016.11.02-22.19.32:053][473]LogModuleManager: Shutting down and abandoning module ProceduralMeshComponentEditor (134)
[2016.11.02-22.19.32:053][473]LogModuleManager: Shutting down and abandoning module ProceduralMeshComponent (133)
[2016.11.02-22.19.32:054][473]LogModuleManager: Shutting down and abandoning module OculusLibrary (132)
[2016.11.02-22.19.32:054][473]LogModuleManager: Shutting down and abandoning module OculusInput (131)
[2016.11.02-22.19.32:054][473]LogModuleManager: Shutting down and abandoning module CustomMeshComponent (130)
[2016.11.02-22.19.32:054][473]LogModuleManager: Shutting down and abandoning module CableComponent (129)
[2016.11.02-22.19.32:054][473]LogModuleManager: Shutting down and abandoning module ArchVisCharacter (128)
[2016.11.02-22.19.32:054][473]LogModuleManager: Shutting down and abandoning module MediaPlayerEditor (126)
[2016.11.02-22.19.32:054][473]LogModuleManager: Shutting down and abandoning module HTML5Networking (125)
[2016.11.02-22.19.32:054][473]LogModuleManager: Shutting down and abandoning module GeometryCacheEd (124)
[2016.11.02-22.19.32:054][473]LogModuleManager: Shutting down and abandoning module GeometryCache (123)
[2016.11.02-22.19.32:054][473]LogModuleManager: Shutting down and abandoning module AlembicLibrary (122)
[2016.11.02-22.19.32:054][473]LogModuleManager: Shutting down and abandoning module AlembicImporter (121)
[2016.11.02-22.19.32:054][473]LogModuleManager: Shutting down and abandoning module SuperSearch (120)
[2016.11.02-22.19.32:055][473]LogModuleManager: Shutting down and abandoning module SuperSearchEditor (119)
[2016.11.02-22.19.32:055][473]LogModuleManager: Shutting down and abandoning module SpeedTreeImporter (118)
[2016.11.02-22.19.32:055][473]LogModuleManager: Shutting down and abandoning module PluginBrowser (117)
[2016.11.02-22.19.32:055][473]LogModuleManager: Shutting down and abandoning module MobileLauncherProfileWizard (116)
[2016.11.02-22.19.32:055][473]LogModuleManager: Shutting down and abandoning module EpicSurvey (115)
[2016.11.02-22.19.32:055][473]LogModuleManager: Shutting down and abandoning module DesktopPlatform (114)
[2016.11.02-22.19.32:055][473]LogModuleManager: Shutting down and abandoning module VisualStudioSourceCodeAccess (113)
[2016.11.02-22.19.32:055][473]LogModuleManager: Shutting down and abandoning module UObjectPlugin (112)
[2016.11.02-22.19.32:055][473]LogModuleManager: Shutting down and abandoning module SubversionSourceControl (111)
[2016.11.02-22.19.32:055][473]LogModuleManager: Shutting down and abandoning module PerforceSourceControl (110)
[2016.11.02-22.19.32:055][473]LogModuleManager: Shutting down and abandoning module SourceControl (109)
[2016.11.02-22.19.32:055][473]LogModuleManager: Shutting down and abandoning module GitSourceControl (108)
[2016.11.02-22.19.32:055][473]LogModuleManager: Shutting down and abandoning module LightPropagationVolumeEditor (107)
[2016.11.02-22.19.32:055][473]LogModuleManager: Shutting down and abandoning module PaperTiledImporter (106)
[2016.11.02-22.19.32:056][473]LogModuleManager: Shutting down and abandoning module PaperSpriteSheetImporter (105)
[2016.11.02-22.19.32:056][473]LogModuleManager: Shutting down and abandoning module MeshPaint (104)
[2016.11.02-22.19.32:056][473]LogModuleManager: Shutting down and abandoning module FbxAutomationBuilderModule (103)
[2016.11.02-22.19.32:056][473]LogModuleManager: Shutting down and abandoning module PixelInspectorModule (102)
[2016.11.02-22.19.32:056][473]LogModuleManager: Shutting down and abandoning module HotReload (101)
[2016.11.02-22.19.32:057][473]LogModuleManager: Shutting down and abandoning module MainFrame (100)
[2016.11.02-22.19.32:057][473]LogModuleManager: Shutting down and abandoning module LevelEditor (99)
[2016.11.02-22.19.32:059][473]LogModuleManager: Shutting down and abandoning module ContentBrowser (98)
[2016.11.02-22.19.32:062][473]LogModuleManager: Shutting down and abandoning module Paper2DEditor (97)
[2016.11.02-22.19.32:062][473]LogModuleManager: Shutting down and abandoning module UdpMessaging (96)
[2016.11.02-22.19.32:163][473]LogModuleManager: Shutting down and abandoning module TcpMessaging (95)
[2016.11.02-22.19.32:264][473]LogModuleManager: Shutting down and abandoning module LightPropagationVolumeRuntime (94)
[2016.11.02-22.19.32:264][473]LogModuleManager: Shutting down and abandoning module Paper2D (93)
[2016.11.02-22.19.32:264][473]LogModuleManager: Shutting down and abandoning module WindowsMoviePlayer (92)
[2016.11.02-22.19.32:264][473]LogModuleManager: Shutting down and abandoning module WmfMedia (91)
[2016.11.02-22.19.32:265][473]LogModuleManager: Shutting down and abandoning module MediaAssets (90)
[2016.11.02-22.19.32:265][473]LogModuleManager: Shutting down and abandoning module GameLiveStreaming (89)
[2016.11.02-22.19.32:265][473]LogModuleManager: Shutting down and abandoning module GameplayTagsEditor (88)
[2016.11.02-22.19.32:265][473]LogModuleManager: Shutting down and abandoning module VREditor (87)
[2016.11.02-22.19.32:265][473]LogModuleManager: Shutting down and abandoning module GameplayTasksEditor (86)
[2016.11.02-22.19.32:265][473]LogModuleManager: Shutting down and abandoning module PropertyEditor (85)
[2016.11.02-22.19.32:265][473]LogModuleManager: Shutting down and abandoning module BehaviorTreeEditor (84)
[2016.11.02-22.19.32:266][473]LogModuleManager: Shutting down and abandoning module FunctionalTesting (83)
[2016.11.02-22.19.32:266][473]LogModuleManager: Shutting down and abandoning module CollisionAnalyzer (82)
[2016.11.02-22.19.32:266][473]LogModuleManager: Shutting down and abandoning module Sequencer (81)
[2016.11.02-22.19.32:266][473]LogModuleManager: Shutting down and abandoning module WorkspaceMenuStructure (80)
[2016.11.02-22.19.32:266][473]LogModuleManager: Shutting down and abandoning module MessageLog (79)
[2016.11.02-22.19.32:266][473]LogModuleManager: Shutting down and abandoning module AssetTools (78)
[2016.11.02-22.19.32:266][473]LogModuleManager: Shutting down and abandoning module UMGEditor (77)
[2016.11.02-22.19.32:267][473]LogModuleManager: Shutting down and abandoning module UMG (76)
[2016.11.02-22.19.32:267][473]LogModuleManager: Shutting down and abandoning module SlateReflector (75)
[2016.11.02-22.19.32:267][473]LogModuleManager: Shutting down and abandoning module Slate (74)
[2016.11.02-22.19.32:267][473]LogModuleManager: Shutting down and abandoning module EditorStyle (73)
[2016.11.02-22.19.32:276][473]LogModuleManager: Shutting down and abandoning module SourceCodeAccess (72)
[2016.11.02-22.19.32:277][473]LogModuleManager: Shutting down and abandoning module HeadMountedDisplay (71)
[2016.11.02-22.19.32:277][473]LogModuleManager: Shutting down and abandoning module XAudio2 (70)
[2016.11.02-22.19.32:277][473]LogModuleManager: Shutting down and abandoning module Networking (68)
[2016.11.02-22.19.32:277][473]LogModuleManager: Shutting down and abandoning module Core (67)
[2016.11.02-22.19.32:277][473]LogModuleManager: Shutting down and abandoning module DirectoryWatcher (66)
[2016.11.02-22.19.32:277][473]LogDirectoryWatcher: A directory notification for '../../../Engine/Content/' was aborted.
[2016.11.02-22.19.32:277][473]LogDirectoryWatcher: A directory notification for '../../../../../../Users/Brian/Documents/GitHub/quad-shaped-battle-objects/CardGameProject3/Content/' was aborted.
[2016.11.02-22.19.32:278][473]LogDirectoryWatcher: A directory notification for '../../../Engine/Plugins/2D/Paper2D/Content/' was aborted.
[2016.11.02-22.19.32:279][473]LogModuleManager: Shutting down and abandoning module AssetRegistry (65)
[2016.11.02-22.19.32:420][473]LogModuleManager: Shutting down and abandoning module KismetCompiler (64)
[2016.11.02-22.19.32:420][473]LogModuleManager: Shutting down and abandoning module PhysXFormats (63)
[2016.11.02-22.19.32:420][473]LogModuleManager: Shutting down and abandoning module MeshUtilities (62)
[2016.11.02-22.19.32:421][473]LogModuleManager: Shutting down and abandoning module DerivedDataCache (61)
[2016.11.02-22.19.32:425][473]LogDerivedDataCache: Shutdown
[2016.11.02-22.19.32:425][473]LogModuleManager: Shutting down and abandoning module VulkanShaderFormat (60)
[2016.11.02-22.19.32:425][473]LogModuleManager: Shutting down and abandoning module ShaderFormatOpenGL (59)
[2016.11.02-22.19.32:425][473]LogModuleManager: Shutting down and abandoning module ShaderFormatD3D (58)
[2016.11.02-22.19.32:425][473]LogModuleManager: Shutting down and abandoning module MetalShaderFormat (57)
[2016.11.02-22.19.32:425][473]LogModuleManager: Shutting down and abandoning module TextureFormatUncompressed (56)
[2016.11.02-22.19.32:425][473]LogModuleManager: Shutting down and abandoning module TextureFormatPVR (55)
[2016.11.02-22.19.32:425][473]LogModuleManager: Shutting down and abandoning module TextureFormatDXT (54)
[2016.11.02-22.19.32:425][473]LogModuleManager: Shutting down and abandoning module TextureFormatIntelISPCTexComp (53)
[2016.11.02-22.19.32:426][473]LogModuleManager: Shutting down and abandoning module ImageWrapper (52)
[2016.11.02-22.19.32:426][473]LogModuleManager: Shutting down and abandoning module TextureFormatASTC (51)
[2016.11.02-22.19.32:426][473]LogModuleManager: Shutting down and abandoning module TextureFormatAndroid (50)
[2016.11.02-22.19.32:426][473]LogModuleManager: Shutting down and abandoning module AudioFormatOpus (49)
[2016.11.02-22.19.32:426][473]LogModuleManager: Shutting down and abandoning module AudioFormatOgg (48)
[2016.11.02-22.19.32:426][473]LogModuleManager: Shutting down and abandoning module AudioFormatADPCM (47)
[2016.11.02-22.19.32:426][473]LogModuleManager: Shutting down and abandoning module LinuxTargetPlatform (46)
[2016.11.02-22.19.32:426][473]LogModuleManager: Shutting down and abandoning module LinuxServerTargetPlatform (45)
[2016.11.02-22.19.32:426][473]LogModuleManager: Shutting down and abandoning module LinuxNoEditorTargetPlatform (44)
[2016.11.02-22.19.32:426][473]LogModuleManager: Shutting down and abandoning module LinuxClientTargetPlatform (43)
[2016.11.02-22.19.32:426][473]LogModuleManager: Shutting down and abandoning module TVOSTargetPlatform (42)
[2016.11.02-22.19.32:426][473]LogModuleManager: Shutting down and abandoning module Messaging (41)
[2016.11.02-22.19.32:426][473]LogModuleManager: Shutting down and abandoning module IOSTargetPlatform (40)
[2016.11.02-22.19.32:427][473]LogModuleManager: Shutting down and abandoning module HTML5TargetPlatform (39)
[2016.11.02-22.19.32:427][473]LogModuleManager: Shutting down and abandoning module Android_PVRTCTargetPlatform (38)
[2016.11.02-22.19.32:427][473]LogModuleManager: Shutting down and abandoning module Android_MultiTargetPlatform (37)
[2016.11.02-22.19.32:427][473]LogModuleManager: Shutting down and abandoning module Android_ETC2TargetPlatform (36)
[2016.11.02-22.19.32:427][473]LogModuleManager: Shutting down and abandoning module Android_ETC1TargetPlatform (35)
[2016.11.02-22.19.32:427][473]LogModuleManager: Shutting down and abandoning module Android_DXTTargetPlatform (34)
[2016.11.02-22.19.32:427][473]LogModuleManager: Shutting down and abandoning module Android_ATCTargetPlatform (33)
[2016.11.02-22.19.32:427][473]LogModuleManager: Shutting down and abandoning module Android_ASTCTargetPlatform (32)
[2016.11.02-22.19.32:427][473]LogModuleManager: Shutting down and abandoning module AndroidTargetPlatform (31)
[2016.11.02-22.19.32:427][473]LogModuleManager: Shutting down and abandoning module WindowsTargetPlatform (30)
[2016.11.02-22.19.32:427][473]LogModuleManager: Shutting down and abandoning module WindowsServerTargetPlatform (29)
[2016.11.02-22.19.32:427][473]LogModuleManager: Shutting down and abandoning module WindowsNoEditorTargetPlatform (28)
[2016.11.02-22.19.32:427][473]LogModuleManager: Shutting down and abandoning module WindowsClientTargetPlatform (27)
[2016.11.02-22.19.32:427][473]LogModuleManager: Shutting down and abandoning module AllDesktopTargetPlatform (26)
[2016.11.02-22.19.32:427][473]LogModuleManager: Shutting down and abandoning module TargetPlatform (25)
[2016.11.02-22.19.32:427][473]LogModuleManager: Shutting down and abandoning module InputCore (24)
[2016.11.02-22.19.32:427][473]LogModuleManager: Shutting down and abandoning module Settings (23)
[2016.11.02-22.19.32:427][473]LogModuleManager: Shutting down and abandoning module OculusRift (22)
[2016.11.02-22.19.32:427][473]LogModuleManager: Shutting down and abandoning module GearVR (21)
[2016.11.02-22.19.32:427][473]LogModuleManager: Shutting down and abandoning module ExampleDeviceProfileSelector (20)
[2016.11.02-22.19.32:427][473]LogModuleManager: Shutting down and abandoning module OnlineBlueprintSupport (19)
[2016.11.02-22.19.32:428][473]LogModuleManager: Shutting down and abandoning module OnlineSubsystem (17)
[2016.11.02-22.19.32:428][473]LogOnline:Display: Unloading online subsystem: NULL
[2016.11.02-22.19.32:428][473]LogModuleManager: Shutting down and abandoning module HTTP (16)
[2016.11.02-22.19.32:428][473]LogHttp:Display: Http module shutting down, but needs to wait on 1 outstanding Http requests:
[2016.11.02-22.19.32:428][473]LogHttp:Display: 	verb=[POST] url=[https://datarouter.ol.epicgames.com/datarouter/api/v1/public/data?SessionID=%7B645C4741-413C-FBFB-CE22-94972619C63D%7D&AppID=UEEditor.Rocket.Release&AppVersion=4.13.2-3172292%2B%2B%2BUE4%2BRelease-4.13&UserID=622d6cc84c757446e01d25b6259f4ae3%7C0088da38c4fe4f999d6f0e52c41d2185%7C0f0e893d-46e4-44f8-bd74-7f933f7c90a3&AppEnvironment=datacollector-binary&UploadType=eteventstream] status=Processing
[2016.11.02-22.19.32:464][473]LogModuleManager: Shutting down and abandoning module XMPP (15)
[2016.11.02-22.19.32:465][473]LogModuleManager: Shutting down and abandoning module TextureCompressor (14)
[2016.11.02-22.19.32:465][473]LogModuleManager: Shutting down and abandoning module ShaderCore (13)
[2016.11.02-22.19.32:465][473]LogModuleManager: Shutting down and abandoning module Landscape (12)
[2016.11.02-22.19.32:465][473]LogModuleManager: Shutting down and abandoning module SlateRHIRenderer (11)
[2016.11.02-22.19.32:468][473]LogModuleManager: Shutting down and abandoning module OpenGLDrv (10)
[2016.11.02-22.19.32:468][473]LogModuleManager: Shutting down and abandoning module D3D11RHI (9)
[2016.11.02-22.19.32:468][473]LogModuleManager: Shutting down and abandoning module AnimGraphRuntime (8)
[2016.11.02-22.19.32:468][473]LogModuleManager: Shutting down and abandoning module Renderer (7)
[2016.11.02-22.19.32:468][473]LogModuleManager: Shutting down and abandoning module Engine (6)
[2016.11.02-22.19.32:468][473]LogModuleManager: Shutting down and abandoning module CoreUObject (5)
[2016.11.02-22.19.32:468][473]LogModuleManager: Shutting down and abandoning module NetworkFile (4)
[2016.11.02-22.19.32:468][473]LogModuleManager: Shutting down and abandoning module StreamingFile (3)
[2016.11.02-22.19.32:468][473]LogModuleManager: Shutting down and abandoning module SandboxFile (2)
[2016.11.02-22.19.32:468][473]LogModuleManager: Shutting down and abandoning module PakFile (1)
[2016.11.02-22.19.32:470][473]LogExit: Exiting.
[2016.11.02-22.19.32:472][473]Log file closed, 11/02/16 18:19:32
