Log file open, 12/13/16 21:17:59
LogInit:Display: Running engine for game: CardGameProject3
LogPlatformFile: Not using cached read wrapper
LogInit:Display: RandInit(909022684) SRandInit(909022684).
LogTaskGraph: Started task graph with 5 named threads and 6 total threads with 1 sets of task threads.
LogStats: Stats thread started at 0.069415
LogPluginManager: Loaded Plugin Paper2D, From C:/Program Files (x86)/Epic Games/4.13/Engine/Plugins/2D/Paper2D/Paper2D.uplugin
LogPluginManager: Loaded Plugin LightPropagationVolume, From C:/Program Files (x86)/Epic Games/4.13/Engine/Plugins/Blendables/LightPropagationVolume/LightPropagationVolume.uplugin
LogPluginManager: Loaded Plugin BlankPlugin, From C:/Program Files (x86)/Epic Games/4.13/Engine/Plugins/Developer/BlankPlugin/BlankPlugin.uplugin
LogPluginManager: Loaded Plugin CodeLiteSourceCodeAccess, From C:/Program Files (x86)/Epic Games/4.13/Engine/Plugins/Developer/CodeLiteSourceCodeAccess/CodeLiteSourceCodeAccess.uplugin
LogPluginManager: Loaded Plugin GitSourceControl, From C:/Program Files (x86)/Epic Games/4.13/Engine/Plugins/Developer/GitSourceControl/GitSourceControl.uplugin
LogPluginManager: Loaded Plugin KDevelopSourceCodeAccess, From C:/Program Files (x86)/Epic Games/4.13/Engine/Plugins/Developer/KDevelopSourceCodeAccess/KDevelopSourceCodeAccess.uplugin
LogPluginManager: Loaded Plugin NullSourceCodeAccess, From C:/Program Files (x86)/Epic Games/4.13/Engine/Plugins/Developer/NullSourceCodeAccess/NullSourceCodeAccess.uplugin
LogPluginManager: Loaded Plugin OneSkyLocalizationService, From C:/Program Files (x86)/Epic Games/4.13/Engine/Plugins/Developer/OneSkyLocalizationService/OneSkyLocalizationService.uplugin
LogPluginManager: Loaded Plugin PerforceSourceControl, From C:/Program Files (x86)/Epic Games/4.13/Engine/Plugins/Developer/PerforceSourceControl/PerforceSourceControl.uplugin
LogPluginManager: Loaded Plugin SubversionSourceControl, From C:/Program Files (x86)/Epic Games/4.13/Engine/Plugins/Developer/SubversionSourceControl/SubversionSourceControl.uplugin
LogPluginManager: Loaded Plugin UObjectPlugin, From C:/Program Files (x86)/Epic Games/4.13/Engine/Plugins/Developer/UObjectPlugin/UObjectPlugin.uplugin
LogPluginManager: Loaded Plugin VisualStudioSourceCodeAccess, From C:/Program Files (x86)/Epic Games/4.13/Engine/Plugins/Developer/VisualStudioSourceCodeAccess/VisualStudioSourceCodeAccess.uplugin
LogPluginManager: Loaded Plugin XCodeSourceCodeAccess, From C:/Program Files (x86)/Epic Games/4.13/Engine/Plugins/Developer/XCodeSourceCodeAccess/XCodeSourceCodeAccess.uplugin
LogPluginManager: Loaded Plugin EpicSurvey, From C:/Program Files (x86)/Epic Games/4.13/Engine/Plugins/Editor/EpicSurvey/EpicSurvey.uplugin
LogPluginManager: Loaded Plugin MacGraphicsSwitching, From C:/Program Files (x86)/Epic Games/4.13/Engine/Plugins/Editor/MacGraphicsSwitching/MacGraphicsSwitching.uplugin
LogPluginManager: Loaded Plugin MobileLauncherProfileWizard, From C:/Program Files (x86)/Epic Games/4.13/Engine/Plugins/Editor/MobileLauncherProfileWizard/MobileLauncherProfileWizard.uplugin
LogPluginManager: Loaded Plugin PluginBrowser, From C:/Program Files (x86)/Epic Games/4.13/Engine/Plugins/Editor/PluginBrowser/PluginBrowser.uplugin
LogPluginManager: Loaded Plugin SpeedTreeImporter, From C:/Program Files (x86)/Epic Games/4.13/Engine/Plugins/Editor/SpeedTreeImporter/SpeedTreeImporter.uplugin
LogPluginManager: Loaded Plugin SuperSearchEditor, From C:/Program Files (x86)/Epic Games/4.13/Engine/Plugins/Editor/SuperSearchEditor/SuperSearchEditor.uplugin
LogPluginManager: Loaded Plugin AlembicImporter, From C:/Program Files (x86)/Epic Games/4.13/Engine/Plugins/Experimental/AlembicImporter/AlembicImporter.uplugin
LogPluginManager: Loaded Plugin BlueprintStats, From C:/Program Files (x86)/Epic Games/4.13/Engine/Plugins/Experimental/BlueprintStats/BlueprintStats.uplugin
LogPluginManager: Loaded Plugin CharacterAI, From C:/Program Files (x86)/Epic Games/4.13/Engine/Plugins/Experimental/CharacterAI/CharacterAI.uplugin
LogPluginManager: Loaded Plugin CodeEditor, From C:/Program Files (x86)/Epic Games/4.13/Engine/Plugins/Experimental/CodeEditor/CodeEditor.uplugin
LogPluginManager: Loaded Plugin CodeView, From C:/Program Files (x86)/Epic Games/4.13/Engine/Plugins/Experimental/CodeView/CodeView.uplugin
LogPluginManager: Loaded Plugin HTML5Networking, From C:/Program Files (x86)/Epic Games/4.13/Engine/Plugins/Experimental/HTML5Networking/HTML5Networking.uplugin
LogPluginManager: Loaded Plugin LiveEditor, From C:/Program Files (x86)/Epic Games/4.13/Engine/Plugins/Experimental/LiveEditor/LiveEditor.uplugin
LogPluginManager: Loaded Plugin OSVR, From C:/Program Files (x86)/Epic Games/4.13/Engine/Plugins/Experimental/OSVR/OSVR.uplugin
LogPluginManager: Loaded Plugin Phya, From C:/Program Files (x86)/Epic Games/4.13/Engine/Plugins/Experimental/Phya/Phya.uplugin
LogPluginManager: Loaded Plugin SignificanceManager, From C:/Program Files (x86)/Epic Games/4.13/Engine/Plugins/Experimental/SignificanceManager/SignificanceManager.uplugin
LogPluginManager: Loaded Plugin SimpleHMD, From C:/Program Files (x86)/Epic Games/4.13/Engine/Plugins/Experimental/SimpleHMD/SimpleHMD.uplugin
LogPluginManager: Loaded Plugin StereoPanorama, From C:/Program Files (x86)/Epic Games/4.13/Engine/Plugins/Experimental/StereoPanorama/StereoPanorama.uplugin
LogPluginManager: Loaded Plugin StructBox, From C:/Program Files (x86)/Epic Games/4.13/Engine/Plugins/Experimental/StructBox/StructBox.uplugin
LogPluginManager: Loaded Plugin AndroidMedia, From C:/Program Files (x86)/Epic Games/4.13/Engine/Plugins/Media/AndroidMedia/AndroidMedia.uplugin
LogPluginManager: Loaded Plugin AvfMedia, From C:/Program Files (x86)/Epic Games/4.13/Engine/Plugins/Media/AvfMedia/AvfMedia.uplugin
LogPluginManager: Loaded Plugin MediaPlayerEditor, From C:/Program Files (x86)/Epic Games/4.13/Engine/Plugins/Media/MediaPlayerEditor/MediaPlayerEditor.uplugin
LogPluginManager: Loaded Plugin WmfMedia, From C:/Program Files (x86)/Epic Games/4.13/Engine/Plugins/Media/WmfMedia/WmfMedia.uplugin
LogPluginManager: Loaded Plugin MessagingDebugger, From C:/Program Files (x86)/Epic Games/4.13/Engine/Plugins/Messaging/MessagingDebugger/MessagingDebugger.uplugin
LogPluginManager: Loaded Plugin TcpMessaging, From C:/Program Files (x86)/Epic Games/4.13/Engine/Plugins/Messaging/TcpMessaging/TcpMessaging.uplugin
LogPluginManager: Loaded Plugin UdpMessaging, From C:/Program Files (x86)/Epic Games/4.13/Engine/Plugins/Messaging/UdpMessaging/UdpMessaging.uplugin
LogPluginManager: Loaded Plugin LevelSequenceEditor, From C:/Program Files (x86)/Epic Games/4.13/Engine/Plugins/MovieScene/LevelSequenceEditor/LevelSequenceEditor.uplugin
LogPluginManager: Loaded Plugin MatineeToLevelSequence, From C:/Program Files (x86)/Epic Games/4.13/Engine/Plugins/MovieScene/MatineeToLevelSequence/MatineeToLevelSequence.uplugin
LogPluginManager: Loaded Plugin NetcodeUnitTest, From C:/Program Files (x86)/Epic Games/4.13/Engine/Plugins/NetcodeUnitTest/NetcodeUnitTest/NetcodeUnitTest.uplugin
LogPluginManager: Loaded Plugin NUTUnrealEngine4, From C:/Program Files (x86)/Epic Games/4.13/Engine/Plugins/NetcodeUnitTest/NUTUnrealEngine4/NUTUnrealEngine4.uplugin
LogPluginManager: Loaded Plugin OnlineSubsystemGooglePlay, From C:/Program Files (x86)/Epic Games/4.13/Engine/Plugins/Online/Android/OnlineSubsystemGooglePlay/OnlineSubsystemGooglePlay.uplugin
LogPluginManager: Loaded Plugin OnlineSubsystemIOS, From C:/Program Files (x86)/Epic Games/4.13/Engine/Plugins/Online/IOS/OnlineSubsystemIOS/OnlineSubsystemIOS.uplugin
LogPluginManager: Loaded Plugin OnlineFramework, From C:/Program Files (x86)/Epic Games/4.13/Engine/Plugins/Online/OnlineFramework/OnlineFramework.uplugin
LogPluginManager: Loaded Plugin OnlineSubsystem, From C:/Program Files (x86)/Epic Games/4.13/Engine/Plugins/Online/OnlineSubsystem/OnlineSubsystem.uplugin
LogPluginManager: Loaded Plugin OnlineSubsystemAmazon, From C:/Program Files (x86)/Epic Games/4.13/Engine/Plugins/Online/OnlineSubsystemAmazon/OnlineSubsystemAmazon.uplugin
LogPluginManager: Loaded Plugin OnlineSubsystemFacebook, From C:/Program Files (x86)/Epic Games/4.13/Engine/Plugins/Online/OnlineSubsystemFacebook/OnlineSubsystemFacebook.uplugin
LogPluginManager: Loaded Plugin OnlineSubsystemNull, From C:/Program Files (x86)/Epic Games/4.13/Engine/Plugins/Online/OnlineSubsystemNull/OnlineSubsystemNull.uplugin
LogPluginManager: Loaded Plugin OnlineSubsystemOculus, From C:/Program Files (x86)/Epic Games/4.13/Engine/Plugins/Online/OnlineSubsystemOculus/OnlineSubsystemOculus.uplugin
LogPluginManager: Loaded Plugin OnlineSubsystemSteam, From C:/Program Files (x86)/Epic Games/4.13/Engine/Plugins/Online/OnlineSubsystemSteam/OnlineSubsystemSteam.uplugin
LogPluginManager: Loaded Plugin OnlineSubsystemUtils, From C:/Program Files (x86)/Epic Games/4.13/Engine/Plugins/Online/OnlineSubsystemUtils/OnlineSubsystemUtils.uplugin
LogPluginManager: Loaded Plugin IOSTapJoy, From C:/Program Files (x86)/Epic Games/4.13/Engine/Plugins/Runtime/Advertising/IOSTapJoy/IOSTapJoy.uplugin
LogPluginManager: Loaded Plugin AnalyticsBlueprintLibrary, From C:/Program Files (x86)/Epic Games/4.13/Engine/Plugins/Runtime/Analytics/AnalyticsBlueprintLibrary/AnalyticsBlueprintLibrary.uplugin
LogPluginManager: Loaded Plugin AnalyticsMulticast, From C:/Program Files (x86)/Epic Games/4.13/Engine/Plugins/Runtime/Analytics/AnalyticsMulticast/AnalyticsMulticast.uplugin
LogPluginManager: Loaded Plugin Apsalar, From C:/Program Files (x86)/Epic Games/4.13/Engine/Plugins/Runtime/Analytics/Apsalar/Apsalar.uplugin
LogPluginManager: Loaded Plugin FileLogging, From C:/Program Files (x86)/Epic Games/4.13/Engine/Plugins/Runtime/Analytics/FileLogging/FileLogging.uplugin
LogPluginManager: Loaded Plugin Flurry, From C:/Program Files (x86)/Epic Games/4.13/Engine/Plugins/Runtime/Analytics/Flurry/Flurry.uplugin
LogPluginManager: Loaded Plugin AndroidDeviceProfileSelector, From C:/Program Files (x86)/Epic Games/4.13/Engine/Plugins/Runtime/AndroidDeviceProfileSelector/AndroidDeviceProfileSelector.uplugin
LogPluginManager: Loaded Plugin AndroidMoviePlayer, From C:/Program Files (x86)/Epic Games/4.13/Engine/Plugins/Runtime/AndroidMoviePlayer/AndroidMoviePlayer.uplugin
LogPluginManager: Loaded Plugin AppleMoviePlayer, From C:/Program Files (x86)/Epic Games/4.13/Engine/Plugins/Runtime/AppleMoviePlayer/AppleMoviePlayer.uplugin
LogPluginManager: Loaded Plugin ArchVisCharacter, From C:/Program Files (x86)/Epic Games/4.13/Engine/Plugins/Runtime/ArchVisCharacter/ArchVisCharacter.uplugin
LogPluginManager: Loaded Plugin CableComponent, From C:/Program Files (x86)/Epic Games/4.13/Engine/Plugins/Runtime/CableComponent/CableComponent.uplugin
LogPluginManager: Loaded Plugin CustomMeshComponent, From C:/Program Files (x86)/Epic Games/4.13/Engine/Plugins/Runtime/CustomMeshComponent/CustomMeshComponent.uplugin
LogPluginManager: Loaded Plugin ExampleDeviceProfileSelector, From C:/Program Files (x86)/Epic Games/4.13/Engine/Plugins/Runtime/ExampleDeviceProfileSelector/ExampleDeviceProfileSelector.uplugin
LogPluginManager: Loaded Plugin GearVR, From C:/Program Files (x86)/Epic Games/4.13/Engine/Plugins/Runtime/GearVR/GearVR.uplugin
LogPluginManager: Loaded Plugin GoogleVRController, From C:/Program Files (x86)/Epic Games/4.13/Engine/Plugins/Runtime/GoogleVR/GoogleVRController/GoogleVRController.uplugin
LogPluginManager: Loaded Plugin GoogleVRHMD, From C:/Program Files (x86)/Epic Games/4.13/Engine/Plugins/Runtime/GoogleVR/GoogleVRHMD/GoogleVRHMD.uplugin
LogPluginManager: Loaded Plugin IOSDeviceProfileSelector, From C:/Program Files (x86)/Epic Games/4.13/Engine/Plugins/Runtime/IOSDeviceProfileSelector/IOSDeviceProfileSelector.uplugin
LogPluginManager: Loaded Plugin LeapMotion, From C:/Program Files (x86)/Epic Games/4.13/Engine/Plugins/Runtime/LeapMotion/LeapMotion.uplugin
LogPluginManager: Loaded Plugin LinuxDeviceProfileSelector, From C:/Program Files (x86)/Epic Games/4.13/Engine/Plugins/Runtime/LinuxDeviceProfileSelector/LinuxDeviceProfileSelector.uplugin
LogPluginManager: Loaded Plugin LiveEditorListenServer, From C:/Program Files (x86)/Epic Games/4.13/Engine/Plugins/Runtime/LiveEditorListenServer/LiveEditorListenServer.uplugin
LogPluginManager: Loaded Plugin OculusAudio, From C:/Program Files (x86)/Epic Games/4.13/Engine/Plugins/Runtime/OculusAudio/OculusAudio.uplugin
LogPluginManager: Loaded Plugin OculusInput, From C:/Program Files (x86)/Epic Games/4.13/Engine/Plugins/Runtime/OculusInput/OculusInput.uplugin
LogPluginManager: Loaded Plugin OculusLibrary, From C:/Program Files (x86)/Epic Games/4.13/Engine/Plugins/Runtime/OculusLibrary/OculusLibrary.uplugin
LogPluginManager: Loaded Plugin OculusRift, From C:/Program Files (x86)/Epic Games/4.13/Engine/Plugins/Runtime/OculusRift/OculusRift.uplugin
LogPluginManager: Loaded Plugin Oodle, From C:/Program Files (x86)/Epic Games/4.13/Engine/Plugins/Runtime/PacketHandlers/CompressionComponents/Oodle/Oodle.uplugin
LogPluginManager: Loaded Plugin ProceduralMeshComponent, From C:/Program Files (x86)/Epic Games/4.13/Engine/Plugins/Runtime/ProceduralMeshComponent/ProceduralMeshComponent.uplugin
LogPluginManager: Loaded Plugin SoundMod, From C:/Program Files (x86)/Epic Games/4.13/Engine/Plugins/Runtime/SoundMod/SoundMod.uplugin
LogPluginManager: Loaded Plugin SoundVisualizations, From C:/Program Files (x86)/Epic Games/4.13/Engine/Plugins/Runtime/SoundVisualizations/SoundVisualizations.uplugin
LogPluginManager: Loaded Plugin SteamController, From C:/Program Files (x86)/Epic Games/4.13/Engine/Plugins/Runtime/Steam/SteamController/SteamController.uplugin
LogPluginManager: Loaded Plugin SteamVR, From C:/Program Files (x86)/Epic Games/4.13/Engine/Plugins/Runtime/Steam/SteamVR/SteamVR.uplugin
LogPluginManager: Loaded Plugin WebBrowserWidget, From C:/Program Files (x86)/Epic Games/4.13/Engine/Plugins/Runtime/WebBrowserWidget/WebBrowserWidget.uplugin
LogPluginManager: Loaded Plugin WindowsDeviceProfileSelector, From C:/Program Files (x86)/Epic Games/4.13/Engine/Plugins/Runtime/WindowsDeviceProfileSelector/WindowsDeviceProfileSelector.uplugin
LogPluginManager: Loaded Plugin WindowsMoviePlayer, From C:/Program Files (x86)/Epic Games/4.13/Engine/Plugins/Runtime/WindowsMoviePlayer/WindowsMoviePlayer.uplugin
LogPluginManager: Loaded Plugin ScriptPlugin, From C:/Program Files (x86)/Epic Games/4.13/Engine/Plugins/ScriptPlugin/ScriptPlugin.uplugin
LogPluginManager: Loaded Plugin SlateRemote, From C:/Program Files (x86)/Epic Games/4.13/Engine/Plugins/Slate/SlateRemote/SlateRemote.uplugin
LogInit: Using libcurl 7.47.1
LogInit:  - built for x86_64-pc-win32
LogInit:  - supports SSL with WinSSL
LogInit:  - other features:
LogInit:      CURL_VERSION_SSL
LogInit:      CURL_VERSION_IPV6
LogInit:      CURL_VERSION_ASYNCHDNS
LogInit:      CURL_VERSION_LARGEFILE
LogInit:      CURL_VERSION_IDN
LogInit:  CurlRequestOptions (configurable via config and command line):
LogInit:  - bVerifyPeer = false  - Libcurl will NOT verify peer certificate
LogInit:  - bUseHttpProxy = false  - Libcurl will NOT use HTTP proxy
LogInit:  - bDontReuseConnections = false  - Libcurl will reuse connections
LogInit:  - CertBundlePath = nullptr  - Libcurl will use whatever was configured at build time.
LogInit: Build: ++UE4+Release-4.13-CL-3172292
LogInit: Engine Version: 4.13.2-3172292+++UE4+Release-4.13
LogInit: Compatible Engine Version: 4.13.0-3106830+++UE4+Release-4.13
LogInit: Net CL: 3172292
LogDevObjectVersion: Number of dev versions registered: 13
LogDevObjectVersion:   Dev-Blueprints (B0D832E4-1F89-4F0D-ACCF-7EB736FD4AA2): 5
LogDevObjectVersion:   Dev-Build (E1C64328-A22C-4D53-A36C-8E866417BD8C): 0
LogDevObjectVersion:   Dev-Core (375EC13C-06E4-48FB-B500-84F0262A717E): 1
LogDevObjectVersion:   Dev-Editor (E4B068ED-F494-42E9-A231-DA0B2E46BB41): 6
LogDevObjectVersion:   Dev-Framework (CFFC743F-43B0-4480-9391-14DF171D2073): 12
LogDevObjectVersion:   Dev-Mobile (B02B49B5-BB20-44E9-A304-32B752E40360): 0
LogDevObjectVersion:   Dev-Networking (A4E4105C-59A1-49B5-A7C5-40C4547EDFEE): 0
LogDevObjectVersion:   Dev-Online (39C831C9-5AE6-47DC-9A44-9C173E1C8E7C): 0
LogDevObjectVersion:   Dev-Physics (78F01B33-EBEA-4F98-B9B4-84EACCB95AA2): 0
LogDevObjectVersion:   Dev-Platform (6631380F-2D4D-43E0-8009-CF276956A95A): 0
LogDevObjectVersion:   Dev-Rendering (12F88B9F-8875-4AFC-A67C-D90C383ABD29): 4
LogDevObjectVersion:   Dev-Sequencer (7B5AE74C-D270-4C10-A958-57980B212A5A): 0
LogDevObjectVersion:   Dev-VR (D7296918-1DD6-4BDD-9DE2-64A83CC13884): 0
LogInit: Compiled (64-bit): Oct 24 2016 14:29:06
LogInit: Compiled with Visual C++: 19.00.23026.00
LogInit: Build Configuration: Development
LogInit: Branch Name: ++UE4+Release-4.13
LogInit: Command line:  
LogInit: Base directory: C:/Program Files (x86)/Epic Games/4.13/Engine/Binaries/Win64/
LogInit: Installed Engine Build: 1
LogInit: Presizing for max 8388607 objects, including 0 objects not considered by GC, pre-allocating 0 bytes for permanent pool.
LogInit: Object subsystem initialized
[2016.12.14-02.17.59:505][  0]LogInit: Selected Device Profile: [Windows]
[2016.12.14-02.17.59:505][  0]LogInit: Applying CVar settings loaded from the selected device profile: [Windows]
[2016.12.14-02.17.59:519][  0]LogInit: Computer: BSARDINHA
[2016.12.14-02.17.59:519][  0]LogInit: User: Brian
[2016.12.14-02.17.59:519][  0]LogInit: CPU Page size=65536, Cores=2
[2016.12.14-02.17.59:519][  0]LogInit: High frequency timer resolution =2.530854 MHz
[2016.12.14-02.17.59:519][  0]LogMemory: Memory total: Physical=7.9GB (8GB approx)
[2016.12.14-02.17.59:519][  0]LogMemory: Platform Memory Stats for Windows
[2016.12.14-02.17.59:519][  0]LogMemory: Process Physical Memory: 254.64 MB used, 254.64 MB peak
[2016.12.14-02.17.59:519][  0]LogMemory: Process Virtual Memory: 259.78 MB used, 259.78 MB peak
[2016.12.14-02.17.59:519][  0]LogMemory: Physical Memory: 2309.80 MB used, 8075.23 MB total
[2016.12.14-02.17.59:519][  0]LogMemory: Virtual Memory: 603.82 MB used, 134217728.00 MB total
[2016.12.14-02.17.59:561][  0]LogTextLocalizationManager: No specific translations for ('en-US') exist, so ('en') translations will be used.
[2016.12.14-02.18.00:357][  0]LogD3D11RHI: D3D11 adapters:
[2016.12.14-02.18.00:700][  0]LogD3D11RHI:    0. 'NVIDIA NVS 4200M    ' (Feature Level 11_0)
[2016.12.14-02.18.00:700][  0]LogD3D11RHI:       973/0/3071 MB DedicatedVideo/DedicatedSystem/SharedSystem, Outputs:1, VendorId:0x10de
[2016.12.14-02.18.00:718][  0]LogD3D11RHI:    1. 'NVIDIA NVS 4200M    ' (Feature Level 11_0)
[2016.12.14-02.18.00:718][  0]LogD3D11RHI:       973/0/3071 MB DedicatedVideo/DedicatedSystem/SharedSystem, Outputs:0, VendorId:0x10de
[2016.12.14-02.18.00:720][  0]LogD3D11RHI:    2. 'Microsoft Basic Render Driver' (Feature Level 11_0)
[2016.12.14-02.18.00:720][  0]LogD3D11RHI:       973/0/3071 MB DedicatedVideo/DedicatedSystem/SharedSystem, Outputs:0, VendorId:0x1414
[2016.12.14-02.18.00:720][  0]LogD3D11RHI: Chosen D3D11 Adapter: 0
[2016.12.14-02.18.00:724][  0]LogD3D11RHI: Creating new Direct3DDevice
[2016.12.14-02.18.00:725][  0]LogD3D11RHI:     GPU DeviceId: 0x1057 (for the marketing name, search the web for "GPU Device Id")
[2016.12.14-02.18.00:725][  0]LogWindows: EnumDisplayDevices:
[2016.12.14-02.18.00:725][  0]LogWindows:    0. 'Intel(R) HD Graphics 3000' (P:1 D:1)
[2016.12.14-02.18.00:725][  0]LogWindows:    1. 'Intel(R) HD Graphics 3000' (P:0 D:0)
[2016.12.14-02.18.00:725][  0]LogWindows:    2. 'NVIDIA NVS 4200M    ' (P:0 D:0)
[2016.12.14-02.18.00:726][  0]LogWindows:    3. 'NVIDIA NVS 4200M    ' (P:0 D:0)
[2016.12.14-02.18.00:726][  0]LogWindows: DebugString: PrimaryIsNotTheChoosenAdapter PrimaryIsNotTheChoosenAdapter FoundDriverCount:2 
[2016.12.14-02.18.00:726][  0]LogD3D11RHI:     Adapter Name: NVIDIA NVS 4200M    
[2016.12.14-02.18.00:726][  0]LogD3D11RHI:   Driver Version: 354.45 (internal:10.18.13.5445, unified:354.45)
[2016.12.14-02.18.00:726][  0]LogD3D11RHI:      Driver Date: 11-5-2015
[2016.12.14-02.18.00:726][  0]LogRHI: Texture pool is 681 MB (70% of 973 MB)
[2016.12.14-02.18.00:739][  0]LogD3D11RHI: Async texture creation enabled
[2016.12.14-02.18.00:759][  0]LogD3D11RHI: GPU Timing Frequency: 1000.000000 (Debug: 2 2)
[2016.12.14-02.18.00:759][  0]LogShaderCompilers: Guid format shader working directory is -44 characters bigger than the processId version (../../../../../../Users/Brian/Documents/GitHub/quad-shaped-battle-objects/CardGameProject3/Intermediate/Shaders/WorkingDirectory/6244/).
[2016.12.14-02.18.00:759][  0]LogShaderCompilers: Cleaned the shader compiler working directory 'C:/Users/Brian/AppData/Local/Temp/UnrealShaderWorkingDir/088D024F4DD285BBB889B987F8330480/'.
[2016.12.14-02.18.00:759][  0]LogShaderCompilers:Display: Using Local Shader Compiler.
[2016.12.14-02.18.02:032][  0]LogTemp:Display: Loaded TP AllDesktopTargetPlatform
[2016.12.14-02.18.02:044][  0]LogTemp:Display: Loaded TP WindowsClientTargetPlatform
[2016.12.14-02.18.02:056][  0]LogTemp:Display: Loaded TP WindowsNoEditorTargetPlatform
[2016.12.14-02.18.02:072][  0]LogTemp:Display: Loaded TP WindowsServerTargetPlatform
[2016.12.14-02.18.02:083][  0]LogTemp:Display: Loaded TP WindowsTargetPlatform
[2016.12.14-02.18.02:097][  0]LogTemp:Display: Loaded TP AndroidTargetPlatform
[2016.12.14-02.18.02:108][  0]LogTemp:Display: Loaded TP Android_ASTCTargetPlatform
[2016.12.14-02.18.02:118][  0]LogTemp:Display: Loaded TP Android_ATCTargetPlatform
[2016.12.14-02.18.02:128][  0]LogTemp:Display: Loaded TP Android_DXTTargetPlatform
[2016.12.14-02.18.02:141][  0]LogTemp:Display: Loaded TP Android_ETC1TargetPlatform
[2016.12.14-02.18.02:150][  0]LogTemp:Display: Loaded TP Android_ETC2TargetPlatform
[2016.12.14-02.18.02:180][  0]LogTemp:Display: Loaded TP Android_MultiTargetPlatform
[2016.12.14-02.18.02:180][  0]LogTemp:Display: Loaded TP Android_PVRTCTargetPlatform
[2016.12.14-02.18.02:182][  0]LogTemp:Display: Loaded TP HTML5TargetPlatform
[2016.12.14-02.18.02:209][  0]LogTemp:Display: Loaded TP IOSTargetPlatform
[2016.12.14-02.18.02:220][  0]LogTemp:Display: Loaded TP TVOSTargetPlatform
[2016.12.14-02.18.02:229][  0]LogTemp:Display: Loaded TP LinuxClientTargetPlatform
[2016.12.14-02.18.02:239][  0]LogTemp:Display: Loaded TP LinuxNoEditorTargetPlatform
[2016.12.14-02.18.02:248][  0]LogTemp:Display: Loaded TP LinuxServerTargetPlatform
[2016.12.14-02.18.02:261][  0]LogTemp:Display: Loaded TP LinuxTargetPlatform
[2016.12.14-02.18.02:261][  0]LogTargetPlatformManager:Display: Building Assets For Windows
[2016.12.14-02.18.02:373][  0]LogDerivedDataCache:Display: Max Cache Size: 512 MB
[2016.12.14-02.18.02:461][  0]LogDerivedDataCache: Loaded boot cache 0.09s 63MB C:/Users/Brian/AppData/Local/UnrealEngine/4.13/DerivedDataCache/Boot.ddc.
[2016.12.14-02.18.02:461][  0]LogDerivedDataCache:Display: Loaded Boot cache: C:/Users/Brian/AppData/Local/UnrealEngine/4.13/DerivedDataCache/Boot.ddc
[2016.12.14-02.18.02:461][  0]LogDerivedDataCache: FDerivedDataBackendGraph:  Pak pak cache file ../../../../../../Users/Brian/Documents/GitHub/quad-shaped-battle-objects/CardGameProject3/DerivedDataCache/DDC.ddp not found, will not use a pak cache.
[2016.12.14-02.18.02:461][  0]LogDerivedDataCache: Unable to find inner node Pak for hierarchical cache Hierarchy.
[2016.12.14-02.18.02:461][  0]LogDerivedDataCache: FDerivedDataBackendGraph:  CompressedPak pak cache file ../../../../../../Users/Brian/Documents/GitHub/quad-shaped-battle-objects/CardGameProject3/DerivedDataCache/Compressed.ddp not found, will not use a pak cache.
[2016.12.14-02.18.02:461][  0]LogDerivedDataCache: Unable to find inner node CompressedPak for hierarchical cache Hierarchy.
[2016.12.14-02.18.02:489][  0]LogDerivedDataCache:Display: Pak cache opened for reading ../../../Engine/DerivedDataCache/Compressed.ddp.
[2016.12.14-02.18.02:501][  0]LogDerivedDataCache: Using Local data cache path C:/Users/Brian/AppData/Local/UnrealEngine/Common/DerivedDataCache: Writable
[2016.12.14-02.18.02:799][  0]LogInit: Selected Device Profile: [Windows]
[2016.12.14-02.18.02:803][  0]LogContentStreaming: Texture pool size is 0.00 MB
[2016.12.14-02.18.02:946][  0]LogMeshUtilities: No automatic mesh reduction module available
[2016.12.14-02.18.02:946][  0]LogMeshUtilities: No automatic mesh merging module available
[2016.12.14-02.18.02:946][  0]LogMeshUtilities: No distributed automatic mesh merging module available
[2016.12.14-02.18.03:040][  0]LogMaterial: Uniform references updated for custom material expression Custom.
[2016.12.14-02.18.03:463][  0]LogNetVersion: GetLocalNetworkVersion: CL: 3106830, ProjectName: cardgameproject3, ProjectVersion: , EngineNetworkVersion: 1, GameNetworkVersion: 0, NetworkChecksum: 2141254031
[2016.12.14-02.18.03:507][  0]LogAssetRegistry: FAssetRegistry took 0.0223 seconds to start up
[2016.12.14-02.18.03:546][  0]LogPackageLocalizationCache: Processed 3 localized package path(s) for 2 prioritized culture(s) in 0.034147 seconds
[2016.12.14-02.18.03:555][  0]LogUObjectArray: 29778 objects as part of root set at end of initial load.
[2016.12.14-02.18.03:555][  0]LogUObjectAllocator: 6125456 out of 0 bytes used by permanent object pool.
[2016.12.14-02.18.03:555][  0]LogUObjectArray: CloseDisregardForGC: 0/0 objects in disregard for GC pool
[2016.12.14-02.18.03:569][  0]LogInit: WinSock: version 1.1 (2.2), MaxSocks=32767, MaxUdp=65467
[2016.12.14-02.18.03:885][  0]LogSlate: SlateFontCache - WITH_FREETYPE: 1, WITH_HARFBUZZ: 1
[2016.12.14-02.18.03:885][  0]LogSlate: SlateFontCache - WITH_FREETYPE: 1, WITH_HARFBUZZ: 1
[2016.12.14-02.18.04:703][  0]LogTcpMessaging: Initializing TcpMessaging bridge
[2016.12.14-02.18.04:728][  0]LogUdpMessaging: Initializing bridge on interface 0.0.0.0:0 to multicast group 230.0.0.1:6666.
[2016.12.14-02.18.05:073][  0]SourceControl: Info Source control is disabled
[2016.12.14-02.18.05:074][  0]SourceControl: Info Source control is disabled
[2016.12.14-02.18.05:086][  0]SourceControl: Info Source control is disabled
[2016.12.14-02.18.05:098][  0]SourceControl: Info Source control is disabled
[2016.12.14-02.18.05:218][  0]LogLinker:Warning: Can't find file '/Game/2DSideScrollerBP/2DSideScrollerOverview'
[2016.12.14-02.18.05:218][  0]LogLinker:Warning: Can't find file '/Game/2DSideScrollerBP/2DSideScrollerOverview'
[2016.12.14-02.18.05:219][  0]LogUObjectGlobals:Warning: Failed to find object 'Class /Game/2DSideScrollerBP/2DSideScrollerOverview.2DSideScrollerOverview_C'
[2016.12.14-02.18.05:515][  0]LogEngine: Initializing Engine...
[2016.12.14-02.18.05:516][  0]LogHMD: Failed to initialize OpenVR with code 110
[2016.12.14-02.18.05:703][  0]LogAIModule: Creating AISystem for world Untitled
[2016.12.14-02.18.05:713][  0]LogInit: XAudio2 using 'Headphones (High Definition Audio Device)' : 2 channels at 44.1 kHz using 16 bits per sample (channel mask 0x3)
[2016.12.14-02.18.05:729][  0]LogInit: FAudioDevice initialized.
[2016.12.14-02.18.05:762][  0]LogDerivedDataCache: Saved boot cache 0.03s 60MB C:/Users/Brian/AppData/Local/UnrealEngine/4.13/DerivedDataCache/Boot.ddc.
[2016.12.14-02.18.05:772][  0]LogInit: Texture streaming: Enabled
[2016.12.14-02.18.05:833][  0]LogInit: Transaction tracking system initialized
[2016.12.14-02.18.05:874][  0]BlueprintLog: New page: Editor Load
[2016.12.14-02.18.05:996][  0]LocalizationService: Info Localization service is disabled
[2016.12.14-02.18.06:118][  0]LogConsoleResponse:Display: 
[2016.12.14-02.18.06:309][  0]LogCook:Display: Max memory allowance for cook 16384mb min free memory 0mb
[2016.12.14-02.18.06:309][  0]LogCook:Display: Mobile HDR setting 0
[2016.12.14-02.18.06:585][  0]LogFileCache: Scanning file cache for directory 'C:/Users/Brian/Documents/GitHub/quad-shaped-battle-objects/CardGameProject3/Content/' took 0.01s
[2016.12.14-02.18.06:585][  0]SourceControl: Info Source control is disabled
[2016.12.14-02.18.06:585][  0]Cmd: MAP LOAD FILE="../../../../../../Users/Brian/Documents/GitHub/quad-shaped-battle-objects/CardGameProject3/Content/Levels/Empty.umap" TEMPLATE=0 SHOWPROGRESS=1 FEATURELEVEL=3
[2016.12.14-02.18.06:586][  0]LightingResults: New page: Lighting Build
[2016.12.14-02.18.06:591][  0]MapCheck: New page: Map Check
[2016.12.14-02.18.06:591][  0]LightingResults: New page: Lighting Build
[2016.12.14-02.18.10:091][  0]LogAIModule: Creating AISystem for world Empty
[2016.12.14-02.18.10:093][  0]LogEditorServer: Finished looking for orphan Actors (0.000 secs)
[2016.12.14-02.18.10:094][  0]Cmd: MAP CHECKDEP NOCLEARLOG
[2016.12.14-02.18.10:158][  0]MapCheck: Info Map check complete: 0 Error(s), 0 Warning(s), took 64.181ms to complete.
[2016.12.14-02.18.10:158][  0]LogFileHelpers: Loading map 'Empty' took 3.573
[2016.12.14-02.18.10:282][  0]LogCollectionManager: Loaded 1 collections in 0.002896 seconds
[2016.12.14-02.18.10:323][  0]LogFileCache: Scanning file cache for directory 'C:/Users/Brian/Documents/GitHub/quad-shaped-battle-objects/CardGameProject3/Saved/Collections/' took 0.01s
[2016.12.14-02.18.10:323][  0]LogFileCache: Scanning file cache for directory 'C:/Users/Brian/Documents/GitHub/quad-shaped-battle-objects/CardGameProject3/Content/Developers/Brian/Collections/' took 0.01s
[2016.12.14-02.18.10:323][  0]LogFileCache: Scanning file cache for directory 'C:/Users/Brian/Documents/GitHub/quad-shaped-battle-objects/CardGameProject3/Content/Collections/' took 0.01s
[2016.12.14-02.18.10:323][  0]LogCollectionManager: Rebuilt the GUID cache for 1 collections in 0.000006 seconds
[2016.12.14-02.18.10:323][  0]LogCollectionManager: Rebuilt the hierarchy cache for 1 collections in 0.000001 seconds
[2016.12.14-02.18.10:335][  0]LogContentBrowser: Native class hierarchy populated in 0.0118 seconds. Added 2141 classes and 415 folders.
[2016.12.14-02.18.10:342][  0]LogStats: UGameplayTagsManager::ConstructGameplayTagTree: Construct from data asset -  0.000 s
[2016.12.14-02.18.10:342][  0]LogStats: UGameplayTagsManager::ConstructGameplayTagTree: GameplayTagTreeChangedEvent.Broadcast -  0.000 s
[2016.12.14-02.18.10:342][  0]LogContentBrowser: Native class hierarchy updated for 'GameplayTags' in 0.0005 seconds. Added 12 classes and 0 folders.
[2016.12.14-02.18.10:348][  0]LogContentBrowser: Native class hierarchy updated for 'WidgetCarousel' in 0.0005 seconds. Added 0 classes and 0 folders.
[2016.12.14-02.18.10:391][  0]LogContentBrowser: Native class hierarchy updated for 'AddContentDialog' in 0.0005 seconds. Added 0 classes and 0 folders.
[2016.12.14-02.18.10:399][  0]LogContentBrowser: Native class hierarchy updated for 'SceneOutliner' in 0.0006 seconds. Added 1 classes and 2 folders.
[2016.12.14-02.18.10:419][  0]LogCrashTracker: Crashtracker disabled due to settings.
[2016.12.14-02.18.10:425][  0]LogUObjectGlobals:Warning: Failed to find object 'Class None.'
[2016.12.14-02.18.10:457][  0]LogContentBrowser: Native class hierarchy updated for 'HierarchicalLODOutliner' in 0.0006 seconds. Added 1 classes and 2 folders.
[2016.12.14-02.18.10:458][  0]LogLoad: (Engine Initialization) Total time: 12.17 seconds
[2016.12.14-02.18.10:458][  0]LogLoad: (Engine Initialization) Total Blueprint compile time: 1.75 seconds
[2016.12.14-02.18.10:458][  0]LogExternalProfiler: Found external profiler: VSPerf
[2016.12.14-02.18.10:458][  0]LogExternalProfiler: Using external profiler: VSPerf
[2016.12.14-02.18.10:799][  0]LogOcInput: OculusInput pre-init called
[2016.12.14-02.18.10:818][  0]LogContentStreaming: Texture pool size now 400 MB
[2016.12.14-02.18.10:995][  0]LogRenderer: Reallocating scene render targets to support 964x508 (Frame:2).
[2016.12.14-02.18.11:489][  2]LogAssetRegistry: Asset discovery search completed in 8.0042 seconds
[2016.12.14-02.18.11:489][  2]LogCollectionManager: Rebuilt the object cache for 1 collections in 0.000010 seconds (found 0 objects)
[2016.12.14-02.18.11:489][  2]LogCollectionManager: Fixed up redirectors for 1 collections in 0.000040 seconds (updated 0 objects)
[2016.12.14-02.18.17:740][125]LogContentBrowser: Native class hierarchy updated for 'BlueprintGraph' in 0.0010 seconds. Added 112 classes and 0 folders.
[2016.12.14-02.18.34:627][740]LogActorComponent: UnregisterComponent: (/Engine/Transient.EditorFloorComp) Not registered. Aborting.
[2016.12.14-02.18.37:123][842]LogActorComponent: UnregisterComponent: (/Engine/Transient.EditorFloorComp) Not registered. Aborting.
[2016.12.14-02.18.50:900][452]LogEditorTransaction: Undo Move Node
[2016.12.14-02.18.54:701][544]LogSavePackage: Save=751.61ms
[2016.12.14-02.18.54:701][544]LogSavePackage: Moving '../../../../../../Users/Brian/Documents/GitHub/quad-shaped-battle-objects/CardGameProject3/Saved/BattleCardGameState707334904F7A251B72C912AE09647F0A.tmp' to '../../../../../../Users/Brian/Documents/GitHub/quad-shaped-battle-objects/CardGameProject3/Content/Blueprints/BattleCardGameState.uasset'
[2016.12.14-02.18.54:706][544]LogSavePackage:Display: Finished SavePackage ../../../../../../Users/Brian/Documents/GitHub/quad-shaped-battle-objects/CardGameProject3/Content/Blueprints/BattleCardGameState.uasset
[2016.12.14-02.22.08:246][888]LogFactory: FactoryCreateFile: FileMediaSource with WmfFileMediaSourceFactory (0 0 ../../../../../../Users/Brian/Downloads/fire_bow_sound-mike-koenig.mp3)
[2016.12.14-02.23.17:774][304]LogLinker:Warning: Can't find file '/Game/Sounds/fire_bow_sound-mike-koenig'
[2016.12.14-02.23.17:775][304]LogLinker:Warning: Can't find file '/Game/Sounds/fire_bow_sound-mike-koenig'
[2016.12.14-02.23.17:775][304]LogUObjectGlobals:Warning: Failed to find object 'Object /Game/Sounds/fire_bow_sound-mike-koenig.fire_bow_sound-mike-koenig'
[2016.12.14-02.24.23:612][907]LogFactory: FactoryCreateFile: SoundWave with ReimportSoundFactory (0 0 ../../../../../../Users/Brian/Music/fire_bow_sound-mike-koenig.wav)
[2016.12.14-02.24.23:614][907]LogAudioDerivedData:Display: Building compressed audio format OGG wave fire_bow_sound-mike-koenig...
[2016.12.14-02.24.23:641][907]LogAudioDerivedData:Warning: Updated SoundWave->RawPCMDataSize during cooking SoundWave /Game/Sounds/fire_bow_sound-mike-koenig.fire_bow_sound-mike-koenig.
[2016.12.14-02.28.11:344][528]LogFileHelpers: Editor autosave (incl. sublevels) for '/Game/Levels/Empty' took 0.067
[2016.12.14-02.28.11:347][528]OBJ SavePackage: Generating thumbnails for [1] asset(s) in package [/Game/Sounds/fire_bow_sound-mike-koenig] ([1] browsable assets)...
[2016.12.14-02.28.11:359][528]OBJ SavePackage:     Rendered thumbnail for [SoundWave /Game/Sounds/fire_bow_sound-mike-koenig.fire_bow_sound-mike-koenig]
[2016.12.14-02.28.11:359][528]OBJ SavePackage: Finished generating thumbnails for package [/Game/Sounds/fire_bow_sound-mike-koenig]
[2016.12.14-02.28.11:366][528]LogSavePackage: Save=4.99ms
[2016.12.14-02.28.11:366][528]LogSavePackage: Moving '../../../../../../Users/Brian/Documents/GitHub/quad-shaped-battle-objects/CardGameProject3/Saved/fire_bow_sound-mike-koenig_Auto1FBA8C0EA41A1CFB737D7D7BD5F65974E.tmp' to '../../../../../../Users/Brian/Documents/GitHub/quad-shaped-battle-objects/CardGameProject3/Saved/Autosaves/Game/Sounds/fire_bow_sound-mike-koenig_Auto1.uasset'
[2016.12.14-02.28.11:368][528]LogSavePackage:Display: Finished SavePackage ../../../../../../Users/Brian/Documents/GitHub/quad-shaped-battle-objects/CardGameProject3/Saved/Autosaves/Game/Sounds/fire_bow_sound-mike-koenig_Auto1.uasset
[2016.12.14-02.28.11:369][528]OBJ SavePackage: Generating thumbnails for [0] asset(s) in package [/Game/Sounds/fire_bow_sound-mike-koenig_Cue] ([1] browsable assets)...
[2016.12.14-02.28.11:369][528]OBJ SavePackage: Finished generating thumbnails for package [/Game/Sounds/fire_bow_sound-mike-koenig_Cue]
[2016.12.14-02.28.11:375][528]LogSavePackage: Save=3.89ms
[2016.12.14-02.28.11:375][528]LogSavePackage: Moving '../../../../../../Users/Brian/Documents/GitHub/quad-shaped-battle-objects/CardGameProject3/Saved/fire_bow_sound-mike-koenig_Cue_Auto1D7C3D14D47B27CC8F75A8399AAD8D02F.tmp' to '../../../../../../Users/Brian/Documents/GitHub/quad-shaped-battle-objects/CardGameProject3/Saved/Autosaves/Game/Sounds/fire_bow_sound-mike-koenig_Cue_Auto1.uasset'
[2016.12.14-02.28.11:378][528]LogSavePackage:Display: Finished SavePackage ../../../../../../Users/Brian/Documents/GitHub/quad-shaped-battle-objects/CardGameProject3/Saved/Autosaves/Game/Sounds/fire_bow_sound-mike-koenig_Cue_Auto1.uasset
[2016.12.14-02.28.11:378][528]LogFileHelpers: Auto-saving content packages took 0.033
[2016.12.14-02.31.12:240][154]LogFactory: FactoryCreateFile: SoundWave with ReimportSoundFactory (0 0 ../../../../../../Users/Brian/Music/Car Door Locking-SoundBible.com-1904391654.wav)
[2016.12.14-02.31.12:246][154]LogAudioDerivedData:Display: Building compressed audio format OGG wave Car_Door_Locking-SoundBible_com-1904391654...
[2016.12.14-02.31.12:295][154]LogAudioDerivedData:Warning: Updated SoundWave->RawPCMDataSize during cooking SoundWave /Game/Sounds/Car_Door_Locking-SoundBible_com-1904391654.Car_Door_Locking-SoundBible_com-1904391654.
[2016.12.14-02.31.12:298][154]LogFactory: FactoryCreateFile: SoundWave with ReimportSoundFactory (0 0 ../../../../../../Users/Brian/Music/Click2-Sebastian-759472264.wav)
[2016.12.14-02.31.12:301][154]LogAudioDerivedData:Display: Building compressed audio format OGG wave Click2-Sebastian-759472264...
[2016.12.14-02.31.12:337][154]LogAudioDerivedData:Warning: Updated SoundWave->RawPCMDataSize during cooking SoundWave /Game/Sounds/Click2-Sebastian-759472264.Click2-Sebastian-759472264.
[2016.12.14-02.31.12:340][154]LogFactory: FactoryCreateFile: SoundWave with ReimportSoundFactory (0 0 ../../../../../../Users/Brian/Music/Click-SoundBible.com-1387633738.wav)
[2016.12.14-02.31.12:344][154]LogAudioDerivedData:Display: Building compressed audio format OGG wave Click-SoundBible_com-1387633738...
[2016.12.14-02.31.12:392][154]LogAudioDerivedData:Warning: Updated SoundWave->RawPCMDataSize during cooking SoundWave /Game/Sounds/Click-SoundBible_com-1387633738.Click-SoundBible_com-1387633738.
[2016.12.14-02.32.39:826][731]LogSavePackage: Save=23.28ms
[2016.12.14-02.32.39:826][731]LogSavePackage: Moving '../../../../../../Users/Brian/Documents/GitHub/quad-shaped-battle-objects/CardGameProject3/Saved/SelectMenuD6AF8AC645BC8C2862BD4B8C2B96834E.tmp' to '../../../../../../Users/Brian/Documents/GitHub/quad-shaped-battle-objects/CardGameProject3/Content/Blueprints/Menus/SelectMenu.uasset'
[2016.12.14-02.32.39:829][731]LogSavePackage:Display: Finished SavePackage ../../../../../../Users/Brian/Documents/GitHub/quad-shaped-battle-objects/CardGameProject3/Content/Blueprints/Menus/SelectMenu.uasset
[2016.12.14-02.32.39:856][731]LogSavePackage: Save=5.85ms
[2016.12.14-02.32.39:856][731]LogSavePackage: Moving '../../../../../../Users/Brian/Documents/GitHub/quad-shaped-battle-objects/CardGameProject3/Saved/Car_Door_Locking-SoundBible_com-1904391654A650D938436115EEA3EB59992DDA6CAD.tmp' to '../../../../../../Users/Brian/Documents/GitHub/quad-shaped-battle-objects/CardGameProject3/Content/Sounds/Car_Door_Locking-SoundBible_com-1904391654.uasset'
[2016.12.14-02.32.39:859][731]LogSavePackage:Display: Finished SavePackage ../../../../../../Users/Brian/Documents/GitHub/quad-shaped-battle-objects/CardGameProject3/Content/Sounds/Car_Door_Locking-SoundBible_com-1904391654.uasset
[2016.12.14-02.32.39:878][731]LogSavePackage: Save=4.31ms
[2016.12.14-02.32.39:878][731]LogSavePackage: Moving '../../../../../../Users/Brian/Documents/GitHub/quad-shaped-battle-objects/CardGameProject3/Saved/Click2-Sebastian-7594722646FF9A9D34012844261DA99A2D7C861E3.tmp' to '../../../../../../Users/Brian/Documents/GitHub/quad-shaped-battle-objects/CardGameProject3/Content/Sounds/Click2-Sebastian-759472264.uasset'
[2016.12.14-02.32.39:881][731]LogSavePackage:Display: Finished SavePackage ../../../../../../Users/Brian/Documents/GitHub/quad-shaped-battle-objects/CardGameProject3/Content/Sounds/Click2-Sebastian-759472264.uasset
[2016.12.14-02.32.39:903][731]LogSavePackage: Save=4.30ms
[2016.12.14-02.32.39:903][731]LogSavePackage: Moving '../../../../../../Users/Brian/Documents/GitHub/quad-shaped-battle-objects/CardGameProject3/Saved/Click-SoundBible_com-13876337381EC374E1428A993FA292CCB8F29E44F4.tmp' to '../../../../../../Users/Brian/Documents/GitHub/quad-shaped-battle-objects/CardGameProject3/Content/Sounds/Click-SoundBible_com-1387633738.uasset'
[2016.12.14-02.32.39:906][731]LogSavePackage:Display: Finished SavePackage ../../../../../../Users/Brian/Documents/GitHub/quad-shaped-battle-objects/CardGameProject3/Content/Sounds/Click-SoundBible_com-1387633738.uasset
[2016.12.14-02.33.52:638][977]LogSavePackage: Save=28.34ms
[2016.12.14-02.33.52:639][977]LogSavePackage: Moving '../../../../../../Users/Brian/Documents/GitHub/quad-shaped-battle-objects/CardGameProject3/Saved/StartMenuEC1182194A1380025F3FF3A41F3A7DE9.tmp' to '../../../../../../Users/Brian/Documents/GitHub/quad-shaped-battle-objects/CardGameProject3/Content/Blueprints/Menus/StartMenu.uasset'
[2016.12.14-02.33.52:642][977]LogSavePackage:Display: Finished SavePackage ../../../../../../Users/Brian/Documents/GitHub/quad-shaped-battle-objects/CardGameProject3/Content/Blueprints/Menus/StartMenu.uasset
[2016.12.14-02.33.54:608][ 93]LogBlueprintUserMessages: Early PlayInEditor Detection: Level '/Game/Levels/Empty.Empty:PersistentLevel' has LevelScriptBlueprint '/Game/Levels/Empty.Empty:PersistentLevel.Empty' with GeneratedClass '/Game/Levels/Empty.Empty_C' with ClassGeneratedBy '/Game/Levels/Empty.Empty:PersistentLevel.Empty'
[2016.12.14-02.33.54:608][ 93]BlueprintLog: New page: Pre-Play auto-recompile
[2016.12.14-02.33.54:608][ 93]LogPlayLevel: [PlayLevel] Compiling BattleCardGameState before play...
[2016.12.14-02.33.55:393][ 93]LogPlayLevel: [PlayLevel] Compiling SelectMenu before play...
[2016.12.14-02.33.55:416][ 93]LogPlayLevel: [PlayLevel]   Compiling StartMenu as a dependent...
[2016.12.14-02.33.55:853][ 93]LogPlayLevel: PlayLevel: Blueprint regeneration took 1244 ms (3 blueprints)
[2016.12.14-02.33.55:854][ 93]PIE: New page: PIE session: Empty (Dec 13, 2016, 4:33:55 PM)
[2016.12.14-02.33.55:854][ 93]LogPlayLevel: Creating play world package: /Game/Levels/UEDPIE_0_Empty
[2016.12.14-02.33.55:855][ 93]LogPlayLevel: PIE: StaticDuplicateObject took: (0.001048s)
[2016.12.14-02.33.55:856][ 93]LogAIModule: Creating AISystem for world Empty
[2016.12.14-02.33.55:856][ 93]LogPlayLevel: PIE: World Init took: (0.001004s)
[2016.12.14-02.33.55:856][ 93]LogPlayLevel: PIE: Created PIE world by copying editor world from /Game/Levels/Empty.Empty to /Game/Levels/UEDPIE_0_Empty.Empty (0.002309s)
[2016.12.14-02.33.55:900][ 93]LogInit: XAudio2 using 'Headphones (High Definition Audio Device)' : 2 channels at 44.1 kHz using 16 bits per sample (channel mask 0x3)
[2016.12.14-02.33.55:908][ 93]LogInit: FAudioDevice initialized.
[2016.12.14-02.33.55:955][ 93]LogWorld: Game class is 'BattleCardGameMode_C'
[2016.12.14-02.33.55:956][ 93]LogWorld: Bringing World /Game/Levels/UEDPIE_0_Empty.Empty up for play (max tick rate 60) at 2016.12.13-21.33.55
[2016.12.14-02.33.55:957][ 93]LogWorld: Bringing up level for play took: 0.001308
[2016.12.14-02.33.55:957][ 93]LogGameMode: Warning - PATHS NOT DEFINED or NO PLAYERSTART with positive rating
[2016.12.14-02.33.55:964][ 93]LogContentBrowser: Native class hierarchy updated for 'MovieSceneCapture' in 0.0006 seconds. Added 11 classes and 0 folders.
[2016.12.14-02.33.55:964][ 93]LogGameMode:Display: Match State Changed from EnteringMap to WaitingToStart
[2016.12.14-02.33.55:964][ 93]LogGameState: Match State Changed from EnteringMap to WaitingToStart
[2016.12.14-02.33.55:964][ 93]LogGameMode:Display: Match State Changed from WaitingToStart to InProgress
[2016.12.14-02.33.55:966][ 93]Cmd: r.setRes 1280x720
[2016.12.14-02.33.55:966][ 93]r.SetRes = "1280x720"
[2016.12.14-02.33.55:999][ 93]LogRenderer: Reallocating scene render targets to support 1292x756 (Frame:177).
[2016.12.14-02.33.55:999][ 93]LogGameState: Match State Changed from WaitingToStart to InProgress
[2016.12.14-02.33.56:001][ 93]PIE: Info Play in editor start time for /Game/Levels/UEDPIE_0_Empty 1.509
[2016.12.14-02.33.56:001][ 93]LogBlueprintUserMessages: Late PlayInEditor Detection: Level '/Game/Levels/Empty.Empty:PersistentLevel' has LevelScriptBlueprint '/Game/Levels/Empty.Empty:PersistentLevel.Empty' with GeneratedClass '/Game/Levels/Empty.Empty_C' with ClassGeneratedBy '/Game/Levels/Empty.Empty:PersistentLevel.Empty'
[2016.12.14-02.34.02:988][381]LogBlueprintUserMessages: Early EndPlayMap Detection: Level '/Game/Levels/Empty.Empty:PersistentLevel' has LevelScriptBlueprint '/Game/Levels/Empty.Empty:PersistentLevel.Empty' with GeneratedClass '/Game/Levels/Empty.Empty_C' with ClassGeneratedBy '/Game/Levels/Empty.Empty:PersistentLevel.Empty'
[2016.12.14-02.34.03:019][381]LogBlueprintUserMessages: Late EndPlayMap Detection: Level '/Game/Levels/Empty.Empty:PersistentLevel' has LevelScriptBlueprint '/Game/Levels/Empty.Empty:PersistentLevel.Empty' with GeneratedClass '/Game/Levels/Empty.Empty_C' with ClassGeneratedBy '/Game/Levels/Empty.Empty:PersistentLevel.Empty'
[2016.12.14-02.35.35:890][664]LogSavePackage: Save=27.63ms
[2016.12.14-02.35.35:890][664]LogSavePackage: Moving '../../../../../../Users/Brian/Documents/GitHub/quad-shaped-battle-objects/CardGameProject3/Saved/StartMenuE2A8751948022CDB48B6A587231C0B2B.tmp' to '../../../../../../Users/Brian/Documents/GitHub/quad-shaped-battle-objects/CardGameProject3/Content/Blueprints/Menus/StartMenu.uasset'
[2016.12.14-02.35.35:894][664]LogSavePackage:Display: Finished SavePackage ../../../../../../Users/Brian/Documents/GitHub/quad-shaped-battle-objects/CardGameProject3/Content/Blueprints/Menus/StartMenu.uasset
[2016.12.14-02.35.35:903][664]LogSavePackage: Save=2.09ms
[2016.12.14-02.35.35:903][664]LogSavePackage: Moving '../../../../../../Users/Brian/Documents/GitHub/quad-shaped-battle-objects/CardGameProject3/Saved/Click-SoundBible_com-1387633738_Cue353A88754A3FDD7726CD3B9229C6617F.tmp' to '../../../../../../Users/Brian/Documents/GitHub/quad-shaped-battle-objects/CardGameProject3/Content/Sounds/Click-SoundBible_com-1387633738_Cue.uasset'
[2016.12.14-02.35.35:905][664]LogSavePackage:Display: Finished SavePackage ../../../../../../Users/Brian/Documents/GitHub/quad-shaped-battle-objects/CardGameProject3/Content/Sounds/Click-SoundBible_com-1387633738_Cue.uasset
[2016.12.14-02.35.48:615][406]LogSavePackage: Save=25.50ms
[2016.12.14-02.35.48:615][406]LogSavePackage: Moving '../../../../../../Users/Brian/Documents/GitHub/quad-shaped-battle-objects/CardGameProject3/Saved/SelectMenuD946BE444DCE0BBD7AB8D6A36C0C0322.tmp' to '../../../../../../Users/Brian/Documents/GitHub/quad-shaped-battle-objects/CardGameProject3/Content/Blueprints/Menus/SelectMenu.uasset'
[2016.12.14-02.35.48:618][406]LogSavePackage:Display: Finished SavePackage ../../../../../../Users/Brian/Documents/GitHub/quad-shaped-battle-objects/CardGameProject3/Content/Blueprints/Menus/SelectMenu.uasset
[2016.12.14-02.37.21:727][687]LogSavePackage: Save=42.00ms
[2016.12.14-02.37.21:727][687]LogSavePackage: Moving '../../../../../../Users/Brian/Documents/GitHub/quad-shaped-battle-objects/CardGameProject3/Saved/StartMenuE3DD2E5A4F29CB1CED8700AD8B7EDAFF.tmp' to '../../../../../../Users/Brian/Documents/GitHub/quad-shaped-battle-objects/CardGameProject3/Content/Blueprints/Menus/StartMenu.uasset'
[2016.12.14-02.37.21:731][687]LogSavePackage:Display: Finished SavePackage ../../../../../../Users/Brian/Documents/GitHub/quad-shaped-battle-objects/CardGameProject3/Content/Blueprints/Menus/StartMenu.uasset
[2016.12.14-02.37.22:934][748]LogBlueprintUserMessages: Early PlayInEditor Detection: Level '/Game/Levels/Empty.Empty:PersistentLevel' has LevelScriptBlueprint '/Game/Levels/Empty.Empty:PersistentLevel.Empty' with GeneratedClass '/Game/Levels/Empty.Empty_C' with ClassGeneratedBy '/Game/Levels/Empty.Empty:PersistentLevel.Empty'
[2016.12.14-02.37.22:934][748]BlueprintLog: New page: Pre-Play auto-recompile
[2016.12.14-02.37.22:934][748]LogPlayLevel: [PlayLevel] Compiling SelectMenu before play...
[2016.12.14-02.37.23:095][748]LogPlayLevel: [PlayLevel] Compiling StartMenu before play...
[2016.12.14-02.37.23:276][748]LogPlayLevel: PlayLevel: Blueprint regeneration took 341 ms (2 blueprints)
[2016.12.14-02.37.23:276][748]PIE: New page: PIE session: Empty (Dec 13, 2016, 4:37:23 PM)
[2016.12.14-02.37.23:276][748]LogPlayLevel: Creating play world package: /Game/Levels/UEDPIE_0_Empty
[2016.12.14-02.37.23:278][748]LogPlayLevel: PIE: StaticDuplicateObject took: (0.001127s)
[2016.12.14-02.37.23:278][748]LogAIModule: Creating AISystem for world Empty
[2016.12.14-02.37.23:279][748]LogPlayLevel: PIE: World Init took: (0.001069s)
[2016.12.14-02.37.23:279][748]LogPlayLevel: PIE: Created PIE world by copying editor world from /Game/Levels/Empty.Empty to /Game/Levels/UEDPIE_0_Empty.Empty (0.002458s)
[2016.12.14-02.37.23:325][748]LogInit: XAudio2 using 'Headphones (High Definition Audio Device)' : 2 channels at 44.1 kHz using 16 bits per sample (channel mask 0x3)
[2016.12.14-02.37.23:334][748]LogInit: FAudioDevice initialized.
[2016.12.14-02.37.23:379][748]LogWorld: Game class is 'BattleCardGameMode_C'
[2016.12.14-02.37.23:382][748]LogWorld: Bringing World /Game/Levels/UEDPIE_0_Empty.Empty up for play (max tick rate 60) at 2016.12.13-21.37.23
[2016.12.14-02.37.23:384][748]LogWorld: Bringing up level for play took: 0.003384
[2016.12.14-02.37.23:386][748]LogGameMode: Warning - PATHS NOT DEFINED or NO PLAYERSTART with positive rating
[2016.12.14-02.37.23:387][748]LogGameMode:Display: Match State Changed from EnteringMap to WaitingToStart
[2016.12.14-02.37.23:387][748]LogGameState: Match State Changed from EnteringMap to WaitingToStart
[2016.12.14-02.37.23:387][748]LogGameMode:Display: Match State Changed from WaitingToStart to InProgress
[2016.12.14-02.37.23:391][748]Cmd: r.setRes 1280x720
[2016.12.14-02.37.23:391][748]r.SetRes = "1280x720"
[2016.12.14-02.37.23:395][748]LogGameState: Match State Changed from WaitingToStart to InProgress
[2016.12.14-02.37.23:397][748]PIE: Info Play in editor start time for /Game/Levels/UEDPIE_0_Empty 0.905
[2016.12.14-02.37.23:398][748]LogBlueprintUserMessages: Late PlayInEditor Detection: Level '/Game/Levels/Empty.Empty:PersistentLevel' has LevelScriptBlueprint '/Game/Levels/Empty.Empty:PersistentLevel.Empty' with GeneratedClass '/Game/Levels/Empty.Empty_C' with ClassGeneratedBy '/Game/Levels/Empty.Empty:PersistentLevel.Empty'
[2016.12.14-02.37.36:050][247]LogBlueprintUserMessages: Early EndPlayMap Detection: Level '/Game/Levels/Empty.Empty:PersistentLevel' has LevelScriptBlueprint '/Game/Levels/Empty.Empty:PersistentLevel.Empty' with GeneratedClass '/Game/Levels/Empty.Empty_C' with ClassGeneratedBy '/Game/Levels/Empty.Empty:PersistentLevel.Empty'
[2016.12.14-02.37.36:080][247]LogBlueprintUserMessages: Late EndPlayMap Detection: Level '/Game/Levels/Empty.Empty:PersistentLevel' has LevelScriptBlueprint '/Game/Levels/Empty.Empty:PersistentLevel.Empty' with GeneratedClass '/Game/Levels/Empty.Empty_C' with ClassGeneratedBy '/Game/Levels/Empty.Empty:PersistentLevel.Empty'
[2016.12.14-02.37.37:119][299]LogBlueprintUserMessages: Early PlayInEditor Detection: Level '/Game/Levels/Empty.Empty:PersistentLevel' has LevelScriptBlueprint '/Game/Levels/Empty.Empty:PersistentLevel.Empty' with GeneratedClass '/Game/Levels/Empty.Empty_C' with ClassGeneratedBy '/Game/Levels/Empty.Empty:PersistentLevel.Empty'
[2016.12.14-02.37.37:119][299]LogPlayLevel: PlayLevel: No blueprints needed recompiling
[2016.12.14-02.37.37:120][299]PIE: New page: PIE session: Empty (Dec 13, 2016, 4:37:37 PM)
[2016.12.14-02.37.37:120][299]LogPlayLevel: Creating play world package: /Game/Levels/UEDPIE_0_Empty
[2016.12.14-02.37.37:122][299]LogPlayLevel: PIE: StaticDuplicateObject took: (0.001339s)
[2016.12.14-02.37.37:122][299]LogAIModule: Creating AISystem for world Empty
[2016.12.14-02.37.37:123][299]LogPlayLevel: PIE: World Init took: (0.001220s)
[2016.12.14-02.37.37:123][299]LogPlayLevel: PIE: Created PIE world by copying editor world from /Game/Levels/Empty.Empty to /Game/Levels/UEDPIE_0_Empty.Empty (0.002902s)
[2016.12.14-02.37.37:192][299]LogInit: XAudio2 using 'Headphones (High Definition Audio Device)' : 2 channels at 44.1 kHz using 16 bits per sample (channel mask 0x3)
[2016.12.14-02.37.37:200][299]LogInit: FAudioDevice initialized.
[2016.12.14-02.37.37:246][299]LogWorld: Game class is 'BattleCardGameMode_C'
[2016.12.14-02.37.37:247][299]LogWorld: Bringing World /Game/Levels/UEDPIE_0_Empty.Empty up for play (max tick rate 60) at 2016.12.13-21.37.37
[2016.12.14-02.37.37:248][299]LogWorld: Bringing up level for play took: 0.001231
[2016.12.14-02.37.37:248][299]LogGameMode: Warning - PATHS NOT DEFINED or NO PLAYERSTART with positive rating
[2016.12.14-02.37.37:249][299]LogGameMode:Display: Match State Changed from EnteringMap to WaitingToStart
[2016.12.14-02.37.37:249][299]LogGameState: Match State Changed from EnteringMap to WaitingToStart
[2016.12.14-02.37.37:249][299]LogGameMode:Display: Match State Changed from WaitingToStart to InProgress
[2016.12.14-02.37.37:250][299]Cmd: r.setRes 1280x720
[2016.12.14-02.37.37:250][299]r.SetRes = "1280x720"
[2016.12.14-02.37.37:251][299]LogGameState: Match State Changed from WaitingToStart to InProgress
[2016.12.14-02.37.37:256][299]PIE: Info Play in editor start time for /Game/Levels/UEDPIE_0_Empty 0.765
[2016.12.14-02.37.37:257][299]LogBlueprintUserMessages: Late PlayInEditor Detection: Level '/Game/Levels/Empty.Empty:PersistentLevel' has LevelScriptBlueprint '/Game/Levels/Empty.Empty:PersistentLevel.Empty' with GeneratedClass '/Game/Levels/Empty.Empty_C' with ClassGeneratedBy '/Game/Levels/Empty.Empty:PersistentLevel.Empty'
[2016.12.14-02.37.47:240][693]LogBlueprintUserMessages: Early EndPlayMap Detection: Level '/Game/Levels/Empty.Empty:PersistentLevel' has LevelScriptBlueprint '/Game/Levels/Empty.Empty:PersistentLevel.Empty' with GeneratedClass '/Game/Levels/Empty.Empty_C' with ClassGeneratedBy '/Game/Levels/Empty.Empty:PersistentLevel.Empty'
[2016.12.14-02.37.47:277][693]LogBlueprintUserMessages: Late EndPlayMap Detection: Level '/Game/Levels/Empty.Empty:PersistentLevel' has LevelScriptBlueprint '/Game/Levels/Empty.Empty:PersistentLevel.Empty' with GeneratedClass '/Game/Levels/Empty.Empty_C' with ClassGeneratedBy '/Game/Levels/Empty.Empty:PersistentLevel.Empty'
[2016.12.14-02.38.56:259][754]LogBlueprintUserMessages: Early PlayInEditor Detection: Level '/Game/Levels/Empty.Empty:PersistentLevel' has LevelScriptBlueprint '/Game/Levels/Empty.Empty:PersistentLevel.Empty' with GeneratedClass '/Game/Levels/Empty.Empty_C' with ClassGeneratedBy '/Game/Levels/Empty.Empty:PersistentLevel.Empty'
[2016.12.14-02.38.56:259][754]BlueprintLog: New page: Pre-Play auto-recompile
[2016.12.14-02.38.56:259][754]LogPlayLevel: [PlayLevel] Compiling StartMenu before play...
[2016.12.14-02.38.56:490][754]LogPlayLevel: PlayLevel: Blueprint regeneration took 231 ms (1 blueprints)
[2016.12.14-02.38.56:490][754]PIE: New page: PIE session: Empty (Dec 13, 2016, 4:38:56 PM)
[2016.12.14-02.38.56:490][754]LogPlayLevel: Creating play world package: /Game/Levels/UEDPIE_0_Empty
[2016.12.14-02.38.56:491][754]LogPlayLevel: PIE: StaticDuplicateObject took: (0.001027s)
[2016.12.14-02.38.56:492][754]LogAIModule: Creating AISystem for world Empty
[2016.12.14-02.38.56:492][754]LogPlayLevel: PIE: World Init took: (0.001006s)
[2016.12.14-02.38.56:493][754]LogPlayLevel: PIE: Created PIE world by copying editor world from /Game/Levels/Empty.Empty to /Game/Levels/UEDPIE_0_Empty.Empty (0.002276s)
[2016.12.14-02.38.56:537][754]LogInit: XAudio2 using 'Headphones (High Definition Audio Device)' : 2 channels at 44.1 kHz using 16 bits per sample (channel mask 0x3)
[2016.12.14-02.38.56:545][754]LogInit: FAudioDevice initialized.
[2016.12.14-02.38.56:589][754]LogWorld: Game class is 'BattleCardGameMode_C'
[2016.12.14-02.38.56:591][754]LogWorld: Bringing World /Game/Levels/UEDPIE_0_Empty.Empty up for play (max tick rate 60) at 2016.12.13-21.38.56
[2016.12.14-02.38.56:591][754]LogWorld: Bringing up level for play took: 0.001181
[2016.12.14-02.38.56:592][754]LogGameMode: Warning - PATHS NOT DEFINED or NO PLAYERSTART with positive rating
[2016.12.14-02.38.56:592][754]LogGameMode:Display: Match State Changed from EnteringMap to WaitingToStart
[2016.12.14-02.38.56:592][754]LogGameState: Match State Changed from EnteringMap to WaitingToStart
[2016.12.14-02.38.56:592][754]LogGameMode:Display: Match State Changed from WaitingToStart to InProgress
[2016.12.14-02.38.56:594][754]Cmd: r.setRes 1280x720
[2016.12.14-02.38.56:594][754]r.SetRes = "1280x720"
[2016.12.14-02.38.56:595][754]LogGameState: Match State Changed from WaitingToStart to InProgress
[2016.12.14-02.38.56:599][754]PIE: Info Play in editor start time for /Game/Levels/UEDPIE_0_Empty 0.107
[2016.12.14-02.38.56:599][754]LogBlueprintUserMessages: Late PlayInEditor Detection: Level '/Game/Levels/Empty.Empty:PersistentLevel' has LevelScriptBlueprint '/Game/Levels/Empty.Empty:PersistentLevel.Empty' with GeneratedClass '/Game/Levels/Empty.Empty_C' with ClassGeneratedBy '/Game/Levels/Empty.Empty:PersistentLevel.Empty'
[2016.12.14-02.39.05:742][128]LogBlueprintUserMessages: Early EndPlayMap Detection: Level '/Game/Levels/Empty.Empty:PersistentLevel' has LevelScriptBlueprint '/Game/Levels/Empty.Empty:PersistentLevel.Empty' with GeneratedClass '/Game/Levels/Empty.Empty_C' with ClassGeneratedBy '/Game/Levels/Empty.Empty:PersistentLevel.Empty'
[2016.12.14-02.39.05:772][128]LogBlueprintUserMessages: Late EndPlayMap Detection: Level '/Game/Levels/Empty.Empty:PersistentLevel' has LevelScriptBlueprint '/Game/Levels/Empty.Empty:PersistentLevel.Empty' with GeneratedClass '/Game/Levels/Empty.Empty_C' with ClassGeneratedBy '/Game/Levels/Empty.Empty:PersistentLevel.Empty'
[2016.12.14-02.40.03:188][409]LogSavePackage: Save=37.45ms
[2016.12.14-02.40.03:188][409]LogSavePackage: Moving '../../../../../../Users/Brian/Documents/GitHub/quad-shaped-battle-objects/CardGameProject3/Saved/StartMenuEC1AA3DD4A623D1C2C1920AE7B459A65.tmp' to '../../../../../../Users/Brian/Documents/GitHub/quad-shaped-battle-objects/CardGameProject3/Content/Blueprints/Menus/StartMenu.uasset'
[2016.12.14-02.40.03:192][409]LogSavePackage:Display: Finished SavePackage ../../../../../../Users/Brian/Documents/GitHub/quad-shaped-battle-objects/CardGameProject3/Content/Blueprints/Menus/StartMenu.uasset
[2016.12.14-02.40.03:248][409]LogSavePackage: Save=24.16ms
[2016.12.14-02.40.03:248][409]LogSavePackage: Moving '../../../../../../Users/Brian/Documents/GitHub/quad-shaped-battle-objects/CardGameProject3/Saved/DifficultyMenuDE9A17E94C5E48B0FA150E81952EF33E.tmp' to '../../../../../../Users/Brian/Documents/GitHub/quad-shaped-battle-objects/CardGameProject3/Content/Blueprints/Menus/DifficultyMenu.uasset'
[2016.12.14-02.40.03:253][409]LogSavePackage:Display: Finished SavePackage ../../../../../../Users/Brian/Documents/GitHub/quad-shaped-battle-objects/CardGameProject3/Content/Blueprints/Menus/DifficultyMenu.uasset
[2016.12.14-02.40.34:368][174]LogSavePackage: Save=15.77ms
[2016.12.14-02.40.34:368][174]LogSavePackage: Moving '../../../../../../Users/Brian/Documents/GitHub/quad-shaped-battle-objects/CardGameProject3/Saved/LoseMenu674EC9C04FCE6B6F0626E7BEB138BC9C.tmp' to '../../../../../../Users/Brian/Documents/GitHub/quad-shaped-battle-objects/CardGameProject3/Content/Blueprints/Menus/LoseMenu.uasset'
[2016.12.14-02.40.34:371][174]LogSavePackage:Display: Finished SavePackage ../../../../../../Users/Brian/Documents/GitHub/quad-shaped-battle-objects/CardGameProject3/Content/Blueprints/Menus/LoseMenu.uasset
[2016.12.14-02.41.04:318][859]LogSavePackage: Save=19.61ms
[2016.12.14-02.41.04:318][859]LogSavePackage: Moving '../../../../../../Users/Brian/Documents/GitHub/quad-shaped-battle-objects/CardGameProject3/Saved/WinMenuF8459EAB4769E9C90E07F2896A04579C.tmp' to '../../../../../../Users/Brian/Documents/GitHub/quad-shaped-battle-objects/CardGameProject3/Content/Blueprints/Menus/WinMenu.uasset'
[2016.12.14-02.41.04:322][859]LogSavePackage:Display: Finished SavePackage ../../../../../../Users/Brian/Documents/GitHub/quad-shaped-battle-objects/CardGameProject3/Content/Blueprints/Menus/WinMenu.uasset
[2016.12.14-02.41.50:248][439]LogSavePackage: Save=22.47ms
[2016.12.14-02.41.50:248][439]LogSavePackage: Moving '../../../../../../Users/Brian/Documents/GitHub/quad-shaped-battle-objects/CardGameProject3/Saved/PauseMenuE43F128345BB820DF0F2D69FDF8B0754.tmp' to '../../../../../../Users/Brian/Documents/GitHub/quad-shaped-battle-objects/CardGameProject3/Content/Blueprints/Menus/PauseMenu.uasset'
[2016.12.14-02.41.50:252][439]LogSavePackage:Display: Finished SavePackage ../../../../../../Users/Brian/Documents/GitHub/quad-shaped-battle-objects/CardGameProject3/Content/Blueprints/Menus/PauseMenu.uasset
[2016.12.14-02.41.57:033][824]LogSavePackage: Save=21.90ms
[2016.12.14-02.41.57:033][824]LogSavePackage: Moving '../../../../../../Users/Brian/Documents/GitHub/quad-shaped-battle-objects/CardGameProject3/Saved/PauseMenuA29D9A0F4072E1424DB9DCBD07343E2A.tmp' to '../../../../../../Users/Brian/Documents/GitHub/quad-shaped-battle-objects/CardGameProject3/Content/Blueprints/Menus/PauseMenu.uasset'
[2016.12.14-02.41.57:037][824]LogSavePackage:Display: Finished SavePackage ../../../../../../Users/Brian/Documents/GitHub/quad-shaped-battle-objects/CardGameProject3/Content/Blueprints/Menus/PauseMenu.uasset
[2016.12.14-02.41.58:088][885]LogBlueprintUserMessages: Early PlayInEditor Detection: Level '/Game/Levels/Empty.Empty:PersistentLevel' has LevelScriptBlueprint '/Game/Levels/Empty.Empty:PersistentLevel.Empty' with GeneratedClass '/Game/Levels/Empty.Empty_C' with ClassGeneratedBy '/Game/Levels/Empty.Empty:PersistentLevel.Empty'
[2016.12.14-02.41.58:088][885]BlueprintLog: New page: Pre-Play auto-recompile
[2016.12.14-02.41.58:088][885]LogPlayLevel: [PlayLevel] Compiling DifficultyMenu before play...
[2016.12.14-02.41.58:245][885]LogPlayLevel: [PlayLevel] Compiling LoseMenu before play...
[2016.12.14-02.41.58:730][885]LogPlayLevel: [PlayLevel] Compiling WinMenu before play...
[2016.12.14-02.41.59:101][885]LogPlayLevel: [PlayLevel] Compiling PauseMenu before play...
[2016.12.14-02.41.59:316][885]LogPlayLevel: PlayLevel: Blueprint regeneration took 1229 ms (4 blueprints)
[2016.12.14-02.41.59:317][885]PIE: New page: PIE session: Empty (Dec 13, 2016, 4:41:59 PM)
[2016.12.14-02.41.59:317][885]LogPlayLevel: Creating play world package: /Game/Levels/UEDPIE_0_Empty
[2016.12.14-02.41.59:318][885]LogPlayLevel: PIE: StaticDuplicateObject took: (0.001097s)
[2016.12.14-02.41.59:319][885]LogAIModule: Creating AISystem for world Empty
[2016.12.14-02.41.59:319][885]LogPlayLevel: PIE: World Init took: (0.001009s)
[2016.12.14-02.41.59:320][885]LogPlayLevel: PIE: Created PIE world by copying editor world from /Game/Levels/Empty.Empty to /Game/Levels/UEDPIE_0_Empty.Empty (0.002375s)
[2016.12.14-02.41.59:367][885]LogInit: XAudio2 using 'Headphones (High Definition Audio Device)' : 2 channels at 44.1 kHz using 16 bits per sample (channel mask 0x3)
[2016.12.14-02.41.59:376][885]LogInit: FAudioDevice initialized.
[2016.12.14-02.41.59:411][885]LogWorld: Game class is 'BattleCardGameMode_C'
[2016.12.14-02.41.59:413][885]LogWorld: Bringing World /Game/Levels/UEDPIE_0_Empty.Empty up for play (max tick rate 60) at 2016.12.13-21.41.59
[2016.12.14-02.41.59:414][885]LogWorld: Bringing up level for play took: 0.001596
[2016.12.14-02.41.59:415][885]LogGameMode: Warning - PATHS NOT DEFINED or NO PLAYERSTART with positive rating
[2016.12.14-02.41.59:415][885]LogGameMode:Display: Match State Changed from EnteringMap to WaitingToStart
[2016.12.14-02.41.59:415][885]LogGameState: Match State Changed from EnteringMap to WaitingToStart
[2016.12.14-02.41.59:415][885]LogGameMode:Display: Match State Changed from WaitingToStart to InProgress
[2016.12.14-02.41.59:416][885]Cmd: r.setRes 1280x720
[2016.12.14-02.41.59:416][885]r.SetRes = "1280x720"
[2016.12.14-02.41.59:417][885]LogGameState: Match State Changed from WaitingToStart to InProgress
[2016.12.14-02.41.59:420][885]PIE: Info Play in editor start time for /Game/Levels/UEDPIE_0_Empty 0.928
[2016.12.14-02.41.59:420][885]LogBlueprintUserMessages: Late PlayInEditor Detection: Level '/Game/Levels/Empty.Empty:PersistentLevel' has LevelScriptBlueprint '/Game/Levels/Empty.Empty:PersistentLevel.Empty' with GeneratedClass '/Game/Levels/Empty.Empty_C' with ClassGeneratedBy '/Game/Levels/Empty.Empty:PersistentLevel.Empty'
[2016.12.14-02.42.05:415][133]LogGameMode:Display: Match State Changed from InProgress to LeavingMap
[2016.12.14-02.42.05:415][133]LogGameState: Match State Changed from InProgress to LeavingMap
[2016.12.14-02.42.05:416][133]LogNet: Browse: /Game/Levels/BasicLevel
[2016.12.14-02.42.05:416][133]LogLoad: LoadMap: /Game/Levels/BasicLevel
[2016.12.14-02.42.05:483][133]Cmd: MEM
[2016.12.14-02.42.05:528][133]LogMemory: Platform Memory Stats for Windows
[2016.12.14-02.42.05:528][133]LogMemory: Process Physical Memory: 1582.82 MB used, 1583.45 MB peak
[2016.12.14-02.42.05:528][133]LogMemory: Process Virtual Memory: 2448.35 MB used, 2656.38 MB peak
[2016.12.14-02.42.05:528][133]LogMemory: Physical Memory: 4052.28 MB used, 8075.23 MB total
[2016.12.14-02.42.05:528][133]LogMemory: Virtual Memory: 3304.47 MB used, 134217728.00 MB total
[2016.12.14-02.42.05:528][133]LogMemory: 
[2016.12.14-02.42.05:528][133]Allocator Stats for TBB: (not implemented)
[2016.12.14-02.42.05:915][133]LogAIModule: Creating AISystem for world BasicLevel
[2016.12.14-02.42.05:916][133]LogWorld: Game class is 'BattleCardGameMode_C'
[2016.12.14-02.42.05:922][133]LogWorld: Bringing World /Game/Levels/UEDPIE_0_BasicLevel.BasicLevel up for play (max tick rate 60) at 2016.12.13-21.42.05
[2016.12.14-02.42.05:922][133]LogWorld: Bringing up level for play took: 0.006203
[2016.12.14-02.42.05:923][133]LogGameMode: Warning - PATHS NOT DEFINED or NO PLAYERSTART with positive rating
[2016.12.14-02.42.05:924][133]LogGameMode:Display: Match State Changed from EnteringMap to WaitingToStart
[2016.12.14-02.42.05:924][133]LogGameState: Match State Changed from EnteringMap to WaitingToStart
[2016.12.14-02.42.05:924][133]LogGameMode:Display: Match State Changed from WaitingToStart to InProgress
[2016.12.14-02.42.05:925][133]LogGameState: Match State Changed from WaitingToStart to InProgress
[2016.12.14-02.42.05:925][133]LogLoad: Took 0.509804 seconds to LoadMap(/Game/Levels/BasicLevel)
[2016.12.14-02.42.05:977][134]LogBlueprintUserMessages: [Deck_C_1] 0
[2016.12.14-02.42.05:978][134]LogBlueprintUserMessages: [Deck_C_0] 1
[2016.12.14-02.42.26:644][616]LogBlueprintUserMessages: [BattleCardGameState_C_0] Hello
[2016.12.14-02.42.45:289][ 53]LogBlueprintUserMessages: [BattleCardGameState_C_0] Hello
[2016.12.14-02.42.57:729][344]LogBlueprintUserMessages: [BattleCardGameState_C_0] Hello
[2016.12.14-02.43.10:177][634]LogBlueprintUserMessages: [BattleCardGameState_C_0] Hello
[2016.12.14-02.43.25:125][983]LogAudio:Warning: Detected orphaned looping sound 'Loop1_Cue'.
[2016.12.14-02.43.32:224][148]LogBlueprintUserMessages: [BattleCardGameState_C_0] Hello
[2016.12.14-02.43.49:187][542]LogBlueprintUserMessages: [BattleCardGameState_C_0] Hello
[2016.12.14-02.44.24:908][371]LogBlueprintUserMessages: [BattleCardGameState_C_0] Hello
[2016.12.14-02.44.48:266][910]LogBlueprintUserMessages: [BattleCardGameState_C_0] Hello
[2016.12.14-02.45.00:967][200]LogGameMode:Display: Match State Changed from InProgress to LeavingMap
[2016.12.14-02.45.00:967][200]LogGameState: Match State Changed from InProgress to LeavingMap
[2016.12.14-02.45.00:968][200]LogNet: Browse: /Game/Levels/Empty
[2016.12.14-02.45.00:968][200]LogLoad: LoadMap: /Game/Levels/Empty
[2016.12.14-02.45.01:054][200]Cmd: MEM
[2016.12.14-02.45.01:093][200]LogMemory: Platform Memory Stats for Windows
[2016.12.14-02.45.01:093][200]LogMemory: Process Physical Memory: 1619.25 MB used, 1651.93 MB peak
[2016.12.14-02.45.01:093][200]LogMemory: Process Virtual Memory: 2384.70 MB used, 2656.38 MB peak
[2016.12.14-02.45.01:093][200]LogMemory: Physical Memory: 4061.66 MB used, 8075.23 MB total
[2016.12.14-02.45.01:093][200]LogMemory: Virtual Memory: 3245.51 MB used, 134217728.00 MB total
[2016.12.14-02.45.01:093][200]LogMemory: 
[2016.12.14-02.45.01:093][200]Allocator Stats for TBB: (not implemented)
[2016.12.14-02.45.01:093][200]LogPlayLevel: Creating play world package: /Game/Levels/UEDPIE_0_Empty
[2016.12.14-02.45.01:095][200]LogPlayLevel: PIE: StaticDuplicateObject took: (0.001035s)
[2016.12.14-02.45.01:095][200]LogAIModule: Creating AISystem for world Empty
[2016.12.14-02.45.01:095][200]LogPlayLevel: PIE: World Init took: (0.000943s)
[2016.12.14-02.45.01:096][200]LogPlayLevel: PIE: Created PIE world by copying editor world from /Game/Levels/Empty.Empty to /Game/Levels/UEDPIE_0_Empty.Empty (0.002225s)
[2016.12.14-02.45.01:096][200]LogWorld: Game class is 'BattleCardGameMode_C'
[2016.12.14-02.45.01:097][200]LogWorld: Bringing World /Game/Levels/UEDPIE_0_Empty.Empty up for play (max tick rate 60) at 2016.12.13-21.45.01
[2016.12.14-02.45.01:097][200]LogWorld: Bringing up level for play took: 0.001216
[2016.12.14-02.45.01:098][200]LogGameMode: Warning - PATHS NOT DEFINED or NO PLAYERSTART with positive rating
[2016.12.14-02.45.01:098][200]LogGameMode:Display: Match State Changed from EnteringMap to WaitingToStart
[2016.12.14-02.45.01:099][200]LogGameState: Match State Changed from EnteringMap to WaitingToStart
[2016.12.14-02.45.01:099][200]LogGameMode:Display: Match State Changed from WaitingToStart to InProgress
[2016.12.14-02.45.01:100][200]Cmd: r.setRes 1280x720
[2016.12.14-02.45.01:100][200]r.SetRes = "1280x720"
[2016.12.14-02.45.01:101][200]LogGameState: Match State Changed from WaitingToStart to InProgress
[2016.12.14-02.45.01:101][200]LogLoad: Took 0.132587 seconds to LoadMap(/Game/Levels/UEDPIE_0_Empty)
[2016.12.14-02.45.05:950][403]LogBlueprintUserMessages: Early EndPlayMap Detection: Level '/Game/Levels/Empty.Empty:PersistentLevel' has LevelScriptBlueprint '/Game/Levels/Empty.Empty:PersistentLevel.Empty' with GeneratedClass '/Game/Levels/Empty.Empty_C' with ClassGeneratedBy '/Game/Levels/Empty.Empty:PersistentLevel.Empty'
[2016.12.14-02.45.05:985][403]LogBlueprintUserMessages: Late EndPlayMap Detection: Level '/Game/Levels/Empty.Empty:PersistentLevel' has LevelScriptBlueprint '/Game/Levels/Empty.Empty:PersistentLevel.Empty' with GeneratedClass '/Game/Levels/Empty.Empty_C' with ClassGeneratedBy '/Game/Levels/Empty.Empty:PersistentLevel.Empty'
[2016.12.14-02.52.06:879][143]LogActorComponent: UnregisterComponent: (/Engine/Transient.EditorFloorComp) Not registered. Aborting.
[2016.12.14-02.52.07:005][143]LogWindowsTextInputMethodSystem:Display: IME system now deactivated.
[2016.12.14-02.52.07:191][144]Cmd: QUIT_EDITOR
[2016.12.14-02.52.07:976][144]LogExit: Preparing to exit.
[2016.12.14-02.52.08:838][144]LogDirectoryWatcher: A directory notification for 'C:/Users/Brian/Documents/GitHub/quad-shaped-battle-objects/CardGameProject3/Content/' was aborted.
[2016.12.14-02.52.08:876][144]LogExit: Editor shut down
[2016.12.14-02.52.08:877][144]LogExit: Transaction tracking system shut down
[2016.12.14-02.52.09:073][144]LogObj: Freed 0b from 0 cluster array pools.
[2016.12.14-02.52.09:073][144]LogExit: Object subsystem successfully closed.
[2016.12.14-02.52.09:088][144]LogD3D11RHI: Shutdown
[2016.12.14-02.52.09:088][144]LogD3D11RHI: CleanupD3DDevice
[2016.12.14-02.52.09:148][144]LogD3D11RHI: ~FD3D11DynamicRHI
[2016.12.14-02.52.09:165][144]LogModuleManager: Shutting down and abandoning module MovieSceneCapture (238)
[2016.12.14-02.52.09:165][144]LogModuleManager: Shutting down and abandoning module SoundCueEditor (237)
[2016.12.14-02.52.09:165][144]LogModuleManager: Shutting down and abandoning module SequencerWidgets (236)
[2016.12.14-02.52.09:165][144]LogModuleManager: Shutting down and abandoning module BlueprintGraph (235)
[2016.12.14-02.52.09:165][144]LogModuleManager: Shutting down and abandoning module BlueprintProfiler (234)
[2016.12.14-02.52.09:165][144]LogModuleManager: Shutting down and abandoning module HierarchicalLODOutliner (233)
[2016.12.14-02.52.09:165][144]LogModuleManager: Shutting down and abandoning module CrashTracker (232)
[2016.12.14-02.52.09:165][144]LogModuleManager: Shutting down and abandoning module SceneOutliner (231)
[2016.12.14-02.52.09:165][144]LogModuleManager: Shutting down and abandoning module WidgetCarousel (230)
[2016.12.14-02.52.09:165][144]LogModuleManager: Shutting down and abandoning module AddContentDialog (229)
[2016.12.14-02.52.09:166][144]LogDirectoryWatcher: A directory notification for 'C:/Program Files (x86)/Epic Games/4.13/FeaturePacks/' was aborted.
[2016.12.14-02.52.09:167][144]LogModuleManager: Shutting down and abandoning module GameplayTags (228)
[2016.12.14-02.52.09:167][144]LogModuleManager: Shutting down and abandoning module EditorWidgets (227)
[2016.12.14-02.52.09:167][144]LogModuleManager: Shutting down and abandoning module CollectionManager (226)
[2016.12.14-02.52.09:167][144]LogDirectoryWatcher: A directory notification for 'C:/Users/Brian/Documents/GitHub/quad-shaped-battle-objects/CardGameProject3/Content/Collections/' was aborted.
[2016.12.14-02.52.09:167][144]LogDirectoryWatcher: A directory notification for 'C:/Users/Brian/Documents/GitHub/quad-shaped-battle-objects/CardGameProject3/Content/Developers/Brian/Collections/' was aborted.
[2016.12.14-02.52.09:167][144]LogDirectoryWatcher: A directory notification for 'C:/Users/Brian/Documents/GitHub/quad-shaped-battle-objects/CardGameProject3/Saved/Collections/' was aborted.
[2016.12.14-02.52.09:167][144]LogModuleManager: Shutting down and abandoning module StatsViewer (225)
[2016.12.14-02.52.09:167][144]LogModuleManager: Shutting down and abandoning module FoliageEdit (224)
[2016.12.14-02.52.09:167][144]LogModuleManager: Shutting down and abandoning module LandscapeEditor (223)
[2016.12.14-02.52.09:168][144]LogModuleManager: Shutting down and abandoning module SceneDepthPickerMode (222)
[2016.12.14-02.52.09:168][144]LogModuleManager: Shutting down and abandoning module ActorPickerMode (221)
[2016.12.14-02.52.09:168][144]LogModuleManager: Shutting down and abandoning module GeometryMode (220)
[2016.12.14-02.52.09:168][144]LogModuleManager: Shutting down and abandoning module TextureAlignMode (219)
[2016.12.14-02.52.09:168][144]LogModuleManager: Shutting down and abandoning module BspMode (218)
[2016.12.14-02.52.09:168][144]LogModuleManager: Shutting down and abandoning module HardwareSurvey (217)
[2016.12.14-02.52.09:168][144]LogModuleManager: Shutting down and abandoning module SequenceRecorderSections (216)
[2016.12.14-02.52.09:168][144]LogModuleManager: Shutting down and abandoning module SequenceRecorder (215)
[2016.12.14-02.52.09:168][144]LogModuleManager: Shutting down and abandoning module AutomationWorker (214)
[2016.12.14-02.52.09:168][144]LogModuleManager: Shutting down and abandoning module MatineeToLevelSequence (213)
[2016.12.14-02.52.09:168][144]LogModuleManager: Shutting down and abandoning module PlacementMode (212)
[2016.12.14-02.52.09:168][144]LogModuleManager: Shutting down and abandoning module LevelSequenceEditor (211)
[2016.12.14-02.52.09:168][144]LogModuleManager: Shutting down and abandoning module WmfMediaFactory (210)
[2016.12.14-02.52.09:168][144]LogModuleManager: Shutting down and abandoning module WmfMediaEditor (209)
[2016.12.14-02.52.09:168][144]LogModuleManager: Shutting down and abandoning module AvfMediaFactory (208)
[2016.12.14-02.52.09:168][144]LogModuleManager: Shutting down and abandoning module AvfMediaEditor (207)
[2016.12.14-02.52.09:168][144]LogModuleManager: Shutting down and abandoning module Media (206)
[2016.12.14-02.52.09:168][144]LogModuleManager: Shutting down and abandoning module AndroidMediaFactory (205)
[2016.12.14-02.52.09:168][144]LogModuleManager: Shutting down and abandoning module AndroidMediaEditor (204)
[2016.12.14-02.52.09:168][144]LogModuleManager: Shutting down and abandoning module CharacterAI (203)
[2016.12.14-02.52.09:168][144]LogModuleManager: Shutting down and abandoning module SmartSnapping (202)
[2016.12.14-02.52.09:168][144]LogModuleManager: Shutting down and abandoning module SessionServices (201)
[2016.12.14-02.52.09:168][144]LogModuleManager: Shutting down and abandoning module ViewportSnapping (200)
[2016.12.14-02.52.09:168][144]LogModuleManager: Shutting down and abandoning module ViewportInteraction (199)
[2016.12.14-02.52.09:168][144]LogModuleManager: Shutting down and abandoning module LogVisualizer (198)
[2016.12.14-02.52.09:169][144]LogModuleManager: Shutting down and abandoning module GameProjectGeneration (197)
[2016.12.14-02.52.09:169][144]LogModuleManager: Shutting down and abandoning module IntroTutorials (196)
[2016.12.14-02.52.09:169][144]LogModuleManager: Shutting down and abandoning module EditorLiveStreaming (195)
[2016.12.14-02.52.09:169][144]LogModuleManager: Shutting down and abandoning module IOSPlatformEditor (194)
[2016.12.14-02.52.09:169][144]LogModuleManager: Shutting down and abandoning module HTML5PlatformEditor (193)
[2016.12.14-02.52.09:169][144]LogModuleManager: Shutting down and abandoning module AndroidDeviceDetection (192)
[2016.12.14-02.52.09:183][144]LogModuleManager: Shutting down and abandoning module AndroidPlatformEditor (191)
[2016.12.14-02.52.09:183][144]LogModuleManager: Shutting down and abandoning module IOSRuntimeSettings (190)
[2016.12.14-02.52.09:183][144]LogModuleManager: Shutting down and abandoning module AndroidRuntimeSettings (189)
[2016.12.14-02.52.09:183][144]LogModuleManager: Shutting down and abandoning module NiagaraEditor (188)
[2016.12.14-02.52.09:183][144]LogModuleManager: Shutting down and abandoning module MergeActors (187)
[2016.12.14-02.52.09:183][144]LogModuleManager: Shutting down and abandoning module SizeMap (186)
[2016.12.14-02.52.09:183][144]LogModuleManager: Shutting down and abandoning module TreeMap (185)
[2016.12.14-02.52.09:183][144]LogModuleManager: Shutting down and abandoning module ReferenceViewer (184)
[2016.12.14-02.52.09:183][144]LogModuleManager: Shutting down and abandoning module LocalizationService (183)
[2016.12.14-02.52.09:183][144]LogModuleManager: Shutting down and abandoning module LocalizationDashboard (182)
[2016.12.14-02.52.09:183][144]LogModuleManager: Shutting down and abandoning module HardwareTargeting (181)
[2016.12.14-02.52.09:183][144]LogModuleManager: Shutting down and abandoning module DeviceProfileEditor (180)
[2016.12.14-02.52.09:183][144]LogModuleManager: Shutting down and abandoning module UndoHistory (179)
[2016.12.14-02.52.09:183][144]LogModuleManager: Shutting down and abandoning module UserFeedback (178)
[2016.12.14-02.52.09:183][144]LogModuleManager: Shutting down and abandoning module XmlParser (177)
[2016.12.14-02.52.09:183][144]LogModuleManager: Shutting down and abandoning module Blutility (176)
[2016.12.14-02.52.09:183][144]LogModuleManager: Shutting down and abandoning module ProjectTargetPlatformEditor (175)
[2016.12.14-02.52.09:184][144]LogModuleManager: Shutting down and abandoning module ProjectSettingsViewer (174)
[2016.12.14-02.52.09:184][144]LogModuleManager: Shutting down and abandoning module InputBindingEditor (173)
[2016.12.14-02.52.09:184][144]LogModuleManager: Shutting down and abandoning module EditorSettingsViewer (172)
[2016.12.14-02.52.09:184][144]LogModuleManager: Shutting down and abandoning module SettingsEditor (171)
[2016.12.14-02.52.09:184][144]LogModuleManager: Shutting down and abandoning module ProjectLauncher (170)
[2016.12.14-02.52.09:184][144]LogModuleManager: Shutting down and abandoning module SessionFrontend (169)
[2016.12.14-02.52.09:184][144]LogModuleManager: Shutting down and abandoning module ProfilerClient (168)
[2016.12.14-02.52.09:184][144]LogModuleManager: Shutting down and abandoning module TargetDeviceServices (167)
[2016.12.14-02.52.09:184][144]LogModuleManager: Shutting down and abandoning module DeviceManager (166)
[2016.12.14-02.52.09:228][144]LogModuleManager: Shutting down and abandoning module AutomationController (165)
[2016.12.14-02.52.09:228][144]LogModuleManager: Shutting down and abandoning module AutomationWindow (164)
[2016.12.14-02.52.09:228][144]LogModuleManager: Shutting down and abandoning module Layers (163)
[2016.12.14-02.52.09:228][144]LogModuleManager: Shutting down and abandoning module ComponentVisualizers (162)
[2016.12.14-02.52.09:228][144]LogModuleManager: Shutting down and abandoning module DetailCustomizations (161)
[2016.12.14-02.52.09:228][144]LogModuleManager: Shutting down and abandoning module PackagesDialog (160)
[2016.12.14-02.52.09:228][144]LogModuleManager: Shutting down and abandoning module AnimGraph (159)
[2016.12.14-02.52.09:228][144]LogModuleManager: Shutting down and abandoning module Persona (158)
[2016.12.14-02.52.09:228][144]LogModuleManager: Shutting down and abandoning module Kismet (157)
[2016.12.14-02.52.09:236][144]LogModuleManager: Shutting down and abandoning module GraphEditor (156)
[2016.12.14-02.52.09:236][144]LogModuleManager: Shutting down and abandoning module ClassViewer (155)
[2016.12.14-02.52.09:236][144]LogModuleManager: Shutting down and abandoning module Toolbox (154)
[2016.12.14-02.52.09:236][144]LogModuleManager: Shutting down and abandoning module ModuleUI (153)
[2016.12.14-02.52.09:236][144]LogModuleManager: Shutting down and abandoning module MovieSceneTools (152)
[2016.12.14-02.52.09:236][144]LogModuleManager: Shutting down and abandoning module OutputLog (151)
[2016.12.14-02.52.09:236][144]LogModuleManager: Shutting down and abandoning module GammaUI (150)
[2016.12.14-02.52.09:236][144]LogModuleManager: Shutting down and abandoning module Documentation (149)
[2016.12.14-02.52.09:236][144]LogModuleManager: Shutting down and abandoning module Niagara (148)
[2016.12.14-02.52.09:236][144]LogModuleManager: Shutting down and abandoning module StreamingPauseRendering (147)
[2016.12.14-02.52.09:236][144]LogModuleManager: Shutting down and abandoning module AnalyticsET (146)
[2016.12.14-02.52.09:236][144]LogModuleManager: Shutting down and abandoning module PortalServices (145)
[2016.12.14-02.52.09:236][144]LogModuleManager: Shutting down and abandoning module PortalRpc (144)
[2016.12.14-02.52.09:236][144]LogModuleManager: Shutting down and abandoning module MessagingRpc (143)
[2016.12.14-02.52.09:236][144]LogModuleManager: Shutting down and abandoning module GameplayDebugger (142)
[2016.12.14-02.52.09:236][144]LogModuleManager: Shutting down and abandoning module AITestSuite (141)
[2016.12.14-02.52.09:236][144]LogModuleManager: Shutting down and abandoning module AIModule (140)
[2016.12.14-02.52.09:236][144]LogModuleManager: Shutting down and abandoning module ProfilerService (139)
[2016.12.14-02.52.09:320][144]LogModuleManager: Shutting down and abandoning module TaskGraph (138)
[2016.12.14-02.52.09:320][144]LogModuleManager: Shutting down and abandoning module SlateRemote (137)
[2016.12.14-02.52.09:320][144]LogModuleManager: Shutting down and abandoning module SteamVRController (136)
[2016.12.14-02.52.09:320][144]LogModuleManager: Shutting down and abandoning module SteamVR (135)
[2016.12.14-02.52.09:320][144]LogModuleManager: Shutting down and abandoning module ProceduralMeshComponentEditor (134)
[2016.12.14-02.52.09:320][144]LogModuleManager: Shutting down and abandoning module ProceduralMeshComponent (133)
[2016.12.14-02.52.09:320][144]LogModuleManager: Shutting down and abandoning module OculusLibrary (132)
[2016.12.14-02.52.09:320][144]LogModuleManager: Shutting down and abandoning module OculusInput (131)
[2016.12.14-02.52.09:320][144]LogModuleManager: Shutting down and abandoning module CustomMeshComponent (130)
[2016.12.14-02.52.09:320][144]LogModuleManager: Shutting down and abandoning module CableComponent (129)
[2016.12.14-02.52.09:321][144]LogModuleManager: Shutting down and abandoning module ArchVisCharacter (128)
[2016.12.14-02.52.09:321][144]LogModuleManager: Shutting down and abandoning module MediaPlayerEditor (126)
[2016.12.14-02.52.09:321][144]LogModuleManager: Shutting down and abandoning module HTML5Networking (125)
[2016.12.14-02.52.09:321][144]LogModuleManager: Shutting down and abandoning module GeometryCacheEd (124)
[2016.12.14-02.52.09:321][144]LogModuleManager: Shutting down and abandoning module GeometryCache (123)
[2016.12.14-02.52.09:321][144]LogModuleManager: Shutting down and abandoning module AlembicLibrary (122)
[2016.12.14-02.52.09:321][144]LogModuleManager: Shutting down and abandoning module AlembicImporter (121)
[2016.12.14-02.52.09:321][144]LogModuleManager: Shutting down and abandoning module SuperSearch (120)
[2016.12.14-02.52.09:321][144]LogModuleManager: Shutting down and abandoning module SuperSearchEditor (119)
[2016.12.14-02.52.09:321][144]LogModuleManager: Shutting down and abandoning module SpeedTreeImporter (118)
[2016.12.14-02.52.09:321][144]LogModuleManager: Shutting down and abandoning module PluginBrowser (117)
[2016.12.14-02.52.09:321][144]LogModuleManager: Shutting down and abandoning module MobileLauncherProfileWizard (116)
[2016.12.14-02.52.09:321][144]LogModuleManager: Shutting down and abandoning module EpicSurvey (115)
[2016.12.14-02.52.09:321][144]LogModuleManager: Shutting down and abandoning module DesktopPlatform (114)
[2016.12.14-02.52.09:321][144]LogModuleManager: Shutting down and abandoning module VisualStudioSourceCodeAccess (113)
[2016.12.14-02.52.09:321][144]LogModuleManager: Shutting down and abandoning module UObjectPlugin (112)
[2016.12.14-02.52.09:321][144]LogModuleManager: Shutting down and abandoning module SubversionSourceControl (111)
[2016.12.14-02.52.09:321][144]LogModuleManager: Shutting down and abandoning module PerforceSourceControl (110)
[2016.12.14-02.52.09:321][144]LogModuleManager: Shutting down and abandoning module SourceControl (109)
[2016.12.14-02.52.09:321][144]LogModuleManager: Shutting down and abandoning module GitSourceControl (108)
[2016.12.14-02.52.09:321][144]LogModuleManager: Shutting down and abandoning module LightPropagationVolumeEditor (107)
[2016.12.14-02.52.09:321][144]LogModuleManager: Shutting down and abandoning module PaperTiledImporter (106)
[2016.12.14-02.52.09:321][144]LogModuleManager: Shutting down and abandoning module PaperSpriteSheetImporter (105)
[2016.12.14-02.52.09:321][144]LogModuleManager: Shutting down and abandoning module MeshPaint (104)
[2016.12.14-02.52.09:321][144]LogModuleManager: Shutting down and abandoning module FbxAutomationBuilderModule (103)
[2016.12.14-02.52.09:321][144]LogModuleManager: Shutting down and abandoning module PixelInspectorModule (102)
[2016.12.14-02.52.09:321][144]LogModuleManager: Shutting down and abandoning module HotReload (101)
[2016.12.14-02.52.09:322][144]LogModuleManager: Shutting down and abandoning module MainFrame (100)
[2016.12.14-02.52.09:322][144]LogModuleManager: Shutting down and abandoning module LevelEditor (99)
[2016.12.14-02.52.09:322][144]LogModuleManager: Shutting down and abandoning module ContentBrowser (98)
[2016.12.14-02.52.09:323][144]LogModuleManager: Shutting down and abandoning module Paper2DEditor (97)
[2016.12.14-02.52.09:323][144]LogModuleManager: Shutting down and abandoning module UdpMessaging (96)
[2016.12.14-02.52.09:424][144]LogModuleManager: Shutting down and abandoning module TcpMessaging (95)
[2016.12.14-02.52.09:525][144]LogModuleManager: Shutting down and abandoning module LightPropagationVolumeRuntime (94)
[2016.12.14-02.52.09:525][144]LogModuleManager: Shutting down and abandoning module Paper2D (93)
[2016.12.14-02.52.09:525][144]LogModuleManager: Shutting down and abandoning module WindowsMoviePlayer (92)
[2016.12.14-02.52.09:525][144]LogModuleManager: Shutting down and abandoning module WmfMedia (91)
[2016.12.14-02.52.09:525][144]LogModuleManager: Shutting down and abandoning module MediaAssets (90)
[2016.12.14-02.52.09:525][144]LogModuleManager: Shutting down and abandoning module GameLiveStreaming (89)
[2016.12.14-02.52.09:525][144]LogModuleManager: Shutting down and abandoning module GameplayTagsEditor (88)
[2016.12.14-02.52.09:525][144]LogModuleManager: Shutting down and abandoning module VREditor (87)
[2016.12.14-02.52.09:525][144]LogModuleManager: Shutting down and abandoning module GameplayTasksEditor (86)
[2016.12.14-02.52.09:525][144]LogModuleManager: Shutting down and abandoning module PropertyEditor (85)
[2016.12.14-02.52.09:525][144]LogModuleManager: Shutting down and abandoning module BehaviorTreeEditor (84)
[2016.12.14-02.52.09:525][144]LogModuleManager: Shutting down and abandoning module FunctionalTesting (83)
[2016.12.14-02.52.09:525][144]LogModuleManager: Shutting down and abandoning module CollisionAnalyzer (82)
[2016.12.14-02.52.09:525][144]LogModuleManager: Shutting down and abandoning module Sequencer (81)
[2016.12.14-02.52.09:525][144]LogModuleManager: Shutting down and abandoning module WorkspaceMenuStructure (80)
[2016.12.14-02.52.09:525][144]LogModuleManager: Shutting down and abandoning module MessageLog (79)
[2016.12.14-02.52.09:525][144]LogModuleManager: Shutting down and abandoning module AssetTools (78)
[2016.12.14-02.52.09:525][144]LogModuleManager: Shutting down and abandoning module UMGEditor (77)
[2016.12.14-02.52.09:525][144]LogModuleManager: Shutting down and abandoning module UMG (76)
[2016.12.14-02.52.09:525][144]LogModuleManager: Shutting down and abandoning module SlateReflector (75)
[2016.12.14-02.52.09:525][144]LogModuleManager: Shutting down and abandoning module Slate (74)
[2016.12.14-02.52.09:525][144]LogModuleManager: Shutting down and abandoning module EditorStyle (73)
[2016.12.14-02.52.09:528][144]LogModuleManager: Shutting down and abandoning module SourceCodeAccess (72)
[2016.12.14-02.52.09:528][144]LogModuleManager: Shutting down and abandoning module HeadMountedDisplay (71)
[2016.12.14-02.52.09:528][144]LogModuleManager: Shutting down and abandoning module XAudio2 (70)
[2016.12.14-02.52.09:528][144]LogModuleManager: Shutting down and abandoning module Networking (68)
[2016.12.14-02.52.09:528][144]LogModuleManager: Shutting down and abandoning module Core (67)
[2016.12.14-02.52.09:528][144]LogModuleManager: Shutting down and abandoning module DirectoryWatcher (66)
[2016.12.14-02.52.09:528][144]LogDirectoryWatcher: A directory notification for '../../../Engine/Content/' was aborted.
[2016.12.14-02.52.09:528][144]LogDirectoryWatcher: A directory notification for '../../../../../../Users/Brian/Documents/GitHub/quad-shaped-battle-objects/CardGameProject3/Content/' was aborted.
[2016.12.14-02.52.09:528][144]LogDirectoryWatcher: A directory notification for '../../../Engine/Plugins/2D/Paper2D/Content/' was aborted.
[2016.12.14-02.52.09:529][144]LogModuleManager: Shutting down and abandoning module AssetRegistry (65)
[2016.12.14-02.52.09:698][144]LogModuleManager: Shutting down and abandoning module KismetCompiler (64)
[2016.12.14-02.52.09:698][144]LogModuleManager: Shutting down and abandoning module PhysXFormats (63)
[2016.12.14-02.52.09:698][144]LogModuleManager: Shutting down and abandoning module MeshUtilities (62)
[2016.12.14-02.52.09:698][144]LogModuleManager: Shutting down and abandoning module DerivedDataCache (61)
[2016.12.14-02.52.09:774][144]LogDerivedDataCache: Shutdown
[2016.12.14-02.52.09:774][144]LogModuleManager: Shutting down and abandoning module VulkanShaderFormat (60)
[2016.12.14-02.52.09:774][144]LogModuleManager: Shutting down and abandoning module ShaderFormatOpenGL (59)
[2016.12.14-02.52.09:774][144]LogModuleManager: Shutting down and abandoning module ShaderFormatD3D (58)
[2016.12.14-02.52.09:774][144]LogModuleManager: Shutting down and abandoning module MetalShaderFormat (57)
[2016.12.14-02.52.09:774][144]LogModuleManager: Shutting down and abandoning module TextureFormatUncompressed (56)
[2016.12.14-02.52.09:774][144]LogModuleManager: Shutting down and abandoning module TextureFormatPVR (55)
[2016.12.14-02.52.09:774][144]LogModuleManager: Shutting down and abandoning module TextureFormatDXT (54)
[2016.12.14-02.52.09:774][144]LogModuleManager: Shutting down and abandoning module TextureFormatIntelISPCTexComp (53)
[2016.12.14-02.52.09:775][144]LogModuleManager: Shutting down and abandoning module ImageWrapper (52)
[2016.12.14-02.52.09:775][144]LogModuleManager: Shutting down and abandoning module TextureFormatASTC (51)
[2016.12.14-02.52.09:775][144]LogModuleManager: Shutting down and abandoning module TextureFormatAndroid (50)
[2016.12.14-02.52.09:775][144]LogModuleManager: Shutting down and abandoning module AudioFormatOpus (49)
[2016.12.14-02.52.09:775][144]LogModuleManager: Shutting down and abandoning module AudioFormatOgg (48)
[2016.12.14-02.52.09:775][144]LogModuleManager: Shutting down and abandoning module AudioFormatADPCM (47)
[2016.12.14-02.52.09:775][144]LogModuleManager: Shutting down and abandoning module LinuxTargetPlatform (46)
[2016.12.14-02.52.09:775][144]LogModuleManager: Shutting down and abandoning module LinuxServerTargetPlatform (45)
[2016.12.14-02.52.09:775][144]LogModuleManager: Shutting down and abandoning module LinuxNoEditorTargetPlatform (44)
[2016.12.14-02.52.09:775][144]LogModuleManager: Shutting down and abandoning module LinuxClientTargetPlatform (43)
[2016.12.14-02.52.09:775][144]LogModuleManager: Shutting down and abandoning module TVOSTargetPlatform (42)
[2016.12.14-02.52.09:775][144]LogModuleManager: Shutting down and abandoning module Messaging (41)
[2016.12.14-02.52.09:775][144]LogModuleManager: Shutting down and abandoning module IOSTargetPlatform (40)
[2016.12.14-02.52.09:775][144]LogModuleManager: Shutting down and abandoning module HTML5TargetPlatform (39)
[2016.12.14-02.52.09:775][144]LogModuleManager: Shutting down and abandoning module Android_PVRTCTargetPlatform (38)
[2016.12.14-02.52.09:775][144]LogModuleManager: Shutting down and abandoning module Android_MultiTargetPlatform (37)
[2016.12.14-02.52.09:775][144]LogModuleManager: Shutting down and abandoning module Android_ETC2TargetPlatform (36)
[2016.12.14-02.52.09:775][144]LogModuleManager: Shutting down and abandoning module Android_ETC1TargetPlatform (35)
[2016.12.14-02.52.09:775][144]LogModuleManager: Shutting down and abandoning module Android_DXTTargetPlatform (34)
[2016.12.14-02.52.09:775][144]LogModuleManager: Shutting down and abandoning module Android_ATCTargetPlatform (33)
[2016.12.14-02.52.09:775][144]LogModuleManager: Shutting down and abandoning module Android_ASTCTargetPlatform (32)
[2016.12.14-02.52.09:775][144]LogModuleManager: Shutting down and abandoning module AndroidTargetPlatform (31)
[2016.12.14-02.52.09:775][144]LogModuleManager: Shutting down and abandoning module WindowsTargetPlatform (30)
[2016.12.14-02.52.09:775][144]LogModuleManager: Shutting down and abandoning module WindowsServerTargetPlatform (29)
[2016.12.14-02.52.09:775][144]LogModuleManager: Shutting down and abandoning module WindowsNoEditorTargetPlatform (28)
[2016.12.14-02.52.09:775][144]LogModuleManager: Shutting down and abandoning module WindowsClientTargetPlatform (27)
[2016.12.14-02.52.09:775][144]LogModuleManager: Shutting down and abandoning module AllDesktopTargetPlatform (26)
[2016.12.14-02.52.09:775][144]LogModuleManager: Shutting down and abandoning module TargetPlatform (25)
[2016.12.14-02.52.09:775][144]LogModuleManager: Shutting down and abandoning module InputCore (24)
[2016.12.14-02.52.09:775][144]LogModuleManager: Shutting down and abandoning module Settings (23)
[2016.12.14-02.52.09:775][144]LogModuleManager: Shutting down and abandoning module OculusRift (22)
[2016.12.14-02.52.09:775][144]LogModuleManager: Shutting down and abandoning module GearVR (21)
[2016.12.14-02.52.09:775][144]LogModuleManager: Shutting down and abandoning module ExampleDeviceProfileSelector (20)
[2016.12.14-02.52.09:775][144]LogModuleManager: Shutting down and abandoning module OnlineBlueprintSupport (19)
[2016.12.14-02.52.09:775][144]LogModuleManager: Shutting down and abandoning module OnlineSubsystem (17)
[2016.12.14-02.52.09:775][144]LogOnline:Display: Unloading online subsystem: NULL
[2016.12.14-02.52.09:775][144]LogModuleManager: Shutting down and abandoning module HTTP (16)
[2016.12.14-02.52.09:775][144]LogHttp:Display: Http module shutting down, but needs to wait on 1 outstanding Http requests:
[2016.12.14-02.52.09:775][144]LogHttp:Display: 	verb=[POST] url=[https://datarouter.ol.epicgames.com/datarouter/api/v1/public/data?SessionID=%7B3A909659-4A39-0A1A-BB9E-DA96AC0BD684%7D&AppID=UEEditor.Rocket.Release&AppVersion=4.13.2-3172292%2B%2B%2BUE4%2BRelease-4.13&UserID=622d6cc84c757446e01d25b6259f4ae3%7C0088da38c4fe4f999d6f0e52c41d2185%7C0f0e893d-46e4-44f8-bd74-7f933f7c90a3&AppEnvironment=datacollector-binary&UploadType=eteventstream] status=Processing
[2016.12.14-02.52.09:793][144]LogModuleManager: Shutting down and abandoning module XMPP (15)
[2016.12.14-02.52.09:793][144]LogModuleManager: Shutting down and abandoning module TextureCompressor (14)
[2016.12.14-02.52.09:793][144]LogModuleManager: Shutting down and abandoning module ShaderCore (13)
[2016.12.14-02.52.09:793][144]LogModuleManager: Shutting down and abandoning module Landscape (12)
[2016.12.14-02.52.09:793][144]LogModuleManager: Shutting down and abandoning module SlateRHIRenderer (11)
[2016.12.14-02.52.09:796][144]LogModuleManager: Shutting down and abandoning module OpenGLDrv (10)
[2016.12.14-02.52.09:796][144]LogModuleManager: Shutting down and abandoning module D3D11RHI (9)
[2016.12.14-02.52.09:796][144]LogModuleManager: Shutting down and abandoning module AnimGraphRuntime (8)
[2016.12.14-02.52.09:796][144]LogModuleManager: Shutting down and abandoning module Renderer (7)
[2016.12.14-02.52.09:797][144]LogModuleManager: Shutting down and abandoning module Engine (6)
[2016.12.14-02.52.09:797][144]LogModuleManager: Shutting down and abandoning module CoreUObject (5)
[2016.12.14-02.52.09:797][144]LogModuleManager: Shutting down and abandoning module NetworkFile (4)
[2016.12.14-02.52.09:797][144]LogModuleManager: Shutting down and abandoning module StreamingFile (3)
[2016.12.14-02.52.09:797][144]LogModuleManager: Shutting down and abandoning module SandboxFile (2)
[2016.12.14-02.52.09:797][144]LogModuleManager: Shutting down and abandoning module PakFile (1)
[2016.12.14-02.52.09:798][144]LogExit: Exiting.
[2016.12.14-02.52.09:814][144]Log file closed, 12/13/16 21:52:09
