Log file open, 12/01/16 16:54:14
LogInit:Display: Running engine for game: CardGameProject3
LogPlatformFile: Not using cached read wrapper
LogInit:Display: RandInit(-1004192462) SRandInit(-1004192462).
LogTaskGraph: Started task graph with 5 named threads and 6 total threads with 1 sets of task threads.
LogStats: Stats thread started at 0.066480
LogPluginManager: Loaded Plugin Paper2D, From C:/Program Files (x86)/Epic Games/4.13/Engine/Plugins/2D/Paper2D/Paper2D.uplugin
LogPluginManager: Loaded Plugin LightPropagationVolume, From C:/Program Files (x86)/Epic Games/4.13/Engine/Plugins/Blendables/LightPropagationVolume/LightPropagationVolume.uplugin
LogPluginManager: Loaded Plugin BlankPlugin, From C:/Program Files (x86)/Epic Games/4.13/Engine/Plugins/Developer/BlankPlugin/BlankPlugin.uplugin
LogPluginManager: Loaded Plugin CodeLiteSourceCodeAccess, From C:/Program Files (x86)/Epic Games/4.13/Engine/Plugins/Developer/CodeLiteSourceCodeAccess/CodeLiteSourceCodeAccess.uplugin
LogPluginManager: Loaded Plugin GitSourceControl, From C:/Program Files (x86)/Epic Games/4.13/Engine/Plugins/Developer/GitSourceControl/GitSourceControl.uplugin
LogPluginManager: Loaded Plugin KDevelopSourceCodeAccess, From C:/Program Files (x86)/Epic Games/4.13/Engine/Plugins/Developer/KDevelopSourceCodeAccess/KDevelopSourceCodeAccess.uplugin
LogPluginManager: Loaded Plugin NullSourceCodeAccess, From C:/Program Files (x86)/Epic Games/4.13/Engine/Plugins/Developer/NullSourceCodeAccess/NullSourceCodeAccess.uplugin
LogPluginManager: Loaded Plugin OneSkyLocalizationService, From C:/Program Files (x86)/Epic Games/4.13/Engine/Plugins/Developer/OneSkyLocalizationService/OneSkyLocalizationService.uplugin
LogPluginManager: Loaded Plugin PerforceSourceControl, From C:/Program Files (x86)/Epic Games/4.13/Engine/Plugins/Developer/PerforceSourceControl/PerforceSourceControl.uplugin
LogPluginManager: Loaded Plugin SubversionSourceControl, From C:/Program Files (x86)/Epic Games/4.13/Engine/Plugins/Developer/SubversionSourceControl/SubversionSourceControl.uplugin
LogPluginManager: Loaded Plugin UObjectPlugin, From C:/Program Files (x86)/Epic Games/4.13/Engine/Plugins/Developer/UObjectPlugin/UObjectPlugin.uplugin
LogPluginManager: Loaded Plugin VisualStudioSourceCodeAccess, From C:/Program Files (x86)/Epic Games/4.13/Engine/Plugins/Developer/VisualStudioSourceCodeAccess/VisualStudioSourceCodeAccess.uplugin
LogPluginManager: Loaded Plugin XCodeSourceCodeAccess, From C:/Program Files (x86)/Epic Games/4.13/Engine/Plugins/Developer/XCodeSourceCodeAccess/XCodeSourceCodeAccess.uplugin
LogPluginManager: Loaded Plugin EpicSurvey, From C:/Program Files (x86)/Epic Games/4.13/Engine/Plugins/Editor/EpicSurvey/EpicSurvey.uplugin
LogPluginManager: Loaded Plugin MacGraphicsSwitching, From C:/Program Files (x86)/Epic Games/4.13/Engine/Plugins/Editor/MacGraphicsSwitching/MacGraphicsSwitching.uplugin
LogPluginManager: Loaded Plugin MobileLauncherProfileWizard, From C:/Program Files (x86)/Epic Games/4.13/Engine/Plugins/Editor/MobileLauncherProfileWizard/MobileLauncherProfileWizard.uplugin
LogPluginManager: Loaded Plugin PluginBrowser, From C:/Program Files (x86)/Epic Games/4.13/Engine/Plugins/Editor/PluginBrowser/PluginBrowser.uplugin
LogPluginManager: Loaded Plugin SpeedTreeImporter, From C:/Program Files (x86)/Epic Games/4.13/Engine/Plugins/Editor/SpeedTreeImporter/SpeedTreeImporter.uplugin
LogPluginManager: Loaded Plugin SuperSearchEditor, From C:/Program Files (x86)/Epic Games/4.13/Engine/Plugins/Editor/SuperSearchEditor/SuperSearchEditor.uplugin
LogPluginManager: Loaded Plugin AlembicImporter, From C:/Program Files (x86)/Epic Games/4.13/Engine/Plugins/Experimental/AlembicImporter/AlembicImporter.uplugin
LogPluginManager: Loaded Plugin BlueprintStats, From C:/Program Files (x86)/Epic Games/4.13/Engine/Plugins/Experimental/BlueprintStats/BlueprintStats.uplugin
LogPluginManager: Loaded Plugin CharacterAI, From C:/Program Files (x86)/Epic Games/4.13/Engine/Plugins/Experimental/CharacterAI/CharacterAI.uplugin
LogPluginManager: Loaded Plugin CodeEditor, From C:/Program Files (x86)/Epic Games/4.13/Engine/Plugins/Experimental/CodeEditor/CodeEditor.uplugin
LogPluginManager: Loaded Plugin CodeView, From C:/Program Files (x86)/Epic Games/4.13/Engine/Plugins/Experimental/CodeView/CodeView.uplugin
LogPluginManager: Loaded Plugin HTML5Networking, From C:/Program Files (x86)/Epic Games/4.13/Engine/Plugins/Experimental/HTML5Networking/HTML5Networking.uplugin
LogPluginManager: Loaded Plugin LiveEditor, From C:/Program Files (x86)/Epic Games/4.13/Engine/Plugins/Experimental/LiveEditor/LiveEditor.uplugin
LogPluginManager: Loaded Plugin OSVR, From C:/Program Files (x86)/Epic Games/4.13/Engine/Plugins/Experimental/OSVR/OSVR.uplugin
LogPluginManager: Loaded Plugin Phya, From C:/Program Files (x86)/Epic Games/4.13/Engine/Plugins/Experimental/Phya/Phya.uplugin
LogPluginManager: Loaded Plugin SignificanceManager, From C:/Program Files (x86)/Epic Games/4.13/Engine/Plugins/Experimental/SignificanceManager/SignificanceManager.uplugin
LogPluginManager: Loaded Plugin SimpleHMD, From C:/Program Files (x86)/Epic Games/4.13/Engine/Plugins/Experimental/SimpleHMD/SimpleHMD.uplugin
LogPluginManager: Loaded Plugin StereoPanorama, From C:/Program Files (x86)/Epic Games/4.13/Engine/Plugins/Experimental/StereoPanorama/StereoPanorama.uplugin
LogPluginManager: Loaded Plugin StructBox, From C:/Program Files (x86)/Epic Games/4.13/Engine/Plugins/Experimental/StructBox/StructBox.uplugin
LogPluginManager: Loaded Plugin AndroidMedia, From C:/Program Files (x86)/Epic Games/4.13/Engine/Plugins/Media/AndroidMedia/AndroidMedia.uplugin
LogPluginManager: Loaded Plugin AvfMedia, From C:/Program Files (x86)/Epic Games/4.13/Engine/Plugins/Media/AvfMedia/AvfMedia.uplugin
LogPluginManager: Loaded Plugin MediaPlayerEditor, From C:/Program Files (x86)/Epic Games/4.13/Engine/Plugins/Media/MediaPlayerEditor/MediaPlayerEditor.uplugin
LogPluginManager: Loaded Plugin WmfMedia, From C:/Program Files (x86)/Epic Games/4.13/Engine/Plugins/Media/WmfMedia/WmfMedia.uplugin
LogPluginManager: Loaded Plugin MessagingDebugger, From C:/Program Files (x86)/Epic Games/4.13/Engine/Plugins/Messaging/MessagingDebugger/MessagingDebugger.uplugin
LogPluginManager: Loaded Plugin TcpMessaging, From C:/Program Files (x86)/Epic Games/4.13/Engine/Plugins/Messaging/TcpMessaging/TcpMessaging.uplugin
LogPluginManager: Loaded Plugin UdpMessaging, From C:/Program Files (x86)/Epic Games/4.13/Engine/Plugins/Messaging/UdpMessaging/UdpMessaging.uplugin
LogPluginManager: Loaded Plugin LevelSequenceEditor, From C:/Program Files (x86)/Epic Games/4.13/Engine/Plugins/MovieScene/LevelSequenceEditor/LevelSequenceEditor.uplugin
LogPluginManager: Loaded Plugin MatineeToLevelSequence, From C:/Program Files (x86)/Epic Games/4.13/Engine/Plugins/MovieScene/MatineeToLevelSequence/MatineeToLevelSequence.uplugin
LogPluginManager: Loaded Plugin NetcodeUnitTest, From C:/Program Files (x86)/Epic Games/4.13/Engine/Plugins/NetcodeUnitTest/NetcodeUnitTest/NetcodeUnitTest.uplugin
LogPluginManager: Loaded Plugin NUTUnrealEngine4, From C:/Program Files (x86)/Epic Games/4.13/Engine/Plugins/NetcodeUnitTest/NUTUnrealEngine4/NUTUnrealEngine4.uplugin
LogPluginManager: Loaded Plugin OnlineSubsystemGooglePlay, From C:/Program Files (x86)/Epic Games/4.13/Engine/Plugins/Online/Android/OnlineSubsystemGooglePlay/OnlineSubsystemGooglePlay.uplugin
LogPluginManager: Loaded Plugin OnlineSubsystemIOS, From C:/Program Files (x86)/Epic Games/4.13/Engine/Plugins/Online/IOS/OnlineSubsystemIOS/OnlineSubsystemIOS.uplugin
LogPluginManager: Loaded Plugin OnlineFramework, From C:/Program Files (x86)/Epic Games/4.13/Engine/Plugins/Online/OnlineFramework/OnlineFramework.uplugin
LogPluginManager: Loaded Plugin OnlineSubsystem, From C:/Program Files (x86)/Epic Games/4.13/Engine/Plugins/Online/OnlineSubsystem/OnlineSubsystem.uplugin
LogPluginManager: Loaded Plugin OnlineSubsystemAmazon, From C:/Program Files (x86)/Epic Games/4.13/Engine/Plugins/Online/OnlineSubsystemAmazon/OnlineSubsystemAmazon.uplugin
LogPluginManager: Loaded Plugin OnlineSubsystemFacebook, From C:/Program Files (x86)/Epic Games/4.13/Engine/Plugins/Online/OnlineSubsystemFacebook/OnlineSubsystemFacebook.uplugin
LogPluginManager: Loaded Plugin OnlineSubsystemNull, From C:/Program Files (x86)/Epic Games/4.13/Engine/Plugins/Online/OnlineSubsystemNull/OnlineSubsystemNull.uplugin
LogPluginManager: Loaded Plugin OnlineSubsystemOculus, From C:/Program Files (x86)/Epic Games/4.13/Engine/Plugins/Online/OnlineSubsystemOculus/OnlineSubsystemOculus.uplugin
LogPluginManager: Loaded Plugin OnlineSubsystemSteam, From C:/Program Files (x86)/Epic Games/4.13/Engine/Plugins/Online/OnlineSubsystemSteam/OnlineSubsystemSteam.uplugin
LogPluginManager: Loaded Plugin OnlineSubsystemUtils, From C:/Program Files (x86)/Epic Games/4.13/Engine/Plugins/Online/OnlineSubsystemUtils/OnlineSubsystemUtils.uplugin
LogPluginManager: Loaded Plugin IOSTapJoy, From C:/Program Files (x86)/Epic Games/4.13/Engine/Plugins/Runtime/Advertising/IOSTapJoy/IOSTapJoy.uplugin
LogPluginManager: Loaded Plugin AnalyticsBlueprintLibrary, From C:/Program Files (x86)/Epic Games/4.13/Engine/Plugins/Runtime/Analytics/AnalyticsBlueprintLibrary/AnalyticsBlueprintLibrary.uplugin
LogPluginManager: Loaded Plugin AnalyticsMulticast, From C:/Program Files (x86)/Epic Games/4.13/Engine/Plugins/Runtime/Analytics/AnalyticsMulticast/AnalyticsMulticast.uplugin
LogPluginManager: Loaded Plugin Apsalar, From C:/Program Files (x86)/Epic Games/4.13/Engine/Plugins/Runtime/Analytics/Apsalar/Apsalar.uplugin
LogPluginManager: Loaded Plugin FileLogging, From C:/Program Files (x86)/Epic Games/4.13/Engine/Plugins/Runtime/Analytics/FileLogging/FileLogging.uplugin
LogPluginManager: Loaded Plugin Flurry, From C:/Program Files (x86)/Epic Games/4.13/Engine/Plugins/Runtime/Analytics/Flurry/Flurry.uplugin
LogPluginManager: Loaded Plugin AndroidDeviceProfileSelector, From C:/Program Files (x86)/Epic Games/4.13/Engine/Plugins/Runtime/AndroidDeviceProfileSelector/AndroidDeviceProfileSelector.uplugin
LogPluginManager: Loaded Plugin AndroidMoviePlayer, From C:/Program Files (x86)/Epic Games/4.13/Engine/Plugins/Runtime/AndroidMoviePlayer/AndroidMoviePlayer.uplugin
LogPluginManager: Loaded Plugin AppleMoviePlayer, From C:/Program Files (x86)/Epic Games/4.13/Engine/Plugins/Runtime/AppleMoviePlayer/AppleMoviePlayer.uplugin
LogPluginManager: Loaded Plugin ArchVisCharacter, From C:/Program Files (x86)/Epic Games/4.13/Engine/Plugins/Runtime/ArchVisCharacter/ArchVisCharacter.uplugin
LogPluginManager: Loaded Plugin CableComponent, From C:/Program Files (x86)/Epic Games/4.13/Engine/Plugins/Runtime/CableComponent/CableComponent.uplugin
LogPluginManager: Loaded Plugin CustomMeshComponent, From C:/Program Files (x86)/Epic Games/4.13/Engine/Plugins/Runtime/CustomMeshComponent/CustomMeshComponent.uplugin
LogPluginManager: Loaded Plugin ExampleDeviceProfileSelector, From C:/Program Files (x86)/Epic Games/4.13/Engine/Plugins/Runtime/ExampleDeviceProfileSelector/ExampleDeviceProfileSelector.uplugin
LogPluginManager: Loaded Plugin GearVR, From C:/Program Files (x86)/Epic Games/4.13/Engine/Plugins/Runtime/GearVR/GearVR.uplugin
LogPluginManager: Loaded Plugin GoogleVRController, From C:/Program Files (x86)/Epic Games/4.13/Engine/Plugins/Runtime/GoogleVR/GoogleVRController/GoogleVRController.uplugin
LogPluginManager: Loaded Plugin GoogleVRHMD, From C:/Program Files (x86)/Epic Games/4.13/Engine/Plugins/Runtime/GoogleVR/GoogleVRHMD/GoogleVRHMD.uplugin
LogPluginManager: Loaded Plugin IOSDeviceProfileSelector, From C:/Program Files (x86)/Epic Games/4.13/Engine/Plugins/Runtime/IOSDeviceProfileSelector/IOSDeviceProfileSelector.uplugin
LogPluginManager: Loaded Plugin LeapMotion, From C:/Program Files (x86)/Epic Games/4.13/Engine/Plugins/Runtime/LeapMotion/LeapMotion.uplugin
LogPluginManager: Loaded Plugin LinuxDeviceProfileSelector, From C:/Program Files (x86)/Epic Games/4.13/Engine/Plugins/Runtime/LinuxDeviceProfileSelector/LinuxDeviceProfileSelector.uplugin
LogPluginManager: Loaded Plugin LiveEditorListenServer, From C:/Program Files (x86)/Epic Games/4.13/Engine/Plugins/Runtime/LiveEditorListenServer/LiveEditorListenServer.uplugin
LogPluginManager: Loaded Plugin OculusAudio, From C:/Program Files (x86)/Epic Games/4.13/Engine/Plugins/Runtime/OculusAudio/OculusAudio.uplugin
LogPluginManager: Loaded Plugin OculusInput, From C:/Program Files (x86)/Epic Games/4.13/Engine/Plugins/Runtime/OculusInput/OculusInput.uplugin
LogPluginManager: Loaded Plugin OculusLibrary, From C:/Program Files (x86)/Epic Games/4.13/Engine/Plugins/Runtime/OculusLibrary/OculusLibrary.uplugin
LogPluginManager: Loaded Plugin OculusRift, From C:/Program Files (x86)/Epic Games/4.13/Engine/Plugins/Runtime/OculusRift/OculusRift.uplugin
LogPluginManager: Loaded Plugin Oodle, From C:/Program Files (x86)/Epic Games/4.13/Engine/Plugins/Runtime/PacketHandlers/CompressionComponents/Oodle/Oodle.uplugin
LogPluginManager: Loaded Plugin ProceduralMeshComponent, From C:/Program Files (x86)/Epic Games/4.13/Engine/Plugins/Runtime/ProceduralMeshComponent/ProceduralMeshComponent.uplugin
LogPluginManager: Loaded Plugin SoundMod, From C:/Program Files (x86)/Epic Games/4.13/Engine/Plugins/Runtime/SoundMod/SoundMod.uplugin
LogPluginManager: Loaded Plugin SoundVisualizations, From C:/Program Files (x86)/Epic Games/4.13/Engine/Plugins/Runtime/SoundVisualizations/SoundVisualizations.uplugin
LogPluginManager: Loaded Plugin SteamController, From C:/Program Files (x86)/Epic Games/4.13/Engine/Plugins/Runtime/Steam/SteamController/SteamController.uplugin
LogPluginManager: Loaded Plugin SteamVR, From C:/Program Files (x86)/Epic Games/4.13/Engine/Plugins/Runtime/Steam/SteamVR/SteamVR.uplugin
LogPluginManager: Loaded Plugin WebBrowserWidget, From C:/Program Files (x86)/Epic Games/4.13/Engine/Plugins/Runtime/WebBrowserWidget/WebBrowserWidget.uplugin
LogPluginManager: Loaded Plugin WindowsDeviceProfileSelector, From C:/Program Files (x86)/Epic Games/4.13/Engine/Plugins/Runtime/WindowsDeviceProfileSelector/WindowsDeviceProfileSelector.uplugin
LogPluginManager: Loaded Plugin WindowsMoviePlayer, From C:/Program Files (x86)/Epic Games/4.13/Engine/Plugins/Runtime/WindowsMoviePlayer/WindowsMoviePlayer.uplugin
LogPluginManager: Loaded Plugin ScriptPlugin, From C:/Program Files (x86)/Epic Games/4.13/Engine/Plugins/ScriptPlugin/ScriptPlugin.uplugin
LogPluginManager: Loaded Plugin SlateRemote, From C:/Program Files (x86)/Epic Games/4.13/Engine/Plugins/Slate/SlateRemote/SlateRemote.uplugin
LogInit: Using libcurl 7.47.1
LogInit:  - built for x86_64-pc-win32
LogInit:  - supports SSL with WinSSL
LogInit:  - other features:
LogInit:      CURL_VERSION_SSL
LogInit:      CURL_VERSION_IPV6
LogInit:      CURL_VERSION_ASYNCHDNS
LogInit:      CURL_VERSION_LARGEFILE
LogInit:      CURL_VERSION_IDN
LogInit:  CurlRequestOptions (configurable via config and command line):
LogInit:  - bVerifyPeer = false  - Libcurl will NOT verify peer certificate
LogInit:  - bUseHttpProxy = false  - Libcurl will NOT use HTTP proxy
LogInit:  - bDontReuseConnections = false  - Libcurl will reuse connections
LogInit:  - CertBundlePath = nullptr  - Libcurl will use whatever was configured at build time.
LogInit: Build: ++UE4+Release-4.13-CL-3172292
LogInit: Engine Version: 4.13.2-3172292+++UE4+Release-4.13
LogInit: Compatible Engine Version: 4.13.0-3106830+++UE4+Release-4.13
LogInit: Net CL: 3172292
LogDevObjectVersion: Number of dev versions registered: 13
LogDevObjectVersion:   Dev-Blueprints (B0D832E4-1F89-4F0D-ACCF-7EB736FD4AA2): 5
LogDevObjectVersion:   Dev-Build (E1C64328-A22C-4D53-A36C-8E866417BD8C): 0
LogDevObjectVersion:   Dev-Core (375EC13C-06E4-48FB-B500-84F0262A717E): 1
LogDevObjectVersion:   Dev-Editor (E4B068ED-F494-42E9-A231-DA0B2E46BB41): 6
LogDevObjectVersion:   Dev-Framework (CFFC743F-43B0-4480-9391-14DF171D2073): 12
LogDevObjectVersion:   Dev-Mobile (B02B49B5-BB20-44E9-A304-32B752E40360): 0
LogDevObjectVersion:   Dev-Networking (A4E4105C-59A1-49B5-A7C5-40C4547EDFEE): 0
LogDevObjectVersion:   Dev-Online (39C831C9-5AE6-47DC-9A44-9C173E1C8E7C): 0
LogDevObjectVersion:   Dev-Physics (78F01B33-EBEA-4F98-B9B4-84EACCB95AA2): 0
LogDevObjectVersion:   Dev-Platform (6631380F-2D4D-43E0-8009-CF276956A95A): 0
LogDevObjectVersion:   Dev-Rendering (12F88B9F-8875-4AFC-A67C-D90C383ABD29): 4
LogDevObjectVersion:   Dev-Sequencer (7B5AE74C-D270-4C10-A958-57980B212A5A): 0
LogDevObjectVersion:   Dev-VR (D7296918-1DD6-4BDD-9DE2-64A83CC13884): 0
LogInit: Compiled (64-bit): Oct 24 2016 14:29:06
LogInit: Compiled with Visual C++: 19.00.23026.00
LogInit: Build Configuration: Development
LogInit: Branch Name: ++UE4+Release-4.13
LogInit: Command line:  
LogInit: Base directory: C:/Program Files (x86)/Epic Games/4.13/Engine/Binaries/Win64/
LogInit: Installed Engine Build: 1
LogInit: Presizing for max 8388607 objects, including 0 objects not considered by GC, pre-allocating 0 bytes for permanent pool.
LogInit: Object subsystem initialized
[2016.12.01-21.54.14:723][  0]LogInit: Selected Device Profile: [Windows]
[2016.12.01-21.54.14:723][  0]LogInit: Applying CVar settings loaded from the selected device profile: [Windows]
[2016.12.01-21.54.14:735][  0]LogInit: Computer: BSARDINHA
[2016.12.01-21.54.14:735][  0]LogInit: User: Brian
[2016.12.01-21.54.14:735][  0]LogInit: CPU Page size=65536, Cores=2
[2016.12.01-21.54.14:735][  0]LogInit: High frequency timer resolution =2.530855 MHz
[2016.12.01-21.54.14:736][  0]LogMemory: Memory total: Physical=7.9GB (8GB approx)
[2016.12.01-21.54.14:736][  0]LogMemory: Platform Memory Stats for Windows
[2016.12.01-21.54.14:736][  0]LogMemory: Process Physical Memory: 254.52 MB used, 254.52 MB peak
[2016.12.01-21.54.14:736][  0]LogMemory: Process Virtual Memory: 259.74 MB used, 259.74 MB peak
[2016.12.01-21.54.14:736][  0]LogMemory: Physical Memory: 3320.20 MB used, 8075.23 MB total
[2016.12.01-21.54.14:736][  0]LogMemory: Virtual Memory: 599.96 MB used, 134217728.00 MB total
[2016.12.01-21.54.14:801][  0]LogTextLocalizationManager: No specific translations for ('en-US') exist, so ('en') translations will be used.
[2016.12.01-21.54.15:855][  0]LogD3D11RHI: D3D11 adapters:
[2016.12.01-21.54.15:884][  0]LogD3D11RHI:    0. 'NVIDIA NVS 4200M    ' (Feature Level 11_0)
[2016.12.01-21.54.15:884][  0]LogD3D11RHI:       973/0/3071 MB DedicatedVideo/DedicatedSystem/SharedSystem, Outputs:1, VendorId:0x10de
[2016.12.01-21.54.15:904][  0]LogD3D11RHI:    1. 'NVIDIA NVS 4200M    ' (Feature Level 11_0)
[2016.12.01-21.54.15:904][  0]LogD3D11RHI:       973/0/3071 MB DedicatedVideo/DedicatedSystem/SharedSystem, Outputs:0, VendorId:0x10de
[2016.12.01-21.54.15:906][  0]LogD3D11RHI:    2. 'Microsoft Basic Render Driver' (Feature Level 11_0)
[2016.12.01-21.54.15:906][  0]LogD3D11RHI:       973/0/3071 MB DedicatedVideo/DedicatedSystem/SharedSystem, Outputs:0, VendorId:0x1414
[2016.12.01-21.54.15:906][  0]LogD3D11RHI: Chosen D3D11 Adapter: 0
[2016.12.01-21.54.15:912][  0]LogD3D11RHI: Creating new Direct3DDevice
[2016.12.01-21.54.15:912][  0]LogD3D11RHI:     GPU DeviceId: 0x1057 (for the marketing name, search the web for "GPU Device Id")
[2016.12.01-21.54.15:912][  0]LogWindows: EnumDisplayDevices:
[2016.12.01-21.54.15:913][  0]LogWindows:    0. 'Intel(R) HD Graphics 3000' (P:1 D:1)
[2016.12.01-21.54.15:913][  0]LogWindows:    1. 'Intel(R) HD Graphics 3000' (P:0 D:0)
[2016.12.01-21.54.15:913][  0]LogWindows:    2. 'NVIDIA NVS 4200M    ' (P:0 D:0)
[2016.12.01-21.54.15:913][  0]LogWindows:    3. 'NVIDIA NVS 4200M    ' (P:0 D:0)
[2016.12.01-21.54.15:913][  0]LogWindows: DebugString: PrimaryIsNotTheChoosenAdapter PrimaryIsNotTheChoosenAdapter FoundDriverCount:2 
[2016.12.01-21.54.15:913][  0]LogD3D11RHI:     Adapter Name: NVIDIA NVS 4200M    
[2016.12.01-21.54.15:914][  0]LogD3D11RHI:   Driver Version: 354.45 (internal:10.18.13.5445, unified:354.45)
[2016.12.01-21.54.15:914][  0]LogD3D11RHI:      Driver Date: 11-5-2015
[2016.12.01-21.54.15:914][  0]LogRHI: Texture pool is 681 MB (70% of 973 MB)
[2016.12.01-21.54.15:929][  0]LogD3D11RHI: Async texture creation enabled
[2016.12.01-21.54.15:948][  0]LogD3D11RHI: GPU Timing Frequency: 1000.000000 (Debug: 2 2)
[2016.12.01-21.54.15:948][  0]LogShaderCompilers: Guid format shader working directory is -44 characters bigger than the processId version (../../../../../../Users/Brian/Documents/GitHub/quad-shaped-battle-objects/CardGameProject3/Intermediate/Shaders/WorkingDirectory/7568/).
[2016.12.01-21.54.15:948][  0]LogShaderCompilers: Cleaned the shader compiler working directory 'C:/Users/Brian/AppData/Local/Temp/UnrealShaderWorkingDir/5D806D9047F8B1C2B4ECFF9A1C5C677E/'.
[2016.12.01-21.54.15:948][  0]LogShaderCompilers:Display: Using Local Shader Compiler.
[2016.12.01-21.54.17:678][  0]LogTemp:Display: Loaded TP AllDesktopTargetPlatform
[2016.12.01-21.54.17:692][  0]LogTemp:Display: Loaded TP WindowsClientTargetPlatform
[2016.12.01-21.54.17:704][  0]LogTemp:Display: Loaded TP WindowsNoEditorTargetPlatform
[2016.12.01-21.54.17:721][  0]LogTemp:Display: Loaded TP WindowsServerTargetPlatform
[2016.12.01-21.54.17:735][  0]LogTemp:Display: Loaded TP WindowsTargetPlatform
[2016.12.01-21.54.17:747][  0]LogTemp:Display: Loaded TP AndroidTargetPlatform
[2016.12.01-21.54.17:761][  0]LogTemp:Display: Loaded TP Android_ASTCTargetPlatform
[2016.12.01-21.54.17:771][  0]LogTemp:Display: Loaded TP Android_ATCTargetPlatform
[2016.12.01-21.54.17:785][  0]LogTemp:Display: Loaded TP Android_DXTTargetPlatform
[2016.12.01-21.54.17:804][  0]LogTemp:Display: Loaded TP Android_ETC1TargetPlatform
[2016.12.01-21.54.17:819][  0]LogTemp:Display: Loaded TP Android_ETC2TargetPlatform
[2016.12.01-21.54.17:857][  0]LogTemp:Display: Loaded TP Android_MultiTargetPlatform
[2016.12.01-21.54.17:858][  0]LogTemp:Display: Loaded TP Android_PVRTCTargetPlatform
[2016.12.01-21.54.17:860][  0]LogTemp:Display: Loaded TP HTML5TargetPlatform
[2016.12.01-21.54.17:896][  0]LogTemp:Display: Loaded TP IOSTargetPlatform
[2016.12.01-21.54.17:909][  0]LogTemp:Display: Loaded TP TVOSTargetPlatform
[2016.12.01-21.54.17:926][  0]LogTemp:Display: Loaded TP LinuxClientTargetPlatform
[2016.12.01-21.54.17:943][  0]LogTemp:Display: Loaded TP LinuxNoEditorTargetPlatform
[2016.12.01-21.54.17:957][  0]LogTemp:Display: Loaded TP LinuxServerTargetPlatform
[2016.12.01-21.54.17:974][  0]LogTemp:Display: Loaded TP LinuxTargetPlatform
[2016.12.01-21.54.17:975][  0]LogTargetPlatformManager:Display: Building Assets For Windows
[2016.12.01-21.54.18:144][  0]LogDerivedDataCache:Display: Max Cache Size: 512 MB
[2016.12.01-21.54.18:364][  0]LogDerivedDataCache: Loaded boot cache 0.22s 63MB C:/Users/Brian/AppData/Local/UnrealEngine/4.13/DerivedDataCache/Boot.ddc.
[2016.12.01-21.54.18:364][  0]LogDerivedDataCache:Display: Loaded Boot cache: C:/Users/Brian/AppData/Local/UnrealEngine/4.13/DerivedDataCache/Boot.ddc
[2016.12.01-21.54.18:365][  0]LogDerivedDataCache: FDerivedDataBackendGraph:  Pak pak cache file ../../../../../../Users/Brian/Documents/GitHub/quad-shaped-battle-objects/CardGameProject3/DerivedDataCache/DDC.ddp not found, will not use a pak cache.
[2016.12.01-21.54.18:365][  0]LogDerivedDataCache: Unable to find inner node Pak for hierarchical cache Hierarchy.
[2016.12.01-21.54.18:365][  0]LogDerivedDataCache: FDerivedDataBackendGraph:  CompressedPak pak cache file ../../../../../../Users/Brian/Documents/GitHub/quad-shaped-battle-objects/CardGameProject3/DerivedDataCache/Compressed.ddp not found, will not use a pak cache.
[2016.12.01-21.54.18:365][  0]LogDerivedDataCache: Unable to find inner node CompressedPak for hierarchical cache Hierarchy.
[2016.12.01-21.54.18:387][  0]LogDerivedDataCache:Display: Pak cache opened for reading ../../../Engine/DerivedDataCache/Compressed.ddp.
[2016.12.01-21.54.18:400][  0]LogDerivedDataCache: Using Local data cache path C:/Users/Brian/AppData/Local/UnrealEngine/Common/DerivedDataCache: Writable
[2016.12.01-21.54.18:693][  0]LogInit: Selected Device Profile: [Windows]
[2016.12.01-21.54.18:695][  0]LogContentStreaming: Texture pool size is 0.00 MB
[2016.12.01-21.54.18:835][  0]LogMeshUtilities: No automatic mesh reduction module available
[2016.12.01-21.54.18:835][  0]LogMeshUtilities: No automatic mesh merging module available
[2016.12.01-21.54.18:835][  0]LogMeshUtilities: No distributed automatic mesh merging module available
[2016.12.01-21.54.18:944][  0]LogMaterial: Uniform references updated for custom material expression Custom.
[2016.12.01-21.54.19:361][  0]LogNetVersion: GetLocalNetworkVersion: CL: 3106830, ProjectName: cardgameproject3, ProjectVersion: , EngineNetworkVersion: 1, GameNetworkVersion: 0, NetworkChecksum: 2141254031
[2016.12.01-21.54.19:403][  0]LogAssetRegistry: FAssetRegistry took 0.0226 seconds to start up
[2016.12.01-21.54.19:448][  0]LogPackageLocalizationCache: Processed 3 localized package path(s) for 2 prioritized culture(s) in 0.040199 seconds
[2016.12.01-21.54.19:459][  0]LogUObjectArray: 29778 objects as part of root set at end of initial load.
[2016.12.01-21.54.19:459][  0]LogUObjectAllocator: 6125448 out of 0 bytes used by permanent object pool.
[2016.12.01-21.54.19:459][  0]LogUObjectArray: CloseDisregardForGC: 0/0 objects in disregard for GC pool
[2016.12.01-21.54.19:473][  0]LogInit: WinSock: version 1.1 (2.2), MaxSocks=32767, MaxUdp=65467
[2016.12.01-21.54.19:835][  0]LogSlate: SlateFontCache - WITH_FREETYPE: 1, WITH_HARFBUZZ: 1
[2016.12.01-21.54.19:835][  0]LogSlate: SlateFontCache - WITH_FREETYPE: 1, WITH_HARFBUZZ: 1
[2016.12.01-21.54.21:533][  0]LogTcpMessaging: Initializing TcpMessaging bridge
[2016.12.01-21.54.21:558][  0]LogUdpMessaging: Initializing bridge on interface 0.0.0.0:0 to multicast group 230.0.0.1:6666.
[2016.12.01-21.54.21:907][  0]SourceControl: Info Source control is disabled
[2016.12.01-21.54.21:909][  0]SourceControl: Info Source control is disabled
[2016.12.01-21.54.21:922][  0]SourceControl: Info Source control is disabled
[2016.12.01-21.54.21:936][  0]SourceControl: Info Source control is disabled
[2016.12.01-21.54.22:113][  0]LogLinker:Warning: Can't find file '/Game/2DSideScrollerBP/2DSideScrollerOverview'
[2016.12.01-21.54.22:113][  0]LogLinker:Warning: Can't find file '/Game/2DSideScrollerBP/2DSideScrollerOverview'
[2016.12.01-21.54.22:113][  0]LogUObjectGlobals:Warning: Failed to find object 'Class /Game/2DSideScrollerBP/2DSideScrollerOverview.2DSideScrollerOverview_C'
[2016.12.01-21.54.22:483][  0]LogEngine: Initializing Engine...
[2016.12.01-21.54.22:483][  0]LogHMD: Failed to initialize OpenVR with code 110
[2016.12.01-21.54.22:672][  0]LogAIModule: Creating AISystem for world Untitled
[2016.12.01-21.54.22:681][  0]LogInit: XAudio2 using 'Speakers (High Definition Audio Device)' : 2 channels at 44.1 kHz using 16 bits per sample (channel mask 0x3)
[2016.12.01-21.54.22:692][  0]LogInit: FAudioDevice initialized.
[2016.12.01-21.54.22:726][  0]LogDerivedDataCache: Saved boot cache 0.03s 63MB C:/Users/Brian/AppData/Local/UnrealEngine/4.13/DerivedDataCache/Boot.ddc.
[2016.12.01-21.54.22:737][  0]LogInit: Texture streaming: Enabled
[2016.12.01-21.54.22:867][  0]LogInit: Transaction tracking system initialized
[2016.12.01-21.54.22:910][  0]BlueprintLog: New page: Editor Load
[2016.12.01-21.54.23:069][  0]LocalizationService: Info Localization service is disabled
[2016.12.01-21.54.23:563][  0]LogConsoleResponse:Display: 
[2016.12.01-21.54.23:801][  0]LogCook:Display: Max memory allowance for cook 16384mb min free memory 0mb
[2016.12.01-21.54.23:801][  0]LogCook:Display: Mobile HDR setting 1
[2016.12.01-21.54.24:179][  0]LogFileCache: Scanning file cache for directory 'C:/Users/Brian/Documents/GitHub/quad-shaped-battle-objects/CardGameProject3/Content/' took 0.01s
[2016.12.01-21.54.24:179][  0]SourceControl: Info Source control is disabled
[2016.12.01-21.54.24:180][  0]Cmd: MAP LOAD FILE="../../../../../../Users/Brian/Documents/GitHub/quad-shaped-battle-objects/CardGameProject3/Content/Levels/BasicLevel.umap" TEMPLATE=0 SHOWPROGRESS=1 FEATURELEVEL=3
[2016.12.01-21.54.24:181][  0]LightingResults: New page: Lighting Build
[2016.12.01-21.54.24:190][  0]MapCheck: New page: Map Check
[2016.12.01-21.54.24:190][  0]LightingResults: New page: Lighting Build
[2016.12.01-21.54.25:973][  0]LogAIModule: Creating AISystem for world BasicLevel
[2016.12.01-21.54.25:990][  0]LogEditorServer: Finished looking for orphan Actors (0.000 secs)
[2016.12.01-21.54.25:990][  0]Cmd: MAP CHECKDEP NOCLEARLOG
[2016.12.01-21.54.26:104][  0]MapCheck: Info Map check complete: 0 Error(s), 0 Warning(s), took 113.865ms to complete.
[2016.12.01-21.54.26:104][  0]LogFileHelpers: Loading map 'BasicLevel' took 1.925
[2016.12.01-21.54.26:305][  0]LogCollectionManager: Loaded 0 collections in 0.004005 seconds
[2016.12.01-21.54.26:352][  0]LogFileCache: Scanning file cache for directory 'C:/Users/Brian/Documents/GitHub/quad-shaped-battle-objects/CardGameProject3/Saved/Collections/' took 0.01s
[2016.12.01-21.54.26:352][  0]LogFileCache: Scanning file cache for directory 'C:/Users/Brian/Documents/GitHub/quad-shaped-battle-objects/CardGameProject3/Content/Developers/Brian/Collections/' took 0.01s
[2016.12.01-21.54.26:352][  0]LogFileCache: Scanning file cache for directory 'C:/Users/Brian/Documents/GitHub/quad-shaped-battle-objects/CardGameProject3/Content/Collections/' took 0.01s
[2016.12.01-21.54.26:352][  0]LogCollectionManager: Rebuilt the GUID cache for 0 collections in 0.000003 seconds
[2016.12.01-21.54.26:368][  0]LogContentBrowser: Native class hierarchy populated in 0.0156 seconds. Added 2141 classes and 415 folders.
[2016.12.01-21.54.26:378][  0]LogStats: UGameplayTagsManager::ConstructGameplayTagTree: Construct from data asset -  0.000 s
[2016.12.01-21.54.26:379][  0]LogStats: UGameplayTagsManager::ConstructGameplayTagTree: GameplayTagTreeChangedEvent.Broadcast -  0.000 s
[2016.12.01-21.54.26:380][  0]LogContentBrowser: Native class hierarchy updated for 'GameplayTags' in 0.0009 seconds. Added 12 classes and 0 folders.
[2016.12.01-21.54.26:390][  0]LogContentBrowser: Native class hierarchy updated for 'WidgetCarousel' in 0.0008 seconds. Added 0 classes and 0 folders.
[2016.12.01-21.54.26:525][  0]LogContentBrowser: Native class hierarchy updated for 'AddContentDialog' in 0.0007 seconds. Added 0 classes and 0 folders.
[2016.12.01-21.54.26:535][  0]LogContentBrowser: Native class hierarchy updated for 'SceneOutliner' in 0.0008 seconds. Added 1 classes and 2 folders.
[2016.12.01-21.54.26:651][  0]LogCrashTracker: Crashtracker disabled due to settings.
[2016.12.01-21.54.26:659][  0]LogUObjectGlobals:Warning: Failed to find object 'Class None.'
[2016.12.01-21.54.26:696][  0]LogContentBrowser: Native class hierarchy updated for 'HierarchicalLODOutliner' in 0.0011 seconds. Added 1 classes and 2 folders.
[2016.12.01-21.54.26:696][  0]LogLoad: (Engine Initialization) Total time: 13.31 seconds
[2016.12.01-21.54.26:697][  0]LogLoad: (Engine Initialization) Total Blueprint compile time: 0.63 seconds
[2016.12.01-21.54.26:697][  0]LogExternalProfiler: Found external profiler: VSPerf
[2016.12.01-21.54.26:697][  0]LogExternalProfiler: Using external profiler: VSPerf
[2016.12.01-21.54.26:715][  0]LogOcInput: OculusInput pre-init called
[2016.12.01-21.54.26:740][  0]LogContentStreaming: Texture pool size now 400 MB
[2016.12.01-21.54.26:965][  0]LogRenderer: Reallocating scene render targets to support 964x504 (Frame:2).
[2016.12.01-21.54.27:422][  2]LogAssetRegistry: Asset discovery search completed in 8.0429 seconds
[2016.12.01-21.54.27:422][  2]LogCollectionManager: Rebuilt the object cache for 0 collections in 0.000001 seconds (found 0 objects)
[2016.12.01-21.54.27:422][  2]LogCollectionManager: Fixed up redirectors for 0 collections in 0.000039 seconds (updated 0 objects)
[2016.12.01-21.54.34:548][310]LogContentBrowser: Native class hierarchy updated for 'BlueprintGraph' in 0.0024 seconds. Added 112 classes and 0 folders.
[2016.12.01-22.39.33:413][804]LogEditorViewport: Clicking on Actor (LMB): StaticMeshActor (Board)
[2016.12.01-22.39.35:796][932]LogBlueprintUserMessages: Early PlayInEditor Detection: Level '/Game/Levels/BasicLevel.BasicLevel:PersistentLevel' has LevelScriptBlueprint '/Game/Levels/BasicLevel.BasicLevel:PersistentLevel.BasicLevel' with GeneratedClass '/Game/Levels/BasicLevel.BasicLevel_C' with ClassGeneratedBy '/Game/Levels/BasicLevel.BasicLevel:PersistentLevel.BasicLevel'
[2016.12.01-22.39.35:796][932]LogPlayLevel: PlayLevel: No blueprints needed recompiling
[2016.12.01-22.39.35:808][932]PIE: New page: PIE session: BasicLevel (Dec 1, 2016, 12:39:35 PM)
[2016.12.01-22.39.35:808][932]LogPlayLevel: Creating play world package: /Game/Levels/UEDPIE_0_BasicLevel
[2016.12.01-22.39.35:812][932]LogPlayLevel: PIE: StaticDuplicateObject took: (0.004385s)
[2016.12.01-22.39.35:813][932]LogAIModule: Creating AISystem for world BasicLevel
[2016.12.01-22.39.35:814][932]LogPlayLevel: PIE: World Init took: (0.001861s)
[2016.12.01-22.39.35:814][932]LogPlayLevel: PIE: Created PIE world by copying editor world from /Game/Levels/BasicLevel.BasicLevel to /Game/Levels/UEDPIE_0_BasicLevel.BasicLevel (0.006627s)
[2016.12.01-22.39.35:905][932]LogInit: XAudio2 using 'Speakers (High Definition Audio Device)' : 2 channels at 44.1 kHz using 16 bits per sample (channel mask 0x3)
[2016.12.01-22.39.35:914][932]LogInit: FAudioDevice initialized.
[2016.12.01-22.39.35:979][932]LogWorld: Game class is 'BattleCardGameMode_C'
[2016.12.01-22.39.35:986][932]LogWorld: Bringing World /Game/Levels/UEDPIE_0_BasicLevel.BasicLevel up for play (max tick rate 60) at 2016.12.01-17.39.35
[2016.12.01-22.39.35:990][932]LogWorld: Bringing up level for play took: 0.005811
[2016.12.01-22.39.36:011][932]LogContentBrowser: Native class hierarchy updated for 'MovieSceneCapture' in 0.0006 seconds. Added 11 classes and 0 folders.
[2016.12.01-22.39.36:011][932]LogGameMode:Display: Match State Changed from EnteringMap to WaitingToStart
[2016.12.01-22.39.36:013][932]LogGameState: Match State Changed from EnteringMap to WaitingToStart
[2016.12.01-22.39.36:013][932]LogGameMode:Display: Match State Changed from WaitingToStart to InProgress
[2016.12.01-22.39.36:027][932]LogGameState: Match State Changed from WaitingToStart to InProgress
[2016.12.01-22.39.36:027][932]PIE: Info Play in editor start time for /Game/Levels/UEDPIE_0_BasicLevel 0.735
[2016.12.01-22.39.36:027][932]LogBlueprintUserMessages: Late PlayInEditor Detection: Level '/Game/Levels/BasicLevel.BasicLevel:PersistentLevel' has LevelScriptBlueprint '/Game/Levels/BasicLevel.BasicLevel:PersistentLevel.BasicLevel' with GeneratedClass '/Game/Levels/BasicLevel.BasicLevel_C' with ClassGeneratedBy '/Game/Levels/BasicLevel.BasicLevel:PersistentLevel.BasicLevel'
[2016.12.01-22.39.42:596][153]LogBlueprintUserMessages: [BattleCardGameState_C_0] Not Enough Mana
[2016.12.01-22.39.54:090][542]LogBlueprintUserMessages: Early EndPlayMap Detection: Level '/Game/Levels/BasicLevel.BasicLevel:PersistentLevel' has LevelScriptBlueprint '/Game/Levels/BasicLevel.BasicLevel:PersistentLevel.BasicLevel' with GeneratedClass '/Game/Levels/BasicLevel.BasicLevel_C' with ClassGeneratedBy '/Game/Levels/BasicLevel.BasicLevel:PersistentLevel.BasicLevel'
[2016.12.01-22.39.54:181][542]LogBlueprintUserMessages: Late EndPlayMap Detection: Level '/Game/Levels/BasicLevel.BasicLevel:PersistentLevel' has LevelScriptBlueprint '/Game/Levels/BasicLevel.BasicLevel:PersistentLevel.BasicLevel' with GeneratedClass '/Game/Levels/BasicLevel.BasicLevel_C' with ClassGeneratedBy '/Game/Levels/BasicLevel.BasicLevel:PersistentLevel.BasicLevel'
[2016.12.01-23.02.06:453][675]LogFileHelpers: Editor autosave (incl. sublevels) for '/Game/Levels/BasicLevel' took 0.043
[2016.12.01-23.02.06:455][675]OBJ SavePackage: Generating thumbnails for [0] asset(s) in package [/Game/Blueprints/BattleCardGameState] ([1] browsable assets)...
[2016.12.01-23.02.06:455][675]OBJ SavePackage: Finished generating thumbnails for package [/Game/Blueprints/BattleCardGameState]
[2016.12.01-23.02.06:698][675]LogSavePackage: Save=183.73ms
[2016.12.01-23.02.06:698][675]LogSavePackage: Moving '../../../../../../Users/Brian/Documents/GitHub/quad-shaped-battle-objects/CardGameProject3/Saved/BattleCardGameState_Auto1BF9CF4C2472AF18AD3C9CBA0BE094C44.tmp' to '../../../../../../Users/Brian/Documents/GitHub/quad-shaped-battle-objects/CardGameProject3/Saved/Autosaves/Game/Blueprints/BattleCardGameState_Auto1.uasset'
[2016.12.01-23.02.06:700][675]LogSavePackage:Display: Finished SavePackage ../../../../../../Users/Brian/Documents/GitHub/quad-shaped-battle-objects/CardGameProject3/Saved/Autosaves/Game/Blueprints/BattleCardGameState_Auto1.uasset
[2016.12.01-23.02.06:701][675]OBJ SavePackage: Generating thumbnails for [1] asset(s) in package [/Game/Blueprints/Deck] ([1] browsable assets)...
[2016.12.01-23.02.06:724][675]OBJ SavePackage:     Rendered thumbnail for [Blueprint /Game/Blueprints/Deck.Deck]
[2016.12.01-23.02.06:724][675]OBJ SavePackage: Finished generating thumbnails for package [/Game/Blueprints/Deck]
[2016.12.01-23.02.06:808][675]LogSavePackage: Save=29.69ms
[2016.12.01-23.02.06:808][675]LogSavePackage: Moving '../../../../../../Users/Brian/Documents/GitHub/quad-shaped-battle-objects/CardGameProject3/Saved/Deck_Auto13677993E4924949D767DB0A8E136E2D8.tmp' to '../../../../../../Users/Brian/Documents/GitHub/quad-shaped-battle-objects/CardGameProject3/Saved/Autosaves/Game/Blueprints/Deck_Auto1.uasset'
[2016.12.01-23.02.06:810][675]LogSavePackage:Display: Finished SavePackage ../../../../../../Users/Brian/Documents/GitHub/quad-shaped-battle-objects/CardGameProject3/Saved/Autosaves/Game/Blueprints/Deck_Auto1.uasset
[2016.12.01-23.02.06:810][675]LogFileHelpers: Auto-saving content packages took 0.357
[2016.12.01-23.11.20:646][147]LogSavePackage: Save=274.15ms
[2016.12.01-23.11.20:646][147]LogSavePackage: Moving '../../../../../../Users/Brian/Documents/GitHub/quad-shaped-battle-objects/CardGameProject3/Saved/BattleCardGameState806E78304385CA29CA34F783D3584470.tmp' to '../../../../../../Users/Brian/Documents/GitHub/quad-shaped-battle-objects/CardGameProject3/Content/Blueprints/BattleCardGameState.uasset'
[2016.12.01-23.11.20:651][147]LogSavePackage:Display: Finished SavePackage ../../../../../../Users/Brian/Documents/GitHub/quad-shaped-battle-objects/CardGameProject3/Content/Blueprints/BattleCardGameState.uasset
[2016.12.01-23.11.20:681][147]Cmd: OBJ SAVEPACKAGE PACKAGE="/Game/Blueprints/Deck" FILE="../../../../../../Users/Brian/Documents/GitHub/quad-shaped-battle-objects/CardGameProject3/Content/Blueprints/Deck.uasset" SILENT=true
[2016.12.01-23.11.20:829][147]LogSavePackage: Save=62.06ms
[2016.12.01-23.11.20:829][147]LogSavePackage: Moving '../../../../../../Users/Brian/Documents/GitHub/quad-shaped-battle-objects/CardGameProject3/Saved/Deck11EBD6514785E06CB7F6E59D1D183D11.tmp' to '../../../../../../Users/Brian/Documents/GitHub/quad-shaped-battle-objects/CardGameProject3/Content/Blueprints/Deck.uasset'
[2016.12.01-23.11.20:835][147]LogSavePackage:Display: Finished SavePackage ../../../../../../Users/Brian/Documents/GitHub/quad-shaped-battle-objects/CardGameProject3/Content/Blueprints/Deck.uasset
[2016.12.01-23.12.11:520][948]LogRenderer: Reallocating scene render targets to support 992x568 (Frame:1119).
[2016.12.01-23.14.31:443][378]Cmd: OBJ SAVEPACKAGE PACKAGE="/Game/Blueprints/Deck" FILE="../../../../../../Users/Brian/Documents/GitHub/quad-shaped-battle-objects/CardGameProject3/Content/Blueprints/Deck.uasset" SILENT=true
[2016.12.01-23.14.31:697][378]LogSavePackage: Save=67.98ms
[2016.12.01-23.14.31:697][378]LogSavePackage: Moving '../../../../../../Users/Brian/Documents/GitHub/quad-shaped-battle-objects/CardGameProject3/Saved/DeckEC580FBF496CF2192E0353833203781F.tmp' to '../../../../../../Users/Brian/Documents/GitHub/quad-shaped-battle-objects/CardGameProject3/Content/Blueprints/Deck.uasset'
[2016.12.01-23.14.31:702][378]LogSavePackage:Display: Finished SavePackage ../../../../../../Users/Brian/Documents/GitHub/quad-shaped-battle-objects/CardGameProject3/Content/Blueprints/Deck.uasset
[2016.12.01-23.15.21:786][848]LogSavePackage: Save=299.91ms
[2016.12.01-23.15.21:786][848]LogSavePackage: Moving '../../../../../../Users/Brian/Documents/GitHub/quad-shaped-battle-objects/CardGameProject3/Saved/BattleCardGameStateFCE3ECCA437D86C5505B188626588041.tmp' to '../../../../../../Users/Brian/Documents/GitHub/quad-shaped-battle-objects/CardGameProject3/Content/Blueprints/BattleCardGameState.uasset'
[2016.12.01-23.15.21:791][848]LogSavePackage:Display: Finished SavePackage ../../../../../../Users/Brian/Documents/GitHub/quad-shaped-battle-objects/CardGameProject3/Content/Blueprints/BattleCardGameState.uasset
[2016.12.01-23.16.34:686][422]LogBlueprintUserMessages: Early PlayInEditor Detection: Level '/Game/Levels/BasicLevel.BasicLevel:PersistentLevel' has LevelScriptBlueprint '/Game/Levels/BasicLevel.BasicLevel:PersistentLevel.BasicLevel' with GeneratedClass '/Game/Levels/BasicLevel.BasicLevel_C' with ClassGeneratedBy '/Game/Levels/BasicLevel.BasicLevel:PersistentLevel.BasicLevel'
[2016.12.01-23.16.34:687][422]BlueprintLog: New page: Pre-Play auto-recompile
[2016.12.01-23.16.34:687][422]LogPlayLevel: [PlayLevel] Compiling BattleCardGameState before play...
[2016.12.01-23.16.34:934][422]LogBlueprint:Error: [Compiler BattleCardGameState] Error Pin  AI  named AI doesn't match any parameters of function InitializeDeck
[2016.12.01-23.16.34:935][422]LogBlueprint:Error: [Compiler BattleCardGameState] Error Pin  AI  named AI doesn't match any parameters of function InitializeDeck
[2016.12.01-23.16.35:223][422]LogBlueprint:Warning: [Compiler BattleCardGameState] Warning [4941.84] Compile of BattleCardGameState failed. 2 Fatal Issue(s) 0 Warning(s) [in 372 ms] (/Game/Blueprints/BattleCardGameState.BattleCardGameState)
[2016.12.01-23.16.35:225][422]LogBlueprint:Warning: [Compiler BattleCardGameState] Warning [4941.84] Compile of BattleCardGameState failed. 2 Fatal Issue(s) 1 Warning(s) [in 2 ms] (/Game/Blueprints/BattleCardGameState.BattleCardGameState)
[2016.12.01-23.16.35:226][422]LogBlueprint:Warning: [Compiler BattleCardGameState] Warning [4941.84] Compile of BattleCardGameState failed. 2 Fatal Issue(s) 2 Warning(s) [in 0 ms] (/Game/Blueprints/BattleCardGameState.BattleCardGameState)
[2016.12.01-23.16.35:226][422]LogBlueprint:Warning: [Compiler BattleCardGameState] Warning [4941.84] Compile of BattleCardGameState failed. 2 Fatal Issue(s) 3 Warning(s) [in 0 ms] (/Game/Blueprints/BattleCardGameState.BattleCardGameState)
[2016.12.01-23.16.35:240][422]LogBlueprint:Warning: [Compiler BattleCardGameState] Warning [4941.86] Compile of BattleCardGameState failed. 2 Fatal Issue(s) 4 Warning(s) [in 14 ms] (/Game/Blueprints/BattleCardGameState.BattleCardGameState)
[2016.12.01-23.16.35:240][422]LogBlueprint:Warning: [Compiler BattleCardGameState] Warning [4941.86] Compile of BattleCardGameState failed. 2 Fatal Issue(s) 5 Warning(s) [in 0 ms] (/Game/Blueprints/BattleCardGameState.BattleCardGameState)
[2016.12.01-23.16.35:240][422]LogPlayLevel: [PlayLevel] Compiling Deck before play...
[2016.12.01-23.16.35:335][422]LogPlayLevel: [PlayLevel]   Compiling BattleCardGameState as a dependent...
[2016.12.01-23.16.35:821][422]LogPlayLevel: PlayLevel: Blueprint regeneration took 1134 ms (3 blueprints)
[2016.12.01-23.16.35:821][422]BlueprintLog: Info Blueprint BattleCardGameState failed to compile
[2016.12.01-23.16.47:078][737]BlueprintLog: New page: Compile BattleCardGameState
[2016.12.01-23.16.48:934][788]LogBlueprintUserMessages: Early PlayInEditor Detection: Level '/Game/Levels/BasicLevel.BasicLevel:PersistentLevel' has LevelScriptBlueprint '/Game/Levels/BasicLevel.BasicLevel:PersistentLevel.BasicLevel' with GeneratedClass '/Game/Levels/BasicLevel.BasicLevel_C' with ClassGeneratedBy '/Game/Levels/BasicLevel.BasicLevel:PersistentLevel.BasicLevel'
[2016.12.01-23.16.48:934][788]LogPlayLevel: PlayLevel: No blueprints needed recompiling
[2016.12.01-23.16.48:935][788]PIE: New page: PIE session: BasicLevel (Dec 1, 2016, 1:16:48 PM)
[2016.12.01-23.16.48:935][788]LogPlayLevel: Creating play world package: /Game/Levels/UEDPIE_0_BasicLevel
[2016.12.01-23.16.48:938][788]LogPlayLevel: PIE: StaticDuplicateObject took: (0.003431s)
[2016.12.01-23.16.48:939][788]LogAIModule: Creating AISystem for world BasicLevel
[2016.12.01-23.16.48:940][788]LogPlayLevel: PIE: World Init took: (0.001619s)
[2016.12.01-23.16.48:940][788]LogPlayLevel: PIE: Created PIE world by copying editor world from /Game/Levels/BasicLevel.BasicLevel to /Game/Levels/UEDPIE_0_BasicLevel.BasicLevel (0.005488s)
[2016.12.01-23.16.49:015][788]LogInit: XAudio2 using 'Speakers (High Definition Audio Device)' : 2 channels at 44.1 kHz using 16 bits per sample (channel mask 0x3)
[2016.12.01-23.16.49:025][788]LogInit: FAudioDevice initialized.
[2016.12.01-23.16.49:080][788]LogWorld: Game class is 'BattleCardGameMode_C'
[2016.12.01-23.16.49:083][788]LogWorld: Bringing World /Game/Levels/UEDPIE_0_BasicLevel.BasicLevel up for play (max tick rate 60) at 2016.12.01-18.16.49
[2016.12.01-23.16.49:084][788]LogWorld: Bringing up level for play took: 0.003183
[2016.12.01-23.16.49:085][788]LogGameMode: Warning - PATHS NOT DEFINED or NO PLAYERSTART with positive rating
[2016.12.01-23.16.49:085][788]LogGameMode:Display: Match State Changed from EnteringMap to WaitingToStart
[2016.12.01-23.16.49:085][788]LogGameState: Match State Changed from EnteringMap to WaitingToStart
[2016.12.01-23.16.49:085][788]LogGameMode:Display: Match State Changed from WaitingToStart to InProgress
[2016.12.01-23.16.49:090][788]LogGameState: Match State Changed from WaitingToStart to InProgress
[2016.12.01-23.16.49:101][788]PIE: Info Play in editor start time for /Game/Levels/UEDPIE_0_BasicLevel -0.191
[2016.12.01-23.16.49:102][788]LogBlueprintUserMessages: Late PlayInEditor Detection: Level '/Game/Levels/BasicLevel.BasicLevel:PersistentLevel' has LevelScriptBlueprint '/Game/Levels/BasicLevel.BasicLevel:PersistentLevel.BasicLevel' with GeneratedClass '/Game/Levels/BasicLevel.BasicLevel_C' with ClassGeneratedBy '/Game/Levels/BasicLevel.BasicLevel:PersistentLevel.BasicLevel'
[2016.12.01-23.16.49:159][788]LogRenderer: Reallocating scene render targets to support 1292x756 (Frame:1287).
[2016.12.01-23.17.08:822][174]LogBlueprintUserMessages: Early EndPlayMap Detection: Level '/Game/Levels/BasicLevel.BasicLevel:PersistentLevel' has LevelScriptBlueprint '/Game/Levels/BasicLevel.BasicLevel:PersistentLevel.BasicLevel' with GeneratedClass '/Game/Levels/BasicLevel.BasicLevel_C' with ClassGeneratedBy '/Game/Levels/BasicLevel.BasicLevel:PersistentLevel.BasicLevel'
[2016.12.01-23.17.08:910][174]LogBlueprintUserMessages: Late EndPlayMap Detection: Level '/Game/Levels/BasicLevel.BasicLevel:PersistentLevel' has LevelScriptBlueprint '/Game/Levels/BasicLevel.BasicLevel:PersistentLevel.BasicLevel' with GeneratedClass '/Game/Levels/BasicLevel.BasicLevel_C' with ClassGeneratedBy '/Game/Levels/BasicLevel.BasicLevel:PersistentLevel.BasicLevel'
[2016.12.01-23.17.32:392][414]BlueprintLog: New page: Compile Deck
[2016.12.01-23.17.32:666][414]BlueprintEditorCompileResults: Info The execution path doesn't end with a return node.  Remote
[2016.12.01-23.17.34:310][497]Cmd: OBJ SAVEPACKAGE PACKAGE="/Game/Blueprints/Deck" FILE="../../../../../../Users/Brian/Documents/GitHub/quad-shaped-battle-objects/CardGameProject3/Content/Blueprints/Deck.uasset" SILENT=true
[2016.12.01-23.17.34:429][497]LogSavePackage: Save=57.68ms
[2016.12.01-23.17.34:429][497]LogSavePackage: Moving '../../../../../../Users/Brian/Documents/GitHub/quad-shaped-battle-objects/CardGameProject3/Saved/DeckFAF8B49F425E43F3D96E62A92221057F.tmp' to '../../../../../../Users/Brian/Documents/GitHub/quad-shaped-battle-objects/CardGameProject3/Content/Blueprints/Deck.uasset'
[2016.12.01-23.17.34:434][497]LogSavePackage:Display: Finished SavePackage ../../../../../../Users/Brian/Documents/GitHub/quad-shaped-battle-objects/CardGameProject3/Content/Blueprints/Deck.uasset
[2016.12.01-23.17.36:200][587]LogBlueprintUserMessages: Early PlayInEditor Detection: Level '/Game/Levels/BasicLevel.BasicLevel:PersistentLevel' has LevelScriptBlueprint '/Game/Levels/BasicLevel.BasicLevel:PersistentLevel.BasicLevel' with GeneratedClass '/Game/Levels/BasicLevel.BasicLevel_C' with ClassGeneratedBy '/Game/Levels/BasicLevel.BasicLevel:PersistentLevel.BasicLevel'
[2016.12.01-23.17.36:200][587]LogPlayLevel: PlayLevel: No blueprints needed recompiling
[2016.12.01-23.17.36:201][587]PIE: New page: PIE session: BasicLevel (Dec 1, 2016, 1:17:36 PM)
[2016.12.01-23.17.36:201][587]LogPlayLevel: Creating play world package: /Game/Levels/UEDPIE_0_BasicLevel
[2016.12.01-23.17.36:206][587]LogPlayLevel: PIE: StaticDuplicateObject took: (0.005358s)
[2016.12.01-23.17.36:207][587]LogAIModule: Creating AISystem for world BasicLevel
[2016.12.01-23.17.36:208][587]LogPlayLevel: PIE: World Init took: (0.001814s)
[2016.12.01-23.17.36:208][587]LogPlayLevel: PIE: Created PIE world by copying editor world from /Game/Levels/BasicLevel.BasicLevel to /Game/Levels/UEDPIE_0_BasicLevel.BasicLevel (0.007648s)
[2016.12.01-23.17.36:276][587]LogInit: XAudio2 using 'Speakers (High Definition Audio Device)' : 2 channels at 44.1 kHz using 16 bits per sample (channel mask 0x3)
[2016.12.01-23.17.36:287][587]LogInit: FAudioDevice initialized.
[2016.12.01-23.17.36:328][587]LogWorld: Game class is 'BattleCardGameMode_C'
[2016.12.01-23.17.36:332][587]LogWorld: Bringing World /Game/Levels/UEDPIE_0_BasicLevel.BasicLevel up for play (max tick rate 60) at 2016.12.01-18.17.36
[2016.12.01-23.17.36:332][587]LogWorld: Bringing up level for play took: 0.003494
[2016.12.01-23.17.36:333][587]LogGameMode: Warning - PATHS NOT DEFINED or NO PLAYERSTART with positive rating
[2016.12.01-23.17.36:334][587]LogGameMode:Display: Match State Changed from EnteringMap to WaitingToStart
[2016.12.01-23.17.36:334][587]LogGameState: Match State Changed from EnteringMap to WaitingToStart
[2016.12.01-23.17.36:334][587]LogGameMode:Display: Match State Changed from WaitingToStart to InProgress
[2016.12.01-23.17.36:339][587]LogGameState: Match State Changed from WaitingToStart to InProgress
[2016.12.01-23.17.36:343][587]PIE: Info Play in editor start time for /Game/Levels/UEDPIE_0_BasicLevel 1.051
[2016.12.01-23.17.36:343][587]LogBlueprintUserMessages: Late PlayInEditor Detection: Level '/Game/Levels/BasicLevel.BasicLevel:PersistentLevel' has LevelScriptBlueprint '/Game/Levels/BasicLevel.BasicLevel:PersistentLevel.BasicLevel' with GeneratedClass '/Game/Levels/BasicLevel.BasicLevel_C' with ClassGeneratedBy '/Game/Levels/BasicLevel.BasicLevel:PersistentLevel.BasicLevel'
[2016.12.01-23.18.24:964][593]LogBlueprintUserMessages: [BattleCardGameState_C_0] Board Full
[2016.12.01-23.18.36:468][828]LogBlueprintUserMessages: Early EndPlayMap Detection: Level '/Game/Levels/BasicLevel.BasicLevel:PersistentLevel' has LevelScriptBlueprint '/Game/Levels/BasicLevel.BasicLevel:PersistentLevel.BasicLevel' with GeneratedClass '/Game/Levels/BasicLevel.BasicLevel_C' with ClassGeneratedBy '/Game/Levels/BasicLevel.BasicLevel:PersistentLevel.BasicLevel'
[2016.12.01-23.18.36:587][828]LogBlueprintUserMessages: Late EndPlayMap Detection: Level '/Game/Levels/BasicLevel.BasicLevel:PersistentLevel' has LevelScriptBlueprint '/Game/Levels/BasicLevel.BasicLevel:PersistentLevel.BasicLevel' with GeneratedClass '/Game/Levels/BasicLevel.BasicLevel_C' with ClassGeneratedBy '/Game/Levels/BasicLevel.BasicLevel:PersistentLevel.BasicLevel'
[2016.12.01-23.19.19:487][330]LogBlueprintUserMessages: Early PlayInEditor Detection: Level '/Game/Levels/BasicLevel.BasicLevel:PersistentLevel' has LevelScriptBlueprint '/Game/Levels/BasicLevel.BasicLevel:PersistentLevel.BasicLevel' with GeneratedClass '/Game/Levels/BasicLevel.BasicLevel_C' with ClassGeneratedBy '/Game/Levels/BasicLevel.BasicLevel:PersistentLevel.BasicLevel'
[2016.12.01-23.19.19:487][330]BlueprintLog: New page: Pre-Play auto-recompile
[2016.12.01-23.19.19:487][330]LogPlayLevel: [PlayLevel] Compiling BattleCardGameState before play...
[2016.12.01-23.19.19:948][330]LogPlayLevel: PlayLevel: Blueprint regeneration took 461 ms (1 blueprints)
[2016.12.01-23.19.19:948][330]PIE: New page: PIE session: BasicLevel (Dec 1, 2016, 1:19:19 PM)
[2016.12.01-23.19.19:949][330]LogPlayLevel: Creating play world package: /Game/Levels/UEDPIE_0_BasicLevel
[2016.12.01-23.19.19:951][330]LogPlayLevel: PIE: StaticDuplicateObject took: (0.002170s)
[2016.12.01-23.19.19:951][330]LogAIModule: Creating AISystem for world BasicLevel
[2016.12.01-23.19.19:952][330]LogPlayLevel: PIE: World Init took: (0.000994s)
[2016.12.01-23.19.19:952][330]LogPlayLevel: PIE: Created PIE world by copying editor world from /Game/Levels/BasicLevel.BasicLevel to /Game/Levels/UEDPIE_0_BasicLevel.BasicLevel (0.003416s)
[2016.12.01-23.19.19:996][330]LogInit: XAudio2 using 'Speakers (High Definition Audio Device)' : 2 channels at 44.1 kHz using 16 bits per sample (channel mask 0x3)
[2016.12.01-23.19.20:004][330]LogInit: FAudioDevice initialized.
[2016.12.01-23.19.20:079][330]LogWorld: Game class is 'BattleCardGameMode_C'
[2016.12.01-23.19.20:085][330]LogWorld: Bringing World /Game/Levels/UEDPIE_0_BasicLevel.BasicLevel up for play (max tick rate 60) at 2016.12.01-18.19.20
[2016.12.01-23.19.20:087][330]LogWorld: Bringing up level for play took: 0.005907
[2016.12.01-23.19.20:088][330]LogGameMode: Warning - PATHS NOT DEFINED or NO PLAYERSTART with positive rating
[2016.12.01-23.19.20:089][330]LogGameMode:Display: Match State Changed from EnteringMap to WaitingToStart
[2016.12.01-23.19.20:089][330]LogGameState: Match State Changed from EnteringMap to WaitingToStart
[2016.12.01-23.19.20:089][330]LogGameMode:Display: Match State Changed from WaitingToStart to InProgress
[2016.12.01-23.19.20:099][330]LogGameState: Match State Changed from WaitingToStart to InProgress
[2016.12.01-23.19.20:121][330]PIE: Info Play in editor start time for /Game/Levels/UEDPIE_0_BasicLevel 0.829
[2016.12.01-23.19.20:122][330]LogBlueprintUserMessages: Late PlayInEditor Detection: Level '/Game/Levels/BasicLevel.BasicLevel:PersistentLevel' has LevelScriptBlueprint '/Game/Levels/BasicLevel.BasicLevel:PersistentLevel.BasicLevel' with GeneratedClass '/Game/Levels/BasicLevel.BasicLevel_C' with ClassGeneratedBy '/Game/Levels/BasicLevel.BasicLevel:PersistentLevel.BasicLevel'
[2016.12.01-23.21.49:346][229]LogBlueprintUserMessages: Early EndPlayMap Detection: Level '/Game/Levels/BasicLevel.BasicLevel:PersistentLevel' has LevelScriptBlueprint '/Game/Levels/BasicLevel.BasicLevel:PersistentLevel.BasicLevel' with GeneratedClass '/Game/Levels/BasicLevel.BasicLevel_C' with ClassGeneratedBy '/Game/Levels/BasicLevel.BasicLevel:PersistentLevel.BasicLevel'
[2016.12.01-23.21.49:466][229]LogBlueprintUserMessages: Late EndPlayMap Detection: Level '/Game/Levels/BasicLevel.BasicLevel:PersistentLevel' has LevelScriptBlueprint '/Game/Levels/BasicLevel.BasicLevel:PersistentLevel.BasicLevel' with GeneratedClass '/Game/Levels/BasicLevel.BasicLevel_C' with ClassGeneratedBy '/Game/Levels/BasicLevel.BasicLevel:PersistentLevel.BasicLevel'
[2016.12.01-23.22.33:978][941]LogD3D11RHI: Timed out while waiting for GPU to catch up. (500 ms)
[2016.12.02-13.28.38:743][ 39]LogFileHelpers: Editor autosave (incl. sublevels) for '/Game/Levels/BasicLevel' took 0.058
[2016.12.02-13.28.38:746][ 39]OBJ SavePackage: Generating thumbnails for [0] asset(s) in package [/Game/Blueprints/BattleCardGameState] ([1] browsable assets)...
[2016.12.02-13.28.38:746][ 39]OBJ SavePackage: Finished generating thumbnails for package [/Game/Blueprints/BattleCardGameState]
[2016.12.02-13.28.39:006][ 39]LogSavePackage: Save=204.62ms
[2016.12.02-13.28.39:006][ 39]LogSavePackage: Moving '../../../../../../Users/Brian/Documents/GitHub/quad-shaped-battle-objects/CardGameProject3/Saved/BattleCardGameState_Auto2FD47524D4DA234595B07F491FF497678.tmp' to '../../../../../../Users/Brian/Documents/GitHub/quad-shaped-battle-objects/CardGameProject3/Saved/Autosaves/Game/Blueprints/BattleCardGameState_Auto2.uasset'
[2016.12.02-13.28.39:008][ 39]LogSavePackage:Display: Finished SavePackage ../../../../../../Users/Brian/Documents/GitHub/quad-shaped-battle-objects/CardGameProject3/Saved/Autosaves/Game/Blueprints/BattleCardGameState_Auto2.uasset
[2016.12.02-13.28.39:008][ 39]LogFileHelpers: Auto-saving content packages took 0.264
[2016.12.02-13.35.11:430][640]LogSavePackage: Save=177.91ms
[2016.12.02-13.35.11:430][640]LogSavePackage: Moving '../../../../../../Users/Brian/Documents/GitHub/quad-shaped-battle-objects/CardGameProject3/Saved/BattleCardGameStateA36486394E26A88FF3BD56842B608767.tmp' to '../../../../../../Users/Brian/Documents/GitHub/quad-shaped-battle-objects/CardGameProject3/Content/Blueprints/BattleCardGameState.uasset'
[2016.12.02-13.35.11:433][640]LogSavePackage:Display: Finished SavePackage ../../../../../../Users/Brian/Documents/GitHub/quad-shaped-battle-objects/CardGameProject3/Content/Blueprints/BattleCardGameState.uasset
[2016.12.02-13.35.15:114][800]LogBlueprintUserMessages: Early PlayInEditor Detection: Level '/Game/Levels/BasicLevel.BasicLevel:PersistentLevel' has LevelScriptBlueprint '/Game/Levels/BasicLevel.BasicLevel:PersistentLevel.BasicLevel' with GeneratedClass '/Game/Levels/BasicLevel.BasicLevel_C' with ClassGeneratedBy '/Game/Levels/BasicLevel.BasicLevel:PersistentLevel.BasicLevel'
[2016.12.02-13.35.15:114][800]LogPlayLevel: PlayLevel: No blueprints needed recompiling
[2016.12.02-13.35.15:114][800]PIE: New page: PIE session: BasicLevel (Dec 2, 2016, 3:35:15 AM)
[2016.12.02-13.35.15:114][800]LogPlayLevel: Creating play world package: /Game/Levels/UEDPIE_0_BasicLevel
[2016.12.02-13.35.15:118][800]LogPlayLevel: PIE: StaticDuplicateObject took: (0.003335s)
[2016.12.02-13.35.15:118][800]LogAIModule: Creating AISystem for world BasicLevel
[2016.12.02-13.35.15:119][800]LogPlayLevel: PIE: World Init took: (0.001198s)
[2016.12.02-13.35.15:119][800]LogPlayLevel: PIE: Created PIE world by copying editor world from /Game/Levels/BasicLevel.BasicLevel to /Game/Levels/UEDPIE_0_BasicLevel.BasicLevel (0.004856s)
[2016.12.02-13.35.15:167][800]LogInit: XAudio2 using 'Speakers (High Definition Audio Device)' : 2 channels at 44.1 kHz using 16 bits per sample (channel mask 0x3)
[2016.12.02-13.35.15:175][800]LogInit: FAudioDevice initialized.
[2016.12.02-13.35.15:226][800]LogWorld: Game class is 'BattleCardGameMode_C'
[2016.12.02-13.35.15:228][800]LogWorld: Bringing World /Game/Levels/UEDPIE_0_BasicLevel.BasicLevel up for play (max tick rate 0) at 2016.12.02-08.35.15
[2016.12.02-13.35.15:229][800]LogWorld: Bringing up level for play took: 0.002678
[2016.12.02-13.35.15:230][800]LogGameMode: Warning - PATHS NOT DEFINED or NO PLAYERSTART with positive rating
[2016.12.02-13.35.15:230][800]LogGameMode:Display: Match State Changed from EnteringMap to WaitingToStart
[2016.12.02-13.35.15:230][800]LogGameState: Match State Changed from EnteringMap to WaitingToStart
[2016.12.02-13.35.15:230][800]LogGameMode:Display: Match State Changed from WaitingToStart to InProgress
[2016.12.02-13.35.15:234][800]LogGameState: Match State Changed from WaitingToStart to InProgress
[2016.12.02-13.35.15:245][800]PIE: Info Play in editor start time for /Game/Levels/UEDPIE_0_BasicLevel -0.037
[2016.12.02-13.35.15:245][800]LogBlueprintUserMessages: Late PlayInEditor Detection: Level '/Game/Levels/BasicLevel.BasicLevel:PersistentLevel' has LevelScriptBlueprint '/Game/Levels/BasicLevel.BasicLevel:PersistentLevel.BasicLevel' with GeneratedClass '/Game/Levels/BasicLevel.BasicLevel_C' with ClassGeneratedBy '/Game/Levels/BasicLevel.BasicLevel:PersistentLevel.BasicLevel'
[2016.12.02-13.35.26:390][ 40]LogBlueprintUserMessages: Early EndPlayMap Detection: Level '/Game/Levels/BasicLevel.BasicLevel:PersistentLevel' has LevelScriptBlueprint '/Game/Levels/BasicLevel.BasicLevel:PersistentLevel.BasicLevel' with GeneratedClass '/Game/Levels/BasicLevel.BasicLevel_C' with ClassGeneratedBy '/Game/Levels/BasicLevel.BasicLevel:PersistentLevel.BasicLevel'
[2016.12.02-13.35.26:442][ 40]LogBlueprintUserMessages: Late EndPlayMap Detection: Level '/Game/Levels/BasicLevel.BasicLevel:PersistentLevel' has LevelScriptBlueprint '/Game/Levels/BasicLevel.BasicLevel:PersistentLevel.BasicLevel' with GeneratedClass '/Game/Levels/BasicLevel.BasicLevel_C' with ClassGeneratedBy '/Game/Levels/BasicLevel.BasicLevel:PersistentLevel.BasicLevel'
[2016.12.02-13.35.42:103][489]LogActorComponent: UnregisterComponent: (/Engine/Transient.EditorFloorComp) Not registered. Aborting.
[2016.12.02-13.35.42:160][489]LogActorComponent: UnregisterComponent: (/Engine/Transient.EditorFloorComp) Not registered. Aborting.
[2016.12.02-13.35.42:216][489]LogActorComponent: UnregisterComponent: (/Engine/Transient.EditorFloorComp) Not registered. Aborting.
[2016.12.02-13.35.42:266][489]LogWindowsTextInputMethodSystem:Display: IME system now deactivated.
[2016.12.02-13.35.42:488][490]Cmd: QUIT_EDITOR
[2016.12.02-13.35.43:247][490]LogExit: Preparing to exit.
[2016.12.02-13.35.44:399][490]LogDirectoryWatcher: A directory notification for 'C:/Users/Brian/Documents/GitHub/quad-shaped-battle-objects/CardGameProject3/Content/' was aborted.
[2016.12.02-13.35.44:443][490]LogExit: Editor shut down
[2016.12.02-13.35.44:443][490]LogExit: Transaction tracking system shut down
[2016.12.02-13.35.44:629][490]LogObj: Freed 0b from 0 cluster array pools.
[2016.12.02-13.35.44:629][490]LogExit: Object subsystem successfully closed.
[2016.12.02-13.35.44:644][490]LogD3D11RHI: Shutdown
[2016.12.02-13.35.44:644][490]LogD3D11RHI: CleanupD3DDevice
[2016.12.02-13.35.44:756][490]LogD3D11RHI: ~FD3D11DynamicRHI
[2016.12.02-13.35.44:776][490]LogModuleManager: Shutting down and abandoning module DataTableEditor (237)
[2016.12.02-13.35.44:776][490]LogModuleManager: Shutting down and abandoning module MovieSceneCapture (236)
[2016.12.02-13.35.44:776][490]LogModuleManager: Shutting down and abandoning module BlueprintGraph (235)
[2016.12.02-13.35.44:776][490]LogModuleManager: Shutting down and abandoning module BlueprintProfiler (234)
[2016.12.02-13.35.44:776][490]LogModuleManager: Shutting down and abandoning module HierarchicalLODOutliner (233)
[2016.12.02-13.35.44:776][490]LogModuleManager: Shutting down and abandoning module CrashTracker (232)
[2016.12.02-13.35.44:776][490]LogModuleManager: Shutting down and abandoning module SceneOutliner (231)
[2016.12.02-13.35.44:776][490]LogModuleManager: Shutting down and abandoning module WidgetCarousel (230)
[2016.12.02-13.35.44:776][490]LogModuleManager: Shutting down and abandoning module AddContentDialog (229)
[2016.12.02-13.35.44:776][490]LogDirectoryWatcher: A directory notification for 'C:/Program Files (x86)/Epic Games/4.13/FeaturePacks/' was aborted.
[2016.12.02-13.35.44:778][490]LogModuleManager: Shutting down and abandoning module GameplayTags (228)
[2016.12.02-13.35.44:778][490]LogModuleManager: Shutting down and abandoning module EditorWidgets (227)
[2016.12.02-13.35.44:778][490]LogModuleManager: Shutting down and abandoning module CollectionManager (226)
[2016.12.02-13.35.44:778][490]LogDirectoryWatcher: A directory notification for 'C:/Users/Brian/Documents/GitHub/quad-shaped-battle-objects/CardGameProject3/Content/Collections/' was aborted.
[2016.12.02-13.35.44:778][490]LogDirectoryWatcher: A directory notification for 'C:/Users/Brian/Documents/GitHub/quad-shaped-battle-objects/CardGameProject3/Content/Developers/Brian/Collections/' was aborted.
[2016.12.02-13.35.44:778][490]LogDirectoryWatcher: A directory notification for 'C:/Users/Brian/Documents/GitHub/quad-shaped-battle-objects/CardGameProject3/Saved/Collections/' was aborted.
[2016.12.02-13.35.44:778][490]LogModuleManager: Shutting down and abandoning module StatsViewer (225)
[2016.12.02-13.35.44:778][490]LogModuleManager: Shutting down and abandoning module FoliageEdit (224)
[2016.12.02-13.35.44:778][490]LogModuleManager: Shutting down and abandoning module LandscapeEditor (223)
[2016.12.02-13.35.44:778][490]LogModuleManager: Shutting down and abandoning module SceneDepthPickerMode (222)
[2016.12.02-13.35.44:778][490]LogModuleManager: Shutting down and abandoning module ActorPickerMode (221)
[2016.12.02-13.35.44:778][490]LogModuleManager: Shutting down and abandoning module GeometryMode (220)
[2016.12.02-13.35.44:778][490]LogModuleManager: Shutting down and abandoning module TextureAlignMode (219)
[2016.12.02-13.35.44:778][490]LogModuleManager: Shutting down and abandoning module BspMode (218)
[2016.12.02-13.35.44:778][490]LogModuleManager: Shutting down and abandoning module HardwareSurvey (217)
[2016.12.02-13.35.44:778][490]LogModuleManager: Shutting down and abandoning module SequenceRecorderSections (216)
[2016.12.02-13.35.44:778][490]LogModuleManager: Shutting down and abandoning module SequenceRecorder (215)
[2016.12.02-13.35.44:778][490]LogModuleManager: Shutting down and abandoning module AutomationWorker (214)
[2016.12.02-13.35.44:778][490]LogModuleManager: Shutting down and abandoning module MatineeToLevelSequence (213)
[2016.12.02-13.35.44:778][490]LogModuleManager: Shutting down and abandoning module PlacementMode (212)
[2016.12.02-13.35.44:779][490]LogModuleManager: Shutting down and abandoning module LevelSequenceEditor (211)
[2016.12.02-13.35.44:779][490]LogModuleManager: Shutting down and abandoning module WmfMediaFactory (210)
[2016.12.02-13.35.44:779][490]LogModuleManager: Shutting down and abandoning module WmfMediaEditor (209)
[2016.12.02-13.35.44:779][490]LogModuleManager: Shutting down and abandoning module AvfMediaFactory (208)
[2016.12.02-13.35.44:779][490]LogModuleManager: Shutting down and abandoning module AvfMediaEditor (207)
[2016.12.02-13.35.44:779][490]LogModuleManager: Shutting down and abandoning module Media (206)
[2016.12.02-13.35.44:779][490]LogModuleManager: Shutting down and abandoning module AndroidMediaFactory (205)
[2016.12.02-13.35.44:779][490]LogModuleManager: Shutting down and abandoning module AndroidMediaEditor (204)
[2016.12.02-13.35.44:779][490]LogModuleManager: Shutting down and abandoning module CharacterAI (203)
[2016.12.02-13.35.44:779][490]LogModuleManager: Shutting down and abandoning module SmartSnapping (202)
[2016.12.02-13.35.44:779][490]LogModuleManager: Shutting down and abandoning module SessionServices (201)
[2016.12.02-13.35.44:779][490]LogModuleManager: Shutting down and abandoning module ViewportSnapping (200)
[2016.12.02-13.35.44:779][490]LogModuleManager: Shutting down and abandoning module ViewportInteraction (199)
[2016.12.02-13.35.44:779][490]LogModuleManager: Shutting down and abandoning module LogVisualizer (198)
[2016.12.02-13.35.44:779][490]LogModuleManager: Shutting down and abandoning module GameProjectGeneration (197)
[2016.12.02-13.35.44:779][490]LogModuleManager: Shutting down and abandoning module IntroTutorials (196)
[2016.12.02-13.35.44:779][490]LogModuleManager: Shutting down and abandoning module EditorLiveStreaming (195)
[2016.12.02-13.35.44:779][490]LogModuleManager: Shutting down and abandoning module IOSPlatformEditor (194)
[2016.12.02-13.35.44:779][490]LogModuleManager: Shutting down and abandoning module HTML5PlatformEditor (193)
[2016.12.02-13.35.44:779][490]LogModuleManager: Shutting down and abandoning module AndroidDeviceDetection (192)
[2016.12.02-13.35.45:194][490]LogModuleManager: Shutting down and abandoning module AndroidPlatformEditor (191)
[2016.12.02-13.35.45:194][490]LogModuleManager: Shutting down and abandoning module IOSRuntimeSettings (190)
[2016.12.02-13.35.45:194][490]LogModuleManager: Shutting down and abandoning module AndroidRuntimeSettings (189)
[2016.12.02-13.35.45:194][490]LogModuleManager: Shutting down and abandoning module NiagaraEditor (188)
[2016.12.02-13.35.45:194][490]LogModuleManager: Shutting down and abandoning module MergeActors (187)
[2016.12.02-13.35.45:194][490]LogModuleManager: Shutting down and abandoning module SizeMap (186)
[2016.12.02-13.35.45:194][490]LogModuleManager: Shutting down and abandoning module TreeMap (185)
[2016.12.02-13.35.45:194][490]LogModuleManager: Shutting down and abandoning module ReferenceViewer (184)
[2016.12.02-13.35.45:194][490]LogModuleManager: Shutting down and abandoning module LocalizationService (183)
[2016.12.02-13.35.45:194][490]LogModuleManager: Shutting down and abandoning module LocalizationDashboard (182)
[2016.12.02-13.35.45:194][490]LogModuleManager: Shutting down and abandoning module HardwareTargeting (181)
[2016.12.02-13.35.45:194][490]LogModuleManager: Shutting down and abandoning module DeviceProfileEditor (180)
[2016.12.02-13.35.45:194][490]LogModuleManager: Shutting down and abandoning module UndoHistory (179)
[2016.12.02-13.35.45:194][490]LogModuleManager: Shutting down and abandoning module UserFeedback (178)
[2016.12.02-13.35.45:194][490]LogModuleManager: Shutting down and abandoning module XmlParser (177)
[2016.12.02-13.35.45:194][490]LogModuleManager: Shutting down and abandoning module Blutility (176)
[2016.12.02-13.35.45:194][490]LogModuleManager: Shutting down and abandoning module ProjectTargetPlatformEditor (175)
[2016.12.02-13.35.45:195][490]LogModuleManager: Shutting down and abandoning module ProjectSettingsViewer (174)
[2016.12.02-13.35.45:195][490]LogModuleManager: Shutting down and abandoning module InputBindingEditor (173)
[2016.12.02-13.35.45:195][490]LogModuleManager: Shutting down and abandoning module EditorSettingsViewer (172)
[2016.12.02-13.35.45:195][490]LogModuleManager: Shutting down and abandoning module SettingsEditor (171)
[2016.12.02-13.35.45:195][490]LogModuleManager: Shutting down and abandoning module ProjectLauncher (170)
[2016.12.02-13.35.45:195][490]LogModuleManager: Shutting down and abandoning module SessionFrontend (169)
[2016.12.02-13.35.45:195][490]LogModuleManager: Shutting down and abandoning module ProfilerClient (168)
[2016.12.02-13.35.45:195][490]LogModuleManager: Shutting down and abandoning module TargetDeviceServices (167)
[2016.12.02-13.35.45:195][490]LogModuleManager: Shutting down and abandoning module DeviceManager (166)
[2016.12.02-13.35.45:239][490]LogModuleManager: Shutting down and abandoning module AutomationController (165)
[2016.12.02-13.35.45:239][490]LogModuleManager: Shutting down and abandoning module AutomationWindow (164)
[2016.12.02-13.35.45:239][490]LogModuleManager: Shutting down and abandoning module Layers (163)
[2016.12.02-13.35.45:239][490]LogModuleManager: Shutting down and abandoning module ComponentVisualizers (162)
[2016.12.02-13.35.45:239][490]LogModuleManager: Shutting down and abandoning module DetailCustomizations (161)
[2016.12.02-13.35.45:239][490]LogModuleManager: Shutting down and abandoning module PackagesDialog (160)
[2016.12.02-13.35.45:239][490]LogModuleManager: Shutting down and abandoning module AnimGraph (159)
[2016.12.02-13.35.45:239][490]LogModuleManager: Shutting down and abandoning module Persona (158)
[2016.12.02-13.35.45:239][490]LogModuleManager: Shutting down and abandoning module Kismet (157)
[2016.12.02-13.35.45:248][490]LogModuleManager: Shutting down and abandoning module GraphEditor (156)
[2016.12.02-13.35.45:248][490]LogModuleManager: Shutting down and abandoning module ClassViewer (155)
[2016.12.02-13.35.45:248][490]LogModuleManager: Shutting down and abandoning module Toolbox (154)
[2016.12.02-13.35.45:248][490]LogModuleManager: Shutting down and abandoning module ModuleUI (153)
[2016.12.02-13.35.45:248][490]LogModuleManager: Shutting down and abandoning module MovieSceneTools (152)
[2016.12.02-13.35.45:248][490]LogModuleManager: Shutting down and abandoning module OutputLog (151)
[2016.12.02-13.35.45:248][490]LogModuleManager: Shutting down and abandoning module GammaUI (150)
[2016.12.02-13.35.45:248][490]LogModuleManager: Shutting down and abandoning module Documentation (149)
[2016.12.02-13.35.45:248][490]LogModuleManager: Shutting down and abandoning module Niagara (148)
[2016.12.02-13.35.45:248][490]LogModuleManager: Shutting down and abandoning module StreamingPauseRendering (147)
[2016.12.02-13.35.45:248][490]LogModuleManager: Shutting down and abandoning module AnalyticsET (146)
[2016.12.02-13.35.45:248][490]LogModuleManager: Shutting down and abandoning module PortalServices (145)
[2016.12.02-13.35.45:248][490]LogModuleManager: Shutting down and abandoning module PortalRpc (144)
[2016.12.02-13.35.45:248][490]LogModuleManager: Shutting down and abandoning module MessagingRpc (143)
[2016.12.02-13.35.45:249][490]LogModuleManager: Shutting down and abandoning module GameplayDebugger (142)
[2016.12.02-13.35.45:249][490]LogModuleManager: Shutting down and abandoning module AITestSuite (141)
[2016.12.02-13.35.45:249][490]LogModuleManager: Shutting down and abandoning module AIModule (140)
[2016.12.02-13.35.45:249][490]LogModuleManager: Shutting down and abandoning module ProfilerService (139)
[2016.12.02-13.35.45:344][490]LogModuleManager: Shutting down and abandoning module TaskGraph (138)
[2016.12.02-13.35.45:344][490]LogModuleManager: Shutting down and abandoning module SlateRemote (137)
[2016.12.02-13.35.45:344][490]LogModuleManager: Shutting down and abandoning module SteamVRController (136)
[2016.12.02-13.35.45:344][490]LogModuleManager: Shutting down and abandoning module SteamVR (135)
[2016.12.02-13.35.45:344][490]LogModuleManager: Shutting down and abandoning module ProceduralMeshComponentEditor (134)
[2016.12.02-13.35.45:344][490]LogModuleManager: Shutting down and abandoning module ProceduralMeshComponent (133)
[2016.12.02-13.35.45:344][490]LogModuleManager: Shutting down and abandoning module OculusLibrary (132)
[2016.12.02-13.35.45:344][490]LogModuleManager: Shutting down and abandoning module OculusInput (131)
[2016.12.02-13.35.45:344][490]LogModuleManager: Shutting down and abandoning module CustomMeshComponent (130)
[2016.12.02-13.35.45:344][490]LogModuleManager: Shutting down and abandoning module CableComponent (129)
[2016.12.02-13.35.45:344][490]LogModuleManager: Shutting down and abandoning module ArchVisCharacter (128)
[2016.12.02-13.35.45:344][490]LogModuleManager: Shutting down and abandoning module MediaPlayerEditor (126)
[2016.12.02-13.35.45:345][490]LogModuleManager: Shutting down and abandoning module HTML5Networking (125)
[2016.12.02-13.35.45:345][490]LogModuleManager: Shutting down and abandoning module GeometryCacheEd (124)
[2016.12.02-13.35.45:345][490]LogModuleManager: Shutting down and abandoning module GeometryCache (123)
[2016.12.02-13.35.45:345][490]LogModuleManager: Shutting down and abandoning module AlembicLibrary (122)
[2016.12.02-13.35.45:345][490]LogModuleManager: Shutting down and abandoning module AlembicImporter (121)
[2016.12.02-13.35.45:345][490]LogModuleManager: Shutting down and abandoning module SuperSearch (120)
[2016.12.02-13.35.45:345][490]LogModuleManager: Shutting down and abandoning module SuperSearchEditor (119)
[2016.12.02-13.35.45:345][490]LogModuleManager: Shutting down and abandoning module SpeedTreeImporter (118)
[2016.12.02-13.35.45:345][490]LogModuleManager: Shutting down and abandoning module PluginBrowser (117)
[2016.12.02-13.35.45:345][490]LogModuleManager: Shutting down and abandoning module MobileLauncherProfileWizard (116)
[2016.12.02-13.35.45:345][490]LogModuleManager: Shutting down and abandoning module EpicSurvey (115)
[2016.12.02-13.35.45:345][490]LogModuleManager: Shutting down and abandoning module DesktopPlatform (114)
[2016.12.02-13.35.45:345][490]LogModuleManager: Shutting down and abandoning module VisualStudioSourceCodeAccess (113)
[2016.12.02-13.35.45:345][490]LogModuleManager: Shutting down and abandoning module UObjectPlugin (112)
[2016.12.02-13.35.45:345][490]LogModuleManager: Shutting down and abandoning module SubversionSourceControl (111)
[2016.12.02-13.35.45:345][490]LogModuleManager: Shutting down and abandoning module PerforceSourceControl (110)
[2016.12.02-13.35.45:345][490]LogModuleManager: Shutting down and abandoning module SourceControl (109)
[2016.12.02-13.35.45:345][490]LogModuleManager: Shutting down and abandoning module GitSourceControl (108)
[2016.12.02-13.35.45:345][490]LogModuleManager: Shutting down and abandoning module LightPropagationVolumeEditor (107)
[2016.12.02-13.35.45:345][490]LogModuleManager: Shutting down and abandoning module PaperTiledImporter (106)
[2016.12.02-13.35.45:345][490]LogModuleManager: Shutting down and abandoning module PaperSpriteSheetImporter (105)
[2016.12.02-13.35.45:345][490]LogModuleManager: Shutting down and abandoning module MeshPaint (104)
[2016.12.02-13.35.45:345][490]LogModuleManager: Shutting down and abandoning module FbxAutomationBuilderModule (103)
[2016.12.02-13.35.45:345][490]LogModuleManager: Shutting down and abandoning module PixelInspectorModule (102)
[2016.12.02-13.35.45:345][490]LogModuleManager: Shutting down and abandoning module HotReload (101)
[2016.12.02-13.35.45:346][490]LogModuleManager: Shutting down and abandoning module MainFrame (100)
[2016.12.02-13.35.45:346][490]LogModuleManager: Shutting down and abandoning module LevelEditor (99)
[2016.12.02-13.35.45:346][490]LogModuleManager: Shutting down and abandoning module ContentBrowser (98)
[2016.12.02-13.35.45:347][490]LogModuleManager: Shutting down and abandoning module Paper2DEditor (97)
[2016.12.02-13.35.45:347][490]LogModuleManager: Shutting down and abandoning module UdpMessaging (96)
[2016.12.02-13.35.45:448][490]LogModuleManager: Shutting down and abandoning module TcpMessaging (95)
[2016.12.02-13.35.45:549][490]LogModuleManager: Shutting down and abandoning module LightPropagationVolumeRuntime (94)
[2016.12.02-13.35.45:549][490]LogModuleManager: Shutting down and abandoning module Paper2D (93)
[2016.12.02-13.35.45:549][490]LogModuleManager: Shutting down and abandoning module WindowsMoviePlayer (92)
[2016.12.02-13.35.45:549][490]LogModuleManager: Shutting down and abandoning module WmfMedia (91)
[2016.12.02-13.35.45:549][490]LogModuleManager: Shutting down and abandoning module MediaAssets (90)
[2016.12.02-13.35.45:549][490]LogModuleManager: Shutting down and abandoning module GameLiveStreaming (89)
[2016.12.02-13.35.45:549][490]LogModuleManager: Shutting down and abandoning module GameplayTagsEditor (88)
[2016.12.02-13.35.45:549][490]LogModuleManager: Shutting down and abandoning module VREditor (87)
[2016.12.02-13.35.45:549][490]LogModuleManager: Shutting down and abandoning module GameplayTasksEditor (86)
[2016.12.02-13.35.45:549][490]LogModuleManager: Shutting down and abandoning module PropertyEditor (85)
[2016.12.02-13.35.45:549][490]LogModuleManager: Shutting down and abandoning module BehaviorTreeEditor (84)
[2016.12.02-13.35.45:550][490]LogModuleManager: Shutting down and abandoning module FunctionalTesting (83)
[2016.12.02-13.35.45:550][490]LogModuleManager: Shutting down and abandoning module CollisionAnalyzer (82)
[2016.12.02-13.35.45:550][490]LogModuleManager: Shutting down and abandoning module Sequencer (81)
[2016.12.02-13.35.45:550][490]LogModuleManager: Shutting down and abandoning module WorkspaceMenuStructure (80)
[2016.12.02-13.35.45:550][490]LogModuleManager: Shutting down and abandoning module MessageLog (79)
[2016.12.02-13.35.45:550][490]LogModuleManager: Shutting down and abandoning module AssetTools (78)
[2016.12.02-13.35.45:550][490]LogModuleManager: Shutting down and abandoning module UMGEditor (77)
[2016.12.02-13.35.45:550][490]LogModuleManager: Shutting down and abandoning module UMG (76)
[2016.12.02-13.35.45:550][490]LogModuleManager: Shutting down and abandoning module SlateReflector (75)
[2016.12.02-13.35.45:550][490]LogModuleManager: Shutting down and abandoning module Slate (74)
[2016.12.02-13.35.45:550][490]LogModuleManager: Shutting down and abandoning module EditorStyle (73)
[2016.12.02-13.35.45:552][490]LogModuleManager: Shutting down and abandoning module SourceCodeAccess (72)
[2016.12.02-13.35.45:552][490]LogModuleManager: Shutting down and abandoning module HeadMountedDisplay (71)
[2016.12.02-13.35.45:552][490]LogModuleManager: Shutting down and abandoning module XAudio2 (70)
[2016.12.02-13.35.45:553][490]LogModuleManager: Shutting down and abandoning module Networking (68)
[2016.12.02-13.35.45:553][490]LogModuleManager: Shutting down and abandoning module Core (67)
[2016.12.02-13.35.45:553][490]LogModuleManager: Shutting down and abandoning module DirectoryWatcher (66)
[2016.12.02-13.35.45:553][490]LogDirectoryWatcher: A directory notification for '../../../Engine/Content/' was aborted.
[2016.12.02-13.35.45:553][490]LogDirectoryWatcher: A directory notification for '../../../../../../Users/Brian/Documents/GitHub/quad-shaped-battle-objects/CardGameProject3/Content/' was aborted.
[2016.12.02-13.35.45:553][490]LogDirectoryWatcher: A directory notification for '../../../Engine/Plugins/2D/Paper2D/Content/' was aborted.
[2016.12.02-13.35.45:553][490]LogModuleManager: Shutting down and abandoning module AssetRegistry (65)
[2016.12.02-13.35.45:587][490]LogModuleManager: Shutting down and abandoning module KismetCompiler (64)
[2016.12.02-13.35.45:587][490]LogModuleManager: Shutting down and abandoning module PhysXFormats (63)
[2016.12.02-13.35.45:587][490]LogModuleManager: Shutting down and abandoning module MeshUtilities (62)
[2016.12.02-13.35.45:587][490]LogModuleManager: Shutting down and abandoning module DerivedDataCache (61)
[2016.12.02-13.35.45:672][490]LogDerivedDataCache: Shutdown
[2016.12.02-13.35.45:672][490]LogModuleManager: Shutting down and abandoning module VulkanShaderFormat (60)
[2016.12.02-13.35.45:672][490]LogModuleManager: Shutting down and abandoning module ShaderFormatOpenGL (59)
[2016.12.02-13.35.45:672][490]LogModuleManager: Shutting down and abandoning module ShaderFormatD3D (58)
[2016.12.02-13.35.45:672][490]LogModuleManager: Shutting down and abandoning module MetalShaderFormat (57)
[2016.12.02-13.35.45:672][490]LogModuleManager: Shutting down and abandoning module TextureFormatUncompressed (56)
[2016.12.02-13.35.45:672][490]LogModuleManager: Shutting down and abandoning module TextureFormatPVR (55)
[2016.12.02-13.35.45:672][490]LogModuleManager: Shutting down and abandoning module TextureFormatDXT (54)
[2016.12.02-13.35.45:672][490]LogModuleManager: Shutting down and abandoning module TextureFormatIntelISPCTexComp (53)
[2016.12.02-13.35.45:674][490]LogModuleManager: Shutting down and abandoning module ImageWrapper (52)
[2016.12.02-13.35.45:674][490]LogModuleManager: Shutting down and abandoning module TextureFormatASTC (51)
[2016.12.02-13.35.45:674][490]LogModuleManager: Shutting down and abandoning module TextureFormatAndroid (50)
[2016.12.02-13.35.45:674][490]LogModuleManager: Shutting down and abandoning module AudioFormatOpus (49)
[2016.12.02-13.35.45:674][490]LogModuleManager: Shutting down and abandoning module AudioFormatOgg (48)
[2016.12.02-13.35.45:674][490]LogModuleManager: Shutting down and abandoning module AudioFormatADPCM (47)
[2016.12.02-13.35.45:674][490]LogModuleManager: Shutting down and abandoning module LinuxTargetPlatform (46)
[2016.12.02-13.35.45:674][490]LogModuleManager: Shutting down and abandoning module LinuxServerTargetPlatform (45)
[2016.12.02-13.35.45:674][490]LogModuleManager: Shutting down and abandoning module LinuxNoEditorTargetPlatform (44)
[2016.12.02-13.35.45:674][490]LogModuleManager: Shutting down and abandoning module LinuxClientTargetPlatform (43)
[2016.12.02-13.35.45:674][490]LogModuleManager: Shutting down and abandoning module TVOSTargetPlatform (42)
[2016.12.02-13.35.45:674][490]LogModuleManager: Shutting down and abandoning module Messaging (41)
[2016.12.02-13.35.45:674][490]LogModuleManager: Shutting down and abandoning module IOSTargetPlatform (40)
[2016.12.02-13.35.45:674][490]LogModuleManager: Shutting down and abandoning module HTML5TargetPlatform (39)
[2016.12.02-13.35.45:674][490]LogModuleManager: Shutting down and abandoning module Android_PVRTCTargetPlatform (38)
[2016.12.02-13.35.45:674][490]LogModuleManager: Shutting down and abandoning module Android_MultiTargetPlatform (37)
[2016.12.02-13.35.45:674][490]LogModuleManager: Shutting down and abandoning module Android_ETC2TargetPlatform (36)
[2016.12.02-13.35.45:674][490]LogModuleManager: Shutting down and abandoning module Android_ETC1TargetPlatform (35)
[2016.12.02-13.35.45:674][490]LogModuleManager: Shutting down and abandoning module Android_DXTTargetPlatform (34)
[2016.12.02-13.35.45:674][490]LogModuleManager: Shutting down and abandoning module Android_ATCTargetPlatform (33)
[2016.12.02-13.35.45:674][490]LogModuleManager: Shutting down and abandoning module Android_ASTCTargetPlatform (32)
[2016.12.02-13.35.45:674][490]LogModuleManager: Shutting down and abandoning module AndroidTargetPlatform (31)
[2016.12.02-13.35.45:674][490]LogModuleManager: Shutting down and abandoning module WindowsTargetPlatform (30)
[2016.12.02-13.35.45:674][490]LogModuleManager: Shutting down and abandoning module WindowsServerTargetPlatform (29)
[2016.12.02-13.35.45:674][490]LogModuleManager: Shutting down and abandoning module WindowsNoEditorTargetPlatform (28)
[2016.12.02-13.35.45:674][490]LogModuleManager: Shutting down and abandoning module WindowsClientTargetPlatform (27)
[2016.12.02-13.35.45:674][490]LogModuleManager: Shutting down and abandoning module AllDesktopTargetPlatform (26)
[2016.12.02-13.35.45:674][490]LogModuleManager: Shutting down and abandoning module TargetPlatform (25)
[2016.12.02-13.35.45:674][490]LogModuleManager: Shutting down and abandoning module InputCore (24)
[2016.12.02-13.35.45:674][490]LogModuleManager: Shutting down and abandoning module Settings (23)
[2016.12.02-13.35.45:674][490]LogModuleManager: Shutting down and abandoning module OculusRift (22)
[2016.12.02-13.35.45:674][490]LogModuleManager: Shutting down and abandoning module GearVR (21)
[2016.12.02-13.35.45:674][490]LogModuleManager: Shutting down and abandoning module ExampleDeviceProfileSelector (20)
[2016.12.02-13.35.45:674][490]LogModuleManager: Shutting down and abandoning module OnlineBlueprintSupport (19)
[2016.12.02-13.35.45:674][490]LogModuleManager: Shutting down and abandoning module OnlineSubsystem (17)
[2016.12.02-13.35.45:674][490]LogOnline:Display: Unloading online subsystem: NULL
[2016.12.02-13.35.45:674][490]LogModuleManager: Shutting down and abandoning module HTTP (16)
[2016.12.02-13.35.45:674][490]LogHttp:Display: Http module shutting down, but needs to wait on 1 outstanding Http requests:
[2016.12.02-13.35.45:674][490]LogHttp:Display: 	verb=[POST] url=[https://datarouter.ol.epicgames.com/datarouter/api/v1/public/data?SessionID=%7B6B62BD98-41D2-CBC0-08C5-AC919BA5C7B2%7D&AppID=UEEditor.Rocket.Release&AppVersion=4.13.2-3172292%2B%2B%2BUE4%2BRelease-4.13&UserID=622d6cc84c757446e01d25b6259f4ae3%7C0088da38c4fe4f999d6f0e52c41d2185%7C0f0e893d-46e4-44f8-bd74-7f933f7c90a3&AppEnvironment=datacollector-binary&UploadType=eteventstream] status=Processing
[2016.12.02-13.35.45:694][490]LogModuleManager: Shutting down and abandoning module XMPP (15)
[2016.12.02-13.35.45:694][490]LogModuleManager: Shutting down and abandoning module TextureCompressor (14)
[2016.12.02-13.35.45:695][490]LogModuleManager: Shutting down and abandoning module ShaderCore (13)
[2016.12.02-13.35.45:695][490]LogModuleManager: Shutting down and abandoning module Landscape (12)
[2016.12.02-13.35.45:695][490]LogModuleManager: Shutting down and abandoning module SlateRHIRenderer (11)
[2016.12.02-13.35.45:698][490]LogModuleManager: Shutting down and abandoning module OpenGLDrv (10)
[2016.12.02-13.35.45:698][490]LogModuleManager: Shutting down and abandoning module D3D11RHI (9)
[2016.12.02-13.35.45:699][490]LogModuleManager: Shutting down and abandoning module AnimGraphRuntime (8)
[2016.12.02-13.35.45:699][490]LogModuleManager: Shutting down and abandoning module Renderer (7)
[2016.12.02-13.35.45:699][490]LogModuleManager: Shutting down and abandoning module Engine (6)
[2016.12.02-13.35.45:699][490]LogModuleManager: Shutting down and abandoning module CoreUObject (5)
[2016.12.02-13.35.45:699][490]LogModuleManager: Shutting down and abandoning module NetworkFile (4)
[2016.12.02-13.35.45:699][490]LogModuleManager: Shutting down and abandoning module StreamingFile (3)
[2016.12.02-13.35.45:699][490]LogModuleManager: Shutting down and abandoning module SandboxFile (2)
[2016.12.02-13.35.45:699][490]LogModuleManager: Shutting down and abandoning module PakFile (1)
[2016.12.02-13.35.45:700][490]LogExit: Exiting.
[2016.12.02-13.35.45:701][490]Log file closed, 12/02/16 08:35:45
