Log file open, 11/01/16 16:47:39
LogInit:Display: Running engine for game: CardGameProject3
LogPlatformFile: Not using cached read wrapper
LogInit:Display: RandInit(-1146469837) SRandInit(-1146469837).
LogTaskGraph: Started task graph with 5 named threads and 6 total threads with 1 sets of task threads.
LogStats: Stats thread started at 0.060356
LogPluginManager: Loaded Plugin Paper2D, From C:/Program Files (x86)/Epic Games/4.13/Engine/Plugins/2D/Paper2D/Paper2D.uplugin
LogPluginManager: Loaded Plugin LightPropagationVolume, From C:/Program Files (x86)/Epic Games/4.13/Engine/Plugins/Blendables/LightPropagationVolume/LightPropagationVolume.uplugin
LogPluginManager: Loaded Plugin BlankPlugin, From C:/Program Files (x86)/Epic Games/4.13/Engine/Plugins/Developer/BlankPlugin/BlankPlugin.uplugin
LogPluginManager: Loaded Plugin CodeLiteSourceCodeAccess, From C:/Program Files (x86)/Epic Games/4.13/Engine/Plugins/Developer/CodeLiteSourceCodeAccess/CodeLiteSourceCodeAccess.uplugin
LogPluginManager: Loaded Plugin GitSourceControl, From C:/Program Files (x86)/Epic Games/4.13/Engine/Plugins/Developer/GitSourceControl/GitSourceControl.uplugin
LogPluginManager: Loaded Plugin KDevelopSourceCodeAccess, From C:/Program Files (x86)/Epic Games/4.13/Engine/Plugins/Developer/KDevelopSourceCodeAccess/KDevelopSourceCodeAccess.uplugin
LogPluginManager: Loaded Plugin NullSourceCodeAccess, From C:/Program Files (x86)/Epic Games/4.13/Engine/Plugins/Developer/NullSourceCodeAccess/NullSourceCodeAccess.uplugin
LogPluginManager: Loaded Plugin OneSkyLocalizationService, From C:/Program Files (x86)/Epic Games/4.13/Engine/Plugins/Developer/OneSkyLocalizationService/OneSkyLocalizationService.uplugin
LogPluginManager: Loaded Plugin PerforceSourceControl, From C:/Program Files (x86)/Epic Games/4.13/Engine/Plugins/Developer/PerforceSourceControl/PerforceSourceControl.uplugin
LogPluginManager: Loaded Plugin SubversionSourceControl, From C:/Program Files (x86)/Epic Games/4.13/Engine/Plugins/Developer/SubversionSourceControl/SubversionSourceControl.uplugin
LogPluginManager: Loaded Plugin UObjectPlugin, From C:/Program Files (x86)/Epic Games/4.13/Engine/Plugins/Developer/UObjectPlugin/UObjectPlugin.uplugin
LogPluginManager: Loaded Plugin VisualStudioSourceCodeAccess, From C:/Program Files (x86)/Epic Games/4.13/Engine/Plugins/Developer/VisualStudioSourceCodeAccess/VisualStudioSourceCodeAccess.uplugin
LogPluginManager: Loaded Plugin XCodeSourceCodeAccess, From C:/Program Files (x86)/Epic Games/4.13/Engine/Plugins/Developer/XCodeSourceCodeAccess/XCodeSourceCodeAccess.uplugin
LogPluginManager: Loaded Plugin EpicSurvey, From C:/Program Files (x86)/Epic Games/4.13/Engine/Plugins/Editor/EpicSurvey/EpicSurvey.uplugin
LogPluginManager: Loaded Plugin MacGraphicsSwitching, From C:/Program Files (x86)/Epic Games/4.13/Engine/Plugins/Editor/MacGraphicsSwitching/MacGraphicsSwitching.uplugin
LogPluginManager: Loaded Plugin MobileLauncherProfileWizard, From C:/Program Files (x86)/Epic Games/4.13/Engine/Plugins/Editor/MobileLauncherProfileWizard/MobileLauncherProfileWizard.uplugin
LogPluginManager: Loaded Plugin PluginBrowser, From C:/Program Files (x86)/Epic Games/4.13/Engine/Plugins/Editor/PluginBrowser/PluginBrowser.uplugin
LogPluginManager: Loaded Plugin SpeedTreeImporter, From C:/Program Files (x86)/Epic Games/4.13/Engine/Plugins/Editor/SpeedTreeImporter/SpeedTreeImporter.uplugin
LogPluginManager: Loaded Plugin SuperSearchEditor, From C:/Program Files (x86)/Epic Games/4.13/Engine/Plugins/Editor/SuperSearchEditor/SuperSearchEditor.uplugin
LogPluginManager: Loaded Plugin AlembicImporter, From C:/Program Files (x86)/Epic Games/4.13/Engine/Plugins/Experimental/AlembicImporter/AlembicImporter.uplugin
LogPluginManager: Loaded Plugin BlueprintStats, From C:/Program Files (x86)/Epic Games/4.13/Engine/Plugins/Experimental/BlueprintStats/BlueprintStats.uplugin
LogPluginManager: Loaded Plugin CharacterAI, From C:/Program Files (x86)/Epic Games/4.13/Engine/Plugins/Experimental/CharacterAI/CharacterAI.uplugin
LogPluginManager: Loaded Plugin CodeEditor, From C:/Program Files (x86)/Epic Games/4.13/Engine/Plugins/Experimental/CodeEditor/CodeEditor.uplugin
LogPluginManager: Loaded Plugin CodeView, From C:/Program Files (x86)/Epic Games/4.13/Engine/Plugins/Experimental/CodeView/CodeView.uplugin
LogPluginManager: Loaded Plugin HTML5Networking, From C:/Program Files (x86)/Epic Games/4.13/Engine/Plugins/Experimental/HTML5Networking/HTML5Networking.uplugin
LogPluginManager: Loaded Plugin LiveEditor, From C:/Program Files (x86)/Epic Games/4.13/Engine/Plugins/Experimental/LiveEditor/LiveEditor.uplugin
LogPluginManager: Loaded Plugin OSVR, From C:/Program Files (x86)/Epic Games/4.13/Engine/Plugins/Experimental/OSVR/OSVR.uplugin
LogPluginManager: Loaded Plugin Phya, From C:/Program Files (x86)/Epic Games/4.13/Engine/Plugins/Experimental/Phya/Phya.uplugin
LogPluginManager: Loaded Plugin SignificanceManager, From C:/Program Files (x86)/Epic Games/4.13/Engine/Plugins/Experimental/SignificanceManager/SignificanceManager.uplugin
LogPluginManager: Loaded Plugin SimpleHMD, From C:/Program Files (x86)/Epic Games/4.13/Engine/Plugins/Experimental/SimpleHMD/SimpleHMD.uplugin
LogPluginManager: Loaded Plugin StereoPanorama, From C:/Program Files (x86)/Epic Games/4.13/Engine/Plugins/Experimental/StereoPanorama/StereoPanorama.uplugin
LogPluginManager: Loaded Plugin StructBox, From C:/Program Files (x86)/Epic Games/4.13/Engine/Plugins/Experimental/StructBox/StructBox.uplugin
LogPluginManager: Loaded Plugin AndroidMedia, From C:/Program Files (x86)/Epic Games/4.13/Engine/Plugins/Media/AndroidMedia/AndroidMedia.uplugin
LogPluginManager: Loaded Plugin AvfMedia, From C:/Program Files (x86)/Epic Games/4.13/Engine/Plugins/Media/AvfMedia/AvfMedia.uplugin
LogPluginManager: Loaded Plugin MediaPlayerEditor, From C:/Program Files (x86)/Epic Games/4.13/Engine/Plugins/Media/MediaPlayerEditor/MediaPlayerEditor.uplugin
LogPluginManager: Loaded Plugin WmfMedia, From C:/Program Files (x86)/Epic Games/4.13/Engine/Plugins/Media/WmfMedia/WmfMedia.uplugin
LogPluginManager: Loaded Plugin MessagingDebugger, From C:/Program Files (x86)/Epic Games/4.13/Engine/Plugins/Messaging/MessagingDebugger/MessagingDebugger.uplugin
LogPluginManager: Loaded Plugin TcpMessaging, From C:/Program Files (x86)/Epic Games/4.13/Engine/Plugins/Messaging/TcpMessaging/TcpMessaging.uplugin
LogPluginManager: Loaded Plugin UdpMessaging, From C:/Program Files (x86)/Epic Games/4.13/Engine/Plugins/Messaging/UdpMessaging/UdpMessaging.uplugin
LogPluginManager: Loaded Plugin LevelSequenceEditor, From C:/Program Files (x86)/Epic Games/4.13/Engine/Plugins/MovieScene/LevelSequenceEditor/LevelSequenceEditor.uplugin
LogPluginManager: Loaded Plugin MatineeToLevelSequence, From C:/Program Files (x86)/Epic Games/4.13/Engine/Plugins/MovieScene/MatineeToLevelSequence/MatineeToLevelSequence.uplugin
LogPluginManager: Loaded Plugin NetcodeUnitTest, From C:/Program Files (x86)/Epic Games/4.13/Engine/Plugins/NetcodeUnitTest/NetcodeUnitTest/NetcodeUnitTest.uplugin
LogPluginManager: Loaded Plugin NUTUnrealEngine4, From C:/Program Files (x86)/Epic Games/4.13/Engine/Plugins/NetcodeUnitTest/NUTUnrealEngine4/NUTUnrealEngine4.uplugin
LogPluginManager: Loaded Plugin OnlineSubsystemGooglePlay, From C:/Program Files (x86)/Epic Games/4.13/Engine/Plugins/Online/Android/OnlineSubsystemGooglePlay/OnlineSubsystemGooglePlay.uplugin
LogPluginManager: Loaded Plugin OnlineSubsystemIOS, From C:/Program Files (x86)/Epic Games/4.13/Engine/Plugins/Online/IOS/OnlineSubsystemIOS/OnlineSubsystemIOS.uplugin
LogPluginManager: Loaded Plugin OnlineFramework, From C:/Program Files (x86)/Epic Games/4.13/Engine/Plugins/Online/OnlineFramework/OnlineFramework.uplugin
LogPluginManager: Loaded Plugin OnlineSubsystem, From C:/Program Files (x86)/Epic Games/4.13/Engine/Plugins/Online/OnlineSubsystem/OnlineSubsystem.uplugin
LogPluginManager: Loaded Plugin OnlineSubsystemAmazon, From C:/Program Files (x86)/Epic Games/4.13/Engine/Plugins/Online/OnlineSubsystemAmazon/OnlineSubsystemAmazon.uplugin
LogPluginManager: Loaded Plugin OnlineSubsystemFacebook, From C:/Program Files (x86)/Epic Games/4.13/Engine/Plugins/Online/OnlineSubsystemFacebook/OnlineSubsystemFacebook.uplugin
LogPluginManager: Loaded Plugin OnlineSubsystemNull, From C:/Program Files (x86)/Epic Games/4.13/Engine/Plugins/Online/OnlineSubsystemNull/OnlineSubsystemNull.uplugin
LogPluginManager: Loaded Plugin OnlineSubsystemOculus, From C:/Program Files (x86)/Epic Games/4.13/Engine/Plugins/Online/OnlineSubsystemOculus/OnlineSubsystemOculus.uplugin
LogPluginManager: Loaded Plugin OnlineSubsystemSteam, From C:/Program Files (x86)/Epic Games/4.13/Engine/Plugins/Online/OnlineSubsystemSteam/OnlineSubsystemSteam.uplugin
LogPluginManager: Loaded Plugin OnlineSubsystemUtils, From C:/Program Files (x86)/Epic Games/4.13/Engine/Plugins/Online/OnlineSubsystemUtils/OnlineSubsystemUtils.uplugin
LogPluginManager: Loaded Plugin IOSTapJoy, From C:/Program Files (x86)/Epic Games/4.13/Engine/Plugins/Runtime/Advertising/IOSTapJoy/IOSTapJoy.uplugin
LogPluginManager: Loaded Plugin AnalyticsBlueprintLibrary, From C:/Program Files (x86)/Epic Games/4.13/Engine/Plugins/Runtime/Analytics/AnalyticsBlueprintLibrary/AnalyticsBlueprintLibrary.uplugin
LogPluginManager: Loaded Plugin AnalyticsMulticast, From C:/Program Files (x86)/Epic Games/4.13/Engine/Plugins/Runtime/Analytics/AnalyticsMulticast/AnalyticsMulticast.uplugin
LogPluginManager: Loaded Plugin Apsalar, From C:/Program Files (x86)/Epic Games/4.13/Engine/Plugins/Runtime/Analytics/Apsalar/Apsalar.uplugin
LogPluginManager: Loaded Plugin FileLogging, From C:/Program Files (x86)/Epic Games/4.13/Engine/Plugins/Runtime/Analytics/FileLogging/FileLogging.uplugin
LogPluginManager: Loaded Plugin Flurry, From C:/Program Files (x86)/Epic Games/4.13/Engine/Plugins/Runtime/Analytics/Flurry/Flurry.uplugin
LogPluginManager: Loaded Plugin AndroidDeviceProfileSelector, From C:/Program Files (x86)/Epic Games/4.13/Engine/Plugins/Runtime/AndroidDeviceProfileSelector/AndroidDeviceProfileSelector.uplugin
LogPluginManager: Loaded Plugin AndroidMoviePlayer, From C:/Program Files (x86)/Epic Games/4.13/Engine/Plugins/Runtime/AndroidMoviePlayer/AndroidMoviePlayer.uplugin
LogPluginManager: Loaded Plugin AppleMoviePlayer, From C:/Program Files (x86)/Epic Games/4.13/Engine/Plugins/Runtime/AppleMoviePlayer/AppleMoviePlayer.uplugin
LogPluginManager: Loaded Plugin ArchVisCharacter, From C:/Program Files (x86)/Epic Games/4.13/Engine/Plugins/Runtime/ArchVisCharacter/ArchVisCharacter.uplugin
LogPluginManager: Loaded Plugin CableComponent, From C:/Program Files (x86)/Epic Games/4.13/Engine/Plugins/Runtime/CableComponent/CableComponent.uplugin
LogPluginManager: Loaded Plugin CustomMeshComponent, From C:/Program Files (x86)/Epic Games/4.13/Engine/Plugins/Runtime/CustomMeshComponent/CustomMeshComponent.uplugin
LogPluginManager: Loaded Plugin ExampleDeviceProfileSelector, From C:/Program Files (x86)/Epic Games/4.13/Engine/Plugins/Runtime/ExampleDeviceProfileSelector/ExampleDeviceProfileSelector.uplugin
LogPluginManager: Loaded Plugin GearVR, From C:/Program Files (x86)/Epic Games/4.13/Engine/Plugins/Runtime/GearVR/GearVR.uplugin
LogPluginManager: Loaded Plugin GoogleVRController, From C:/Program Files (x86)/Epic Games/4.13/Engine/Plugins/Runtime/GoogleVR/GoogleVRController/GoogleVRController.uplugin
LogPluginManager: Loaded Plugin GoogleVRHMD, From C:/Program Files (x86)/Epic Games/4.13/Engine/Plugins/Runtime/GoogleVR/GoogleVRHMD/GoogleVRHMD.uplugin
LogPluginManager: Loaded Plugin IOSDeviceProfileSelector, From C:/Program Files (x86)/Epic Games/4.13/Engine/Plugins/Runtime/IOSDeviceProfileSelector/IOSDeviceProfileSelector.uplugin
LogPluginManager: Loaded Plugin LeapMotion, From C:/Program Files (x86)/Epic Games/4.13/Engine/Plugins/Runtime/LeapMotion/LeapMotion.uplugin
LogPluginManager: Loaded Plugin LinuxDeviceProfileSelector, From C:/Program Files (x86)/Epic Games/4.13/Engine/Plugins/Runtime/LinuxDeviceProfileSelector/LinuxDeviceProfileSelector.uplugin
LogPluginManager: Loaded Plugin LiveEditorListenServer, From C:/Program Files (x86)/Epic Games/4.13/Engine/Plugins/Runtime/LiveEditorListenServer/LiveEditorListenServer.uplugin
LogPluginManager: Loaded Plugin OculusAudio, From C:/Program Files (x86)/Epic Games/4.13/Engine/Plugins/Runtime/OculusAudio/OculusAudio.uplugin
LogPluginManager: Loaded Plugin OculusInput, From C:/Program Files (x86)/Epic Games/4.13/Engine/Plugins/Runtime/OculusInput/OculusInput.uplugin
LogPluginManager: Loaded Plugin OculusLibrary, From C:/Program Files (x86)/Epic Games/4.13/Engine/Plugins/Runtime/OculusLibrary/OculusLibrary.uplugin
LogPluginManager: Loaded Plugin OculusRift, From C:/Program Files (x86)/Epic Games/4.13/Engine/Plugins/Runtime/OculusRift/OculusRift.uplugin
LogPluginManager: Loaded Plugin Oodle, From C:/Program Files (x86)/Epic Games/4.13/Engine/Plugins/Runtime/PacketHandlers/CompressionComponents/Oodle/Oodle.uplugin
LogPluginManager: Loaded Plugin ProceduralMeshComponent, From C:/Program Files (x86)/Epic Games/4.13/Engine/Plugins/Runtime/ProceduralMeshComponent/ProceduralMeshComponent.uplugin
LogPluginManager: Loaded Plugin SoundMod, From C:/Program Files (x86)/Epic Games/4.13/Engine/Plugins/Runtime/SoundMod/SoundMod.uplugin
LogPluginManager: Loaded Plugin SoundVisualizations, From C:/Program Files (x86)/Epic Games/4.13/Engine/Plugins/Runtime/SoundVisualizations/SoundVisualizations.uplugin
LogPluginManager: Loaded Plugin SteamController, From C:/Program Files (x86)/Epic Games/4.13/Engine/Plugins/Runtime/Steam/SteamController/SteamController.uplugin
LogPluginManager: Loaded Plugin SteamVR, From C:/Program Files (x86)/Epic Games/4.13/Engine/Plugins/Runtime/Steam/SteamVR/SteamVR.uplugin
LogPluginManager: Loaded Plugin WebBrowserWidget, From C:/Program Files (x86)/Epic Games/4.13/Engine/Plugins/Runtime/WebBrowserWidget/WebBrowserWidget.uplugin
LogPluginManager: Loaded Plugin WindowsDeviceProfileSelector, From C:/Program Files (x86)/Epic Games/4.13/Engine/Plugins/Runtime/WindowsDeviceProfileSelector/WindowsDeviceProfileSelector.uplugin
LogPluginManager: Loaded Plugin WindowsMoviePlayer, From C:/Program Files (x86)/Epic Games/4.13/Engine/Plugins/Runtime/WindowsMoviePlayer/WindowsMoviePlayer.uplugin
LogPluginManager: Loaded Plugin ScriptPlugin, From C:/Program Files (x86)/Epic Games/4.13/Engine/Plugins/ScriptPlugin/ScriptPlugin.uplugin
LogPluginManager: Loaded Plugin SlateRemote, From C:/Program Files (x86)/Epic Games/4.13/Engine/Plugins/Slate/SlateRemote/SlateRemote.uplugin
LogInit: Using libcurl 7.47.1
LogInit:  - built for x86_64-pc-win32
LogInit:  - supports SSL with WinSSL
LogInit:  - other features:
LogInit:      CURL_VERSION_SSL
LogInit:      CURL_VERSION_IPV6
LogInit:      CURL_VERSION_ASYNCHDNS
LogInit:      CURL_VERSION_LARGEFILE
LogInit:      CURL_VERSION_IDN
LogInit:  CurlRequestOptions (configurable via config and command line):
LogInit:  - bVerifyPeer = false  - Libcurl will NOT verify peer certificate
LogInit:  - bUseHttpProxy = false  - Libcurl will NOT use HTTP proxy
LogInit:  - bDontReuseConnections = false  - Libcurl will reuse connections
LogInit:  - CertBundlePath = nullptr  - Libcurl will use whatever was configured at build time.
LogInit: Build: ++UE4+Release-4.13-CL-3142249
LogInit: Engine Version: 4.13.1-3142249+++UE4+Release-4.13
LogInit: Compatible Engine Version: 4.13.0-3106830+++UE4+Release-4.13
LogInit: Net CL: 3142249
LogDevObjectVersion: Number of dev versions registered: 13
LogDevObjectVersion:   Dev-Blueprints (B0D832E4-1F89-4F0D-ACCF-7EB736FD4AA2): 5
LogDevObjectVersion:   Dev-Build (E1C64328-A22C-4D53-A36C-8E866417BD8C): 0
LogDevObjectVersion:   Dev-Core (375EC13C-06E4-48FB-B500-84F0262A717E): 1
LogDevObjectVersion:   Dev-Editor (E4B068ED-F494-42E9-A231-DA0B2E46BB41): 6
LogDevObjectVersion:   Dev-Framework (CFFC743F-43B0-4480-9391-14DF171D2073): 12
LogDevObjectVersion:   Dev-Mobile (B02B49B5-BB20-44E9-A304-32B752E40360): 0
LogDevObjectVersion:   Dev-Networking (A4E4105C-59A1-49B5-A7C5-40C4547EDFEE): 0
LogDevObjectVersion:   Dev-Online (39C831C9-5AE6-47DC-9A44-9C173E1C8E7C): 0
LogDevObjectVersion:   Dev-Physics (78F01B33-EBEA-4F98-B9B4-84EACCB95AA2): 0
LogDevObjectVersion:   Dev-Platform (6631380F-2D4D-43E0-8009-CF276956A95A): 0
LogDevObjectVersion:   Dev-Rendering (12F88B9F-8875-4AFC-A67C-D90C383ABD29): 4
LogDevObjectVersion:   Dev-Sequencer (7B5AE74C-D270-4C10-A958-57980B212A5A): 0
LogDevObjectVersion:   Dev-VR (D7296918-1DD6-4BDD-9DE2-64A83CC13884): 0
LogInit: Compiled (64-bit): Sep 28 2016 02:12:12
LogInit: Compiled with Visual C++: 19.00.23026.00
LogInit: Build Configuration: Development
LogInit: Branch Name: ++UE4+Release-4.13
LogInit: Command line:  
LogInit: Base directory: C:/Program Files (x86)/Epic Games/4.13/Engine/Binaries/Win64/
LogInit: Installed Engine Build: 1
LogInit: Presizing for max 8388607 objects, including 0 objects not considered by GC, pre-allocating 0 bytes for permanent pool.
LogInit: Object subsystem initialized
[2016.11.01-20.47.39:880][  0]LogInit: Selected Device Profile: [Windows]
[2016.11.01-20.47.39:880][  0]LogInit: Applying CVar settings loaded from the selected device profile: [Windows]
[2016.11.01-20.47.39:890][  0]LogInit: Computer: BSARDINHA
[2016.11.01-20.47.39:890][  0]LogInit: User: Brian
[2016.11.01-20.47.39:890][  0]LogInit: CPU Page size=65536, Cores=2
[2016.11.01-20.47.39:890][  0]LogInit: High frequency timer resolution =2.530855 MHz
[2016.11.01-20.47.39:890][  0]LogMemory: Memory total: Physical=7.9GB (8GB approx)
[2016.11.01-20.47.39:890][  0]LogMemory: Platform Memory Stats for Windows
[2016.11.01-20.47.39:890][  0]LogMemory: Process Physical Memory: 254.67 MB used, 254.67 MB peak
[2016.11.01-20.47.39:890][  0]LogMemory: Process Virtual Memory: 259.74 MB used, 259.74 MB peak
[2016.11.01-20.47.39:890][  0]LogMemory: Physical Memory: 2852.91 MB used, 8075.23 MB total
[2016.11.01-20.47.39:890][  0]LogMemory: Virtual Memory: 599.96 MB used, 134217728.00 MB total
[2016.11.01-20.47.39:927][  0]LogTextLocalizationManager: No specific translations for ('en-US') exist, so ('en') translations will be used.
[2016.11.01-20.47.40:626][  0]LogD3D11RHI: D3D11 adapters:
[2016.11.01-20.47.40:652][  0]LogD3D11RHI:    0. 'NVIDIA NVS 4200M    ' (Feature Level 11_0)
[2016.11.01-20.47.40:652][  0]LogD3D11RHI:       973/0/3071 MB DedicatedVideo/DedicatedSystem/SharedSystem, Outputs:1, VendorId:0x10de
[2016.11.01-20.47.40:671][  0]LogD3D11RHI:    1. 'NVIDIA NVS 4200M    ' (Feature Level 11_0)
[2016.11.01-20.47.40:671][  0]LogD3D11RHI:       973/0/3071 MB DedicatedVideo/DedicatedSystem/SharedSystem, Outputs:0, VendorId:0x10de
[2016.11.01-20.47.40:673][  0]LogD3D11RHI:    2. 'Microsoft Basic Render Driver' (Feature Level 11_0)
[2016.11.01-20.47.40:673][  0]LogD3D11RHI:       973/0/3071 MB DedicatedVideo/DedicatedSystem/SharedSystem, Outputs:0, VendorId:0x1414
[2016.11.01-20.47.40:673][  0]LogD3D11RHI: Chosen D3D11 Adapter: 0
[2016.11.01-20.47.40:678][  0]LogD3D11RHI: Creating new Direct3DDevice
[2016.11.01-20.47.40:678][  0]LogD3D11RHI:     GPU DeviceId: 0x1057 (for the marketing name, search the web for "GPU Device Id")
[2016.11.01-20.47.40:678][  0]LogWindows: EnumDisplayDevices:
[2016.11.01-20.47.40:678][  0]LogWindows:    0. 'Intel(R) HD Graphics 3000' (P:1 D:1)
[2016.11.01-20.47.40:678][  0]LogWindows:    1. 'Intel(R) HD Graphics 3000' (P:0 D:0)
[2016.11.01-20.47.40:678][  0]LogWindows:    2. 'NVIDIA NVS 4200M    ' (P:0 D:0)
[2016.11.01-20.47.40:678][  0]LogWindows:    3. 'NVIDIA NVS 4200M    ' (P:0 D:0)
[2016.11.01-20.47.40:679][  0]LogWindows: DebugString: PrimaryIsNotTheChoosenAdapter PrimaryIsNotTheChoosenAdapter FoundDriverCount:2 
[2016.11.01-20.47.40:679][  0]LogD3D11RHI:     Adapter Name: NVIDIA NVS 4200M    
[2016.11.01-20.47.40:679][  0]LogD3D11RHI:   Driver Version: 354.45 (internal:10.18.13.5445, unified:354.45)
[2016.11.01-20.47.40:679][  0]LogD3D11RHI:      Driver Date: 11-5-2015
[2016.11.01-20.47.40:679][  0]LogRHI: Texture pool is 681 MB (70% of 973 MB)
[2016.11.01-20.47.40:692][  0]LogD3D11RHI: Async texture creation enabled
[2016.11.01-20.47.40:712][  0]LogD3D11RHI: GPU Timing Frequency: 1000.000000 (Debug: 2 2)
[2016.11.01-20.47.40:712][  0]LogShaderCompilers: Guid format shader working directory is -44 characters bigger than the processId version (../../../../../../Users/Brian/Documents/GitHub/quad-shaped-battle-objects/CardGameProject3/Intermediate/Shaders/WorkingDirectory/5268/).
[2016.11.01-20.47.40:712][  0]LogShaderCompilers: Cleaned the shader compiler working directory 'C:/Users/Brian/AppData/Local/Temp/UnrealShaderWorkingDir/85702A3D4BA110D73810139DE39962E9/'.
[2016.11.01-20.47.40:712][  0]LogShaderCompilers:Display: Using Local Shader Compiler.
[2016.11.01-20.47.41:919][  0]LogTemp:Display: Loaded TP AllDesktopTargetPlatform
[2016.11.01-20.47.41:930][  0]LogTemp:Display: Loaded TP WindowsClientTargetPlatform
[2016.11.01-20.47.41:941][  0]LogTemp:Display: Loaded TP WindowsNoEditorTargetPlatform
[2016.11.01-20.47.41:952][  0]LogTemp:Display: Loaded TP WindowsServerTargetPlatform
[2016.11.01-20.47.41:962][  0]LogTemp:Display: Loaded TP WindowsTargetPlatform
[2016.11.01-20.47.41:971][  0]LogTemp:Display: Loaded TP AndroidTargetPlatform
[2016.11.01-20.47.41:980][  0]LogTemp:Display: Loaded TP Android_ASTCTargetPlatform
[2016.11.01-20.47.41:988][  0]LogTemp:Display: Loaded TP Android_ATCTargetPlatform
[2016.11.01-20.47.41:997][  0]LogTemp:Display: Loaded TP Android_DXTTargetPlatform
[2016.11.01-20.47.42:005][  0]LogTemp:Display: Loaded TP Android_ETC1TargetPlatform
[2016.11.01-20.47.42:014][  0]LogTemp:Display: Loaded TP Android_ETC2TargetPlatform
[2016.11.01-20.47.42:031][  0]LogTemp:Display: Loaded TP Android_MultiTargetPlatform
[2016.11.01-20.47.42:031][  0]LogTemp:Display: Loaded TP Android_PVRTCTargetPlatform
[2016.11.01-20.47.42:033][  0]LogTemp:Display: Loaded TP HTML5TargetPlatform
[2016.11.01-20.47.42:057][  0]LogTemp:Display: Loaded TP IOSTargetPlatform
[2016.11.01-20.47.42:066][  0]LogTemp:Display: Loaded TP TVOSTargetPlatform
[2016.11.01-20.47.42:079][  0]LogTemp:Display: Loaded TP LinuxClientTargetPlatform
[2016.11.01-20.47.42:088][  0]LogTemp:Display: Loaded TP LinuxNoEditorTargetPlatform
[2016.11.01-20.47.42:096][  0]LogTemp:Display: Loaded TP LinuxServerTargetPlatform
[2016.11.01-20.47.42:105][  0]LogTemp:Display: Loaded TP LinuxTargetPlatform
[2016.11.01-20.47.42:105][  0]LogTargetPlatformManager:Display: Building Assets For Windows
[2016.11.01-20.47.42:211][  0]LogDerivedDataCache:Display: Max Cache Size: 512 MB
[2016.11.01-20.47.42:291][  0]LogDerivedDataCache: Loaded boot cache 0.08s 63MB C:/Users/Brian/AppData/Local/UnrealEngine/4.13/DerivedDataCache/Boot.ddc.
[2016.11.01-20.47.42:291][  0]LogDerivedDataCache:Display: Loaded Boot cache: C:/Users/Brian/AppData/Local/UnrealEngine/4.13/DerivedDataCache/Boot.ddc
[2016.11.01-20.47.42:291][  0]LogDerivedDataCache: FDerivedDataBackendGraph:  Pak pak cache file ../../../../../../Users/Brian/Documents/GitHub/quad-shaped-battle-objects/CardGameProject3/DerivedDataCache/DDC.ddp not found, will not use a pak cache.
[2016.11.01-20.47.42:291][  0]LogDerivedDataCache: Unable to find inner node Pak for hierarchical cache Hierarchy.
[2016.11.01-20.47.42:291][  0]LogDerivedDataCache: FDerivedDataBackendGraph:  CompressedPak pak cache file ../../../../../../Users/Brian/Documents/GitHub/quad-shaped-battle-objects/CardGameProject3/DerivedDataCache/Compressed.ddp not found, will not use a pak cache.
[2016.11.01-20.47.42:291][  0]LogDerivedDataCache: Unable to find inner node CompressedPak for hierarchical cache Hierarchy.
[2016.11.01-20.47.42:312][  0]LogDerivedDataCache:Display: Pak cache opened for reading ../../../Engine/DerivedDataCache/Compressed.ddp.
[2016.11.01-20.47.42:324][  0]LogDerivedDataCache: Using Local data cache path C:/Users/Brian/AppData/Local/UnrealEngine/Common/DerivedDataCache: Writable
[2016.11.01-20.47.42:571][  0]LogInit: Selected Device Profile: [Windows]
[2016.11.01-20.47.42:575][  0]LogContentStreaming: Texture pool size is 0.00 MB
[2016.11.01-20.47.42:693][  0]LogMeshUtilities: No automatic mesh reduction module available
[2016.11.01-20.47.42:693][  0]LogMeshUtilities: No automatic mesh merging module available
[2016.11.01-20.47.42:693][  0]LogMeshUtilities: No distributed automatic mesh merging module available
[2016.11.01-20.47.42:786][  0]LogMaterial: Uniform references updated for custom material expression Custom.
[2016.11.01-20.47.43:140][  0]LogNetVersion: GetLocalNetworkVersion: CL: 3106830, ProjectName: cardgameproject3, ProjectVersion: , EngineNetworkVersion: 1, GameNetworkVersion: 0, NetworkChecksum: 1817618479
[2016.11.01-20.47.43:182][  0]LogAssetRegistry: FAssetRegistry took 0.0222 seconds to start up
[2016.11.01-20.47.43:222][  0]LogPackageLocalizationCache: Processed 3 localized package path(s) for 2 prioritized culture(s) in 0.036265 seconds
[2016.11.01-20.47.43:230][  0]LogUObjectArray: 29780 objects as part of root set at end of initial load.
[2016.11.01-20.47.43:231][  0]LogUObjectAllocator: 6125960 out of 0 bytes used by permanent object pool.
[2016.11.01-20.47.43:231][  0]LogUObjectArray: CloseDisregardForGC: 0/0 objects in disregard for GC pool
[2016.11.01-20.47.43:240][  0]LogInit: WinSock: version 1.1 (2.2), MaxSocks=32767, MaxUdp=65467
[2016.11.01-20.47.43:517][  0]LogSlate: SlateFontCache - WITH_FREETYPE: 1, WITH_HARFBUZZ: 1
[2016.11.01-20.47.43:517][  0]LogSlate: SlateFontCache - WITH_FREETYPE: 1, WITH_HARFBUZZ: 1
[2016.11.01-20.47.44:263][  0]LogTcpMessaging: Initializing TcpMessaging bridge
[2016.11.01-20.47.44:286][  0]LogUdpMessaging: Initializing bridge on interface 0.0.0.0:0 to multicast group 230.0.0.1:6666.
[2016.11.01-20.47.44:576][  0]SourceControl: Info Source control is disabled
[2016.11.01-20.47.44:578][  0]SourceControl: Info Source control is disabled
[2016.11.01-20.47.44:592][  0]SourceControl: Info Source control is disabled
[2016.11.01-20.47.44:604][  0]SourceControl: Info Source control is disabled
[2016.11.01-20.47.44:700][  0]LogLinker:Warning: Can't find file '/Game/2DSideScrollerBP/2DSideScrollerOverview'
[2016.11.01-20.47.44:700][  0]LogLinker:Warning: Can't find file '/Game/2DSideScrollerBP/2DSideScrollerOverview'
[2016.11.01-20.47.44:700][  0]LogUObjectGlobals:Warning: Failed to find object 'Class /Game/2DSideScrollerBP/2DSideScrollerOverview.2DSideScrollerOverview_C'
[2016.11.01-20.47.44:966][  0]LogEngine: Initializing Engine...
[2016.11.01-20.47.44:967][  0]LogHMD: Failed to initialize OpenVR with code 110
[2016.11.01-20.47.45:125][  0]LogAIModule: Creating AISystem for world Untitled
[2016.11.01-20.47.45:134][  0]LogInit: XAudio2 using 'Headphones (High Definition Audio Device)' : 2 channels at 44.1 kHz using 16 bits per sample (channel mask 0x3)
[2016.11.01-20.47.45:145][  0]LogInit: FAudioDevice initialized.
[2016.11.01-20.47.45:179][  0]LogDerivedDataCache: Saved boot cache 0.03s 63MB C:/Users/Brian/AppData/Local/UnrealEngine/4.13/DerivedDataCache/Boot.ddc.
[2016.11.01-20.47.45:190][  0]LogInit: Texture streaming: Enabled
[2016.11.01-20.47.45:223][  0]LogInit: Transaction tracking system initialized
[2016.11.01-20.47.45:256][  0]BlueprintLog: New page: Editor Load
[2016.11.01-20.47.45:359][  0]LocalizationService: Info Localization service is disabled
[2016.11.01-20.47.45:454][  0]LogConsoleResponse:Display: 
[2016.11.01-20.47.45:596][  0]LogCook:Display: Max memory allowance for cook 16384mb min free memory 0mb
[2016.11.01-20.47.45:596][  0]LogCook:Display: Mobile HDR setting 1
[2016.11.01-20.47.45:787][  0]LogFileCache: Scanning file cache for directory 'C:/Users/Brian/Documents/GitHub/quad-shaped-battle-objects/CardGameProject3/Content/' took 0.01s
[2016.11.01-20.47.45:787][  0]SourceControl: Info Source control is disabled
[2016.11.01-20.47.45:787][  0]Cmd: MAP LOAD FILE="../../../Engine/Content/Maps/Templates/Template_Default.umap" TEMPLATE=1 SHOWPROGRESS=1 FEATURELEVEL=3
[2016.11.01-20.47.45:787][  0]LightingResults: New page: Lighting Build
[2016.11.01-20.47.45:790][  0]MapCheck: New page: Map Check
[2016.11.01-20.47.45:790][  0]LightingResults: New page: Lighting Build
[2016.11.01-20.47.46:127][  0]LogAIModule: Creating AISystem for world Untitled_1
[2016.11.01-20.47.46:133][  0]LogEditorServer: Finished looking for orphan Actors (0.000 secs)
[2016.11.01-20.47.46:139][  0]Cmd: MAP CHECKDEP NOCLEARLOG
[2016.11.01-20.47.46:187][  0]MapCheck: Info Map check complete: 0 Error(s), 0 Warning(s), took 47.836ms to complete.
[2016.11.01-20.47.46:187][  0]LogFileHelpers: Loading map 'Template_Default' took 0.401
[2016.11.01-20.47.46:311][  0]LogCollectionManager: Loaded 0 collections in 0.002318 seconds
[2016.11.01-20.47.46:353][  0]LogFileCache: Scanning file cache for directory 'C:/Users/Brian/Documents/GitHub/quad-shaped-battle-objects/CardGameProject3/Saved/Collections/' took 0.01s
[2016.11.01-20.47.46:353][  0]LogFileCache: Scanning file cache for directory 'C:/Users/Brian/Documents/GitHub/quad-shaped-battle-objects/CardGameProject3/Content/Developers/Brian/Collections/' took 0.01s
[2016.11.01-20.47.46:353][  0]LogFileCache: Scanning file cache for directory 'C:/Users/Brian/Documents/GitHub/quad-shaped-battle-objects/CardGameProject3/Content/Collections/' took 0.01s
[2016.11.01-20.47.46:353][  0]LogCollectionManager: Rebuilt the GUID cache for 0 collections in 0.000003 seconds
[2016.11.01-20.47.46:363][  0]LogContentBrowser: Native class hierarchy populated in 0.0098 seconds. Added 2141 classes and 415 folders.
[2016.11.01-20.47.46:367][  0]LogStats: UGameplayTagsManager::ConstructGameplayTagTree: Construct from data asset -  0.000 s
[2016.11.01-20.47.46:367][  0]LogStats: UGameplayTagsManager::ConstructGameplayTagTree: GameplayTagTreeChangedEvent.Broadcast -  0.000 s
[2016.11.01-20.47.46:368][  0]LogContentBrowser: Native class hierarchy updated for 'GameplayTags' in 0.0005 seconds. Added 12 classes and 0 folders.
[2016.11.01-20.47.46:373][  0]LogContentBrowser: Native class hierarchy updated for 'WidgetCarousel' in 0.0005 seconds. Added 0 classes and 0 folders.
[2016.11.01-20.47.46:414][  0]LogContentBrowser: Native class hierarchy updated for 'AddContentDialog' in 0.0005 seconds. Added 0 classes and 0 folders.
[2016.11.01-20.47.46:420][  0]LogContentBrowser: Native class hierarchy updated for 'SceneOutliner' in 0.0006 seconds. Added 1 classes and 2 folders.
[2016.11.01-20.47.46:473][  0]LogCrashTracker: Crashtracker disabled due to settings.
[2016.11.01-20.47.46:480][  0]LogUObjectGlobals:Warning: Failed to find object 'Class None.'
[2016.11.01-20.47.46:509][  0]LogContentBrowser: Native class hierarchy updated for 'HierarchicalLODOutliner' in 0.0006 seconds. Added 1 classes and 2 folders.
[2016.11.01-20.47.46:510][  0]LogLoad: (Engine Initialization) Total time: 7.57 seconds
[2016.11.01-20.47.46:510][  0]LogLoad: (Engine Initialization) Total Blueprint compile time: 0.07 seconds
[2016.11.01-20.47.46:510][  0]LogExternalProfiler: Found external profiler: VSPerf
[2016.11.01-20.47.46:510][  0]LogExternalProfiler: Using external profiler: VSPerf
[2016.11.01-20.47.46:849][  0]LogOcInput: OculusInput pre-init called
[2016.11.01-20.47.46:868][  0]LogContentStreaming: Texture pool size now 800 MB
[2016.11.01-20.47.47:038][  0]LogRenderer: Reallocating scene render targets to support 1004x504 (Frame:2).
[2016.11.01-20.47.47:196][  1]LogAssetRegistry: Asset discovery search completed in 4.0364 seconds
[2016.11.01-20.47.47:196][  1]LogCollectionManager: Rebuilt the object cache for 0 collections in 0.000001 seconds (found 0 objects)
[2016.11.01-20.47.47:196][  1]LogCollectionManager: Fixed up redirectors for 0 collections in 0.000039 seconds (updated 0 objects)
[2016.11.01-20.48.00:268][118]LogAIModule: Creating AISystem for world BasicLevel
[2016.11.01-20.48.00:308][118]Cmd: MAP LOAD FILE="../../../../../../Users/Brian/Documents/GitHub/quad-shaped-battle-objects/CardGameProject3/Content/Levels/BasicLevel.umap" TEMPLATE=0 SHOWPROGRESS=1 FEATURELEVEL=3
[2016.11.01-20.48.00:308][118]LightingResults: New page: Lighting Build
[2016.11.01-20.48.00:309][118]LoadErrors: New page: Loading map: BasicLevel.umap
[2016.11.01-20.48.00:309][118]MapCheck: New page: Map Check
[2016.11.01-20.48.00:309][118]LightingResults: New page: Lighting Build
[2016.11.01-20.48.00:377][118]LogEditorServer: Finished looking for orphan Actors (0.000 secs)
[2016.11.01-20.48.00:397][118]Cmd: MAP CHECKDEP NOCLEARLOG
[2016.11.01-20.48.00:452][118]MapCheck: Info Map check complete: 0 Error(s), 0 Warning(s), took 55.168ms to complete.
[2016.11.01-20.48.00:452][118]LogFileHelpers: Loading map 'BasicLevel' took 0.145
[2016.11.01-20.48.07:949][531]LogEditorViewport: Clicking on Actor (LMB): StaticMeshActor (Cube)
[2016.11.01-20.48.09:688][560]LogEditorViewport: Clicking on Actor (LMB): StaticMeshActor (Floor)
[2016.11.01-20.48.27:239][  5]LogEditorViewport: Clicking on Actor (LMB): StaticMeshActor (Cube)
[2016.11.01-20.48.45:934][ 23]LogContentStreaming: Texture pool size now 400 MB
[2016.11.01-20.48.45:967][ 25]LogRenderer: Reallocating scene render targets to support 1004x504 (Frame:470).
[2016.11.01-20.48.47:287][ 99]LogEditorViewport: Clicking on Actor (LMB): StaticMeshActor (Cube)
[2016.11.01-20.48.54:487][293]LogPlayLevel: PlayLevel: No blueprints needed recompiling
[2016.11.01-20.48.54:489][293]PIE: New page: PIE session: BasicLevel (Nov 1, 2016, 11:48:54 AM)
[2016.11.01-20.48.54:490][293]LogPlayLevel: Creating play world package: /Game/Levels/UEDPIE_0_BasicLevel
[2016.11.01-20.48.54:493][293]LogPlayLevel: PIE: StaticDuplicateObject took: (0.003249s)
[2016.11.01-20.48.54:494][293]LogAIModule: Creating AISystem for world BasicLevel
[2016.11.01-20.48.54:495][293]LogPlayLevel: PIE: World Init took: (0.001539s)
[2016.11.01-20.48.54:495][293]LogPlayLevel: PIE: Created PIE world by copying editor world from /Game/Levels/BasicLevel.BasicLevel to /Game/Levels/UEDPIE_0_BasicLevel.BasicLevel (0.005501s)
[2016.11.01-20.48.54:524][293]LogInit: XAudio2 using 'Headphones (High Definition Audio Device)' : 2 channels at 44.1 kHz using 16 bits per sample (channel mask 0x3)
[2016.11.01-20.48.54:532][293]LogInit: FAudioDevice initialized.
[2016.11.01-20.48.54:591][293]LogWorld: Game class is 'BattleCardGameMode_C'
[2016.11.01-20.48.54:595][293]LogWorld: Bringing World /Game/Levels/UEDPIE_0_BasicLevel.BasicLevel up for play (max tick rate 60) at 2016.11.01-16.48.54
[2016.11.01-20.48.54:597][293]LogWorld: Bringing up level for play took: 0.004015
[2016.11.01-20.48.54:623][293]LogContentBrowser: Native class hierarchy updated for 'MovieSceneCapture' in 0.0006 seconds. Added 11 classes and 0 folders.
[2016.11.01-20.48.54:623][293]LogGameMode:Display: Match State Changed from EnteringMap to WaitingToStart
[2016.11.01-20.48.54:625][293]LogGameState: Match State Changed from EnteringMap to WaitingToStart
[2016.11.01-20.48.54:625][293]LogGameMode:Display: Match State Changed from WaitingToStart to InProgress
[2016.11.01-20.48.54:630][293]LogGameState: Match State Changed from WaitingToStart to InProgress
[2016.11.01-20.48.54:630][293]PIE: Info Play in editor start time for /Game/Levels/UEDPIE_0_BasicLevel 0.664
[2016.11.01-20.49.06:111][819]LogEditorViewport: Clicking on Actor (LMB): PlayerStart (Player Start)
[2016.11.01-20.49.11:670][ 11]LogEditorViewport: Clicking on Actor (context menu): StaticMeshActor (Floor)
[2016.11.01-20.49.12:403][ 29]LogEditorViewport: Clicking on Actor (LMB): StaticMeshActor (Floor)
[2016.11.01-20.49.16:792][157]LogEditorViewport: Clicking on Actor (LMB): PlayerStart (Player Start)
[2016.11.01-20.49.20:114][261]LogNavigationPoint: PostEditMove Clear paths rebuilt
[2016.11.01-20.49.34:244][708]LogNavigationPoint: PostEditMove Clear paths rebuilt
[2016.11.01-20.49.42:885][975]LogNavigationPoint: PostEditMove Clear paths rebuilt
[2016.11.01-20.49.45:898][ 68]LogNavigationPoint: PostEditMove Clear paths rebuilt
[2016.11.01-20.49.46:796][ 94]LogPlayLevel: PlayLevel: No blueprints needed recompiling
[2016.11.01-20.49.46:796][ 94]PIE: New page: PIE session: BasicLevel (Nov 1, 2016, 11:49:46 AM)
[2016.11.01-20.49.46:797][ 94]LogPlayLevel: Creating play world package: /Game/Levels/UEDPIE_0_BasicLevel
[2016.11.01-20.49.46:799][ 94]LogPlayLevel: PIE: StaticDuplicateObject took: (0.002205s)
[2016.11.01-20.49.46:800][ 94]LogAIModule: Creating AISystem for world BasicLevel
[2016.11.01-20.49.46:800][ 94]LogPlayLevel: PIE: World Init took: (0.001159s)
[2016.11.01-20.49.46:800][ 94]LogPlayLevel: PIE: Created PIE world by copying editor world from /Game/Levels/BasicLevel.BasicLevel to /Game/Levels/UEDPIE_0_BasicLevel.BasicLevel (0.003655s)
[2016.11.01-20.49.46:830][ 94]LogInit: XAudio2 using 'Headphones (High Definition Audio Device)' : 2 channels at 44.1 kHz using 16 bits per sample (channel mask 0x3)
[2016.11.01-20.49.46:838][ 94]LogInit: FAudioDevice initialized.
[2016.11.01-20.49.46:868][ 94]LogWorld: Game class is 'BattleCardGameMode_C'
[2016.11.01-20.49.46:871][ 94]LogWorld: Bringing World /Game/Levels/UEDPIE_0_BasicLevel.BasicLevel up for play (max tick rate 60) at 2016.11.01-16.49.46
[2016.11.01-20.49.46:871][ 94]LogWorld: Bringing up level for play took: 0.002334
[2016.11.01-20.49.46:872][ 94]LogGameMode:Display: Match State Changed from EnteringMap to WaitingToStart
[2016.11.01-20.49.46:872][ 94]LogGameState: Match State Changed from EnteringMap to WaitingToStart
[2016.11.01-20.49.46:872][ 94]LogGameMode:Display: Match State Changed from WaitingToStart to InProgress
[2016.11.01-20.49.46:873][ 94]LogGameState: Match State Changed from WaitingToStart to InProgress
[2016.11.01-20.49.46:873][ 94]PIE: Info Play in editor start time for /Game/Levels/UEDPIE_0_BasicLevel 0.906
[2016.11.01-20.49.54:010][432]LogEditorViewport: Clicking on Actor (LMB): Card_C (Card8)
[2016.11.01-20.49.54:942][460]LogEditorViewport: Clicking on Actor (LMB): StaticMeshActor (Cube)
[2016.11.01-20.49.55:300][469]LogEditorViewport: Clicking on Actor (context menu): StaticMeshActor (Cube)
[2016.11.01-20.49.57:475][528]LogEditorViewport: Clicking on Actor (LMB): StaticMeshActor (Floor)
[2016.11.01-20.50.00:710][619]LogEditorViewport: Clicking on Actor (LMB): PlayerStart (Player Start)
[2016.11.01-20.50.09:178][885]LogNavigationPoint: PostEditMove Clear paths rebuilt
[2016.11.01-20.50.11:515][959]LogNavigationPoint: PostEditMove Clear paths rebuilt
[2016.11.01-20.50.24:214][320]LogContentStreaming: Texture pool size now 800 MB
[2016.11.01-20.50.24:246][322]LogRenderer: Reallocating scene render targets to support 1004x504 (Frame:3807).
[2016.11.01-20.50.25:634][347]LogEditorViewport: Clicking on Actor (LMB): StaticMeshActor (Floor)
[2016.11.01-20.50.26:852][368]LogPlayLevel: PlayLevel: No blueprints needed recompiling
[2016.11.01-20.50.26:852][368]PIE: New page: PIE session: BasicLevel (Nov 1, 2016, 11:50:26 AM)
[2016.11.01-20.50.26:852][368]LogPlayLevel: Creating play world package: /Game/Levels/UEDPIE_0_BasicLevel
[2016.11.01-20.50.26:854][368]LogPlayLevel: PIE: StaticDuplicateObject took: (0.002159s)
[2016.11.01-20.50.26:855][368]LogAIModule: Creating AISystem for world BasicLevel
[2016.11.01-20.50.26:855][368]LogPlayLevel: PIE: World Init took: (0.001245s)
[2016.11.01-20.50.26:856][368]LogPlayLevel: PIE: Created PIE world by copying editor world from /Game/Levels/BasicLevel.BasicLevel to /Game/Levels/UEDPIE_0_BasicLevel.BasicLevel (0.003699s)
[2016.11.01-20.50.26:886][368]LogInit: XAudio2 using 'Headphones (High Definition Audio Device)' : 2 channels at 44.1 kHz using 16 bits per sample (channel mask 0x3)
[2016.11.01-20.50.26:896][368]LogInit: FAudioDevice initialized.
[2016.11.01-20.50.26:928][368]LogWorld: Game class is 'BattleCardGameMode_C'
[2016.11.01-20.50.26:931][368]LogWorld: Bringing World /Game/Levels/UEDPIE_0_BasicLevel.BasicLevel up for play (max tick rate 60) at 2016.11.01-16.50.26
[2016.11.01-20.50.26:931][368]LogWorld: Bringing up level for play took: 0.002251
[2016.11.01-20.50.26:932][368]LogGameMode:Display: Match State Changed from EnteringMap to WaitingToStart
[2016.11.01-20.50.26:932][368]LogGameState: Match State Changed from EnteringMap to WaitingToStart
[2016.11.01-20.50.26:932][368]LogGameMode:Display: Match State Changed from WaitingToStart to InProgress
[2016.11.01-20.50.26:933][368]LogGameState: Match State Changed from WaitingToStart to InProgress
[2016.11.01-20.50.26:933][368]PIE: Info Play in editor start time for /Game/Levels/UEDPIE_0_BasicLevel 0.966
[2016.11.01-20.50.45:741][843]LogEditorViewport: Clicking on Actor (LMB): StaticMeshActor (Cube)
[2016.11.01-20.50.47:255][870]LogEditorViewport: Clicking on Actor (LMB): PlayerStart (Player Start)
[2016.11.01-20.50.51:257][950]LogNavigationPoint: PostEditMove Clear paths rebuilt
[2016.11.01-20.50.53:197][988]LogNavigationPoint: PostEditMove Clear paths rebuilt
[2016.11.01-20.50.54:558][ 14]LogPlayLevel: PlayLevel: No blueprints needed recompiling
[2016.11.01-20.50.54:558][ 14]PIE: New page: PIE session: BasicLevel (Nov 1, 2016, 11:50:54 AM)
[2016.11.01-20.50.54:558][ 14]LogPlayLevel: Creating play world package: /Game/Levels/UEDPIE_0_BasicLevel
[2016.11.01-20.50.54:560][ 14]LogPlayLevel: PIE: StaticDuplicateObject took: (0.002146s)
[2016.11.01-20.50.54:561][ 14]LogAIModule: Creating AISystem for world BasicLevel
[2016.11.01-20.50.54:562][ 14]LogPlayLevel: PIE: World Init took: (0.001129s)
[2016.11.01-20.50.54:562][ 14]LogPlayLevel: PIE: Created PIE world by copying editor world from /Game/Levels/BasicLevel.BasicLevel to /Game/Levels/UEDPIE_0_BasicLevel.BasicLevel (0.003514s)
[2016.11.01-20.50.54:589][ 14]LogInit: XAudio2 using 'Headphones (High Definition Audio Device)' : 2 channels at 44.1 kHz using 16 bits per sample (channel mask 0x3)
[2016.11.01-20.50.54:598][ 14]LogInit: FAudioDevice initialized.
[2016.11.01-20.50.54:631][ 14]LogWorld: Game class is 'BattleCardGameMode_C'
[2016.11.01-20.50.54:634][ 14]LogWorld: Bringing World /Game/Levels/UEDPIE_0_BasicLevel.BasicLevel up for play (max tick rate 60) at 2016.11.01-16.50.54
[2016.11.01-20.50.54:634][ 14]LogWorld: Bringing up level for play took: 0.002213
[2016.11.01-20.50.54:635][ 14]LogGameMode:Display: Match State Changed from EnteringMap to WaitingToStart
[2016.11.01-20.50.54:635][ 14]LogGameState: Match State Changed from EnteringMap to WaitingToStart
[2016.11.01-20.50.54:635][ 14]LogGameMode:Display: Match State Changed from WaitingToStart to InProgress
[2016.11.01-20.50.54:636][ 14]LogGameState: Match State Changed from WaitingToStart to InProgress
[2016.11.01-20.50.54:636][ 14]PIE: Info Play in editor start time for /Game/Levels/UEDPIE_0_BasicLevel 0.669
[2016.11.01-20.51.09:879][372]LogContentBrowser: Native class hierarchy updated for 'BlueprintGraph' in 0.0009 seconds. Added 112 classes and 0 folders.
[2016.11.01-20.51.37:983][ 39]LogRenderer: Reallocating scene render targets to support 1004x504 (Frame:5325).
[2016.11.01-20.51.38:172][ 42]LogContentStreaming: Texture pool size now 1000 MB
[2016.11.01-20.51.40:280][ 77]LogEditorViewport: Clicking on Actor (LMB): StaticMeshActor (Cube)
[2016.11.01-20.51.42:136][105]LogPlayLevel: PlayLevel: No blueprints needed recompiling
[2016.11.01-20.51.42:136][105]PIE: New page: PIE session: BasicLevel (Nov 1, 2016, 11:51:42 AM)
[2016.11.01-20.51.42:136][105]LogPlayLevel: Creating play world package: /Game/Levels/UEDPIE_0_BasicLevel
[2016.11.01-20.51.42:138][105]LogPlayLevel: PIE: StaticDuplicateObject took: (0.001951s)
[2016.11.01-20.51.42:139][105]LogAIModule: Creating AISystem for world BasicLevel
[2016.11.01-20.51.42:139][105]LogPlayLevel: PIE: World Init took: (0.000916s)
[2016.11.01-20.51.42:140][105]LogPlayLevel: PIE: Created PIE world by copying editor world from /Game/Levels/BasicLevel.BasicLevel to /Game/Levels/UEDPIE_0_BasicLevel.BasicLevel (0.003144s)
[2016.11.01-20.51.42:196][105]LogInit: XAudio2 using 'Headphones (High Definition Audio Device)' : 2 channels at 44.1 kHz using 16 bits per sample (channel mask 0x3)
[2016.11.01-20.51.42:204][105]LogInit: FAudioDevice initialized.
[2016.11.01-20.51.42:235][105]LogWorld: Game class is 'BattleCardGameMode_C'
[2016.11.01-20.51.42:237][105]LogWorld: Bringing World /Game/Levels/UEDPIE_0_BasicLevel.BasicLevel up for play (max tick rate 60) at 2016.11.01-16.51.42
[2016.11.01-20.51.42:237][105]LogWorld: Bringing up level for play took: 0.002266
[2016.11.01-20.51.42:238][105]LogGameMode:Display: Match State Changed from EnteringMap to WaitingToStart
[2016.11.01-20.51.42:239][105]LogGameState: Match State Changed from EnteringMap to WaitingToStart
[2016.11.01-20.51.42:239][105]LogGameMode:Display: Match State Changed from WaitingToStart to InProgress
[2016.11.01-20.51.42:239][105]LogGameState: Match State Changed from WaitingToStart to InProgress
[2016.11.01-20.51.42:239][105]PIE: Info Play in editor start time for /Game/Levels/UEDPIE_0_BasicLevel 0.272
[2016.11.01-20.51.52:746][318]LogEditorViewport: Clicking on Actor (LMB): Card_C (Card8)
[2016.11.01-20.51.57:187][394]Cmd: TRANSACTION UNDO
[2016.11.01-20.51.57:187][394]LogEditorTransaction: Undo Move Actors
[2016.11.01-20.51.57:941][404]LogEditorViewport: Clicking on Actor (LMB): PlayerStart (Player Start)
[2016.11.01-20.52.10:562][623]LogEditorViewport: Clicking on Actor (LMB): StaticMeshActor (Floor)
[2016.11.01-20.52.11:005][628]Cmd: TRANSACTION UNDO
[2016.11.01-20.52.11:006][628]LogEditorTransaction: Undo Clicking on Actors
[2016.11.01-20.52.12:627][654]Cmd: TRANSACTION UNDO
[2016.11.01-20.52.12:627][654]LogEditorTransaction: Undo Set actor location
[2016.11.01-20.52.43:464][198]LogPlayLevel: PlayLevel: No blueprints needed recompiling
[2016.11.01-20.52.43:464][198]PIE: New page: PIE session: BasicLevel (Nov 1, 2016, 11:52:43 AM)
[2016.11.01-20.52.43:465][198]LogPlayLevel: Creating play world package: /Game/Levels/UEDPIE_0_BasicLevel
[2016.11.01-20.52.43:467][198]LogPlayLevel: PIE: StaticDuplicateObject took: (0.002502s)
[2016.11.01-20.52.43:468][198]LogAIModule: Creating AISystem for world BasicLevel
[2016.11.01-20.52.43:468][198]LogPlayLevel: PIE: World Init took: (0.001057s)
[2016.11.01-20.52.43:468][198]LogPlayLevel: PIE: Created PIE world by copying editor world from /Game/Levels/BasicLevel.BasicLevel to /Game/Levels/UEDPIE_0_BasicLevel.BasicLevel (0.003807s)
[2016.11.01-20.52.43:510][198]LogInit: XAudio2 using 'Headphones (High Definition Audio Device)' : 2 channels at 44.1 kHz using 16 bits per sample (channel mask 0x3)
[2016.11.01-20.52.43:518][198]LogInit: FAudioDevice initialized.
[2016.11.01-20.52.43:547][198]LogWorld: Game class is 'BattleCardGameMode_C'
[2016.11.01-20.52.43:550][198]LogWorld: Bringing World /Game/Levels/UEDPIE_0_BasicLevel.BasicLevel up for play (max tick rate 60) at 2016.11.01-16.52.43
[2016.11.01-20.52.43:550][198]LogWorld: Bringing up level for play took: 0.002743
[2016.11.01-20.52.43:552][198]LogGameMode:Display: Match State Changed from EnteringMap to WaitingToStart
[2016.11.01-20.52.43:552][198]LogGameState: Match State Changed from EnteringMap to WaitingToStart
[2016.11.01-20.52.43:552][198]LogGameMode:Display: Match State Changed from WaitingToStart to InProgress
[2016.11.01-20.52.43:553][198]LogGameState: Match State Changed from WaitingToStart to InProgress
[2016.11.01-20.52.43:553][198]PIE: Info Play in editor start time for /Game/Levels/UEDPIE_0_BasicLevel -0.414
[2016.11.01-20.53.13:324][768]LogPlayLevel: PlayLevel: No blueprints needed recompiling
[2016.11.01-20.53.13:325][768]PIE: New page: PIE session: BasicLevel (Nov 1, 2016, 11:53:13 AM)
[2016.11.01-20.53.13:325][768]LogPlayLevel: Creating play world package: /Game/Levels/UEDPIE_0_BasicLevel
[2016.11.01-20.53.13:328][768]LogPlayLevel: PIE: StaticDuplicateObject took: (0.003526s)
[2016.11.01-20.53.13:330][768]LogAIModule: Creating AISystem for world BasicLevel
[2016.11.01-20.53.13:330][768]LogPlayLevel: PIE: World Init took: (0.001725s)
[2016.11.01-20.53.13:331][768]LogPlayLevel: PIE: Created PIE world by copying editor world from /Game/Levels/BasicLevel.BasicLevel to /Game/Levels/UEDPIE_0_BasicLevel.BasicLevel (0.005710s)
[2016.11.01-20.53.13:379][768]LogInit: XAudio2 using 'Headphones (High Definition Audio Device)' : 2 channels at 44.1 kHz using 16 bits per sample (channel mask 0x3)
[2016.11.01-20.53.13:385][768]LogInit: FAudioDevice initialized.
[2016.11.01-20.53.13:424][768]LogWorld: Game class is 'BattleCardGameMode_C'
[2016.11.01-20.53.13:432][768]LogWorld: Bringing World /Game/Levels/UEDPIE_0_BasicLevel.BasicLevel up for play (max tick rate 60) at 2016.11.01-16.53.13
[2016.11.01-20.53.13:433][768]LogWorld: Bringing up level for play took: 0.007544
[2016.11.01-20.53.13:436][768]LogGameMode:Display: Match State Changed from EnteringMap to WaitingToStart
[2016.11.01-20.53.13:436][768]LogGameState: Match State Changed from EnteringMap to WaitingToStart
[2016.11.01-20.53.13:436][768]LogGameMode:Display: Match State Changed from WaitingToStart to InProgress
[2016.11.01-20.53.13:438][768]LogGameState: Match State Changed from WaitingToStart to InProgress
[2016.11.01-20.53.13:439][768]PIE: Info Play in editor start time for /Game/Levels/UEDPIE_0_BasicLevel -0.528
[2016.11.01-20.53.27:663][ 44]LogPlayLevel: PlayLevel: No blueprints needed recompiling
[2016.11.01-20.53.27:663][ 44]PIE: New page: PIE session: BasicLevel (Nov 1, 2016, 11:53:27 AM)
[2016.11.01-20.53.27:663][ 44]LogPlayLevel: Creating play world package: /Game/Levels/UEDPIE_0_BasicLevel
[2016.11.01-20.53.27:665][ 44]LogPlayLevel: PIE: StaticDuplicateObject took: (0.002140s)
[2016.11.01-20.53.27:666][ 44]LogAIModule: Creating AISystem for world BasicLevel
[2016.11.01-20.53.27:666][ 44]LogPlayLevel: PIE: World Init took: (0.000937s)
[2016.11.01-20.53.27:666][ 44]LogPlayLevel: PIE: Created PIE world by copying editor world from /Game/Levels/BasicLevel.BasicLevel to /Game/Levels/UEDPIE_0_BasicLevel.BasicLevel (0.003319s)
[2016.11.01-20.53.27:708][ 44]LogInit: XAudio2 using 'Headphones (High Definition Audio Device)' : 2 channels at 44.1 kHz using 16 bits per sample (channel mask 0x3)
[2016.11.01-20.53.27:715][ 44]LogInit: FAudioDevice initialized.
[2016.11.01-20.53.27:745][ 44]LogWorld: Game class is 'BattleCardGameMode_C'
[2016.11.01-20.53.27:747][ 44]LogWorld: Bringing World /Game/Levels/UEDPIE_0_BasicLevel.BasicLevel up for play (max tick rate 60) at 2016.11.01-16.53.27
[2016.11.01-20.53.27:748][ 44]LogWorld: Bringing up level for play took: 0.002194
[2016.11.01-20.53.27:749][ 44]LogGameMode:Display: Match State Changed from EnteringMap to WaitingToStart
[2016.11.01-20.53.27:749][ 44]LogGameState: Match State Changed from EnteringMap to WaitingToStart
[2016.11.01-20.53.27:749][ 44]LogGameMode:Display: Match State Changed from WaitingToStart to InProgress
[2016.11.01-20.53.27:750][ 44]LogGameState: Match State Changed from WaitingToStart to InProgress
[2016.11.01-20.53.27:750][ 44]PIE: Info Play in editor start time for /Game/Levels/UEDPIE_0_BasicLevel -0.217
[2016.11.01-20.53.48:099][453]Set new viewmode: Wireframe
[2016.11.01-20.53.51:515][656]Set new viewmode: Wireframe
[2016.11.01-20.53.52:414][710]Set new viewmode: Wireframe
[2016.11.01-20.53.54:259][817]Set new viewmode: Unlit
[2016.11.01-20.53.55:062][863]Set new viewmode: Lit
[2016.11.01-20.53.55:883][880]Set new viewmode: Lit
[2016.11.01-20.53.56:184][886]Set new viewmode: Lit_DetailLighting
[2016.11.01-20.53.57:525][913]Set new viewmode: Lit
[2016.11.01-20.53.58:126][925]Set new viewmode: Unlit
[2016.11.01-20.53.58:935][969]Set new viewmode: Lit
[2016.11.01-20.53.59:761][986]Set new viewmode: Unlit
[2016.11.01-20.54.01:280][ 70]Set new viewmode: Lit
[2016.11.01-20.54.03:418][113]Set new viewmode: Unlit
[2016.11.01-20.54.06:376][278]Set new viewmode: Lit
[2016.11.01-20.54.08:606][323]Set new viewmode: Lit_DetailLighting
[2016.11.01-20.54.09:153][334]Set new viewmode: Lit_DetailLighting
[2016.11.01-20.54.09:551][342]Set new viewmode: ShaderComplexity
[2016.11.01-20.54.12:416][498]Set new viewmode: ShaderComplexity
[2016.11.01-20.54.17:381][767]Set new viewmode: ShaderComplexity
[2016.11.01-20.54.19:524][887]Set new viewmode: ShaderComplexity
[2016.11.01-20.54.19:898][908]Set new viewmode: Lit_DetailLighting
[2016.11.01-20.54.20:918][929]Set new viewmode: Lit
[2016.11.01-20.54.21:419][939]Set new viewmode: Lit_DetailLighting
[2016.11.01-20.54.21:768][946]Set new viewmode: ShaderComplexity
[2016.11.01-20.54.27:189][ 76]LogEditorViewport: Clicking on Actor (LMB): StaticMeshActor (Cube)
[2016.11.01-20.55.26:228][ 48]LogSavePackage: Save=50.42ms
[2016.11.01-20.55.26:228][ 48]LogSavePackage: Moving '../../../../../../Users/Brian/Documents/GitHub/quad-shaped-battle-objects/CardGameProject3/Saved/BasicLevelA8FE97574049C222624BAAB31827D9AD.tmp' to '../../../../../../Users/Brian/Documents/GitHub/quad-shaped-battle-objects/CardGameProject3/Content/Levels/BasicLevel.umap'
[2016.11.01-20.55.26:232][ 48]LogSavePackage:Display: Finished SavePackage ../../../../../../Users/Brian/Documents/GitHub/quad-shaped-battle-objects/CardGameProject3/Content/Levels/BasicLevel.umap
[2016.11.01-20.55.26:265][ 48]LogFileHelpers: Saving map 'BasicLevel' took 0.191
[2016.11.01-20.55.43:898][182]LogWindowsTextInputMethodSystem:Display: IME system now deactivated.
[2016.11.01-20.55.44:129][183]Cmd: QUIT_EDITOR
[2016.11.01-20.55.45:092][183]LogExit: Preparing to exit.
[2016.11.01-20.55.45:652][183]LogDirectoryWatcher: A directory notification for 'C:/Users/Brian/Documents/GitHub/quad-shaped-battle-objects/CardGameProject3/Content/' was aborted.
[2016.11.01-20.55.45:688][183]LogExit: Editor shut down
[2016.11.01-20.55.45:688][183]LogExit: Transaction tracking system shut down
[2016.11.01-20.55.45:868][183]LogObj: Freed 0b from 0 cluster array pools.
[2016.11.01-20.55.45:868][183]LogExit: Object subsystem successfully closed.
[2016.11.01-20.55.45:882][183]LogD3D11RHI: Shutdown
[2016.11.01-20.55.45:882][183]LogD3D11RHI: CleanupD3DDevice
[2016.11.01-20.55.45:954][183]LogD3D11RHI: ~FD3D11DynamicRHI
[2016.11.01-20.55.45:973][183]LogModuleManager: Shutting down and abandoning module BlueprintGraph (236)
[2016.11.01-20.55.45:974][183]LogModuleManager: Shutting down and abandoning module BlueprintProfiler (235)
[2016.11.01-20.55.45:974][183]LogModuleManager: Shutting down and abandoning module MovieSceneCapture (234)
[2016.11.01-20.55.45:974][183]LogModuleManager: Shutting down and abandoning module HierarchicalLODOutliner (233)
[2016.11.01-20.55.45:974][183]LogModuleManager: Shutting down and abandoning module CrashTracker (232)
[2016.11.01-20.55.45:974][183]LogModuleManager: Shutting down and abandoning module SceneOutliner (231)
[2016.11.01-20.55.45:974][183]LogModuleManager: Shutting down and abandoning module WidgetCarousel (230)
[2016.11.01-20.55.45:974][183]LogModuleManager: Shutting down and abandoning module AddContentDialog (229)
[2016.11.01-20.55.45:974][183]LogDirectoryWatcher: A directory notification for 'C:/Program Files (x86)/Epic Games/4.13/FeaturePacks/' was aborted.
[2016.11.01-20.55.45:975][183]LogModuleManager: Shutting down and abandoning module GameplayTags (228)
[2016.11.01-20.55.45:975][183]LogModuleManager: Shutting down and abandoning module EditorWidgets (227)
[2016.11.01-20.55.45:975][183]LogModuleManager: Shutting down and abandoning module CollectionManager (226)
[2016.11.01-20.55.45:975][183]LogDirectoryWatcher: A directory notification for 'C:/Users/Brian/Documents/GitHub/quad-shaped-battle-objects/CardGameProject3/Content/Collections/' was aborted.
[2016.11.01-20.55.45:975][183]LogDirectoryWatcher: A directory notification for 'C:/Users/Brian/Documents/GitHub/quad-shaped-battle-objects/CardGameProject3/Content/Developers/Brian/Collections/' was aborted.
[2016.11.01-20.55.45:975][183]LogDirectoryWatcher: A directory notification for 'C:/Users/Brian/Documents/GitHub/quad-shaped-battle-objects/CardGameProject3/Saved/Collections/' was aborted.
[2016.11.01-20.55.45:975][183]LogModuleManager: Shutting down and abandoning module StatsViewer (225)
[2016.11.01-20.55.45:975][183]LogModuleManager: Shutting down and abandoning module FoliageEdit (224)
[2016.11.01-20.55.45:975][183]LogModuleManager: Shutting down and abandoning module LandscapeEditor (223)
[2016.11.01-20.55.45:976][183]LogModuleManager: Shutting down and abandoning module SceneDepthPickerMode (222)
[2016.11.01-20.55.45:976][183]LogModuleManager: Shutting down and abandoning module ActorPickerMode (221)
[2016.11.01-20.55.45:976][183]LogModuleManager: Shutting down and abandoning module GeometryMode (220)
[2016.11.01-20.55.45:976][183]LogModuleManager: Shutting down and abandoning module TextureAlignMode (219)
[2016.11.01-20.55.45:976][183]LogModuleManager: Shutting down and abandoning module BspMode (218)
[2016.11.01-20.55.45:976][183]LogModuleManager: Shutting down and abandoning module HardwareSurvey (217)
[2016.11.01-20.55.45:976][183]LogModuleManager: Shutting down and abandoning module SequenceRecorderSections (216)
[2016.11.01-20.55.45:976][183]LogModuleManager: Shutting down and abandoning module SequenceRecorder (215)
[2016.11.01-20.55.45:976][183]LogModuleManager: Shutting down and abandoning module AutomationWorker (214)
[2016.11.01-20.55.45:976][183]LogModuleManager: Shutting down and abandoning module MatineeToLevelSequence (213)
[2016.11.01-20.55.45:976][183]LogModuleManager: Shutting down and abandoning module PlacementMode (212)
[2016.11.01-20.55.45:976][183]LogModuleManager: Shutting down and abandoning module LevelSequenceEditor (211)
[2016.11.01-20.55.45:976][183]LogModuleManager: Shutting down and abandoning module WmfMediaFactory (210)
[2016.11.01-20.55.45:976][183]LogModuleManager: Shutting down and abandoning module WmfMediaEditor (209)
[2016.11.01-20.55.45:976][183]LogModuleManager: Shutting down and abandoning module AvfMediaFactory (208)
[2016.11.01-20.55.45:976][183]LogModuleManager: Shutting down and abandoning module AvfMediaEditor (207)
[2016.11.01-20.55.45:976][183]LogModuleManager: Shutting down and abandoning module Media (206)
[2016.11.01-20.55.45:976][183]LogModuleManager: Shutting down and abandoning module AndroidMediaFactory (205)
[2016.11.01-20.55.45:976][183]LogModuleManager: Shutting down and abandoning module AndroidMediaEditor (204)
[2016.11.01-20.55.45:976][183]LogModuleManager: Shutting down and abandoning module CharacterAI (203)
[2016.11.01-20.55.45:976][183]LogModuleManager: Shutting down and abandoning module SmartSnapping (202)
[2016.11.01-20.55.45:976][183]LogModuleManager: Shutting down and abandoning module SessionServices (201)
[2016.11.01-20.55.45:976][183]LogModuleManager: Shutting down and abandoning module ViewportSnapping (200)
[2016.11.01-20.55.45:976][183]LogModuleManager: Shutting down and abandoning module ViewportInteraction (199)
[2016.11.01-20.55.45:976][183]LogModuleManager: Shutting down and abandoning module LogVisualizer (198)
[2016.11.01-20.55.45:976][183]LogModuleManager: Shutting down and abandoning module GameProjectGeneration (197)
[2016.11.01-20.55.45:977][183]LogModuleManager: Shutting down and abandoning module IntroTutorials (196)
[2016.11.01-20.55.45:977][183]LogModuleManager: Shutting down and abandoning module EditorLiveStreaming (195)
[2016.11.01-20.55.45:977][183]LogModuleManager: Shutting down and abandoning module IOSPlatformEditor (194)
[2016.11.01-20.55.45:977][183]LogModuleManager: Shutting down and abandoning module HTML5PlatformEditor (193)
[2016.11.01-20.55.45:977][183]LogModuleManager: Shutting down and abandoning module AndroidDeviceDetection (192)
[2016.11.01-20.55.46:679][183]LogModuleManager: Shutting down and abandoning module AndroidPlatformEditor (191)
[2016.11.01-20.55.46:679][183]LogModuleManager: Shutting down and abandoning module IOSRuntimeSettings (190)
[2016.11.01-20.55.46:679][183]LogModuleManager: Shutting down and abandoning module AndroidRuntimeSettings (189)
[2016.11.01-20.55.46:679][183]LogModuleManager: Shutting down and abandoning module NiagaraEditor (188)
[2016.11.01-20.55.46:679][183]LogModuleManager: Shutting down and abandoning module MergeActors (187)
[2016.11.01-20.55.46:679][183]LogModuleManager: Shutting down and abandoning module SizeMap (186)
[2016.11.01-20.55.46:679][183]LogModuleManager: Shutting down and abandoning module TreeMap (185)
[2016.11.01-20.55.46:679][183]LogModuleManager: Shutting down and abandoning module ReferenceViewer (184)
[2016.11.01-20.55.46:679][183]LogModuleManager: Shutting down and abandoning module LocalizationService (183)
[2016.11.01-20.55.46:679][183]LogModuleManager: Shutting down and abandoning module LocalizationDashboard (182)
[2016.11.01-20.55.46:679][183]LogModuleManager: Shutting down and abandoning module HardwareTargeting (181)
[2016.11.01-20.55.46:679][183]LogModuleManager: Shutting down and abandoning module DeviceProfileEditor (180)
[2016.11.01-20.55.46:679][183]LogModuleManager: Shutting down and abandoning module UndoHistory (179)
[2016.11.01-20.55.46:679][183]LogModuleManager: Shutting down and abandoning module UserFeedback (178)
[2016.11.01-20.55.46:679][183]LogModuleManager: Shutting down and abandoning module XmlParser (177)
[2016.11.01-20.55.46:679][183]LogModuleManager: Shutting down and abandoning module Blutility (176)
[2016.11.01-20.55.46:679][183]LogModuleManager: Shutting down and abandoning module ProjectTargetPlatformEditor (175)
[2016.11.01-20.55.46:680][183]LogModuleManager: Shutting down and abandoning module ProjectSettingsViewer (174)
[2016.11.01-20.55.46:680][183]LogModuleManager: Shutting down and abandoning module InputBindingEditor (173)
[2016.11.01-20.55.46:680][183]LogModuleManager: Shutting down and abandoning module EditorSettingsViewer (172)
[2016.11.01-20.55.46:680][183]LogModuleManager: Shutting down and abandoning module SettingsEditor (171)
[2016.11.01-20.55.46:680][183]LogModuleManager: Shutting down and abandoning module ProjectLauncher (170)
[2016.11.01-20.55.46:680][183]LogModuleManager: Shutting down and abandoning module SessionFrontend (169)
[2016.11.01-20.55.46:680][183]LogModuleManager: Shutting down and abandoning module ProfilerClient (168)
[2016.11.01-20.55.46:680][183]LogModuleManager: Shutting down and abandoning module TargetDeviceServices (167)
[2016.11.01-20.55.46:680][183]LogModuleManager: Shutting down and abandoning module DeviceManager (166)
[2016.11.01-20.55.46:723][183]LogModuleManager: Shutting down and abandoning module AutomationController (165)
[2016.11.01-20.55.46:723][183]LogModuleManager: Shutting down and abandoning module AutomationWindow (164)
[2016.11.01-20.55.46:723][183]LogModuleManager: Shutting down and abandoning module Layers (163)
[2016.11.01-20.55.46:723][183]LogModuleManager: Shutting down and abandoning module ComponentVisualizers (162)
[2016.11.01-20.55.46:723][183]LogModuleManager: Shutting down and abandoning module DetailCustomizations (161)
[2016.11.01-20.55.46:723][183]LogModuleManager: Shutting down and abandoning module PackagesDialog (160)
[2016.11.01-20.55.46:723][183]LogModuleManager: Shutting down and abandoning module AnimGraph (159)
[2016.11.01-20.55.46:723][183]LogModuleManager: Shutting down and abandoning module Persona (158)
[2016.11.01-20.55.46:723][183]LogModuleManager: Shutting down and abandoning module Kismet (157)
[2016.11.01-20.55.46:728][183]LogModuleManager: Shutting down and abandoning module GraphEditor (156)
[2016.11.01-20.55.46:729][183]LogModuleManager: Shutting down and abandoning module ClassViewer (155)
[2016.11.01-20.55.46:729][183]LogModuleManager: Shutting down and abandoning module Toolbox (154)
[2016.11.01-20.55.46:729][183]LogModuleManager: Shutting down and abandoning module ModuleUI (153)
[2016.11.01-20.55.46:729][183]LogModuleManager: Shutting down and abandoning module MovieSceneTools (152)
[2016.11.01-20.55.46:729][183]LogModuleManager: Shutting down and abandoning module OutputLog (151)
[2016.11.01-20.55.46:729][183]LogModuleManager: Shutting down and abandoning module GammaUI (150)
[2016.11.01-20.55.46:729][183]LogModuleManager: Shutting down and abandoning module Documentation (149)
[2016.11.01-20.55.46:729][183]LogModuleManager: Shutting down and abandoning module Niagara (148)
[2016.11.01-20.55.46:729][183]LogModuleManager: Shutting down and abandoning module StreamingPauseRendering (147)
[2016.11.01-20.55.46:729][183]LogModuleManager: Shutting down and abandoning module AnalyticsET (146)
[2016.11.01-20.55.46:729][183]LogModuleManager: Shutting down and abandoning module PortalServices (145)
[2016.11.01-20.55.46:729][183]LogModuleManager: Shutting down and abandoning module PortalRpc (144)
[2016.11.01-20.55.46:729][183]LogModuleManager: Shutting down and abandoning module MessagingRpc (143)
[2016.11.01-20.55.46:729][183]LogModuleManager: Shutting down and abandoning module GameplayDebugger (142)
[2016.11.01-20.55.46:729][183]LogModuleManager: Shutting down and abandoning module AITestSuite (141)
[2016.11.01-20.55.46:729][183]LogModuleManager: Shutting down and abandoning module AIModule (140)
[2016.11.01-20.55.46:729][183]LogModuleManager: Shutting down and abandoning module ProfilerService (139)
[2016.11.01-20.55.46:835][183]LogModuleManager: Shutting down and abandoning module TaskGraph (138)
[2016.11.01-20.55.46:835][183]LogModuleManager: Shutting down and abandoning module SlateRemote (137)
[2016.11.01-20.55.46:835][183]LogModuleManager: Shutting down and abandoning module SteamVRController (136)
[2016.11.01-20.55.46:835][183]LogModuleManager: Shutting down and abandoning module SteamVR (135)
[2016.11.01-20.55.46:835][183]LogModuleManager: Shutting down and abandoning module ProceduralMeshComponentEditor (134)
[2016.11.01-20.55.46:835][183]LogModuleManager: Shutting down and abandoning module ProceduralMeshComponent (133)
[2016.11.01-20.55.46:835][183]LogModuleManager: Shutting down and abandoning module OculusLibrary (132)
[2016.11.01-20.55.46:835][183]LogModuleManager: Shutting down and abandoning module OculusInput (131)
[2016.11.01-20.55.46:835][183]LogModuleManager: Shutting down and abandoning module CustomMeshComponent (130)
[2016.11.01-20.55.46:835][183]LogModuleManager: Shutting down and abandoning module CableComponent (129)
[2016.11.01-20.55.46:835][183]LogModuleManager: Shutting down and abandoning module ArchVisCharacter (128)
[2016.11.01-20.55.46:835][183]LogModuleManager: Shutting down and abandoning module MediaPlayerEditor (126)
[2016.11.01-20.55.46:835][183]LogModuleManager: Shutting down and abandoning module HTML5Networking (125)
[2016.11.01-20.55.46:835][183]LogModuleManager: Shutting down and abandoning module GeometryCacheEd (124)
[2016.11.01-20.55.46:835][183]LogModuleManager: Shutting down and abandoning module GeometryCache (123)
[2016.11.01-20.55.46:835][183]LogModuleManager: Shutting down and abandoning module AlembicLibrary (122)
[2016.11.01-20.55.46:835][183]LogModuleManager: Shutting down and abandoning module AlembicImporter (121)
[2016.11.01-20.55.46:835][183]LogModuleManager: Shutting down and abandoning module SuperSearch (120)
[2016.11.01-20.55.46:835][183]LogModuleManager: Shutting down and abandoning module SuperSearchEditor (119)
[2016.11.01-20.55.46:835][183]LogModuleManager: Shutting down and abandoning module SpeedTreeImporter (118)
[2016.11.01-20.55.46:836][183]LogModuleManager: Shutting down and abandoning module PluginBrowser (117)
[2016.11.01-20.55.46:836][183]LogModuleManager: Shutting down and abandoning module MobileLauncherProfileWizard (116)
[2016.11.01-20.55.46:836][183]LogModuleManager: Shutting down and abandoning module EpicSurvey (115)
[2016.11.01-20.55.46:836][183]LogModuleManager: Shutting down and abandoning module DesktopPlatform (114)
[2016.11.01-20.55.46:836][183]LogModuleManager: Shutting down and abandoning module VisualStudioSourceCodeAccess (113)
[2016.11.01-20.55.46:836][183]LogModuleManager: Shutting down and abandoning module UObjectPlugin (112)
[2016.11.01-20.55.46:836][183]LogModuleManager: Shutting down and abandoning module SubversionSourceControl (111)
[2016.11.01-20.55.46:836][183]LogModuleManager: Shutting down and abandoning module PerforceSourceControl (110)
[2016.11.01-20.55.46:836][183]LogModuleManager: Shutting down and abandoning module SourceControl (109)
[2016.11.01-20.55.46:836][183]LogModuleManager: Shutting down and abandoning module GitSourceControl (108)
[2016.11.01-20.55.46:836][183]LogModuleManager: Shutting down and abandoning module LightPropagationVolumeEditor (107)
[2016.11.01-20.55.46:836][183]LogModuleManager: Shutting down and abandoning module PaperTiledImporter (106)
[2016.11.01-20.55.46:836][183]LogModuleManager: Shutting down and abandoning module PaperSpriteSheetImporter (105)
[2016.11.01-20.55.46:836][183]LogModuleManager: Shutting down and abandoning module MeshPaint (104)
[2016.11.01-20.55.46:836][183]LogModuleManager: Shutting down and abandoning module FbxAutomationBuilderModule (103)
[2016.11.01-20.55.46:836][183]LogModuleManager: Shutting down and abandoning module PixelInspectorModule (102)
[2016.11.01-20.55.46:836][183]LogModuleManager: Shutting down and abandoning module HotReload (101)
[2016.11.01-20.55.46:836][183]LogModuleManager: Shutting down and abandoning module MainFrame (100)
[2016.11.01-20.55.46:837][183]LogModuleManager: Shutting down and abandoning module LevelEditor (99)
[2016.11.01-20.55.46:837][183]LogModuleManager: Shutting down and abandoning module ContentBrowser (98)
[2016.11.01-20.55.46:838][183]LogModuleManager: Shutting down and abandoning module Paper2DEditor (97)
[2016.11.01-20.55.46:838][183]LogModuleManager: Shutting down and abandoning module UdpMessaging (96)
[2016.11.01-20.55.46:939][183]LogModuleManager: Shutting down and abandoning module TcpMessaging (95)
[2016.11.01-20.55.47:040][183]LogModuleManager: Shutting down and abandoning module LightPropagationVolumeRuntime (94)
[2016.11.01-20.55.47:040][183]LogModuleManager: Shutting down and abandoning module Paper2D (93)
[2016.11.01-20.55.47:040][183]LogModuleManager: Shutting down and abandoning module WindowsMoviePlayer (92)
[2016.11.01-20.55.47:040][183]LogModuleManager: Shutting down and abandoning module WmfMedia (91)
[2016.11.01-20.55.47:040][183]LogModuleManager: Shutting down and abandoning module MediaAssets (90)
[2016.11.01-20.55.47:040][183]LogModuleManager: Shutting down and abandoning module GameLiveStreaming (89)
[2016.11.01-20.55.47:040][183]LogModuleManager: Shutting down and abandoning module GameplayTagsEditor (88)
[2016.11.01-20.55.47:040][183]LogModuleManager: Shutting down and abandoning module VREditor (87)
[2016.11.01-20.55.47:040][183]LogModuleManager: Shutting down and abandoning module GameplayTasksEditor (86)
[2016.11.01-20.55.47:040][183]LogModuleManager: Shutting down and abandoning module PropertyEditor (85)
[2016.11.01-20.55.47:040][183]LogModuleManager: Shutting down and abandoning module BehaviorTreeEditor (84)
[2016.11.01-20.55.47:040][183]LogModuleManager: Shutting down and abandoning module FunctionalTesting (83)
[2016.11.01-20.55.47:040][183]LogModuleManager: Shutting down and abandoning module CollisionAnalyzer (82)
[2016.11.01-20.55.47:040][183]LogModuleManager: Shutting down and abandoning module Sequencer (81)
[2016.11.01-20.55.47:040][183]LogModuleManager: Shutting down and abandoning module WorkspaceMenuStructure (80)
[2016.11.01-20.55.47:040][183]LogModuleManager: Shutting down and abandoning module MessageLog (79)
[2016.11.01-20.55.47:040][183]LogModuleManager: Shutting down and abandoning module AssetTools (78)
[2016.11.01-20.55.47:040][183]LogModuleManager: Shutting down and abandoning module UMGEditor (77)
[2016.11.01-20.55.47:041][183]LogModuleManager: Shutting down and abandoning module UMG (76)
[2016.11.01-20.55.47:041][183]LogModuleManager: Shutting down and abandoning module SlateReflector (75)
[2016.11.01-20.55.47:041][183]LogModuleManager: Shutting down and abandoning module Slate (74)
[2016.11.01-20.55.47:041][183]LogModuleManager: Shutting down and abandoning module EditorStyle (73)
[2016.11.01-20.55.47:044][183]LogModuleManager: Shutting down and abandoning module SourceCodeAccess (72)
[2016.11.01-20.55.47:044][183]LogModuleManager: Shutting down and abandoning module HeadMountedDisplay (71)
[2016.11.01-20.55.47:044][183]LogModuleManager: Shutting down and abandoning module XAudio2 (70)
[2016.11.01-20.55.47:044][183]LogModuleManager: Shutting down and abandoning module Networking (68)
[2016.11.01-20.55.47:044][183]LogModuleManager: Shutting down and abandoning module Core (67)
[2016.11.01-20.55.47:044][183]LogModuleManager: Shutting down and abandoning module DirectoryWatcher (66)
[2016.11.01-20.55.47:044][183]LogDirectoryWatcher: A directory notification for '../../../Engine/Content/' was aborted.
[2016.11.01-20.55.47:044][183]LogDirectoryWatcher: A directory notification for '../../../../../../Users/Brian/Documents/GitHub/quad-shaped-battle-objects/CardGameProject3/Content/' was aborted.
[2016.11.01-20.55.47:045][183]LogDirectoryWatcher: A directory notification for '../../../Engine/Plugins/2D/Paper2D/Content/' was aborted.
[2016.11.01-20.55.47:045][183]LogModuleManager: Shutting down and abandoning module AssetRegistry (65)
[2016.11.01-20.55.47:195][183]LogModuleManager: Shutting down and abandoning module KismetCompiler (64)
[2016.11.01-20.55.47:195][183]LogModuleManager: Shutting down and abandoning module PhysXFormats (63)
[2016.11.01-20.55.47:195][183]LogModuleManager: Shutting down and abandoning module MeshUtilities (62)
[2016.11.01-20.55.47:195][183]LogModuleManager: Shutting down and abandoning module DerivedDataCache (61)
[2016.11.01-20.55.47:278][183]LogDerivedDataCache: Shutdown
[2016.11.01-20.55.47:278][183]LogModuleManager: Shutting down and abandoning module VulkanShaderFormat (60)
[2016.11.01-20.55.47:278][183]LogModuleManager: Shutting down and abandoning module ShaderFormatOpenGL (59)
[2016.11.01-20.55.47:278][183]LogModuleManager: Shutting down and abandoning module ShaderFormatD3D (58)
[2016.11.01-20.55.47:278][183]LogModuleManager: Shutting down and abandoning module MetalShaderFormat (57)
[2016.11.01-20.55.47:278][183]LogModuleManager: Shutting down and abandoning module TextureFormatUncompressed (56)
[2016.11.01-20.55.47:278][183]LogModuleManager: Shutting down and abandoning module TextureFormatPVR (55)
[2016.11.01-20.55.47:278][183]LogModuleManager: Shutting down and abandoning module TextureFormatDXT (54)
[2016.11.01-20.55.47:278][183]LogModuleManager: Shutting down and abandoning module TextureFormatIntelISPCTexComp (53)
[2016.11.01-20.55.47:279][183]LogModuleManager: Shutting down and abandoning module ImageWrapper (52)
[2016.11.01-20.55.47:279][183]LogModuleManager: Shutting down and abandoning module TextureFormatASTC (51)
[2016.11.01-20.55.47:279][183]LogModuleManager: Shutting down and abandoning module TextureFormatAndroid (50)
[2016.11.01-20.55.47:279][183]LogModuleManager: Shutting down and abandoning module AudioFormatOpus (49)
[2016.11.01-20.55.47:279][183]LogModuleManager: Shutting down and abandoning module AudioFormatOgg (48)
[2016.11.01-20.55.47:279][183]LogModuleManager: Shutting down and abandoning module AudioFormatADPCM (47)
[2016.11.01-20.55.47:279][183]LogModuleManager: Shutting down and abandoning module LinuxTargetPlatform (46)
[2016.11.01-20.55.47:279][183]LogModuleManager: Shutting down and abandoning module LinuxServerTargetPlatform (45)
[2016.11.01-20.55.47:279][183]LogModuleManager: Shutting down and abandoning module LinuxNoEditorTargetPlatform (44)
[2016.11.01-20.55.47:279][183]LogModuleManager: Shutting down and abandoning module LinuxClientTargetPlatform (43)
[2016.11.01-20.55.47:279][183]LogModuleManager: Shutting down and abandoning module TVOSTargetPlatform (42)
[2016.11.01-20.55.47:279][183]LogModuleManager: Shutting down and abandoning module Messaging (41)
[2016.11.01-20.55.47:279][183]LogModuleManager: Shutting down and abandoning module IOSTargetPlatform (40)
[2016.11.01-20.55.47:279][183]LogModuleManager: Shutting down and abandoning module HTML5TargetPlatform (39)
[2016.11.01-20.55.47:279][183]LogModuleManager: Shutting down and abandoning module Android_PVRTCTargetPlatform (38)
[2016.11.01-20.55.47:279][183]LogModuleManager: Shutting down and abandoning module Android_MultiTargetPlatform (37)
[2016.11.01-20.55.47:279][183]LogModuleManager: Shutting down and abandoning module Android_ETC2TargetPlatform (36)
[2016.11.01-20.55.47:279][183]LogModuleManager: Shutting down and abandoning module Android_ETC1TargetPlatform (35)
[2016.11.01-20.55.47:279][183]LogModuleManager: Shutting down and abandoning module Android_DXTTargetPlatform (34)
[2016.11.01-20.55.47:279][183]LogModuleManager: Shutting down and abandoning module Android_ATCTargetPlatform (33)
[2016.11.01-20.55.47:279][183]LogModuleManager: Shutting down and abandoning module Android_ASTCTargetPlatform (32)
[2016.11.01-20.55.47:279][183]LogModuleManager: Shutting down and abandoning module AndroidTargetPlatform (31)
[2016.11.01-20.55.47:279][183]LogModuleManager: Shutting down and abandoning module WindowsTargetPlatform (30)
[2016.11.01-20.55.47:279][183]LogModuleManager: Shutting down and abandoning module WindowsServerTargetPlatform (29)
[2016.11.01-20.55.47:279][183]LogModuleManager: Shutting down and abandoning module WindowsNoEditorTargetPlatform (28)
[2016.11.01-20.55.47:279][183]LogModuleManager: Shutting down and abandoning module WindowsClientTargetPlatform (27)
[2016.11.01-20.55.47:279][183]LogModuleManager: Shutting down and abandoning module AllDesktopTargetPlatform (26)
[2016.11.01-20.55.47:279][183]LogModuleManager: Shutting down and abandoning module TargetPlatform (25)
[2016.11.01-20.55.47:279][183]LogModuleManager: Shutting down and abandoning module InputCore (24)
[2016.11.01-20.55.47:279][183]LogModuleManager: Shutting down and abandoning module Settings (23)
[2016.11.01-20.55.47:279][183]LogModuleManager: Shutting down and abandoning module OculusRift (22)
[2016.11.01-20.55.47:279][183]LogModuleManager: Shutting down and abandoning module GearVR (21)
[2016.11.01-20.55.47:279][183]LogModuleManager: Shutting down and abandoning module ExampleDeviceProfileSelector (20)
[2016.11.01-20.55.47:279][183]LogModuleManager: Shutting down and abandoning module OnlineBlueprintSupport (19)
[2016.11.01-20.55.47:279][183]LogModuleManager: Shutting down and abandoning module OnlineSubsystem (17)
[2016.11.01-20.55.47:279][183]LogOnline:Display: Unloading online subsystem: NULL
[2016.11.01-20.55.47:279][183]LogModuleManager: Shutting down and abandoning module HTTP (16)
[2016.11.01-20.55.47:279][183]LogHttp:Display: Http module shutting down, but needs to wait on 1 outstanding Http requests:
[2016.11.01-20.55.47:279][183]LogHttp:Display: 	verb=[POST] url=[https://datarouter.ol.epicgames.com/datarouter/api/v1/public/data?SessionID=%7BA7435A79-4817-8DD3-5682-A38954164EB2%7D&AppID=UEEditor.Rocket.Release&AppVersion=4.13.1-3142249%2B%2B%2BUE4%2BRelease-4.13&UserID=622d6cc84c757446e01d25b6259f4ae3%7C0088da38c4fe4f999d6f0e52c41d2185%7C0f0e893d-46e4-44f8-bd74-7f933f7c90a3&AppEnvironment=datacollector-binary&UploadType=eteventstream] status=Processing
[2016.11.01-20.55.47:302][183]LogModuleManager: Shutting down and abandoning module XMPP (15)
[2016.11.01-20.55.47:302][183]LogModuleManager: Shutting down and abandoning module TextureCompressor (14)
[2016.11.01-20.55.47:302][183]LogModuleManager: Shutting down and abandoning module ShaderCore (13)
[2016.11.01-20.55.47:302][183]LogModuleManager: Shutting down and abandoning module Landscape (12)
[2016.11.01-20.55.47:302][183]LogModuleManager: Shutting down and abandoning module SlateRHIRenderer (11)
[2016.11.01-20.55.47:305][183]LogModuleManager: Shutting down and abandoning module OpenGLDrv (10)
[2016.11.01-20.55.47:305][183]LogModuleManager: Shutting down and abandoning module D3D11RHI (9)
[2016.11.01-20.55.47:305][183]LogModuleManager: Shutting down and abandoning module AnimGraphRuntime (8)
[2016.11.01-20.55.47:305][183]LogModuleManager: Shutting down and abandoning module Renderer (7)
[2016.11.01-20.55.47:305][183]LogModuleManager: Shutting down and abandoning module Engine (6)
[2016.11.01-20.55.47:305][183]LogModuleManager: Shutting down and abandoning module CoreUObject (5)
[2016.11.01-20.55.47:305][183]LogModuleManager: Shutting down and abandoning module NetworkFile (4)
[2016.11.01-20.55.47:305][183]LogModuleManager: Shutting down and abandoning module StreamingFile (3)
[2016.11.01-20.55.47:305][183]LogModuleManager: Shutting down and abandoning module SandboxFile (2)
[2016.11.01-20.55.47:305][183]LogModuleManager: Shutting down and abandoning module PakFile (1)
[2016.11.01-20.55.47:307][183]LogExit: Exiting.
[2016.11.01-20.55.47:309][183]Log file closed, 11/01/16 16:55:47
