Log file open, 11/01/16 15:57:21
LogInit:Display: Running engine for game: CardGameProject3
LogPlatformFile: Not using cached read wrapper
LogInit:Display: RandInit(-194221092) SRandInit(-194221092).
LogTaskGraph: Started task graph with 5 named threads and 6 total threads with 1 sets of task threads.
LogStats: Stats thread started at 0.077513
LogPluginManager: Loaded Plugin Paper2D, From C:/Program Files (x86)/Epic Games/4.13/Engine/Plugins/2D/Paper2D/Paper2D.uplugin
LogPluginManager: Loaded Plugin LightPropagationVolume, From C:/Program Files (x86)/Epic Games/4.13/Engine/Plugins/Blendables/LightPropagationVolume/LightPropagationVolume.uplugin
LogPluginManager: Loaded Plugin BlankPlugin, From C:/Program Files (x86)/Epic Games/4.13/Engine/Plugins/Developer/BlankPlugin/BlankPlugin.uplugin
LogPluginManager: Loaded Plugin CodeLiteSourceCodeAccess, From C:/Program Files (x86)/Epic Games/4.13/Engine/Plugins/Developer/CodeLiteSourceCodeAccess/CodeLiteSourceCodeAccess.uplugin
LogPluginManager: Loaded Plugin GitSourceControl, From C:/Program Files (x86)/Epic Games/4.13/Engine/Plugins/Developer/GitSourceControl/GitSourceControl.uplugin
LogPluginManager: Loaded Plugin KDevelopSourceCodeAccess, From C:/Program Files (x86)/Epic Games/4.13/Engine/Plugins/Developer/KDevelopSourceCodeAccess/KDevelopSourceCodeAccess.uplugin
LogPluginManager: Loaded Plugin NullSourceCodeAccess, From C:/Program Files (x86)/Epic Games/4.13/Engine/Plugins/Developer/NullSourceCodeAccess/NullSourceCodeAccess.uplugin
LogPluginManager: Loaded Plugin OneSkyLocalizationService, From C:/Program Files (x86)/Epic Games/4.13/Engine/Plugins/Developer/OneSkyLocalizationService/OneSkyLocalizationService.uplugin
LogPluginManager: Loaded Plugin PerforceSourceControl, From C:/Program Files (x86)/Epic Games/4.13/Engine/Plugins/Developer/PerforceSourceControl/PerforceSourceControl.uplugin
LogPluginManager: Loaded Plugin SubversionSourceControl, From C:/Program Files (x86)/Epic Games/4.13/Engine/Plugins/Developer/SubversionSourceControl/SubversionSourceControl.uplugin
LogPluginManager: Loaded Plugin UObjectPlugin, From C:/Program Files (x86)/Epic Games/4.13/Engine/Plugins/Developer/UObjectPlugin/UObjectPlugin.uplugin
LogPluginManager: Loaded Plugin VisualStudioSourceCodeAccess, From C:/Program Files (x86)/Epic Games/4.13/Engine/Plugins/Developer/VisualStudioSourceCodeAccess/VisualStudioSourceCodeAccess.uplugin
LogPluginManager: Loaded Plugin XCodeSourceCodeAccess, From C:/Program Files (x86)/Epic Games/4.13/Engine/Plugins/Developer/XCodeSourceCodeAccess/XCodeSourceCodeAccess.uplugin
LogPluginManager: Loaded Plugin EpicSurvey, From C:/Program Files (x86)/Epic Games/4.13/Engine/Plugins/Editor/EpicSurvey/EpicSurvey.uplugin
LogPluginManager: Loaded Plugin MacGraphicsSwitching, From C:/Program Files (x86)/Epic Games/4.13/Engine/Plugins/Editor/MacGraphicsSwitching/MacGraphicsSwitching.uplugin
LogPluginManager: Loaded Plugin MobileLauncherProfileWizard, From C:/Program Files (x86)/Epic Games/4.13/Engine/Plugins/Editor/MobileLauncherProfileWizard/MobileLauncherProfileWizard.uplugin
LogPluginManager: Loaded Plugin PluginBrowser, From C:/Program Files (x86)/Epic Games/4.13/Engine/Plugins/Editor/PluginBrowser/PluginBrowser.uplugin
LogPluginManager: Loaded Plugin SpeedTreeImporter, From C:/Program Files (x86)/Epic Games/4.13/Engine/Plugins/Editor/SpeedTreeImporter/SpeedTreeImporter.uplugin
LogPluginManager: Loaded Plugin SuperSearchEditor, From C:/Program Files (x86)/Epic Games/4.13/Engine/Plugins/Editor/SuperSearchEditor/SuperSearchEditor.uplugin
LogPluginManager: Loaded Plugin AlembicImporter, From C:/Program Files (x86)/Epic Games/4.13/Engine/Plugins/Experimental/AlembicImporter/AlembicImporter.uplugin
LogPluginManager: Loaded Plugin BlueprintStats, From C:/Program Files (x86)/Epic Games/4.13/Engine/Plugins/Experimental/BlueprintStats/BlueprintStats.uplugin
LogPluginManager: Loaded Plugin CharacterAI, From C:/Program Files (x86)/Epic Games/4.13/Engine/Plugins/Experimental/CharacterAI/CharacterAI.uplugin
LogPluginManager: Loaded Plugin CodeEditor, From C:/Program Files (x86)/Epic Games/4.13/Engine/Plugins/Experimental/CodeEditor/CodeEditor.uplugin
LogPluginManager: Loaded Plugin CodeView, From C:/Program Files (x86)/Epic Games/4.13/Engine/Plugins/Experimental/CodeView/CodeView.uplugin
LogPluginManager: Loaded Plugin HTML5Networking, From C:/Program Files (x86)/Epic Games/4.13/Engine/Plugins/Experimental/HTML5Networking/HTML5Networking.uplugin
LogPluginManager: Loaded Plugin LiveEditor, From C:/Program Files (x86)/Epic Games/4.13/Engine/Plugins/Experimental/LiveEditor/LiveEditor.uplugin
LogPluginManager: Loaded Plugin OSVR, From C:/Program Files (x86)/Epic Games/4.13/Engine/Plugins/Experimental/OSVR/OSVR.uplugin
LogPluginManager: Loaded Plugin Phya, From C:/Program Files (x86)/Epic Games/4.13/Engine/Plugins/Experimental/Phya/Phya.uplugin
LogPluginManager: Loaded Plugin SignificanceManager, From C:/Program Files (x86)/Epic Games/4.13/Engine/Plugins/Experimental/SignificanceManager/SignificanceManager.uplugin
LogPluginManager: Loaded Plugin SimpleHMD, From C:/Program Files (x86)/Epic Games/4.13/Engine/Plugins/Experimental/SimpleHMD/SimpleHMD.uplugin
LogPluginManager: Loaded Plugin StereoPanorama, From C:/Program Files (x86)/Epic Games/4.13/Engine/Plugins/Experimental/StereoPanorama/StereoPanorama.uplugin
LogPluginManager: Loaded Plugin StructBox, From C:/Program Files (x86)/Epic Games/4.13/Engine/Plugins/Experimental/StructBox/StructBox.uplugin
LogPluginManager: Loaded Plugin AndroidMedia, From C:/Program Files (x86)/Epic Games/4.13/Engine/Plugins/Media/AndroidMedia/AndroidMedia.uplugin
LogPluginManager: Loaded Plugin AvfMedia, From C:/Program Files (x86)/Epic Games/4.13/Engine/Plugins/Media/AvfMedia/AvfMedia.uplugin
LogPluginManager: Loaded Plugin MediaPlayerEditor, From C:/Program Files (x86)/Epic Games/4.13/Engine/Plugins/Media/MediaPlayerEditor/MediaPlayerEditor.uplugin
LogPluginManager: Loaded Plugin WmfMedia, From C:/Program Files (x86)/Epic Games/4.13/Engine/Plugins/Media/WmfMedia/WmfMedia.uplugin
LogPluginManager: Loaded Plugin MessagingDebugger, From C:/Program Files (x86)/Epic Games/4.13/Engine/Plugins/Messaging/MessagingDebugger/MessagingDebugger.uplugin
LogPluginManager: Loaded Plugin TcpMessaging, From C:/Program Files (x86)/Epic Games/4.13/Engine/Plugins/Messaging/TcpMessaging/TcpMessaging.uplugin
LogPluginManager: Loaded Plugin UdpMessaging, From C:/Program Files (x86)/Epic Games/4.13/Engine/Plugins/Messaging/UdpMessaging/UdpMessaging.uplugin
LogPluginManager: Loaded Plugin LevelSequenceEditor, From C:/Program Files (x86)/Epic Games/4.13/Engine/Plugins/MovieScene/LevelSequenceEditor/LevelSequenceEditor.uplugin
LogPluginManager: Loaded Plugin MatineeToLevelSequence, From C:/Program Files (x86)/Epic Games/4.13/Engine/Plugins/MovieScene/MatineeToLevelSequence/MatineeToLevelSequence.uplugin
LogPluginManager: Loaded Plugin NetcodeUnitTest, From C:/Program Files (x86)/Epic Games/4.13/Engine/Plugins/NetcodeUnitTest/NetcodeUnitTest/NetcodeUnitTest.uplugin
LogPluginManager: Loaded Plugin NUTUnrealEngine4, From C:/Program Files (x86)/Epic Games/4.13/Engine/Plugins/NetcodeUnitTest/NUTUnrealEngine4/NUTUnrealEngine4.uplugin
LogPluginManager: Loaded Plugin OnlineSubsystemGooglePlay, From C:/Program Files (x86)/Epic Games/4.13/Engine/Plugins/Online/Android/OnlineSubsystemGooglePlay/OnlineSubsystemGooglePlay.uplugin
LogPluginManager: Loaded Plugin OnlineSubsystemIOS, From C:/Program Files (x86)/Epic Games/4.13/Engine/Plugins/Online/IOS/OnlineSubsystemIOS/OnlineSubsystemIOS.uplugin
LogPluginManager: Loaded Plugin OnlineFramework, From C:/Program Files (x86)/Epic Games/4.13/Engine/Plugins/Online/OnlineFramework/OnlineFramework.uplugin
LogPluginManager: Loaded Plugin OnlineSubsystem, From C:/Program Files (x86)/Epic Games/4.13/Engine/Plugins/Online/OnlineSubsystem/OnlineSubsystem.uplugin
LogPluginManager: Loaded Plugin OnlineSubsystemAmazon, From C:/Program Files (x86)/Epic Games/4.13/Engine/Plugins/Online/OnlineSubsystemAmazon/OnlineSubsystemAmazon.uplugin
LogPluginManager: Loaded Plugin OnlineSubsystemFacebook, From C:/Program Files (x86)/Epic Games/4.13/Engine/Plugins/Online/OnlineSubsystemFacebook/OnlineSubsystemFacebook.uplugin
LogPluginManager: Loaded Plugin OnlineSubsystemNull, From C:/Program Files (x86)/Epic Games/4.13/Engine/Plugins/Online/OnlineSubsystemNull/OnlineSubsystemNull.uplugin
LogPluginManager: Loaded Plugin OnlineSubsystemOculus, From C:/Program Files (x86)/Epic Games/4.13/Engine/Plugins/Online/OnlineSubsystemOculus/OnlineSubsystemOculus.uplugin
LogPluginManager: Loaded Plugin OnlineSubsystemSteam, From C:/Program Files (x86)/Epic Games/4.13/Engine/Plugins/Online/OnlineSubsystemSteam/OnlineSubsystemSteam.uplugin
LogPluginManager: Loaded Plugin OnlineSubsystemUtils, From C:/Program Files (x86)/Epic Games/4.13/Engine/Plugins/Online/OnlineSubsystemUtils/OnlineSubsystemUtils.uplugin
LogPluginManager: Loaded Plugin IOSTapJoy, From C:/Program Files (x86)/Epic Games/4.13/Engine/Plugins/Runtime/Advertising/IOSTapJoy/IOSTapJoy.uplugin
LogPluginManager: Loaded Plugin AnalyticsBlueprintLibrary, From C:/Program Files (x86)/Epic Games/4.13/Engine/Plugins/Runtime/Analytics/AnalyticsBlueprintLibrary/AnalyticsBlueprintLibrary.uplugin
LogPluginManager: Loaded Plugin AnalyticsMulticast, From C:/Program Files (x86)/Epic Games/4.13/Engine/Plugins/Runtime/Analytics/AnalyticsMulticast/AnalyticsMulticast.uplugin
LogPluginManager: Loaded Plugin Apsalar, From C:/Program Files (x86)/Epic Games/4.13/Engine/Plugins/Runtime/Analytics/Apsalar/Apsalar.uplugin
LogPluginManager: Loaded Plugin FileLogging, From C:/Program Files (x86)/Epic Games/4.13/Engine/Plugins/Runtime/Analytics/FileLogging/FileLogging.uplugin
LogPluginManager: Loaded Plugin Flurry, From C:/Program Files (x86)/Epic Games/4.13/Engine/Plugins/Runtime/Analytics/Flurry/Flurry.uplugin
LogPluginManager: Loaded Plugin AndroidDeviceProfileSelector, From C:/Program Files (x86)/Epic Games/4.13/Engine/Plugins/Runtime/AndroidDeviceProfileSelector/AndroidDeviceProfileSelector.uplugin
LogPluginManager: Loaded Plugin AndroidMoviePlayer, From C:/Program Files (x86)/Epic Games/4.13/Engine/Plugins/Runtime/AndroidMoviePlayer/AndroidMoviePlayer.uplugin
LogPluginManager: Loaded Plugin AppleMoviePlayer, From C:/Program Files (x86)/Epic Games/4.13/Engine/Plugins/Runtime/AppleMoviePlayer/AppleMoviePlayer.uplugin
LogPluginManager: Loaded Plugin ArchVisCharacter, From C:/Program Files (x86)/Epic Games/4.13/Engine/Plugins/Runtime/ArchVisCharacter/ArchVisCharacter.uplugin
LogPluginManager: Loaded Plugin CableComponent, From C:/Program Files (x86)/Epic Games/4.13/Engine/Plugins/Runtime/CableComponent/CableComponent.uplugin
LogPluginManager: Loaded Plugin CustomMeshComponent, From C:/Program Files (x86)/Epic Games/4.13/Engine/Plugins/Runtime/CustomMeshComponent/CustomMeshComponent.uplugin
LogPluginManager: Loaded Plugin ExampleDeviceProfileSelector, From C:/Program Files (x86)/Epic Games/4.13/Engine/Plugins/Runtime/ExampleDeviceProfileSelector/ExampleDeviceProfileSelector.uplugin
LogPluginManager: Loaded Plugin GearVR, From C:/Program Files (x86)/Epic Games/4.13/Engine/Plugins/Runtime/GearVR/GearVR.uplugin
LogPluginManager: Loaded Plugin GoogleVRController, From C:/Program Files (x86)/Epic Games/4.13/Engine/Plugins/Runtime/GoogleVR/GoogleVRController/GoogleVRController.uplugin
LogPluginManager: Loaded Plugin GoogleVRHMD, From C:/Program Files (x86)/Epic Games/4.13/Engine/Plugins/Runtime/GoogleVR/GoogleVRHMD/GoogleVRHMD.uplugin
LogPluginManager: Loaded Plugin IOSDeviceProfileSelector, From C:/Program Files (x86)/Epic Games/4.13/Engine/Plugins/Runtime/IOSDeviceProfileSelector/IOSDeviceProfileSelector.uplugin
LogPluginManager: Loaded Plugin LeapMotion, From C:/Program Files (x86)/Epic Games/4.13/Engine/Plugins/Runtime/LeapMotion/LeapMotion.uplugin
LogPluginManager: Loaded Plugin LinuxDeviceProfileSelector, From C:/Program Files (x86)/Epic Games/4.13/Engine/Plugins/Runtime/LinuxDeviceProfileSelector/LinuxDeviceProfileSelector.uplugin
LogPluginManager: Loaded Plugin LiveEditorListenServer, From C:/Program Files (x86)/Epic Games/4.13/Engine/Plugins/Runtime/LiveEditorListenServer/LiveEditorListenServer.uplugin
LogPluginManager: Loaded Plugin OculusAudio, From C:/Program Files (x86)/Epic Games/4.13/Engine/Plugins/Runtime/OculusAudio/OculusAudio.uplugin
LogPluginManager: Loaded Plugin OculusInput, From C:/Program Files (x86)/Epic Games/4.13/Engine/Plugins/Runtime/OculusInput/OculusInput.uplugin
LogPluginManager: Loaded Plugin OculusLibrary, From C:/Program Files (x86)/Epic Games/4.13/Engine/Plugins/Runtime/OculusLibrary/OculusLibrary.uplugin
LogPluginManager: Loaded Plugin OculusRift, From C:/Program Files (x86)/Epic Games/4.13/Engine/Plugins/Runtime/OculusRift/OculusRift.uplugin
LogPluginManager: Loaded Plugin Oodle, From C:/Program Files (x86)/Epic Games/4.13/Engine/Plugins/Runtime/PacketHandlers/CompressionComponents/Oodle/Oodle.uplugin
LogPluginManager: Loaded Plugin ProceduralMeshComponent, From C:/Program Files (x86)/Epic Games/4.13/Engine/Plugins/Runtime/ProceduralMeshComponent/ProceduralMeshComponent.uplugin
LogPluginManager: Loaded Plugin SoundMod, From C:/Program Files (x86)/Epic Games/4.13/Engine/Plugins/Runtime/SoundMod/SoundMod.uplugin
LogPluginManager: Loaded Plugin SoundVisualizations, From C:/Program Files (x86)/Epic Games/4.13/Engine/Plugins/Runtime/SoundVisualizations/SoundVisualizations.uplugin
LogPluginManager: Loaded Plugin SteamController, From C:/Program Files (x86)/Epic Games/4.13/Engine/Plugins/Runtime/Steam/SteamController/SteamController.uplugin
LogPluginManager: Loaded Plugin SteamVR, From C:/Program Files (x86)/Epic Games/4.13/Engine/Plugins/Runtime/Steam/SteamVR/SteamVR.uplugin
LogPluginManager: Loaded Plugin WebBrowserWidget, From C:/Program Files (x86)/Epic Games/4.13/Engine/Plugins/Runtime/WebBrowserWidget/WebBrowserWidget.uplugin
LogPluginManager: Loaded Plugin WindowsDeviceProfileSelector, From C:/Program Files (x86)/Epic Games/4.13/Engine/Plugins/Runtime/WindowsDeviceProfileSelector/WindowsDeviceProfileSelector.uplugin
LogPluginManager: Loaded Plugin WindowsMoviePlayer, From C:/Program Files (x86)/Epic Games/4.13/Engine/Plugins/Runtime/WindowsMoviePlayer/WindowsMoviePlayer.uplugin
LogPluginManager: Loaded Plugin ScriptPlugin, From C:/Program Files (x86)/Epic Games/4.13/Engine/Plugins/ScriptPlugin/ScriptPlugin.uplugin
LogPluginManager: Loaded Plugin SlateRemote, From C:/Program Files (x86)/Epic Games/4.13/Engine/Plugins/Slate/SlateRemote/SlateRemote.uplugin
LogInit: Using libcurl 7.47.1
LogInit:  - built for x86_64-pc-win32
LogInit:  - supports SSL with WinSSL
LogInit:  - other features:
LogInit:      CURL_VERSION_SSL
LogInit:      CURL_VERSION_IPV6
LogInit:      CURL_VERSION_ASYNCHDNS
LogInit:      CURL_VERSION_LARGEFILE
LogInit:      CURL_VERSION_IDN
LogInit:  CurlRequestOptions (configurable via config and command line):
LogInit:  - bVerifyPeer = false  - Libcurl will NOT verify peer certificate
LogInit:  - bUseHttpProxy = false  - Libcurl will NOT use HTTP proxy
LogInit:  - bDontReuseConnections = false  - Libcurl will reuse connections
LogInit:  - CertBundlePath = nullptr  - Libcurl will use whatever was configured at build time.
LogInit: Build: ++UE4+Release-4.13-CL-3142249
LogInit: Engine Version: 4.13.1-3142249+++UE4+Release-4.13
LogInit: Compatible Engine Version: 4.13.0-3106830+++UE4+Release-4.13
LogInit: Net CL: 3142249
LogDevObjectVersion: Number of dev versions registered: 13
LogDevObjectVersion:   Dev-Blueprints (B0D832E4-1F89-4F0D-ACCF-7EB736FD4AA2): 5
LogDevObjectVersion:   Dev-Build (E1C64328-A22C-4D53-A36C-8E866417BD8C): 0
LogDevObjectVersion:   Dev-Core (375EC13C-06E4-48FB-B500-84F0262A717E): 1
LogDevObjectVersion:   Dev-Editor (E4B068ED-F494-42E9-A231-DA0B2E46BB41): 6
LogDevObjectVersion:   Dev-Framework (CFFC743F-43B0-4480-9391-14DF171D2073): 12
LogDevObjectVersion:   Dev-Mobile (B02B49B5-BB20-44E9-A304-32B752E40360): 0
LogDevObjectVersion:   Dev-Networking (A4E4105C-59A1-49B5-A7C5-40C4547EDFEE): 0
LogDevObjectVersion:   Dev-Online (39C831C9-5AE6-47DC-9A44-9C173E1C8E7C): 0
LogDevObjectVersion:   Dev-Physics (78F01B33-EBEA-4F98-B9B4-84EACCB95AA2): 0
LogDevObjectVersion:   Dev-Platform (6631380F-2D4D-43E0-8009-CF276956A95A): 0
LogDevObjectVersion:   Dev-Rendering (12F88B9F-8875-4AFC-A67C-D90C383ABD29): 4
LogDevObjectVersion:   Dev-Sequencer (7B5AE74C-D270-4C10-A958-57980B212A5A): 0
LogDevObjectVersion:   Dev-VR (D7296918-1DD6-4BDD-9DE2-64A83CC13884): 0
LogInit: Compiled (64-bit): Sep 28 2016 02:12:12
LogInit: Compiled with Visual C++: 19.00.23026.00
LogInit: Build Configuration: Development
LogInit: Branch Name: ++UE4+Release-4.13
LogInit: Command line:  
LogInit: Base directory: C:/Program Files (x86)/Epic Games/4.13/Engine/Binaries/Win64/
LogInit: Installed Engine Build: 1
LogInit: Presizing for max 8388607 objects, including 0 objects not considered by GC, pre-allocating 0 bytes for permanent pool.
LogInit: Object subsystem initialized
[2016.11.01-19.57.22:034][  0]LogInit: Selected Device Profile: [Windows]
[2016.11.01-19.57.22:034][  0]LogInit: Applying CVar settings loaded from the selected device profile: [Windows]
[2016.11.01-19.57.22:043][  0]LogInit: Computer: BSARDINHA
[2016.11.01-19.57.22:043][  0]LogInit: User: Brian
[2016.11.01-19.57.22:043][  0]LogInit: CPU Page size=65536, Cores=2
[2016.11.01-19.57.22:043][  0]LogInit: High frequency timer resolution =2.530855 MHz
[2016.11.01-19.57.22:043][  0]LogMemory: Memory total: Physical=7.9GB (8GB approx)
[2016.11.01-19.57.22:043][  0]LogMemory: Platform Memory Stats for Windows
[2016.11.01-19.57.22:043][  0]LogMemory: Process Physical Memory: 254.63 MB used, 254.63 MB peak
[2016.11.01-19.57.22:043][  0]LogMemory: Process Virtual Memory: 259.77 MB used, 259.77 MB peak
[2016.11.01-19.57.22:043][  0]LogMemory: Physical Memory: 2043.30 MB used, 8075.23 MB total
[2016.11.01-19.57.22:043][  0]LogMemory: Virtual Memory: 599.96 MB used, 134217728.00 MB total
[2016.11.01-19.57.22:083][  0]LogTextLocalizationManager: No specific translations for ('en-US') exist, so ('en') translations will be used.
[2016.11.01-19.57.22:760][  0]LogD3D11RHI: D3D11 adapters:
[2016.11.01-19.57.23:104][  0]LogD3D11RHI:    0. 'NVIDIA NVS 4200M    ' (Feature Level 11_0)
[2016.11.01-19.57.23:104][  0]LogD3D11RHI:       973/0/3071 MB DedicatedVideo/DedicatedSystem/SharedSystem, Outputs:1, VendorId:0x10de
[2016.11.01-19.57.23:122][  0]LogD3D11RHI:    1. 'NVIDIA NVS 4200M    ' (Feature Level 11_0)
[2016.11.01-19.57.23:122][  0]LogD3D11RHI:       973/0/3071 MB DedicatedVideo/DedicatedSystem/SharedSystem, Outputs:0, VendorId:0x10de
[2016.11.01-19.57.23:123][  0]LogD3D11RHI:    2. 'Microsoft Basic Render Driver' (Feature Level 11_0)
[2016.11.01-19.57.23:123][  0]LogD3D11RHI:       973/0/3071 MB DedicatedVideo/DedicatedSystem/SharedSystem, Outputs:0, VendorId:0x1414
[2016.11.01-19.57.23:124][  0]LogD3D11RHI: Chosen D3D11 Adapter: 0
[2016.11.01-19.57.23:128][  0]LogD3D11RHI: Creating new Direct3DDevice
[2016.11.01-19.57.23:128][  0]LogD3D11RHI:     GPU DeviceId: 0x1057 (for the marketing name, search the web for "GPU Device Id")
[2016.11.01-19.57.23:128][  0]LogWindows: EnumDisplayDevices:
[2016.11.01-19.57.23:128][  0]LogWindows:    0. 'Intel(R) HD Graphics 3000' (P:1 D:1)
[2016.11.01-19.57.23:128][  0]LogWindows:    1. 'Intel(R) HD Graphics 3000' (P:0 D:0)
[2016.11.01-19.57.23:128][  0]LogWindows:    2. 'NVIDIA NVS 4200M    ' (P:0 D:0)
[2016.11.01-19.57.23:128][  0]LogWindows:    3. 'NVIDIA NVS 4200M    ' (P:0 D:0)
[2016.11.01-19.57.23:129][  0]LogWindows: DebugString: PrimaryIsNotTheChoosenAdapter PrimaryIsNotTheChoosenAdapter FoundDriverCount:2 
[2016.11.01-19.57.23:129][  0]LogD3D11RHI:     Adapter Name: NVIDIA NVS 4200M    
[2016.11.01-19.57.23:129][  0]LogD3D11RHI:   Driver Version: 354.45 (internal:10.18.13.5445, unified:354.45)
[2016.11.01-19.57.23:129][  0]LogD3D11RHI:      Driver Date: 11-5-2015
[2016.11.01-19.57.23:129][  0]LogRHI: Texture pool is 681 MB (70% of 973 MB)
[2016.11.01-19.57.23:141][  0]LogD3D11RHI: Async texture creation enabled
[2016.11.01-19.57.23:160][  0]LogD3D11RHI: GPU Timing Frequency: 1000.000000 (Debug: 2 2)
[2016.11.01-19.57.23:160][  0]LogShaderCompilers: Guid format shader working directory is -44 characters bigger than the processId version (../../../../../../Users/Brian/Documents/GitHub/quad-shaped-battle-objects/CardGameProject3/Intermediate/Shaders/WorkingDirectory/8040/).
[2016.11.01-19.57.23:160][  0]LogShaderCompilers: Cleaned the shader compiler working directory 'C:/Users/Brian/AppData/Local/Temp/UnrealShaderWorkingDir/FF9A9E3E4944FE4BFB3BA4852D1C7DF2/'.
[2016.11.01-19.57.23:160][  0]LogShaderCompilers:Display: Using Local Shader Compiler.
[2016.11.01-19.57.24:299][  0]LogTemp:Display: Loaded TP AllDesktopTargetPlatform
[2016.11.01-19.57.24:310][  0]LogTemp:Display: Loaded TP WindowsClientTargetPlatform
[2016.11.01-19.57.24:321][  0]LogTemp:Display: Loaded TP WindowsNoEditorTargetPlatform
[2016.11.01-19.57.24:332][  0]LogTemp:Display: Loaded TP WindowsServerTargetPlatform
[2016.11.01-19.57.24:342][  0]LogTemp:Display: Loaded TP WindowsTargetPlatform
[2016.11.01-19.57.24:351][  0]LogTemp:Display: Loaded TP AndroidTargetPlatform
[2016.11.01-19.57.24:360][  0]LogTemp:Display: Loaded TP Android_ASTCTargetPlatform
[2016.11.01-19.57.24:369][  0]LogTemp:Display: Loaded TP Android_ATCTargetPlatform
[2016.11.01-19.57.24:378][  0]LogTemp:Display: Loaded TP Android_DXTTargetPlatform
[2016.11.01-19.57.24:387][  0]LogTemp:Display: Loaded TP Android_ETC1TargetPlatform
[2016.11.01-19.57.24:395][  0]LogTemp:Display: Loaded TP Android_ETC2TargetPlatform
[2016.11.01-19.57.24:413][  0]LogTemp:Display: Loaded TP Android_MultiTargetPlatform
[2016.11.01-19.57.24:413][  0]LogTemp:Display: Loaded TP Android_PVRTCTargetPlatform
[2016.11.01-19.57.24:415][  0]LogTemp:Display: Loaded TP HTML5TargetPlatform
[2016.11.01-19.57.24:440][  0]LogTemp:Display: Loaded TP IOSTargetPlatform
[2016.11.01-19.57.24:448][  0]LogTemp:Display: Loaded TP TVOSTargetPlatform
[2016.11.01-19.57.24:457][  0]LogTemp:Display: Loaded TP LinuxClientTargetPlatform
[2016.11.01-19.57.24:465][  0]LogTemp:Display: Loaded TP LinuxNoEditorTargetPlatform
[2016.11.01-19.57.24:474][  0]LogTemp:Display: Loaded TP LinuxServerTargetPlatform
[2016.11.01-19.57.24:484][  0]LogTemp:Display: Loaded TP LinuxTargetPlatform
[2016.11.01-19.57.24:484][  0]LogTargetPlatformManager:Display: Building Assets For Windows
[2016.11.01-19.57.24:587][  0]LogDerivedDataCache:Display: Max Cache Size: 512 MB
[2016.11.01-19.57.24:666][  0]LogDerivedDataCache: Loaded boot cache 0.08s 63MB C:/Users/Brian/AppData/Local/UnrealEngine/4.13/DerivedDataCache/Boot.ddc.
[2016.11.01-19.57.24:666][  0]LogDerivedDataCache:Display: Loaded Boot cache: C:/Users/Brian/AppData/Local/UnrealEngine/4.13/DerivedDataCache/Boot.ddc
[2016.11.01-19.57.24:666][  0]LogDerivedDataCache: FDerivedDataBackendGraph:  Pak pak cache file ../../../../../../Users/Brian/Documents/GitHub/quad-shaped-battle-objects/CardGameProject3/DerivedDataCache/DDC.ddp not found, will not use a pak cache.
[2016.11.01-19.57.24:666][  0]LogDerivedDataCache: Unable to find inner node Pak for hierarchical cache Hierarchy.
[2016.11.01-19.57.24:666][  0]LogDerivedDataCache: FDerivedDataBackendGraph:  CompressedPak pak cache file ../../../../../../Users/Brian/Documents/GitHub/quad-shaped-battle-objects/CardGameProject3/DerivedDataCache/Compressed.ddp not found, will not use a pak cache.
[2016.11.01-19.57.24:666][  0]LogDerivedDataCache: Unable to find inner node CompressedPak for hierarchical cache Hierarchy.
[2016.11.01-19.57.24:686][  0]LogDerivedDataCache:Display: Pak cache opened for reading ../../../Engine/DerivedDataCache/Compressed.ddp.
[2016.11.01-19.57.24:698][  0]LogDerivedDataCache: Using Local data cache path C:/Users/Brian/AppData/Local/UnrealEngine/Common/DerivedDataCache: Writable
[2016.11.01-19.57.24:939][  0]LogInit: Selected Device Profile: [Windows]
[2016.11.01-19.57.24:943][  0]LogContentStreaming: Texture pool size is 0.00 MB
[2016.11.01-19.57.25:051][  0]LogMeshUtilities: No automatic mesh reduction module available
[2016.11.01-19.57.25:051][  0]LogMeshUtilities: No automatic mesh merging module available
[2016.11.01-19.57.25:051][  0]LogMeshUtilities: No distributed automatic mesh merging module available
[2016.11.01-19.57.25:139][  0]LogMaterial: Uniform references updated for custom material expression Custom.
[2016.11.01-19.57.25:478][  0]LogNetVersion: GetLocalNetworkVersion: CL: 3106830, ProjectName: cardgameproject3, ProjectVersion: , EngineNetworkVersion: 1, GameNetworkVersion: 0, NetworkChecksum: 1817618479
[2016.11.01-19.57.25:519][  0]LogAssetRegistry: FAssetRegistry took 0.0219 seconds to start up
[2016.11.01-19.57.25:562][  0]LogPackageLocalizationCache: Processed 3 localized package path(s) for 2 prioritized culture(s) in 0.037724 seconds
[2016.11.01-19.57.25:569][  0]LogUObjectArray: 29780 objects as part of root set at end of initial load.
[2016.11.01-19.57.25:569][  0]LogUObjectAllocator: 6125960 out of 0 bytes used by permanent object pool.
[2016.11.01-19.57.25:569][  0]LogUObjectArray: CloseDisregardForGC: 0/0 objects in disregard for GC pool
[2016.11.01-19.57.25:577][  0]LogInit: WinSock: version 1.1 (2.2), MaxSocks=32767, MaxUdp=65467
[2016.11.01-19.57.25:850][  0]LogSlate: SlateFontCache - WITH_FREETYPE: 1, WITH_HARFBUZZ: 1
[2016.11.01-19.57.25:850][  0]LogSlate: SlateFontCache - WITH_FREETYPE: 1, WITH_HARFBUZZ: 1
[2016.11.01-19.57.26:539][  0]LogTcpMessaging: Initializing TcpMessaging bridge
[2016.11.01-19.57.26:561][  0]LogUdpMessaging: Initializing bridge on interface 0.0.0.0:0 to multicast group 230.0.0.1:6666.
[2016.11.01-19.57.26:828][  0]SourceControl: Info Source control is disabled
[2016.11.01-19.57.26:829][  0]SourceControl: Info Source control is disabled
[2016.11.01-19.57.26:842][  0]SourceControl: Info Source control is disabled
[2016.11.01-19.57.26:854][  0]SourceControl: Info Source control is disabled
[2016.11.01-19.57.26:947][  0]LogLinker:Warning: Can't find file '/Game/2DSideScrollerBP/2DSideScrollerOverview'
[2016.11.01-19.57.26:947][  0]LogLinker:Warning: Can't find file '/Game/2DSideScrollerBP/2DSideScrollerOverview'
[2016.11.01-19.57.26:947][  0]LogUObjectGlobals:Warning: Failed to find object 'Class /Game/2DSideScrollerBP/2DSideScrollerOverview.2DSideScrollerOverview_C'
[2016.11.01-19.57.27:196][  0]LogEngine: Initializing Engine...
[2016.11.01-19.57.27:197][  0]LogHMD: Failed to initialize OpenVR with code 110
[2016.11.01-19.57.27:364][  0]LogAIModule: Creating AISystem for world Untitled
[2016.11.01-19.57.27:372][  0]LogInit: XAudio2 using 'Headphones (High Definition Audio Device)' : 2 channels at 44.1 kHz using 16 bits per sample (channel mask 0x3)
[2016.11.01-19.57.27:383][  0]LogInit: FAudioDevice initialized.
[2016.11.01-19.57.27:415][  0]LogDerivedDataCache: Saved boot cache 0.03s 63MB C:/Users/Brian/AppData/Local/UnrealEngine/4.13/DerivedDataCache/Boot.ddc.
[2016.11.01-19.57.27:425][  0]LogInit: Texture streaming: Enabled
[2016.11.01-19.57.27:478][  0]LogInit: Transaction tracking system initialized
[2016.11.01-19.57.27:511][  0]BlueprintLog: New page: Editor Load
[2016.11.01-19.57.27:631][  0]LocalizationService: Info Localization service is disabled
[2016.11.01-19.57.27:737][  0]LogConsoleResponse:Display: 
[2016.11.01-19.57.27:899][  0]LogCook:Display: Max memory allowance for cook 16384mb min free memory 0mb
[2016.11.01-19.57.27:899][  0]LogCook:Display: Mobile HDR setting 1
[2016.11.01-19.57.28:135][  0]LogFileCache: Scanning file cache for directory 'C:/Users/Brian/Documents/GitHub/quad-shaped-battle-objects/CardGameProject3/Content/' took 0.01s
[2016.11.01-19.57.28:135][  0]SourceControl: Info Source control is disabled
[2016.11.01-19.57.28:135][  0]Cmd: MAP LOAD FILE="../../../Engine/Content/Maps/Templates/Template_Default.umap" TEMPLATE=1 SHOWPROGRESS=1 FEATURELEVEL=3
[2016.11.01-19.57.28:136][  0]LightingResults: New page: Lighting Build
[2016.11.01-19.57.28:139][  0]MapCheck: New page: Map Check
[2016.11.01-19.57.28:139][  0]LightingResults: New page: Lighting Build
[2016.11.01-19.57.28:565][  0]LogAIModule: Creating AISystem for world Untitled_1
[2016.11.01-19.57.28:572][  0]LogEditorServer: Finished looking for orphan Actors (0.000 secs)
[2016.11.01-19.57.28:578][  0]Cmd: MAP CHECKDEP NOCLEARLOG
[2016.11.01-19.57.28:632][  0]MapCheck: Info Map check complete: 0 Error(s), 0 Warning(s), took 53.583ms to complete.
[2016.11.01-19.57.28:632][  0]LogFileHelpers: Loading map 'Template_Default' took 0.497
[2016.11.01-19.57.28:774][  0]LogCollectionManager: Loaded 0 collections in 0.002731 seconds
[2016.11.01-19.57.28:817][  0]LogFileCache: Scanning file cache for directory 'C:/Users/Brian/Documents/GitHub/quad-shaped-battle-objects/CardGameProject3/Saved/Collections/' took 0.01s
[2016.11.01-19.57.28:817][  0]LogFileCache: Scanning file cache for directory 'C:/Users/Brian/Documents/GitHub/quad-shaped-battle-objects/CardGameProject3/Content/Developers/Brian/Collections/' took 0.01s
[2016.11.01-19.57.28:817][  0]LogFileCache: Scanning file cache for directory 'C:/Users/Brian/Documents/GitHub/quad-shaped-battle-objects/CardGameProject3/Content/Collections/' took 0.01s
[2016.11.01-19.57.28:817][  0]LogCollectionManager: Rebuilt the GUID cache for 0 collections in 0.000004 seconds
[2016.11.01-19.57.28:832][  0]LogContentBrowser: Native class hierarchy populated in 0.0144 seconds. Added 2141 classes and 415 folders.
[2016.11.01-19.57.28:836][  0]LogStats: UGameplayTagsManager::ConstructGameplayTagTree: Construct from data asset -  0.000 s
[2016.11.01-19.57.28:836][  0]LogStats: UGameplayTagsManager::ConstructGameplayTagTree: GameplayTagTreeChangedEvent.Broadcast -  0.000 s
[2016.11.01-19.57.28:837][  0]LogContentBrowser: Native class hierarchy updated for 'GameplayTags' in 0.0006 seconds. Added 12 classes and 0 folders.
[2016.11.01-19.57.28:844][  0]LogContentBrowser: Native class hierarchy updated for 'WidgetCarousel' in 0.0007 seconds. Added 0 classes and 0 folders.
[2016.11.01-19.57.28:890][  0]LogContentBrowser: Native class hierarchy updated for 'AddContentDialog' in 0.0005 seconds. Added 0 classes and 0 folders.
[2016.11.01-19.57.28:897][  0]LogContentBrowser: Native class hierarchy updated for 'SceneOutliner' in 0.0006 seconds. Added 1 classes and 2 folders.
[2016.11.01-19.57.28:952][  0]LogCrashTracker: Crashtracker disabled due to settings.
[2016.11.01-19.57.28:958][  0]LogUObjectGlobals:Warning: Failed to find object 'Class None.'
[2016.11.01-19.57.28:989][  0]LogContentBrowser: Native class hierarchy updated for 'HierarchicalLODOutliner' in 0.0008 seconds. Added 1 classes and 2 folders.
[2016.11.01-19.57.28:989][  0]LogLoad: (Engine Initialization) Total time: 7.88 seconds
[2016.11.01-19.57.28:989][  0]LogLoad: (Engine Initialization) Total Blueprint compile time: 0.08 seconds
[2016.11.01-19.57.28:989][  0]LogExternalProfiler: Found external profiler: VSPerf
[2016.11.01-19.57.28:989][  0]LogExternalProfiler: Using external profiler: VSPerf
[2016.11.01-19.57.29:007][  0]LogOcInput: OculusInput pre-init called
[2016.11.01-19.57.29:028][  0]LogContentStreaming: Texture pool size now 800 MB
[2016.11.01-19.57.29:251][  0]LogRenderer: Reallocating scene render targets to support 1004x504 (Frame:2).
[2016.11.01-19.57.29:449][  2]LogAssetRegistry: Asset discovery search completed in 3.9531 seconds
[2016.11.01-19.57.29:449][  2]LogCollectionManager: Rebuilt the object cache for 0 collections in 0.000001 seconds (found 0 objects)
[2016.11.01-19.57.29:449][  2]LogCollectionManager: Fixed up redirectors for 0 collections in 0.000030 seconds (updated 0 objects)
[2016.11.01-19.57.32:066][ 83]LogAIModule: Creating AISystem for world BasicLevel
[2016.11.01-19.57.32:115][ 83]Cmd: MAP LOAD FILE="../../../../../../Users/Brian/Documents/GitHub/quad-shaped-battle-objects/CardGameProject3/Content/Levels/BasicLevel.umap" TEMPLATE=0 SHOWPROGRESS=1 FEATURELEVEL=3
[2016.11.01-19.57.32:115][ 83]LightingResults: New page: Lighting Build
[2016.11.01-19.57.32:115][ 83]LoadErrors: New page: Loading map: BasicLevel.umap
[2016.11.01-19.57.32:116][ 83]MapCheck: New page: Map Check
[2016.11.01-19.57.32:116][ 83]LightingResults: New page: Lighting Build
[2016.11.01-19.57.32:190][ 83]LogEditorServer: Finished looking for orphan Actors (0.000 secs)
[2016.11.01-19.57.32:210][ 83]Cmd: MAP CHECKDEP NOCLEARLOG
[2016.11.01-19.57.32:271][ 83]MapCheck: Info Map check complete: 0 Error(s), 0 Warning(s), took 60.841ms to complete.
[2016.11.01-19.57.32:273][ 83]LogFileHelpers: Loading map 'BasicLevel' took 0.160
[2016.11.01-19.57.37:998][198]LogEditorViewport: Clicking on Actor (LMB): Card_C (Card8)
[2016.11.01-19.57.44:511][316]LogSavePackage: Save=38.62ms
[2016.11.01-19.57.44:511][316]LogSavePackage: Moving '../../../../../../Users/Brian/Documents/GitHub/quad-shaped-battle-objects/CardGameProject3/Saved/BasicLevelC18AE6404B5F0842ABC01CBCFDB9EDAA.tmp' to '../../../../../../Users/Brian/Documents/GitHub/quad-shaped-battle-objects/CardGameProject3/Content/Levels/BasicLevel.umap'
[2016.11.01-19.57.44:515][316]LogSavePackage:Display: Finished SavePackage ../../../../../../Users/Brian/Documents/GitHub/quad-shaped-battle-objects/CardGameProject3/Content/Levels/BasicLevel.umap
[2016.11.01-19.57.44:536][316]LogFileHelpers: Saving map 'BasicLevel' took 0.147
[2016.11.01-19.57.49:412][391]LogContentBrowser: Native class hierarchy updated for 'BlueprintGraph' in 0.0010 seconds. Added 112 classes and 0 folders.
[2016.11.01-19.57.52:471][517]LogRenderer: Reallocating scene render targets to support 1004x568 (Frame:392).
[2016.11.01-19.58.55:952][386]LogEditorViewport: Clicking on Actor (LMB): StaticMeshActor (Cube)
[2016.11.01-19.58.56:468][393]LogEditorViewport: Clicking on Actor (LMB): StaticMeshActor (Cube)
[2016.11.01-19.58.57:163][406]LogEditorViewport: Clicking on Actor (LMB): Card_C (Card8)
[2016.11.01-19.59.02:857][559]MapCheck: New page: Map Check
[2016.11.01-19.59.02:883][559]LightingResults: New page: Lighting Build - Nov 1, 2016, 10:59:02 AM
[2016.11.01-19.59.02:940][559]LogSwarmInterface: [OpenConnection] Registering TCP channel ...
[2016.11.01-19.59.02:985][559]LogSwarmInterface: [OpenConnection] Connecting to agent ...
[2016.11.01-19.59.02:998][559]LogSwarmInterface: [TryOpenConnection] Testing the Agent
[2016.11.01-19.59.03:508][559]LogSwarmInterface: [TryOpenConnection] Opening Connection to Agent
[2016.11.01-19.59.03:508][559]LogSwarmInterface: [TryOpenConnection] Local Process ID is 8040
[2016.11.01-19.59.05:808][559]LogStaticLightingSystem:Warning: No importance volume found, so the scene bounding box was used.  You can optimize your scene's quality and lighting build times by adding importance volumes.
[2016.11.01-19.59.05:808][559]LogStaticLightingSystem: Running Lightmass w/ ImmediateImport mode ENABLED
[2016.11.01-19.59.05:808][559]LogStaticLightingSystem: Running Lightmass w/ ImmediateProcess mode ENABLED
[2016.11.01-19.59.05:808][559]LogStaticLightingSystem: Running Lightmass w/ Sorting mode ENABLED
[2016.11.01-19.59.05:808][559]LogStaticLightingSystem: Running Lightmass w/ Mapping paddings ENABLED
[2016.11.01-19.59.05:808][559]LogStaticLightingSystem: Running Lightmass w/ Mapping debug paddings DISABLED
[2016.11.01-19.59.05:942][559]LogEditorBuildUtils: Build time 0:03
[2016.11.01-19.59.05:948][559]LogMaterial: Missing cached shader map for material FLightmassMaterialRenderer TableMat, compiling. 
[2016.11.01-19.59.05:957][559]LogMaterial: Missing cached shader map for material FLightmassMaterialRenderer TableMat, compiling. 
[2016.11.01-19.59.05:978][560]LogMaterial: Missing cached shader map for material FLightmassMaterialRenderer BoardMat, compiling. 
[2016.11.01-19.59.05:985][560]LogMaterial: Missing cached shader map for material FLightmassMaterialRenderer BoardMat, compiling. 
[2016.11.01-19.59.09:187][583]Job is a success!
[2016.11.01-19.59.09:470][584]LogTexture:Display: Building textures: HQ_Lightmap1_1 (AutoDXT)
[2016.11.01-19.59.09:470][584]LogTexture:Display: Building textures: LQ_Lightmap_1_1 (DXT1)
[2016.11.01-19.59.09:470][584]LogTexture:Display: Building textures: ShadowMapTexture2D_0 (BGRA8)
[2016.11.01-19.59.09:516][584]Lightmass on BSARDINHA: 829 ms total, 90 ms importing, 8 ms setup, 128 ms photons, 566 ms processing, 0 ms extra exporting [2/2 mappings]. Threads: 2.22 sec total, 396 ms processing.
[2016.11.01-19.59.09:597][584]LogStaticLightingSystem: Illumination: 6.57 sec (42 ms encoding lightmaps, 16 ms encoding shadowmaps)
[2016.11.01-19.59.09:597][584]LogStaticLightingSystem: Lightmap texture memory:  0.1 MB (0.1 MB streaming, 0.0 MB non-streaming), 2 textures
[2016.11.01-19.59.09:597][584]LogStaticLightingSystem: Shadowmap texture memory: 0.2 MB (0.2 MB streaming, 0.0 MB non-streaming), 1 textures
[2016.11.01-19.59.09:847][585]Cmd: MAP CHECK NOTIFYRESULTS
[2016.11.01-19.59.09:847][585]MapCheck: New page: BasicLevel - Nov 1, 2016, 10:59:09 AM
[2016.11.01-19.59.09:932][585]MapCheck: Info Map check complete: 0 Error(s), 0 Warning(s), took 85.079ms to complete.
[2016.11.01-19.59.11:582][630]LogEditorViewport: Clicking Background
[2016.11.01-19.59.21:620][832]LogEditorViewport: Clicking on Actor (LMB): Card_C (Card8)
[2016.11.01-19.59.26:243][905]LogEditorViewport: Clicking on Actor (LMB): StaticMeshActor (Cube)
[2016.11.01-19.59.40:533][172]LogEditorViewport: Clicking on Actor (LMB): StaticMeshActor (Floor)
[2016.11.01-19.59.41:888][198]LogEditorViewport: Clicking Background
[2016.11.01-20.00.17:663][936]LogRenderer: Reallocating scene render targets to support 1004x572 (Frame:4159).
[2016.11.01-20.00.19:259][989]LogRenderer: Reallocating scene render targets to support 1004x588 (Frame:4205).
[2016.11.01-20.00.27:255][150]LogEditorViewport: Clicking on Actor (LMB): StaticMeshActor (Cube)
[2016.11.01-20.00.28:746][168]LogRenderer: Reallocating scene render targets to support 1044x588 (Frame:4423).
[2016.11.01-20.00.28:864][168]LogRenderer: Reallocating scene render targets to support 1116x588 (Frame:4424).
[2016.11.01-20.00.28:992][168]LogRenderer: Reallocating scene render targets to support 1204x588 (Frame:4425).
[2016.11.01-20.00.29:128][168]LogRenderer: Reallocating scene render targets to support 1244x588 (Frame:4426).
[2016.11.01-20.00.32:258][208]LogEditorViewport: Clicking Background
[2016.11.01-20.00.36:258][264]LogRenderer: Reallocating scene render targets to support 1244x600 (Frame:4534).
[2016.11.01-20.00.36:385][264]LogRenderer: Reallocating scene render targets to support 1244x652 (Frame:4535).
[2016.11.01-20.00.36:527][264]LogRenderer: Reallocating scene render targets to support 1244x660 (Frame:4536).
[2016.11.01-20.00.36:670][264]LogRenderer: Reallocating scene render targets to support 1244x680 (Frame:4537).
[2016.11.01-20.00.36:814][264]LogRenderer: Reallocating scene render targets to support 1244x700 (Frame:4538).
[2016.11.01-20.00.36:950][264]LogRenderer: Reallocating scene render targets to support 1244x704 (Frame:4539).
[2016.11.01-20.00.37:263][264]LogRenderer: Reallocating scene render targets to support 1244x816 (Frame:4540).
[2016.11.01-20.00.39:299][285]LogRenderer: Reallocating scene render targets to support 1444x816 (Frame:4563).
[2016.11.01-20.00.39:459][285]LogRenderer: Reallocating scene render targets to support 1580x816 (Frame:4564).
[2016.11.01-20.00.50:706][385]LogEditorViewport: Clicking on Actor (LMB): Card_C (Card8)
[2016.11.01-20.01.22:838][770]LogEditorViewport: Clicking on Actor (context menu): StaticMeshActor (Cube)
[2016.11.01-20.01.24:121][822]LogEditorViewport: Clicking on Actor (LMB): StaticMeshActor (Cube)
[2016.11.01-20.01.31:325][949]LogEditorViewport: Clicking on Actor (LMB): Card_C (Card8)
[2016.11.01-20.02.33:604][297]LogSavePackage: Save=41.30ms
[2016.11.01-20.02.33:604][297]LogSavePackage: Moving '../../../../../../Users/Brian/Documents/GitHub/quad-shaped-battle-objects/CardGameProject3/Saved/BasicLevel522D5F574CAB62A0AD0393AA6D5CA4D3.tmp' to '../../../../../../Users/Brian/Documents/GitHub/quad-shaped-battle-objects/CardGameProject3/Content/Levels/BasicLevel.umap'
[2016.11.01-20.02.33:608][297]LogSavePackage:Display: Finished SavePackage ../../../../../../Users/Brian/Documents/GitHub/quad-shaped-battle-objects/CardGameProject3/Content/Levels/BasicLevel.umap
[2016.11.01-20.02.33:644][297]LogFileHelpers: Saving map 'BasicLevel' took 0.187
[2016.11.01-20.02.38:016][406]LogEditorViewport: Clicking on Actor (LMB): StaticMeshActor (Floor)
[2016.11.01-20.18.35:166][403]LogSavePackage: Save=57.28ms
[2016.11.01-20.18.35:167][403]LogSavePackage: Moving '../../../../../../Users/Brian/Documents/GitHub/quad-shaped-battle-objects/CardGameProject3/Saved/BasicLevel620DAE794A8CBECC814B6AAF09D06FEE.tmp' to '../../../../../../Users/Brian/Documents/GitHub/quad-shaped-battle-objects/CardGameProject3/Content/Levels/BasicLevel.umap'
[2016.11.01-20.18.35:171][403]LogSavePackage:Display: Finished SavePackage ../../../../../../Users/Brian/Documents/GitHub/quad-shaped-battle-objects/CardGameProject3/Content/Levels/BasicLevel.umap
[2016.11.01-20.18.35:212][403]LogFileHelpers: Saving map 'BasicLevel' took 0.218
[2016.11.01-20.18.35:247][403]Cmd: OBJ SAVEPACKAGE PACKAGE="/Game/Blueprints/Card" FILE="../../../../../../Users/Brian/Documents/GitHub/quad-shaped-battle-objects/CardGameProject3/Content/Blueprints/Card.uasset" SILENT=true
[2016.11.01-20.18.35:287][403]LogSavePackage: Save=28.51ms
[2016.11.01-20.18.35:287][403]LogSavePackage: Moving '../../../../../../Users/Brian/Documents/GitHub/quad-shaped-battle-objects/CardGameProject3/Saved/Card7EEE8BA94C9A7BAD936A3EBFD5D8BC9D.tmp' to '../../../../../../Users/Brian/Documents/GitHub/quad-shaped-battle-objects/CardGameProject3/Content/Blueprints/Card.uasset'
[2016.11.01-20.18.35:291][403]LogSavePackage:Display: Finished SavePackage ../../../../../../Users/Brian/Documents/GitHub/quad-shaped-battle-objects/CardGameProject3/Content/Blueprints/Card.uasset
[2016.11.01-20.19.31:588][794]LogSavePackage: Save=43.35ms
[2016.11.01-20.19.31:588][794]LogSavePackage: Moving '../../../../../../Users/Brian/Documents/GitHub/quad-shaped-battle-objects/CardGameProject3/Saved/BasicLevel0C6CDC1D48FC086F07EABE850F108560.tmp' to '../../../../../../Users/Brian/Documents/GitHub/quad-shaped-battle-objects/CardGameProject3/Content/Levels/BasicLevel.umap'
[2016.11.01-20.19.31:593][794]LogSavePackage:Display: Finished SavePackage ../../../../../../Users/Brian/Documents/GitHub/quad-shaped-battle-objects/CardGameProject3/Content/Levels/BasicLevel.umap
[2016.11.01-20.19.31:621][794]LogFileHelpers: Saving map 'BasicLevel' took 0.177
[2016.11.01-20.19.31:660][794]Cmd: OBJ SAVEPACKAGE PACKAGE="/Game/Blueprints/Card" FILE="../../../../../../Users/Brian/Documents/GitHub/quad-shaped-battle-objects/CardGameProject3/Content/Blueprints/Card.uasset" SILENT=true
[2016.11.01-20.19.31:699][794]LogSavePackage: Save=27.39ms
[2016.11.01-20.19.31:699][794]LogSavePackage: Moving '../../../../../../Users/Brian/Documents/GitHub/quad-shaped-battle-objects/CardGameProject3/Saved/Card40220B6A494EA72E433F58AE21A46C65.tmp' to '../../../../../../Users/Brian/Documents/GitHub/quad-shaped-battle-objects/CardGameProject3/Content/Blueprints/Card.uasset'
[2016.11.01-20.19.31:703][794]LogSavePackage:Display: Finished SavePackage ../../../../../../Users/Brian/Documents/GitHub/quad-shaped-battle-objects/CardGameProject3/Content/Blueprints/Card.uasset
[2016.11.01-20.19.34:050][836]LogEditorViewport: Clicking on Actor (LMB): Card_C (Card8)
[2016.11.01-20.19.37:517][898]LogEditorViewport: Clicking on Actor (LMB): Card_C (Card8)
[2016.11.01-20.19.38:655][919]LogEditorViewport: Clicking on Actor (LMB): Card_C (Card8)
[2016.11.01-20.19.39:478][934]LogEditorViewport: Clicking on Actor (LMB): Card_C (Card8)
[2016.11.01-20.20.45:216][ 31]LogSavePackage: Save=37.38ms
[2016.11.01-20.20.45:216][ 31]LogSavePackage: Moving '../../../../../../Users/Brian/Documents/GitHub/quad-shaped-battle-objects/CardGameProject3/Saved/BasicLevelAFB1BD8F43564C38C7379495E3A2A464.tmp' to '../../../../../../Users/Brian/Documents/GitHub/quad-shaped-battle-objects/CardGameProject3/Content/Levels/BasicLevel.umap'
[2016.11.01-20.20.45:220][ 31]LogSavePackage:Display: Finished SavePackage ../../../../../../Users/Brian/Documents/GitHub/quad-shaped-battle-objects/CardGameProject3/Content/Levels/BasicLevel.umap
[2016.11.01-20.20.45:248][ 31]LogFileHelpers: Saving map 'BasicLevel' took 0.172
[2016.11.01-20.21.16:474][980]LogSavePackage: Save=46.78ms
[2016.11.01-20.21.16:474][980]LogSavePackage: Moving '../../../../../../Users/Brian/Documents/GitHub/quad-shaped-battle-objects/CardGameProject3/Saved/BasicLevel86A952AE4A21536F683D09B680F5EB67.tmp' to '../../../../../../Users/Brian/Documents/GitHub/quad-shaped-battle-objects/CardGameProject3/Content/Levels/BasicLevel.umap'
[2016.11.01-20.21.16:478][980]LogSavePackage:Display: Finished SavePackage ../../../../../../Users/Brian/Documents/GitHub/quad-shaped-battle-objects/CardGameProject3/Content/Levels/BasicLevel.umap
[2016.11.01-20.21.16:504][980]LogFileHelpers: Saving map 'BasicLevel' took 0.177
[2016.11.01-20.21.16:540][980]Cmd: OBJ SAVEPACKAGE PACKAGE="/Game/Blueprints/Card" FILE="../../../../../../Users/Brian/Documents/GitHub/quad-shaped-battle-objects/CardGameProject3/Content/Blueprints/Card.uasset" SILENT=true
[2016.11.01-20.21.16:585][980]LogSavePackage: Save=31.49ms
[2016.11.01-20.21.16:585][980]LogSavePackage: Moving '../../../../../../Users/Brian/Documents/GitHub/quad-shaped-battle-objects/CardGameProject3/Saved/CardB187D2CB482D0172AB052FABE5D70AB1.tmp' to '../../../../../../Users/Brian/Documents/GitHub/quad-shaped-battle-objects/CardGameProject3/Content/Blueprints/Card.uasset'
[2016.11.01-20.21.16:589][980]LogSavePackage:Display: Finished SavePackage ../../../../../../Users/Brian/Documents/GitHub/quad-shaped-battle-objects/CardGameProject3/Content/Blueprints/Card.uasset
[2016.11.01-20.21.17:838][  7]LogEditorViewport: Clicking on Actor (LMB): StaticMeshActor (Cube)
[2016.11.01-20.23.04:621][ 24]LogSavePackage: Save=37.15ms
[2016.11.01-20.23.04:621][ 24]LogSavePackage: Moving '../../../../../../Users/Brian/Documents/GitHub/quad-shaped-battle-objects/CardGameProject3/Saved/BasicLevel57BFBDAE4C4B175CF11D3DA6A7876D00.tmp' to '../../../../../../Users/Brian/Documents/GitHub/quad-shaped-battle-objects/CardGameProject3/Content/Levels/BasicLevel.umap'
[2016.11.01-20.23.04:624][ 24]LogSavePackage:Display: Finished SavePackage ../../../../../../Users/Brian/Documents/GitHub/quad-shaped-battle-objects/CardGameProject3/Content/Levels/BasicLevel.umap
[2016.11.01-20.23.04:648][ 24]LogFileHelpers: Saving map 'BasicLevel' took 0.162
[2016.11.01-20.23.04:681][ 24]Cmd: OBJ SAVEPACKAGE PACKAGE="/Game/Blueprints/Card" FILE="../../../../../../Users/Brian/Documents/GitHub/quad-shaped-battle-objects/CardGameProject3/Content/Blueprints/Card.uasset" SILENT=true
[2016.11.01-20.23.04:713][ 24]LogSavePackage: Save=22.49ms
[2016.11.01-20.23.04:713][ 24]LogSavePackage: Moving '../../../../../../Users/Brian/Documents/GitHub/quad-shaped-battle-objects/CardGameProject3/Saved/Card8527B5164DC2FF840B7E8584CEA47980.tmp' to '../../../../../../Users/Brian/Documents/GitHub/quad-shaped-battle-objects/CardGameProject3/Content/Blueprints/Card.uasset'
[2016.11.01-20.23.04:718][ 24]LogSavePackage:Display: Finished SavePackage ../../../../../../Users/Brian/Documents/GitHub/quad-shaped-battle-objects/CardGameProject3/Content/Blueprints/Card.uasset
[2016.11.01-20.23.32:470][454]LogSavePackage: Save=36.35ms
[2016.11.01-20.23.32:470][454]LogSavePackage: Moving '../../../../../../Users/Brian/Documents/GitHub/quad-shaped-battle-objects/CardGameProject3/Saved/BasicLevel8AC801BB49A2F61E644A2BBBC3A9B973.tmp' to '../../../../../../Users/Brian/Documents/GitHub/quad-shaped-battle-objects/CardGameProject3/Content/Levels/BasicLevel.umap'
[2016.11.01-20.23.32:474][454]LogSavePackage:Display: Finished SavePackage ../../../../../../Users/Brian/Documents/GitHub/quad-shaped-battle-objects/CardGameProject3/Content/Levels/BasicLevel.umap
[2016.11.01-20.23.32:495][454]LogFileHelpers: Saving map 'BasicLevel' took 0.155
[2016.11.01-20.23.32:530][454]Cmd: OBJ SAVEPACKAGE PACKAGE="/Game/Blueprints/Card" FILE="../../../../../../Users/Brian/Documents/GitHub/quad-shaped-battle-objects/CardGameProject3/Content/Blueprints/Card.uasset" SILENT=true
[2016.11.01-20.23.32:565][454]LogSavePackage: Save=24.71ms
[2016.11.01-20.23.32:565][454]LogSavePackage: Moving '../../../../../../Users/Brian/Documents/GitHub/quad-shaped-battle-objects/CardGameProject3/Saved/Card18C957444765BEBB40960BAB14175430.tmp' to '../../../../../../Users/Brian/Documents/GitHub/quad-shaped-battle-objects/CardGameProject3/Content/Blueprints/Card.uasset'
[2016.11.01-20.23.32:569][454]LogSavePackage:Display: Finished SavePackage ../../../../../../Users/Brian/Documents/GitHub/quad-shaped-battle-objects/CardGameProject3/Content/Blueprints/Card.uasset
[2016.11.01-20.23.34:262][492]LogEditorViewport: Clicking on Actor (LMB): StaticMeshActor (Cube)
[2016.11.01-20.23.35:139][508]LogEditorViewport: Clicking on Actor (LMB): StaticMeshActor (Floor)
[2016.11.01-20.24.47:413][409]LogWindowsTextInputMethodSystem:Display: IME system now deactivated.
[2016.11.01-20.24.47:665][410]Cmd: QUIT_EDITOR
[2016.11.01-20.24.47:773][410]LogExit: Preparing to exit.
[2016.11.01-20.24.48:470][410]LogDirectoryWatcher: A directory notification for 'C:/Users/Brian/Documents/GitHub/quad-shaped-battle-objects/CardGameProject3/Content/' was aborted.
[2016.11.01-20.24.48:512][410]LogExit: Editor shut down
[2016.11.01-20.24.48:512][410]LogExit: Transaction tracking system shut down
[2016.11.01-20.24.48:705][410]LogObj: Freed 0b from 0 cluster array pools.
[2016.11.01-20.24.48:705][410]LogExit: Object subsystem successfully closed.
[2016.11.01-20.24.48:726][410]LogD3D11RHI: Shutdown
[2016.11.01-20.24.48:726][410]LogD3D11RHI: CleanupD3DDevice
[2016.11.01-20.24.48:802][410]LogD3D11RHI: ~FD3D11DynamicRHI
[2016.11.01-20.24.48:821][410]LogModuleManager: Shutting down and abandoning module BlueprintGraph (235)
[2016.11.01-20.24.48:821][410]LogModuleManager: Shutting down and abandoning module BlueprintProfiler (234)
[2016.11.01-20.24.48:821][410]LogModuleManager: Shutting down and abandoning module HierarchicalLODOutliner (233)
[2016.11.01-20.24.48:821][410]LogModuleManager: Shutting down and abandoning module CrashTracker (232)
[2016.11.01-20.24.48:821][410]LogModuleManager: Shutting down and abandoning module SceneOutliner (231)
[2016.11.01-20.24.48:821][410]LogModuleManager: Shutting down and abandoning module WidgetCarousel (230)
[2016.11.01-20.24.48:822][410]LogModuleManager: Shutting down and abandoning module AddContentDialog (229)
[2016.11.01-20.24.48:822][410]LogDirectoryWatcher: A directory notification for 'C:/Program Files (x86)/Epic Games/4.13/FeaturePacks/' was aborted.
[2016.11.01-20.24.48:823][410]LogModuleManager: Shutting down and abandoning module GameplayTags (228)
[2016.11.01-20.24.48:823][410]LogModuleManager: Shutting down and abandoning module EditorWidgets (227)
[2016.11.01-20.24.48:823][410]LogModuleManager: Shutting down and abandoning module CollectionManager (226)
[2016.11.01-20.24.48:823][410]LogDirectoryWatcher: A directory notification for 'C:/Users/Brian/Documents/GitHub/quad-shaped-battle-objects/CardGameProject3/Content/Collections/' was aborted.
[2016.11.01-20.24.48:823][410]LogDirectoryWatcher: A directory notification for 'C:/Users/Brian/Documents/GitHub/quad-shaped-battle-objects/CardGameProject3/Content/Developers/Brian/Collections/' was aborted.
[2016.11.01-20.24.48:823][410]LogDirectoryWatcher: A directory notification for 'C:/Users/Brian/Documents/GitHub/quad-shaped-battle-objects/CardGameProject3/Saved/Collections/' was aborted.
[2016.11.01-20.24.48:823][410]LogModuleManager: Shutting down and abandoning module StatsViewer (225)
[2016.11.01-20.24.48:823][410]LogModuleManager: Shutting down and abandoning module FoliageEdit (224)
[2016.11.01-20.24.48:823][410]LogModuleManager: Shutting down and abandoning module LandscapeEditor (223)
[2016.11.01-20.24.48:824][410]LogModuleManager: Shutting down and abandoning module SceneDepthPickerMode (222)
[2016.11.01-20.24.48:824][410]LogModuleManager: Shutting down and abandoning module ActorPickerMode (221)
[2016.11.01-20.24.48:824][410]LogModuleManager: Shutting down and abandoning module GeometryMode (220)
[2016.11.01-20.24.48:824][410]LogModuleManager: Shutting down and abandoning module TextureAlignMode (219)
[2016.11.01-20.24.48:824][410]LogModuleManager: Shutting down and abandoning module BspMode (218)
[2016.11.01-20.24.48:824][410]LogModuleManager: Shutting down and abandoning module HardwareSurvey (217)
[2016.11.01-20.24.48:824][410]LogModuleManager: Shutting down and abandoning module SequenceRecorderSections (216)
[2016.11.01-20.24.48:824][410]LogModuleManager: Shutting down and abandoning module SequenceRecorder (215)
[2016.11.01-20.24.48:824][410]LogModuleManager: Shutting down and abandoning module AutomationWorker (214)
[2016.11.01-20.24.48:824][410]LogModuleManager: Shutting down and abandoning module MatineeToLevelSequence (213)
[2016.11.01-20.24.48:824][410]LogModuleManager: Shutting down and abandoning module PlacementMode (212)
[2016.11.01-20.24.48:824][410]LogModuleManager: Shutting down and abandoning module LevelSequenceEditor (211)
[2016.11.01-20.24.48:824][410]LogModuleManager: Shutting down and abandoning module WmfMediaFactory (210)
[2016.11.01-20.24.48:824][410]LogModuleManager: Shutting down and abandoning module WmfMediaEditor (209)
[2016.11.01-20.24.48:824][410]LogModuleManager: Shutting down and abandoning module AvfMediaFactory (208)
[2016.11.01-20.24.48:824][410]LogModuleManager: Shutting down and abandoning module AvfMediaEditor (207)
[2016.11.01-20.24.48:824][410]LogModuleManager: Shutting down and abandoning module Media (206)
[2016.11.01-20.24.48:824][410]LogModuleManager: Shutting down and abandoning module AndroidMediaFactory (205)
[2016.11.01-20.24.48:824][410]LogModuleManager: Shutting down and abandoning module AndroidMediaEditor (204)
[2016.11.01-20.24.48:824][410]LogModuleManager: Shutting down and abandoning module CharacterAI (203)
[2016.11.01-20.24.48:824][410]LogModuleManager: Shutting down and abandoning module SmartSnapping (202)
[2016.11.01-20.24.48:824][410]LogModuleManager: Shutting down and abandoning module SessionServices (201)
[2016.11.01-20.24.48:824][410]LogModuleManager: Shutting down and abandoning module ViewportSnapping (200)
[2016.11.01-20.24.48:824][410]LogModuleManager: Shutting down and abandoning module ViewportInteraction (199)
[2016.11.01-20.24.48:824][410]LogModuleManager: Shutting down and abandoning module LogVisualizer (198)
[2016.11.01-20.24.48:824][410]LogModuleManager: Shutting down and abandoning module GameProjectGeneration (197)
[2016.11.01-20.24.48:824][410]LogModuleManager: Shutting down and abandoning module IntroTutorials (196)
[2016.11.01-20.24.48:824][410]LogModuleManager: Shutting down and abandoning module EditorLiveStreaming (195)
[2016.11.01-20.24.48:824][410]LogModuleManager: Shutting down and abandoning module IOSPlatformEditor (194)
[2016.11.01-20.24.48:825][410]LogModuleManager: Shutting down and abandoning module HTML5PlatformEditor (193)
[2016.11.01-20.24.48:825][410]LogModuleManager: Shutting down and abandoning module AndroidDeviceDetection (192)
[2016.11.01-20.24.49:505][410]LogModuleManager: Shutting down and abandoning module AndroidPlatformEditor (191)
[2016.11.01-20.24.49:505][410]LogModuleManager: Shutting down and abandoning module IOSRuntimeSettings (190)
[2016.11.01-20.24.49:505][410]LogModuleManager: Shutting down and abandoning module AndroidRuntimeSettings (189)
[2016.11.01-20.24.49:505][410]LogModuleManager: Shutting down and abandoning module NiagaraEditor (188)
[2016.11.01-20.24.49:505][410]LogModuleManager: Shutting down and abandoning module MergeActors (187)
[2016.11.01-20.24.49:505][410]LogModuleManager: Shutting down and abandoning module SizeMap (186)
[2016.11.01-20.24.49:505][410]LogModuleManager: Shutting down and abandoning module TreeMap (185)
[2016.11.01-20.24.49:505][410]LogModuleManager: Shutting down and abandoning module ReferenceViewer (184)
[2016.11.01-20.24.49:505][410]LogModuleManager: Shutting down and abandoning module LocalizationService (183)
[2016.11.01-20.24.49:505][410]LogModuleManager: Shutting down and abandoning module LocalizationDashboard (182)
[2016.11.01-20.24.49:505][410]LogModuleManager: Shutting down and abandoning module HardwareTargeting (181)
[2016.11.01-20.24.49:506][410]LogModuleManager: Shutting down and abandoning module DeviceProfileEditor (180)
[2016.11.01-20.24.49:506][410]LogModuleManager: Shutting down and abandoning module UndoHistory (179)
[2016.11.01-20.24.49:506][410]LogModuleManager: Shutting down and abandoning module UserFeedback (178)
[2016.11.01-20.24.49:506][410]LogModuleManager: Shutting down and abandoning module XmlParser (177)
[2016.11.01-20.24.49:506][410]LogModuleManager: Shutting down and abandoning module Blutility (176)
[2016.11.01-20.24.49:506][410]LogModuleManager: Shutting down and abandoning module ProjectTargetPlatformEditor (175)
[2016.11.01-20.24.49:506][410]LogModuleManager: Shutting down and abandoning module ProjectSettingsViewer (174)
[2016.11.01-20.24.49:506][410]LogModuleManager: Shutting down and abandoning module InputBindingEditor (173)
[2016.11.01-20.24.49:506][410]LogModuleManager: Shutting down and abandoning module EditorSettingsViewer (172)
[2016.11.01-20.24.49:506][410]LogModuleManager: Shutting down and abandoning module SettingsEditor (171)
[2016.11.01-20.24.49:506][410]LogModuleManager: Shutting down and abandoning module ProjectLauncher (170)
[2016.11.01-20.24.49:506][410]LogModuleManager: Shutting down and abandoning module SessionFrontend (169)
[2016.11.01-20.24.49:506][410]LogModuleManager: Shutting down and abandoning module ProfilerClient (168)
[2016.11.01-20.24.49:506][410]LogModuleManager: Shutting down and abandoning module TargetDeviceServices (167)
[2016.11.01-20.24.49:506][410]LogModuleManager: Shutting down and abandoning module DeviceManager (166)
[2016.11.01-20.24.49:550][410]LogModuleManager: Shutting down and abandoning module AutomationController (165)
[2016.11.01-20.24.49:550][410]LogModuleManager: Shutting down and abandoning module AutomationWindow (164)
[2016.11.01-20.24.49:550][410]LogModuleManager: Shutting down and abandoning module Layers (163)
[2016.11.01-20.24.49:550][410]LogModuleManager: Shutting down and abandoning module ComponentVisualizers (162)
[2016.11.01-20.24.49:550][410]LogModuleManager: Shutting down and abandoning module DetailCustomizations (161)
[2016.11.01-20.24.49:550][410]LogModuleManager: Shutting down and abandoning module PackagesDialog (160)
[2016.11.01-20.24.49:550][410]LogModuleManager: Shutting down and abandoning module AnimGraph (159)
[2016.11.01-20.24.49:550][410]LogModuleManager: Shutting down and abandoning module Persona (158)
[2016.11.01-20.24.49:550][410]LogModuleManager: Shutting down and abandoning module Kismet (157)
[2016.11.01-20.24.49:555][410]LogModuleManager: Shutting down and abandoning module GraphEditor (156)
[2016.11.01-20.24.49:555][410]LogModuleManager: Shutting down and abandoning module ClassViewer (155)
[2016.11.01-20.24.49:555][410]LogModuleManager: Shutting down and abandoning module Toolbox (154)
[2016.11.01-20.24.49:555][410]LogModuleManager: Shutting down and abandoning module ModuleUI (153)
[2016.11.01-20.24.49:555][410]LogModuleManager: Shutting down and abandoning module MovieSceneTools (152)
[2016.11.01-20.24.49:555][410]LogModuleManager: Shutting down and abandoning module OutputLog (151)
[2016.11.01-20.24.49:555][410]LogModuleManager: Shutting down and abandoning module GammaUI (150)
[2016.11.01-20.24.49:555][410]LogModuleManager: Shutting down and abandoning module Documentation (149)
[2016.11.01-20.24.49:555][410]LogModuleManager: Shutting down and abandoning module Niagara (148)
[2016.11.01-20.24.49:555][410]LogModuleManager: Shutting down and abandoning module StreamingPauseRendering (147)
[2016.11.01-20.24.49:555][410]LogModuleManager: Shutting down and abandoning module AnalyticsET (146)
[2016.11.01-20.24.49:555][410]LogModuleManager: Shutting down and abandoning module PortalServices (145)
[2016.11.01-20.24.49:555][410]LogModuleManager: Shutting down and abandoning module PortalRpc (144)
[2016.11.01-20.24.49:555][410]LogModuleManager: Shutting down and abandoning module MessagingRpc (143)
[2016.11.01-20.24.49:555][410]LogModuleManager: Shutting down and abandoning module GameplayDebugger (142)
[2016.11.01-20.24.49:555][410]LogModuleManager: Shutting down and abandoning module AITestSuite (141)
[2016.11.01-20.24.49:555][410]LogModuleManager: Shutting down and abandoning module AIModule (140)
[2016.11.01-20.24.49:555][410]LogModuleManager: Shutting down and abandoning module ProfilerService (139)
[2016.11.01-20.24.49:562][410]LogModuleManager: Shutting down and abandoning module TaskGraph (138)
[2016.11.01-20.24.49:562][410]LogModuleManager: Shutting down and abandoning module SlateRemote (137)
[2016.11.01-20.24.49:562][410]LogModuleManager: Shutting down and abandoning module SteamVRController (136)
[2016.11.01-20.24.49:562][410]LogModuleManager: Shutting down and abandoning module SteamVR (135)
[2016.11.01-20.24.49:562][410]LogModuleManager: Shutting down and abandoning module ProceduralMeshComponentEditor (134)
[2016.11.01-20.24.49:562][410]LogModuleManager: Shutting down and abandoning module ProceduralMeshComponent (133)
[2016.11.01-20.24.49:562][410]LogModuleManager: Shutting down and abandoning module OculusLibrary (132)
[2016.11.01-20.24.49:562][410]LogModuleManager: Shutting down and abandoning module OculusInput (131)
[2016.11.01-20.24.49:562][410]LogModuleManager: Shutting down and abandoning module CustomMeshComponent (130)
[2016.11.01-20.24.49:562][410]LogModuleManager: Shutting down and abandoning module CableComponent (129)
[2016.11.01-20.24.49:562][410]LogModuleManager: Shutting down and abandoning module ArchVisCharacter (128)
[2016.11.01-20.24.49:562][410]LogModuleManager: Shutting down and abandoning module MediaPlayerEditor (126)
[2016.11.01-20.24.49:563][410]LogModuleManager: Shutting down and abandoning module HTML5Networking (125)
[2016.11.01-20.24.49:563][410]LogModuleManager: Shutting down and abandoning module GeometryCacheEd (124)
[2016.11.01-20.24.49:563][410]LogModuleManager: Shutting down and abandoning module GeometryCache (123)
[2016.11.01-20.24.49:563][410]LogModuleManager: Shutting down and abandoning module AlembicLibrary (122)
[2016.11.01-20.24.49:563][410]LogModuleManager: Shutting down and abandoning module AlembicImporter (121)
[2016.11.01-20.24.49:563][410]LogModuleManager: Shutting down and abandoning module SuperSearch (120)
[2016.11.01-20.24.49:563][410]LogModuleManager: Shutting down and abandoning module SuperSearchEditor (119)
[2016.11.01-20.24.49:563][410]LogModuleManager: Shutting down and abandoning module SpeedTreeImporter (118)
[2016.11.01-20.24.49:563][410]LogModuleManager: Shutting down and abandoning module PluginBrowser (117)
[2016.11.01-20.24.49:563][410]LogModuleManager: Shutting down and abandoning module MobileLauncherProfileWizard (116)
[2016.11.01-20.24.49:563][410]LogModuleManager: Shutting down and abandoning module EpicSurvey (115)
[2016.11.01-20.24.49:563][410]LogModuleManager: Shutting down and abandoning module DesktopPlatform (114)
[2016.11.01-20.24.49:563][410]LogModuleManager: Shutting down and abandoning module VisualStudioSourceCodeAccess (113)
[2016.11.01-20.24.49:563][410]LogModuleManager: Shutting down and abandoning module UObjectPlugin (112)
[2016.11.01-20.24.49:563][410]LogModuleManager: Shutting down and abandoning module SubversionSourceControl (111)
[2016.11.01-20.24.49:563][410]LogModuleManager: Shutting down and abandoning module PerforceSourceControl (110)
[2016.11.01-20.24.49:563][410]LogModuleManager: Shutting down and abandoning module SourceControl (109)
[2016.11.01-20.24.49:563][410]LogModuleManager: Shutting down and abandoning module GitSourceControl (108)
[2016.11.01-20.24.49:563][410]LogModuleManager: Shutting down and abandoning module LightPropagationVolumeEditor (107)
[2016.11.01-20.24.49:563][410]LogModuleManager: Shutting down and abandoning module PaperTiledImporter (106)
[2016.11.01-20.24.49:563][410]LogModuleManager: Shutting down and abandoning module PaperSpriteSheetImporter (105)
[2016.11.01-20.24.49:563][410]LogModuleManager: Shutting down and abandoning module MeshPaint (104)
[2016.11.01-20.24.49:563][410]LogModuleManager: Shutting down and abandoning module FbxAutomationBuilderModule (103)
[2016.11.01-20.24.49:563][410]LogModuleManager: Shutting down and abandoning module PixelInspectorModule (102)
[2016.11.01-20.24.49:563][410]LogModuleManager: Shutting down and abandoning module HotReload (101)
[2016.11.01-20.24.49:564][410]LogModuleManager: Shutting down and abandoning module MainFrame (100)
[2016.11.01-20.24.49:564][410]LogModuleManager: Shutting down and abandoning module LevelEditor (99)
[2016.11.01-20.24.49:564][410]LogModuleManager: Shutting down and abandoning module ContentBrowser (98)
[2016.11.01-20.24.49:565][410]LogModuleManager: Shutting down and abandoning module Paper2DEditor (97)
[2016.11.01-20.24.49:565][410]LogModuleManager: Shutting down and abandoning module UdpMessaging (96)
[2016.11.01-20.24.49:667][410]LogModuleManager: Shutting down and abandoning module TcpMessaging (95)
[2016.11.01-20.24.49:768][410]LogModuleManager: Shutting down and abandoning module LightPropagationVolumeRuntime (94)
[2016.11.01-20.24.49:768][410]LogModuleManager: Shutting down and abandoning module Paper2D (93)
[2016.11.01-20.24.49:768][410]LogModuleManager: Shutting down and abandoning module WindowsMoviePlayer (92)
[2016.11.01-20.24.49:768][410]LogModuleManager: Shutting down and abandoning module WmfMedia (91)
[2016.11.01-20.24.49:768][410]LogModuleManager: Shutting down and abandoning module MediaAssets (90)
[2016.11.01-20.24.49:768][410]LogModuleManager: Shutting down and abandoning module GameLiveStreaming (89)
[2016.11.01-20.24.49:768][410]LogModuleManager: Shutting down and abandoning module GameplayTagsEditor (88)
[2016.11.01-20.24.49:768][410]LogModuleManager: Shutting down and abandoning module VREditor (87)
[2016.11.01-20.24.49:768][410]LogModuleManager: Shutting down and abandoning module GameplayTasksEditor (86)
[2016.11.01-20.24.49:768][410]LogModuleManager: Shutting down and abandoning module PropertyEditor (85)
[2016.11.01-20.24.49:768][410]LogModuleManager: Shutting down and abandoning module BehaviorTreeEditor (84)
[2016.11.01-20.24.49:768][410]LogModuleManager: Shutting down and abandoning module FunctionalTesting (83)
[2016.11.01-20.24.49:768][410]LogModuleManager: Shutting down and abandoning module CollisionAnalyzer (82)
[2016.11.01-20.24.49:768][410]LogModuleManager: Shutting down and abandoning module Sequencer (81)
[2016.11.01-20.24.49:768][410]LogModuleManager: Shutting down and abandoning module WorkspaceMenuStructure (80)
[2016.11.01-20.24.49:768][410]LogModuleManager: Shutting down and abandoning module MessageLog (79)
[2016.11.01-20.24.49:768][410]LogModuleManager: Shutting down and abandoning module AssetTools (78)
[2016.11.01-20.24.49:768][410]LogModuleManager: Shutting down and abandoning module UMGEditor (77)
[2016.11.01-20.24.49:768][410]LogModuleManager: Shutting down and abandoning module UMG (76)
[2016.11.01-20.24.49:768][410]LogModuleManager: Shutting down and abandoning module SlateReflector (75)
[2016.11.01-20.24.49:768][410]LogModuleManager: Shutting down and abandoning module Slate (74)
[2016.11.01-20.24.49:769][410]LogModuleManager: Shutting down and abandoning module EditorStyle (73)
[2016.11.01-20.24.49:771][410]LogModuleManager: Shutting down and abandoning module SourceCodeAccess (72)
[2016.11.01-20.24.49:771][410]LogModuleManager: Shutting down and abandoning module HeadMountedDisplay (71)
[2016.11.01-20.24.49:771][410]LogModuleManager: Shutting down and abandoning module XAudio2 (70)
[2016.11.01-20.24.49:771][410]LogModuleManager: Shutting down and abandoning module Networking (68)
[2016.11.01-20.24.49:771][410]LogModuleManager: Shutting down and abandoning module Core (67)
[2016.11.01-20.24.49:771][410]LogModuleManager: Shutting down and abandoning module DirectoryWatcher (66)
[2016.11.01-20.24.49:771][410]LogDirectoryWatcher: A directory notification for '../../../Engine/Content/' was aborted.
[2016.11.01-20.24.49:771][410]LogDirectoryWatcher: A directory notification for '../../../../../../Users/Brian/Documents/GitHub/quad-shaped-battle-objects/CardGameProject3/Content/' was aborted.
[2016.11.01-20.24.49:771][410]LogDirectoryWatcher: A directory notification for '../../../Engine/Plugins/2D/Paper2D/Content/' was aborted.
[2016.11.01-20.24.49:772][410]LogModuleManager: Shutting down and abandoning module AssetRegistry (65)
[2016.11.01-20.24.49:983][410]LogModuleManager: Shutting down and abandoning module KismetCompiler (64)
[2016.11.01-20.24.49:983][410]LogModuleManager: Shutting down and abandoning module PhysXFormats (63)
[2016.11.01-20.24.49:983][410]LogModuleManager: Shutting down and abandoning module MeshUtilities (62)
[2016.11.01-20.24.49:983][410]LogModuleManager: Shutting down and abandoning module DerivedDataCache (61)
[2016.11.01-20.24.50:000][410]LogDerivedDataCache: Shutdown
[2016.11.01-20.24.50:000][410]LogModuleManager: Shutting down and abandoning module VulkanShaderFormat (60)
[2016.11.01-20.24.50:000][410]LogModuleManager: Shutting down and abandoning module ShaderFormatOpenGL (59)
[2016.11.01-20.24.50:000][410]LogModuleManager: Shutting down and abandoning module ShaderFormatD3D (58)
[2016.11.01-20.24.50:000][410]LogModuleManager: Shutting down and abandoning module MetalShaderFormat (57)
[2016.11.01-20.24.50:000][410]LogModuleManager: Shutting down and abandoning module TextureFormatUncompressed (56)
[2016.11.01-20.24.50:000][410]LogModuleManager: Shutting down and abandoning module TextureFormatPVR (55)
[2016.11.01-20.24.50:000][410]LogModuleManager: Shutting down and abandoning module TextureFormatDXT (54)
[2016.11.01-20.24.50:000][410]LogModuleManager: Shutting down and abandoning module TextureFormatIntelISPCTexComp (53)
[2016.11.01-20.24.50:001][410]LogModuleManager: Shutting down and abandoning module ImageWrapper (52)
[2016.11.01-20.24.50:001][410]LogModuleManager: Shutting down and abandoning module TextureFormatASTC (51)
[2016.11.01-20.24.50:001][410]LogModuleManager: Shutting down and abandoning module TextureFormatAndroid (50)
[2016.11.01-20.24.50:001][410]LogModuleManager: Shutting down and abandoning module AudioFormatOpus (49)
[2016.11.01-20.24.50:001][410]LogModuleManager: Shutting down and abandoning module AudioFormatOgg (48)
[2016.11.01-20.24.50:001][410]LogModuleManager: Shutting down and abandoning module AudioFormatADPCM (47)
[2016.11.01-20.24.50:001][410]LogModuleManager: Shutting down and abandoning module LinuxTargetPlatform (46)
[2016.11.01-20.24.50:001][410]LogModuleManager: Shutting down and abandoning module LinuxServerTargetPlatform (45)
[2016.11.01-20.24.50:001][410]LogModuleManager: Shutting down and abandoning module LinuxNoEditorTargetPlatform (44)
[2016.11.01-20.24.50:001][410]LogModuleManager: Shutting down and abandoning module LinuxClientTargetPlatform (43)
[2016.11.01-20.24.50:001][410]LogModuleManager: Shutting down and abandoning module TVOSTargetPlatform (42)
[2016.11.01-20.24.50:001][410]LogModuleManager: Shutting down and abandoning module Messaging (41)
[2016.11.01-20.24.50:001][410]LogModuleManager: Shutting down and abandoning module IOSTargetPlatform (40)
[2016.11.01-20.24.50:001][410]LogModuleManager: Shutting down and abandoning module HTML5TargetPlatform (39)
[2016.11.01-20.24.50:001][410]LogModuleManager: Shutting down and abandoning module Android_PVRTCTargetPlatform (38)
[2016.11.01-20.24.50:001][410]LogModuleManager: Shutting down and abandoning module Android_MultiTargetPlatform (37)
[2016.11.01-20.24.50:001][410]LogModuleManager: Shutting down and abandoning module Android_ETC2TargetPlatform (36)
[2016.11.01-20.24.50:001][410]LogModuleManager: Shutting down and abandoning module Android_ETC1TargetPlatform (35)
[2016.11.01-20.24.50:001][410]LogModuleManager: Shutting down and abandoning module Android_DXTTargetPlatform (34)
[2016.11.01-20.24.50:001][410]LogModuleManager: Shutting down and abandoning module Android_ATCTargetPlatform (33)
[2016.11.01-20.24.50:001][410]LogModuleManager: Shutting down and abandoning module Android_ASTCTargetPlatform (32)
[2016.11.01-20.24.50:001][410]LogModuleManager: Shutting down and abandoning module AndroidTargetPlatform (31)
[2016.11.01-20.24.50:001][410]LogModuleManager: Shutting down and abandoning module WindowsTargetPlatform (30)
[2016.11.01-20.24.50:001][410]LogModuleManager: Shutting down and abandoning module WindowsServerTargetPlatform (29)
[2016.11.01-20.24.50:001][410]LogModuleManager: Shutting down and abandoning module WindowsNoEditorTargetPlatform (28)
[2016.11.01-20.24.50:001][410]LogModuleManager: Shutting down and abandoning module WindowsClientTargetPlatform (27)
[2016.11.01-20.24.50:001][410]LogModuleManager: Shutting down and abandoning module AllDesktopTargetPlatform (26)
[2016.11.01-20.24.50:001][410]LogModuleManager: Shutting down and abandoning module TargetPlatform (25)
[2016.11.01-20.24.50:001][410]LogModuleManager: Shutting down and abandoning module InputCore (24)
[2016.11.01-20.24.50:001][410]LogModuleManager: Shutting down and abandoning module Settings (23)
[2016.11.01-20.24.50:001][410]LogModuleManager: Shutting down and abandoning module OculusRift (22)
[2016.11.01-20.24.50:001][410]LogModuleManager: Shutting down and abandoning module GearVR (21)
[2016.11.01-20.24.50:001][410]LogModuleManager: Shutting down and abandoning module ExampleDeviceProfileSelector (20)
[2016.11.01-20.24.50:001][410]LogModuleManager: Shutting down and abandoning module OnlineBlueprintSupport (19)
[2016.11.01-20.24.50:001][410]LogModuleManager: Shutting down and abandoning module OnlineSubsystem (17)
[2016.11.01-20.24.50:001][410]LogOnline:Display: Unloading online subsystem: NULL
[2016.11.01-20.24.50:001][410]LogModuleManager: Shutting down and abandoning module HTTP (16)
[2016.11.01-20.24.50:001][410]LogHttp:Display: Http module shutting down, but needs to wait on 1 outstanding Http requests:
[2016.11.01-20.24.50:001][410]LogHttp:Display: 	verb=[POST] url=[https://datarouter.ol.epicgames.com/datarouter/api/v1/public/data?SessionID=%7BFEA45A66-4505-AB44-6560-B1A0A10E1112%7D&AppID=UEEditor.Rocket.Release&AppVersion=4.13.1-3142249%2B%2B%2BUE4%2BRelease-4.13&UserID=622d6cc84c757446e01d25b6259f4ae3%7C0088da38c4fe4f999d6f0e52c41d2185%7C0f0e893d-46e4-44f8-bd74-7f933f7c90a3&AppEnvironment=datacollector-binary&UploadType=eteventstream] status=Processing
[2016.11.01-20.24.50:021][410]LogModuleManager: Shutting down and abandoning module XMPP (15)
[2016.11.01-20.24.50:021][410]LogModuleManager: Shutting down and abandoning module TextureCompressor (14)
[2016.11.01-20.24.50:021][410]LogModuleManager: Shutting down and abandoning module ShaderCore (13)
[2016.11.01-20.24.50:021][410]LogModuleManager: Shutting down and abandoning module Landscape (12)
[2016.11.01-20.24.50:021][410]LogModuleManager: Shutting down and abandoning module SlateRHIRenderer (11)
[2016.11.01-20.24.50:023][410]LogModuleManager: Shutting down and abandoning module OpenGLDrv (10)
[2016.11.01-20.24.50:023][410]LogModuleManager: Shutting down and abandoning module D3D11RHI (9)
[2016.11.01-20.24.50:023][410]LogModuleManager: Shutting down and abandoning module AnimGraphRuntime (8)
[2016.11.01-20.24.50:023][410]LogModuleManager: Shutting down and abandoning module Renderer (7)
[2016.11.01-20.24.50:023][410]LogModuleManager: Shutting down and abandoning module Engine (6)
[2016.11.01-20.24.50:023][410]LogModuleManager: Shutting down and abandoning module CoreUObject (5)
[2016.11.01-20.24.50:023][410]LogModuleManager: Shutting down and abandoning module NetworkFile (4)
[2016.11.01-20.24.50:023][410]LogModuleManager: Shutting down and abandoning module StreamingFile (3)
[2016.11.01-20.24.50:023][410]LogModuleManager: Shutting down and abandoning module SandboxFile (2)
[2016.11.01-20.24.50:023][410]LogModuleManager: Shutting down and abandoning module PakFile (1)
[2016.11.01-20.24.50:024][410]LogExit: Exiting.
[2016.11.01-20.24.50:025][410]Log file closed, 11/01/16 16:24:50
