Log file open, 12/12/16 13:01:09
LogInit:Display: Running engine for game: CardGameProject3
LogPlatformFile: Not using cached read wrapper
LogInit:Display: RandInit(-1143851103) SRandInit(-1143851103).
LogTaskGraph: Started task graph with 5 named threads and 6 total threads with 1 sets of task threads.
LogStats: Stats thread started at 0.070400
LogPluginManager: Loaded Plugin Paper2D, From C:/Program Files (x86)/Epic Games/4.13/Engine/Plugins/2D/Paper2D/Paper2D.uplugin
LogPluginManager: Loaded Plugin LightPropagationVolume, From C:/Program Files (x86)/Epic Games/4.13/Engine/Plugins/Blendables/LightPropagationVolume/LightPropagationVolume.uplugin
LogPluginManager: Loaded Plugin BlankPlugin, From C:/Program Files (x86)/Epic Games/4.13/Engine/Plugins/Developer/BlankPlugin/BlankPlugin.uplugin
LogPluginManager: Loaded Plugin CodeLiteSourceCodeAccess, From C:/Program Files (x86)/Epic Games/4.13/Engine/Plugins/Developer/CodeLiteSourceCodeAccess/CodeLiteSourceCodeAccess.uplugin
LogPluginManager: Loaded Plugin GitSourceControl, From C:/Program Files (x86)/Epic Games/4.13/Engine/Plugins/Developer/GitSourceControl/GitSourceControl.uplugin
LogPluginManager: Loaded Plugin KDevelopSourceCodeAccess, From C:/Program Files (x86)/Epic Games/4.13/Engine/Plugins/Developer/KDevelopSourceCodeAccess/KDevelopSourceCodeAccess.uplugin
LogPluginManager: Loaded Plugin NullSourceCodeAccess, From C:/Program Files (x86)/Epic Games/4.13/Engine/Plugins/Developer/NullSourceCodeAccess/NullSourceCodeAccess.uplugin
LogPluginManager: Loaded Plugin OneSkyLocalizationService, From C:/Program Files (x86)/Epic Games/4.13/Engine/Plugins/Developer/OneSkyLocalizationService/OneSkyLocalizationService.uplugin
LogPluginManager: Loaded Plugin PerforceSourceControl, From C:/Program Files (x86)/Epic Games/4.13/Engine/Plugins/Developer/PerforceSourceControl/PerforceSourceControl.uplugin
LogPluginManager: Loaded Plugin SubversionSourceControl, From C:/Program Files (x86)/Epic Games/4.13/Engine/Plugins/Developer/SubversionSourceControl/SubversionSourceControl.uplugin
LogPluginManager: Loaded Plugin UObjectPlugin, From C:/Program Files (x86)/Epic Games/4.13/Engine/Plugins/Developer/UObjectPlugin/UObjectPlugin.uplugin
LogPluginManager: Loaded Plugin VisualStudioSourceCodeAccess, From C:/Program Files (x86)/Epic Games/4.13/Engine/Plugins/Developer/VisualStudioSourceCodeAccess/VisualStudioSourceCodeAccess.uplugin
LogPluginManager: Loaded Plugin XCodeSourceCodeAccess, From C:/Program Files (x86)/Epic Games/4.13/Engine/Plugins/Developer/XCodeSourceCodeAccess/XCodeSourceCodeAccess.uplugin
LogPluginManager: Loaded Plugin EpicSurvey, From C:/Program Files (x86)/Epic Games/4.13/Engine/Plugins/Editor/EpicSurvey/EpicSurvey.uplugin
LogPluginManager: Loaded Plugin MacGraphicsSwitching, From C:/Program Files (x86)/Epic Games/4.13/Engine/Plugins/Editor/MacGraphicsSwitching/MacGraphicsSwitching.uplugin
LogPluginManager: Loaded Plugin MobileLauncherProfileWizard, From C:/Program Files (x86)/Epic Games/4.13/Engine/Plugins/Editor/MobileLauncherProfileWizard/MobileLauncherProfileWizard.uplugin
LogPluginManager: Loaded Plugin PluginBrowser, From C:/Program Files (x86)/Epic Games/4.13/Engine/Plugins/Editor/PluginBrowser/PluginBrowser.uplugin
LogPluginManager: Loaded Plugin SpeedTreeImporter, From C:/Program Files (x86)/Epic Games/4.13/Engine/Plugins/Editor/SpeedTreeImporter/SpeedTreeImporter.uplugin
LogPluginManager: Loaded Plugin SuperSearchEditor, From C:/Program Files (x86)/Epic Games/4.13/Engine/Plugins/Editor/SuperSearchEditor/SuperSearchEditor.uplugin
LogPluginManager: Loaded Plugin AlembicImporter, From C:/Program Files (x86)/Epic Games/4.13/Engine/Plugins/Experimental/AlembicImporter/AlembicImporter.uplugin
LogPluginManager: Loaded Plugin BlueprintStats, From C:/Program Files (x86)/Epic Games/4.13/Engine/Plugins/Experimental/BlueprintStats/BlueprintStats.uplugin
LogPluginManager: Loaded Plugin CharacterAI, From C:/Program Files (x86)/Epic Games/4.13/Engine/Plugins/Experimental/CharacterAI/CharacterAI.uplugin
LogPluginManager: Loaded Plugin CodeEditor, From C:/Program Files (x86)/Epic Games/4.13/Engine/Plugins/Experimental/CodeEditor/CodeEditor.uplugin
LogPluginManager: Loaded Plugin CodeView, From C:/Program Files (x86)/Epic Games/4.13/Engine/Plugins/Experimental/CodeView/CodeView.uplugin
LogPluginManager: Loaded Plugin HTML5Networking, From C:/Program Files (x86)/Epic Games/4.13/Engine/Plugins/Experimental/HTML5Networking/HTML5Networking.uplugin
LogPluginManager: Loaded Plugin LiveEditor, From C:/Program Files (x86)/Epic Games/4.13/Engine/Plugins/Experimental/LiveEditor/LiveEditor.uplugin
LogPluginManager: Loaded Plugin OSVR, From C:/Program Files (x86)/Epic Games/4.13/Engine/Plugins/Experimental/OSVR/OSVR.uplugin
LogPluginManager: Loaded Plugin Phya, From C:/Program Files (x86)/Epic Games/4.13/Engine/Plugins/Experimental/Phya/Phya.uplugin
LogPluginManager: Loaded Plugin SignificanceManager, From C:/Program Files (x86)/Epic Games/4.13/Engine/Plugins/Experimental/SignificanceManager/SignificanceManager.uplugin
LogPluginManager: Loaded Plugin SimpleHMD, From C:/Program Files (x86)/Epic Games/4.13/Engine/Plugins/Experimental/SimpleHMD/SimpleHMD.uplugin
LogPluginManager: Loaded Plugin StereoPanorama, From C:/Program Files (x86)/Epic Games/4.13/Engine/Plugins/Experimental/StereoPanorama/StereoPanorama.uplugin
LogPluginManager: Loaded Plugin StructBox, From C:/Program Files (x86)/Epic Games/4.13/Engine/Plugins/Experimental/StructBox/StructBox.uplugin
LogPluginManager: Loaded Plugin AndroidMedia, From C:/Program Files (x86)/Epic Games/4.13/Engine/Plugins/Media/AndroidMedia/AndroidMedia.uplugin
LogPluginManager: Loaded Plugin AvfMedia, From C:/Program Files (x86)/Epic Games/4.13/Engine/Plugins/Media/AvfMedia/AvfMedia.uplugin
LogPluginManager: Loaded Plugin MediaPlayerEditor, From C:/Program Files (x86)/Epic Games/4.13/Engine/Plugins/Media/MediaPlayerEditor/MediaPlayerEditor.uplugin
LogPluginManager: Loaded Plugin WmfMedia, From C:/Program Files (x86)/Epic Games/4.13/Engine/Plugins/Media/WmfMedia/WmfMedia.uplugin
LogPluginManager: Loaded Plugin MessagingDebugger, From C:/Program Files (x86)/Epic Games/4.13/Engine/Plugins/Messaging/MessagingDebugger/MessagingDebugger.uplugin
LogPluginManager: Loaded Plugin TcpMessaging, From C:/Program Files (x86)/Epic Games/4.13/Engine/Plugins/Messaging/TcpMessaging/TcpMessaging.uplugin
LogPluginManager: Loaded Plugin UdpMessaging, From C:/Program Files (x86)/Epic Games/4.13/Engine/Plugins/Messaging/UdpMessaging/UdpMessaging.uplugin
LogPluginManager: Loaded Plugin LevelSequenceEditor, From C:/Program Files (x86)/Epic Games/4.13/Engine/Plugins/MovieScene/LevelSequenceEditor/LevelSequenceEditor.uplugin
LogPluginManager: Loaded Plugin MatineeToLevelSequence, From C:/Program Files (x86)/Epic Games/4.13/Engine/Plugins/MovieScene/MatineeToLevelSequence/MatineeToLevelSequence.uplugin
LogPluginManager: Loaded Plugin NetcodeUnitTest, From C:/Program Files (x86)/Epic Games/4.13/Engine/Plugins/NetcodeUnitTest/NetcodeUnitTest/NetcodeUnitTest.uplugin
LogPluginManager: Loaded Plugin NUTUnrealEngine4, From C:/Program Files (x86)/Epic Games/4.13/Engine/Plugins/NetcodeUnitTest/NUTUnrealEngine4/NUTUnrealEngine4.uplugin
LogPluginManager: Loaded Plugin OnlineSubsystemGooglePlay, From C:/Program Files (x86)/Epic Games/4.13/Engine/Plugins/Online/Android/OnlineSubsystemGooglePlay/OnlineSubsystemGooglePlay.uplugin
LogPluginManager: Loaded Plugin OnlineSubsystemIOS, From C:/Program Files (x86)/Epic Games/4.13/Engine/Plugins/Online/IOS/OnlineSubsystemIOS/OnlineSubsystemIOS.uplugin
LogPluginManager: Loaded Plugin OnlineFramework, From C:/Program Files (x86)/Epic Games/4.13/Engine/Plugins/Online/OnlineFramework/OnlineFramework.uplugin
LogPluginManager: Loaded Plugin OnlineSubsystem, From C:/Program Files (x86)/Epic Games/4.13/Engine/Plugins/Online/OnlineSubsystem/OnlineSubsystem.uplugin
LogPluginManager: Loaded Plugin OnlineSubsystemAmazon, From C:/Program Files (x86)/Epic Games/4.13/Engine/Plugins/Online/OnlineSubsystemAmazon/OnlineSubsystemAmazon.uplugin
LogPluginManager: Loaded Plugin OnlineSubsystemFacebook, From C:/Program Files (x86)/Epic Games/4.13/Engine/Plugins/Online/OnlineSubsystemFacebook/OnlineSubsystemFacebook.uplugin
LogPluginManager: Loaded Plugin OnlineSubsystemNull, From C:/Program Files (x86)/Epic Games/4.13/Engine/Plugins/Online/OnlineSubsystemNull/OnlineSubsystemNull.uplugin
LogPluginManager: Loaded Plugin OnlineSubsystemOculus, From C:/Program Files (x86)/Epic Games/4.13/Engine/Plugins/Online/OnlineSubsystemOculus/OnlineSubsystemOculus.uplugin
LogPluginManager: Loaded Plugin OnlineSubsystemSteam, From C:/Program Files (x86)/Epic Games/4.13/Engine/Plugins/Online/OnlineSubsystemSteam/OnlineSubsystemSteam.uplugin
LogPluginManager: Loaded Plugin OnlineSubsystemUtils, From C:/Program Files (x86)/Epic Games/4.13/Engine/Plugins/Online/OnlineSubsystemUtils/OnlineSubsystemUtils.uplugin
LogPluginManager: Loaded Plugin IOSTapJoy, From C:/Program Files (x86)/Epic Games/4.13/Engine/Plugins/Runtime/Advertising/IOSTapJoy/IOSTapJoy.uplugin
LogPluginManager: Loaded Plugin AnalyticsBlueprintLibrary, From C:/Program Files (x86)/Epic Games/4.13/Engine/Plugins/Runtime/Analytics/AnalyticsBlueprintLibrary/AnalyticsBlueprintLibrary.uplugin
LogPluginManager: Loaded Plugin AnalyticsMulticast, From C:/Program Files (x86)/Epic Games/4.13/Engine/Plugins/Runtime/Analytics/AnalyticsMulticast/AnalyticsMulticast.uplugin
LogPluginManager: Loaded Plugin Apsalar, From C:/Program Files (x86)/Epic Games/4.13/Engine/Plugins/Runtime/Analytics/Apsalar/Apsalar.uplugin
LogPluginManager: Loaded Plugin FileLogging, From C:/Program Files (x86)/Epic Games/4.13/Engine/Plugins/Runtime/Analytics/FileLogging/FileLogging.uplugin
LogPluginManager: Loaded Plugin Flurry, From C:/Program Files (x86)/Epic Games/4.13/Engine/Plugins/Runtime/Analytics/Flurry/Flurry.uplugin
LogPluginManager: Loaded Plugin AndroidDeviceProfileSelector, From C:/Program Files (x86)/Epic Games/4.13/Engine/Plugins/Runtime/AndroidDeviceProfileSelector/AndroidDeviceProfileSelector.uplugin
LogPluginManager: Loaded Plugin AndroidMoviePlayer, From C:/Program Files (x86)/Epic Games/4.13/Engine/Plugins/Runtime/AndroidMoviePlayer/AndroidMoviePlayer.uplugin
LogPluginManager: Loaded Plugin AppleMoviePlayer, From C:/Program Files (x86)/Epic Games/4.13/Engine/Plugins/Runtime/AppleMoviePlayer/AppleMoviePlayer.uplugin
LogPluginManager: Loaded Plugin ArchVisCharacter, From C:/Program Files (x86)/Epic Games/4.13/Engine/Plugins/Runtime/ArchVisCharacter/ArchVisCharacter.uplugin
LogPluginManager: Loaded Plugin CableComponent, From C:/Program Files (x86)/Epic Games/4.13/Engine/Plugins/Runtime/CableComponent/CableComponent.uplugin
LogPluginManager: Loaded Plugin CustomMeshComponent, From C:/Program Files (x86)/Epic Games/4.13/Engine/Plugins/Runtime/CustomMeshComponent/CustomMeshComponent.uplugin
LogPluginManager: Loaded Plugin ExampleDeviceProfileSelector, From C:/Program Files (x86)/Epic Games/4.13/Engine/Plugins/Runtime/ExampleDeviceProfileSelector/ExampleDeviceProfileSelector.uplugin
LogPluginManager: Loaded Plugin GearVR, From C:/Program Files (x86)/Epic Games/4.13/Engine/Plugins/Runtime/GearVR/GearVR.uplugin
LogPluginManager: Loaded Plugin GoogleVRController, From C:/Program Files (x86)/Epic Games/4.13/Engine/Plugins/Runtime/GoogleVR/GoogleVRController/GoogleVRController.uplugin
LogPluginManager: Loaded Plugin GoogleVRHMD, From C:/Program Files (x86)/Epic Games/4.13/Engine/Plugins/Runtime/GoogleVR/GoogleVRHMD/GoogleVRHMD.uplugin
LogPluginManager: Loaded Plugin IOSDeviceProfileSelector, From C:/Program Files (x86)/Epic Games/4.13/Engine/Plugins/Runtime/IOSDeviceProfileSelector/IOSDeviceProfileSelector.uplugin
LogPluginManager: Loaded Plugin LeapMotion, From C:/Program Files (x86)/Epic Games/4.13/Engine/Plugins/Runtime/LeapMotion/LeapMotion.uplugin
LogPluginManager: Loaded Plugin LinuxDeviceProfileSelector, From C:/Program Files (x86)/Epic Games/4.13/Engine/Plugins/Runtime/LinuxDeviceProfileSelector/LinuxDeviceProfileSelector.uplugin
LogPluginManager: Loaded Plugin LiveEditorListenServer, From C:/Program Files (x86)/Epic Games/4.13/Engine/Plugins/Runtime/LiveEditorListenServer/LiveEditorListenServer.uplugin
LogPluginManager: Loaded Plugin OculusAudio, From C:/Program Files (x86)/Epic Games/4.13/Engine/Plugins/Runtime/OculusAudio/OculusAudio.uplugin
LogPluginManager: Loaded Plugin OculusInput, From C:/Program Files (x86)/Epic Games/4.13/Engine/Plugins/Runtime/OculusInput/OculusInput.uplugin
LogPluginManager: Loaded Plugin OculusLibrary, From C:/Program Files (x86)/Epic Games/4.13/Engine/Plugins/Runtime/OculusLibrary/OculusLibrary.uplugin
LogPluginManager: Loaded Plugin OculusRift, From C:/Program Files (x86)/Epic Games/4.13/Engine/Plugins/Runtime/OculusRift/OculusRift.uplugin
LogPluginManager: Loaded Plugin Oodle, From C:/Program Files (x86)/Epic Games/4.13/Engine/Plugins/Runtime/PacketHandlers/CompressionComponents/Oodle/Oodle.uplugin
LogPluginManager: Loaded Plugin ProceduralMeshComponent, From C:/Program Files (x86)/Epic Games/4.13/Engine/Plugins/Runtime/ProceduralMeshComponent/ProceduralMeshComponent.uplugin
LogPluginManager: Loaded Plugin SoundMod, From C:/Program Files (x86)/Epic Games/4.13/Engine/Plugins/Runtime/SoundMod/SoundMod.uplugin
LogPluginManager: Loaded Plugin SoundVisualizations, From C:/Program Files (x86)/Epic Games/4.13/Engine/Plugins/Runtime/SoundVisualizations/SoundVisualizations.uplugin
LogPluginManager: Loaded Plugin SteamController, From C:/Program Files (x86)/Epic Games/4.13/Engine/Plugins/Runtime/Steam/SteamController/SteamController.uplugin
LogPluginManager: Loaded Plugin SteamVR, From C:/Program Files (x86)/Epic Games/4.13/Engine/Plugins/Runtime/Steam/SteamVR/SteamVR.uplugin
LogPluginManager: Loaded Plugin WebBrowserWidget, From C:/Program Files (x86)/Epic Games/4.13/Engine/Plugins/Runtime/WebBrowserWidget/WebBrowserWidget.uplugin
LogPluginManager: Loaded Plugin WindowsDeviceProfileSelector, From C:/Program Files (x86)/Epic Games/4.13/Engine/Plugins/Runtime/WindowsDeviceProfileSelector/WindowsDeviceProfileSelector.uplugin
LogPluginManager: Loaded Plugin WindowsMoviePlayer, From C:/Program Files (x86)/Epic Games/4.13/Engine/Plugins/Runtime/WindowsMoviePlayer/WindowsMoviePlayer.uplugin
LogPluginManager: Loaded Plugin ScriptPlugin, From C:/Program Files (x86)/Epic Games/4.13/Engine/Plugins/ScriptPlugin/ScriptPlugin.uplugin
LogPluginManager: Loaded Plugin SlateRemote, From C:/Program Files (x86)/Epic Games/4.13/Engine/Plugins/Slate/SlateRemote/SlateRemote.uplugin
LogInit: Using libcurl 7.47.1
LogInit:  - built for x86_64-pc-win32
LogInit:  - supports SSL with WinSSL
LogInit:  - other features:
LogInit:      CURL_VERSION_SSL
LogInit:      CURL_VERSION_IPV6
LogInit:      CURL_VERSION_ASYNCHDNS
LogInit:      CURL_VERSION_LARGEFILE
LogInit:      CURL_VERSION_IDN
LogInit:  CurlRequestOptions (configurable via config and command line):
LogInit:  - bVerifyPeer = false  - Libcurl will NOT verify peer certificate
LogInit:  - bUseHttpProxy = false  - Libcurl will NOT use HTTP proxy
LogInit:  - bDontReuseConnections = false  - Libcurl will reuse connections
LogInit:  - CertBundlePath = nullptr  - Libcurl will use whatever was configured at build time.
LogInit: Build: ++UE4+Release-4.13-CL-3172292
LogInit: Engine Version: 4.13.2-3172292+++UE4+Release-4.13
LogInit: Compatible Engine Version: 4.13.0-3106830+++UE4+Release-4.13
LogInit: Net CL: 3172292
LogDevObjectVersion: Number of dev versions registered: 13
LogDevObjectVersion:   Dev-Blueprints (B0D832E4-1F89-4F0D-ACCF-7EB736FD4AA2): 5
LogDevObjectVersion:   Dev-Build (E1C64328-A22C-4D53-A36C-8E866417BD8C): 0
LogDevObjectVersion:   Dev-Core (375EC13C-06E4-48FB-B500-84F0262A717E): 1
LogDevObjectVersion:   Dev-Editor (E4B068ED-F494-42E9-A231-DA0B2E46BB41): 6
LogDevObjectVersion:   Dev-Framework (CFFC743F-43B0-4480-9391-14DF171D2073): 12
LogDevObjectVersion:   Dev-Mobile (B02B49B5-BB20-44E9-A304-32B752E40360): 0
LogDevObjectVersion:   Dev-Networking (A4E4105C-59A1-49B5-A7C5-40C4547EDFEE): 0
LogDevObjectVersion:   Dev-Online (39C831C9-5AE6-47DC-9A44-9C173E1C8E7C): 0
LogDevObjectVersion:   Dev-Physics (78F01B33-EBEA-4F98-B9B4-84EACCB95AA2): 0
LogDevObjectVersion:   Dev-Platform (6631380F-2D4D-43E0-8009-CF276956A95A): 0
LogDevObjectVersion:   Dev-Rendering (12F88B9F-8875-4AFC-A67C-D90C383ABD29): 4
LogDevObjectVersion:   Dev-Sequencer (7B5AE74C-D270-4C10-A958-57980B212A5A): 0
LogDevObjectVersion:   Dev-VR (D7296918-1DD6-4BDD-9DE2-64A83CC13884): 0
LogInit: Compiled (64-bit): Oct 24 2016 14:29:06
LogInit: Compiled with Visual C++: 19.00.23026.00
LogInit: Build Configuration: Development
LogInit: Branch Name: ++UE4+Release-4.13
LogInit: Command line:  
LogInit: Base directory: C:/Program Files (x86)/Epic Games/4.13/Engine/Binaries/Win64/
LogInit: Installed Engine Build: 1
LogInit: Presizing for max 8388607 objects, including 0 objects not considered by GC, pre-allocating 0 bytes for permanent pool.
LogInit: Object subsystem initialized
[2016.12.12-18.01.09:256][  0]LogInit: Selected Device Profile: [Windows]
[2016.12.12-18.01.09:256][  0]LogInit: Applying CVar settings loaded from the selected device profile: [Windows]
[2016.12.12-18.01.09:271][  0]LogInit: Computer: BSARDINHA
[2016.12.12-18.01.09:271][  0]LogInit: User: Brian
[2016.12.12-18.01.09:271][  0]LogInit: CPU Page size=65536, Cores=2
[2016.12.12-18.01.09:271][  0]LogInit: High frequency timer resolution =2.530854 MHz
[2016.12.12-18.01.09:271][  0]LogMemory: Memory total: Physical=7.9GB (8GB approx)
[2016.12.12-18.01.09:271][  0]LogMemory: Platform Memory Stats for Windows
[2016.12.12-18.01.09:271][  0]LogMemory: Process Physical Memory: 255.04 MB used, 255.04 MB peak
[2016.12.12-18.01.09:271][  0]LogMemory: Process Virtual Memory: 259.79 MB used, 259.79 MB peak
[2016.12.12-18.01.09:271][  0]LogMemory: Physical Memory: 2111.55 MB used, 8075.23 MB total
[2016.12.12-18.01.09:271][  0]LogMemory: Virtual Memory: 603.82 MB used, 134217728.00 MB total
[2016.12.12-18.01.09:311][  0]LogTextLocalizationManager: No specific translations for ('en-US') exist, so ('en') translations will be used.
[2016.12.12-18.01.09:967][  0]LogD3D11RHI: D3D11 adapters:
[2016.12.12-18.01.10:311][  0]LogD3D11RHI:    0. 'NVIDIA NVS 4200M    ' (Feature Level 11_0)
[2016.12.12-18.01.10:311][  0]LogD3D11RHI:       973/0/3071 MB DedicatedVideo/DedicatedSystem/SharedSystem, Outputs:1, VendorId:0x10de
[2016.12.12-18.01.10:331][  0]LogD3D11RHI:    1. 'NVIDIA NVS 4200M    ' (Feature Level 11_0)
[2016.12.12-18.01.10:331][  0]LogD3D11RHI:       973/0/3071 MB DedicatedVideo/DedicatedSystem/SharedSystem, Outputs:0, VendorId:0x10de
[2016.12.12-18.01.10:333][  0]LogD3D11RHI:    2. 'Microsoft Basic Render Driver' (Feature Level 11_0)
[2016.12.12-18.01.10:333][  0]LogD3D11RHI:       973/0/3071 MB DedicatedVideo/DedicatedSystem/SharedSystem, Outputs:0, VendorId:0x1414
[2016.12.12-18.01.10:333][  0]LogD3D11RHI: Chosen D3D11 Adapter: 0
[2016.12.12-18.01.10:337][  0]LogD3D11RHI: Creating new Direct3DDevice
[2016.12.12-18.01.10:338][  0]LogD3D11RHI:     GPU DeviceId: 0x1057 (for the marketing name, search the web for "GPU Device Id")
[2016.12.12-18.01.10:338][  0]LogWindows: EnumDisplayDevices:
[2016.12.12-18.01.10:338][  0]LogWindows:    0. 'Intel(R) HD Graphics 3000' (P:1 D:1)
[2016.12.12-18.01.10:338][  0]LogWindows:    1. 'Intel(R) HD Graphics 3000' (P:0 D:0)
[2016.12.12-18.01.10:338][  0]LogWindows:    2. 'NVIDIA NVS 4200M    ' (P:0 D:0)
[2016.12.12-18.01.10:338][  0]LogWindows:    3. 'NVIDIA NVS 4200M    ' (P:0 D:0)
[2016.12.12-18.01.10:339][  0]LogWindows: DebugString: PrimaryIsNotTheChoosenAdapter PrimaryIsNotTheChoosenAdapter FoundDriverCount:2 
[2016.12.12-18.01.10:339][  0]LogD3D11RHI:     Adapter Name: NVIDIA NVS 4200M    
[2016.12.12-18.01.10:339][  0]LogD3D11RHI:   Driver Version: 354.45 (internal:10.18.13.5445, unified:354.45)
[2016.12.12-18.01.10:339][  0]LogD3D11RHI:      Driver Date: 11-5-2015
[2016.12.12-18.01.10:339][  0]LogRHI: Texture pool is 681 MB (70% of 973 MB)
[2016.12.12-18.01.10:353][  0]LogD3D11RHI: Async texture creation enabled
[2016.12.12-18.01.10:371][  0]LogD3D11RHI: GPU Timing Frequency: 1000.000000 (Debug: 2 2)
[2016.12.12-18.01.10:371][  0]LogShaderCompilers: Guid format shader working directory is -44 characters bigger than the processId version (../../../../../../Users/Brian/Documents/GitHub/quad-shaped-battle-objects/CardGameProject3/Intermediate/Shaders/WorkingDirectory/8008/).
[2016.12.12-18.01.10:371][  0]LogShaderCompilers: Cleaned the shader compiler working directory 'C:/Users/Brian/AppData/Local/Temp/UnrealShaderWorkingDir/5007261F42280FF885319E9F7B02ECFB/'.
[2016.12.12-18.01.10:371][  0]LogShaderCompilers:Display: Using Local Shader Compiler.
[2016.12.12-18.01.11:475][  0]LogTemp:Display: Loaded TP AllDesktopTargetPlatform
[2016.12.12-18.01.11:486][  0]LogTemp:Display: Loaded TP WindowsClientTargetPlatform
[2016.12.12-18.01.11:497][  0]LogTemp:Display: Loaded TP WindowsNoEditorTargetPlatform
[2016.12.12-18.01.11:507][  0]LogTemp:Display: Loaded TP WindowsServerTargetPlatform
[2016.12.12-18.01.11:518][  0]LogTemp:Display: Loaded TP WindowsTargetPlatform
[2016.12.12-18.01.11:527][  0]LogTemp:Display: Loaded TP AndroidTargetPlatform
[2016.12.12-18.01.11:536][  0]LogTemp:Display: Loaded TP Android_ASTCTargetPlatform
[2016.12.12-18.01.11:545][  0]LogTemp:Display: Loaded TP Android_ATCTargetPlatform
[2016.12.12-18.01.11:553][  0]LogTemp:Display: Loaded TP Android_DXTTargetPlatform
[2016.12.12-18.01.11:562][  0]LogTemp:Display: Loaded TP Android_ETC1TargetPlatform
[2016.12.12-18.01.11:572][  0]LogTemp:Display: Loaded TP Android_ETC2TargetPlatform
[2016.12.12-18.01.11:590][  0]LogTemp:Display: Loaded TP Android_MultiTargetPlatform
[2016.12.12-18.01.11:590][  0]LogTemp:Display: Loaded TP Android_PVRTCTargetPlatform
[2016.12.12-18.01.11:592][  0]LogTemp:Display: Loaded TP HTML5TargetPlatform
[2016.12.12-18.01.11:617][  0]LogTemp:Display: Loaded TP IOSTargetPlatform
[2016.12.12-18.01.11:625][  0]LogTemp:Display: Loaded TP TVOSTargetPlatform
[2016.12.12-18.01.11:634][  0]LogTemp:Display: Loaded TP LinuxClientTargetPlatform
[2016.12.12-18.01.11:642][  0]LogTemp:Display: Loaded TP LinuxNoEditorTargetPlatform
[2016.12.12-18.01.11:651][  0]LogTemp:Display: Loaded TP LinuxServerTargetPlatform
[2016.12.12-18.01.11:660][  0]LogTemp:Display: Loaded TP LinuxTargetPlatform
[2016.12.12-18.01.11:660][  0]LogTargetPlatformManager:Display: Building Assets For Windows
[2016.12.12-18.01.11:766][  0]LogDerivedDataCache:Display: Max Cache Size: 512 MB
[2016.12.12-18.01.11:841][  0]LogDerivedDataCache: Loaded boot cache 0.08s 60MB C:/Users/Brian/AppData/Local/UnrealEngine/4.13/DerivedDataCache/Boot.ddc.
[2016.12.12-18.01.11:842][  0]LogDerivedDataCache:Display: Loaded Boot cache: C:/Users/Brian/AppData/Local/UnrealEngine/4.13/DerivedDataCache/Boot.ddc
[2016.12.12-18.01.11:842][  0]LogDerivedDataCache: FDerivedDataBackendGraph:  Pak pak cache file ../../../../../../Users/Brian/Documents/GitHub/quad-shaped-battle-objects/CardGameProject3/DerivedDataCache/DDC.ddp not found, will not use a pak cache.
[2016.12.12-18.01.11:842][  0]LogDerivedDataCache: Unable to find inner node Pak for hierarchical cache Hierarchy.
[2016.12.12-18.01.11:842][  0]LogDerivedDataCache: FDerivedDataBackendGraph:  CompressedPak pak cache file ../../../../../../Users/Brian/Documents/GitHub/quad-shaped-battle-objects/CardGameProject3/DerivedDataCache/Compressed.ddp not found, will not use a pak cache.
[2016.12.12-18.01.11:842][  0]LogDerivedDataCache: Unable to find inner node CompressedPak for hierarchical cache Hierarchy.
[2016.12.12-18.01.11:861][  0]LogDerivedDataCache:Display: Pak cache opened for reading ../../../Engine/DerivedDataCache/Compressed.ddp.
[2016.12.12-18.01.11:873][  0]LogDerivedDataCache: Using Local data cache path C:/Users/Brian/AppData/Local/UnrealEngine/Common/DerivedDataCache: Writable
[2016.12.12-18.01.12:113][  0]LogInit: Selected Device Profile: [Windows]
[2016.12.12-18.01.12:117][  0]LogContentStreaming: Texture pool size is 0.00 MB
[2016.12.12-18.01.12:226][  0]LogMeshUtilities: No automatic mesh reduction module available
[2016.12.12-18.01.12:226][  0]LogMeshUtilities: No automatic mesh merging module available
[2016.12.12-18.01.12:226][  0]LogMeshUtilities: No distributed automatic mesh merging module available
[2016.12.12-18.01.12:316][  0]LogMaterial: Uniform references updated for custom material expression Custom.
[2016.12.12-18.01.12:652][  0]LogNetVersion: GetLocalNetworkVersion: CL: 3106830, ProjectName: cardgameproject3, ProjectVersion: , EngineNetworkVersion: 1, GameNetworkVersion: 0, NetworkChecksum: 2141254031
[2016.12.12-18.01.12:691][  0]LogAssetRegistry: FAssetRegistry took 0.0216 seconds to start up
[2016.12.12-18.01.12:728][  0]LogPackageLocalizationCache: Processed 3 localized package path(s) for 2 prioritized culture(s) in 0.033957 seconds
[2016.12.12-18.01.12:735][  0]LogUObjectArray: 29778 objects as part of root set at end of initial load.
[2016.12.12-18.01.12:735][  0]LogUObjectAllocator: 6125456 out of 0 bytes used by permanent object pool.
[2016.12.12-18.01.12:735][  0]LogUObjectArray: CloseDisregardForGC: 0/0 objects in disregard for GC pool
[2016.12.12-18.01.12:743][  0]LogInit: WinSock: version 1.1 (2.2), MaxSocks=32767, MaxUdp=65467
[2016.12.12-18.01.13:025][  0]LogSlate: SlateFontCache - WITH_FREETYPE: 1, WITH_HARFBUZZ: 1
[2016.12.12-18.01.13:025][  0]LogSlate: SlateFontCache - WITH_FREETYPE: 1, WITH_HARFBUZZ: 1
[2016.12.12-18.01.13:726][  0]LogTcpMessaging: Initializing TcpMessaging bridge
[2016.12.12-18.01.13:748][  0]LogUdpMessaging: Initializing bridge on interface 0.0.0.0:0 to multicast group 230.0.0.1:6666.
[2016.12.12-18.01.14:015][  0]SourceControl: Info Source control is disabled
[2016.12.12-18.01.14:016][  0]SourceControl: Info Source control is disabled
[2016.12.12-18.01.14:027][  0]SourceControl: Info Source control is disabled
[2016.12.12-18.01.14:038][  0]SourceControl: Info Source control is disabled
[2016.12.12-18.01.14:134][  0]LogLinker:Warning: Can't find file '/Game/2DSideScrollerBP/2DSideScrollerOverview'
[2016.12.12-18.01.14:134][  0]LogLinker:Warning: Can't find file '/Game/2DSideScrollerBP/2DSideScrollerOverview'
[2016.12.12-18.01.14:134][  0]LogUObjectGlobals:Warning: Failed to find object 'Class /Game/2DSideScrollerBP/2DSideScrollerOverview.2DSideScrollerOverview_C'
[2016.12.12-18.01.14:387][  0]LogEngine: Initializing Engine...
[2016.12.12-18.01.14:388][  0]LogHMD: Failed to initialize OpenVR with code 110
[2016.12.12-18.01.14:543][  0]LogAIModule: Creating AISystem for world Untitled
[2016.12.12-18.01.14:550][  0]LogInit: XAudio2 using 'Speakers (High Definition Audio Device)' : 2 channels at 44.1 kHz using 16 bits per sample (channel mask 0x3)
[2016.12.12-18.01.14:567][  0]LogInit: FAudioDevice initialized.
[2016.12.12-18.01.14:603][  0]LogDerivedDataCache: Saved boot cache 0.04s 60MB C:/Users/Brian/AppData/Local/UnrealEngine/4.13/DerivedDataCache/Boot.ddc.
[2016.12.12-18.01.14:613][  0]LogInit: Texture streaming: Enabled
[2016.12.12-18.01.14:667][  0]LogInit: Transaction tracking system initialized
[2016.12.12-18.01.14:699][  0]BlueprintLog: New page: Editor Load
[2016.12.12-18.01.14:814][  0]LocalizationService: Info Localization service is disabled
[2016.12.12-18.01.14:921][  0]LogConsoleResponse:Display: 
[2016.12.12-18.01.15:080][  0]LogCook:Display: Max memory allowance for cook 16384mb min free memory 0mb
[2016.12.12-18.01.15:080][  0]LogCook:Display: Mobile HDR setting 0
[2016.12.12-18.01.15:301][  0]LogFileCache: Scanning file cache for directory 'C:/Users/Brian/Documents/GitHub/quad-shaped-battle-objects/CardGameProject3/Content/' took 0.01s
[2016.12.12-18.01.15:301][  0]SourceControl: Info Source control is disabled
[2016.12.12-18.01.15:301][  0]Cmd: MAP LOAD FILE="../../../../../../Users/Brian/Documents/GitHub/quad-shaped-battle-objects/CardGameProject3/Content/Levels/Empty.umap" TEMPLATE=0 SHOWPROGRESS=1 FEATURELEVEL=3
[2016.12.12-18.01.15:302][  0]LightingResults: New page: Lighting Build
[2016.12.12-18.01.15:305][  0]MapCheck: New page: Map Check
[2016.12.12-18.01.15:305][  0]LightingResults: New page: Lighting Build
[2016.12.12-18.01.17:794][  0]LogAIModule: Creating AISystem for world Empty
[2016.12.12-18.01.17:796][  0]LogEditorServer: Finished looking for orphan Actors (0.000 secs)
[2016.12.12-18.01.17:796][  0]Cmd: MAP CHECKDEP NOCLEARLOG
[2016.12.12-18.01.17:852][  0]MapCheck: Info Map check complete: 0 Error(s), 0 Warning(s), took 55.909ms to complete.
[2016.12.12-18.01.17:852][  0]LogFileHelpers: Loading map 'Empty' took 2.552
[2016.12.12-18.01.17:985][  0]LogCollectionManager: Loaded 1 collections in 0.002507 seconds
[2016.12.12-18.01.18:026][  0]LogFileCache: Scanning file cache for directory 'C:/Users/Brian/Documents/GitHub/quad-shaped-battle-objects/CardGameProject3/Saved/Collections/' took 0.01s
[2016.12.12-18.01.18:026][  0]LogFileCache: Scanning file cache for directory 'C:/Users/Brian/Documents/GitHub/quad-shaped-battle-objects/CardGameProject3/Content/Developers/Brian/Collections/' took 0.01s
[2016.12.12-18.01.18:026][  0]LogFileCache: Scanning file cache for directory 'C:/Users/Brian/Documents/GitHub/quad-shaped-battle-objects/CardGameProject3/Content/Collections/' took 0.01s
[2016.12.12-18.01.18:026][  0]LogCollectionManager: Rebuilt the GUID cache for 1 collections in 0.000006 seconds
[2016.12.12-18.01.18:026][  0]LogCollectionManager: Rebuilt the hierarchy cache for 1 collections in 0.000000 seconds
[2016.12.12-18.01.18:038][  0]LogContentBrowser: Native class hierarchy populated in 0.0112 seconds. Added 2141 classes and 415 folders.
[2016.12.12-18.01.18:045][  0]LogStats: UGameplayTagsManager::ConstructGameplayTagTree: Construct from data asset -  0.000 s
[2016.12.12-18.01.18:045][  0]LogStats: UGameplayTagsManager::ConstructGameplayTagTree: GameplayTagTreeChangedEvent.Broadcast -  0.000 s
[2016.12.12-18.01.18:045][  0]LogContentBrowser: Native class hierarchy updated for 'GameplayTags' in 0.0006 seconds. Added 12 classes and 0 folders.
[2016.12.12-18.01.18:051][  0]LogContentBrowser: Native class hierarchy updated for 'WidgetCarousel' in 0.0004 seconds. Added 0 classes and 0 folders.
[2016.12.12-18.01.18:093][  0]LogContentBrowser: Native class hierarchy updated for 'AddContentDialog' in 0.0005 seconds. Added 0 classes and 0 folders.
[2016.12.12-18.01.18:100][  0]LogContentBrowser: Native class hierarchy updated for 'SceneOutliner' in 0.0006 seconds. Added 1 classes and 2 folders.
[2016.12.12-18.01.18:120][  0]LogCrashTracker: Crashtracker disabled due to settings.
[2016.12.12-18.01.18:127][  0]LogUObjectGlobals:Warning: Failed to find object 'Class None.'
[2016.12.12-18.01.18:157][  0]LogContentBrowser: Native class hierarchy updated for 'HierarchicalLODOutliner' in 0.0006 seconds. Added 1 classes and 2 folders.
[2016.12.12-18.01.18:157][  0]LogLoad: (Engine Initialization) Total time: 9.86 seconds
[2016.12.12-18.01.18:157][  0]LogLoad: (Engine Initialization) Total Blueprint compile time: 1.18 seconds
[2016.12.12-18.01.18:157][  0]LogExternalProfiler: Found external profiler: VSPerf
[2016.12.12-18.01.18:157][  0]LogExternalProfiler: Using external profiler: VSPerf
[2016.12.12-18.01.18:175][  0]LogOcInput: OculusInput pre-init called
[2016.12.12-18.01.18:194][  0]LogContentStreaming: Texture pool size now 400 MB
[2016.12.12-18.01.18:362][  0]LogRenderer: Reallocating scene render targets to support 964x492 (Frame:2).
[2016.12.12-18.01.18:487][  1]LogHttp:Warning: 000000ECA195C700: request failed, libcurl error: 6 (Couldn't resolve host name)
[2016.12.12-18.01.18:487][  1]LogHttp:Warning: 000000ECA195C700: libcurl info message cache 8 (Could not resolve host: cdn.unrealengine.com)
[2016.12.12-18.01.18:487][  1]LogHttp:Warning: 000000ECA195C700: libcurl info message cache 9 (Closing connection 0)
[2016.12.12-18.01.18:557][  2]LogAssetRegistry: Asset discovery search completed in 5.8877 seconds
[2016.12.12-18.01.18:557][  2]LogCollectionManager: Rebuilt the object cache for 1 collections in 0.000010 seconds (found 0 objects)
[2016.12.12-18.01.18:557][  2]LogCollectionManager: Fixed up redirectors for 1 collections in 0.000049 seconds (updated 0 objects)
[2016.12.12-18.01.18:726][  3]LogHttp:Warning: 000000ECA4AA9F00: request failed, libcurl error: 6 (Couldn't resolve host name)
[2016.12.12-18.01.18:726][  3]LogHttp:Warning: 000000ECA4AA9F00: libcurl info message cache 8 (Could not resolve host: cdn.unrealengine.com)
[2016.12.12-18.01.18:726][  3]LogHttp:Warning: 000000ECA4AA9F00: libcurl info message cache 9 (Closing connection 1)
[2016.12.12-18.01.18:799][  7]LogHttp:Warning: 000000ECA4AA9180: request failed, libcurl error: 6 (Couldn't resolve host name)
[2016.12.12-18.01.18:799][  7]LogHttp:Warning: 000000ECA4AA9180: libcurl info message cache 8 (Could not resolve host: cdn.unrealengine.com)
[2016.12.12-18.01.18:799][  7]LogHttp:Warning: 000000ECA4AA9180: libcurl info message cache 9 (Closing connection 2)
[2016.12.12-18.01.24:422][303]LogContentBrowser: Native class hierarchy updated for 'BlueprintGraph' in 0.0010 seconds. Added 112 classes and 0 folders.
[2016.12.12-18.01.45:161][467]LogBlueprintUserMessages: Early PlayInEditor Detection: Level '/Game/Levels/Empty.Empty:PersistentLevel' has LevelScriptBlueprint '/Game/Levels/Empty.Empty:PersistentLevel.Empty' with GeneratedClass '/Game/Levels/Empty.Empty_C' with ClassGeneratedBy '/Game/Levels/Empty.Empty:PersistentLevel.Empty'
[2016.12.12-18.01.45:161][467]LogPlayLevel: PlayLevel: No blueprints needed recompiling
[2016.12.12-18.01.45:162][467]PIE: New page: PIE session: Empty (Dec 12, 2016, 8:01:45 AM)
[2016.12.12-18.01.45:163][467]LogPlayLevel: Creating play world package: /Game/Levels/UEDPIE_0_Empty
[2016.12.12-18.01.45:164][467]LogPlayLevel: PIE: StaticDuplicateObject took: (0.001082s)
[2016.12.12-18.01.45:164][467]LogAIModule: Creating AISystem for world Empty
[2016.12.12-18.01.45:165][467]LogPlayLevel: PIE: World Init took: (0.001472s)
[2016.12.12-18.01.45:166][467]LogPlayLevel: PIE: Created PIE world by copying editor world from /Game/Levels/Empty.Empty to /Game/Levels/UEDPIE_0_Empty.Empty (0.003073s)
[2016.12.12-18.01.45:242][467]LogInit: XAudio2 using 'Speakers (High Definition Audio Device)' : 2 channels at 44.1 kHz using 16 bits per sample (channel mask 0x3)
[2016.12.12-18.01.45:250][467]LogInit: FAudioDevice initialized.
[2016.12.12-18.01.45:298][467]LogWorld: Game class is 'BattleCardGameMode_C'
[2016.12.12-18.01.45:300][467]LogWorld: Bringing World /Game/Levels/UEDPIE_0_Empty.Empty up for play (max tick rate 60) at 2016.12.12-13.01.45
[2016.12.12-18.01.45:300][467]LogWorld: Bringing up level for play took: 0.001339
[2016.12.12-18.01.45:301][467]LogGameMode: Warning - PATHS NOT DEFINED or NO PLAYERSTART with positive rating
[2016.12.12-18.01.45:305][467]LogContentBrowser: Native class hierarchy updated for 'MovieSceneCapture' in 0.0006 seconds. Added 11 classes and 0 folders.
[2016.12.12-18.01.45:305][467]LogGameMode:Display: Match State Changed from EnteringMap to WaitingToStart
[2016.12.12-18.01.45:305][467]LogGameState: Match State Changed from EnteringMap to WaitingToStart
[2016.12.12-18.01.45:305][467]LogGameMode:Display: Match State Changed from WaitingToStart to InProgress
[2016.12.12-18.01.45:307][467]Cmd: r.setRes 1280x720
[2016.12.12-18.01.45:307][467]r.SetRes = "1280x720"
[2016.12.12-18.01.45:341][467]LogRenderer: Reallocating scene render targets to support 1292x756 (Frame:7).
[2016.12.12-18.01.45:341][467]LogGameState: Match State Changed from WaitingToStart to InProgress
[2016.12.12-18.01.45:344][467]PIE: Info Play in editor start time for /Game/Levels/UEDPIE_0_Empty 0.813
[2016.12.12-18.01.45:345][467]LogBlueprintUserMessages: Late PlayInEditor Detection: Level '/Game/Levels/Empty.Empty:PersistentLevel' has LevelScriptBlueprint '/Game/Levels/Empty.Empty:PersistentLevel.Empty' with GeneratedClass '/Game/Levels/Empty.Empty_C' with ClassGeneratedBy '/Game/Levels/Empty.Empty:PersistentLevel.Empty'
[2016.12.12-18.01.47:832][568]LogGameMode:Display: Match State Changed from InProgress to LeavingMap
[2016.12.12-18.01.47:832][568]LogGameState: Match State Changed from InProgress to LeavingMap
[2016.12.12-18.01.47:833][568]LogNet: Browse: /Game/Levels/BasicLevel
[2016.12.12-18.01.47:833][568]LogLoad: LoadMap: /Game/Levels/BasicLevel
[2016.12.12-18.01.47:892][568]Cmd: MEM
[2016.12.12-18.01.47:928][568]LogMemory: Platform Memory Stats for Windows
[2016.12.12-18.01.47:928][568]LogMemory: Process Physical Memory: 989.86 MB used, 1001.33 MB peak
[2016.12.12-18.01.47:928][568]LogMemory: Process Virtual Memory: 1304.28 MB used, 1371.79 MB peak
[2016.12.12-18.01.47:928][568]LogMemory: Physical Memory: 2974.39 MB used, 8075.23 MB total
[2016.12.12-18.01.47:928][568]LogMemory: Virtual Memory: 2070.54 MB used, 134217728.00 MB total
[2016.12.12-18.01.47:928][568]LogMemory: 
[2016.12.12-18.01.47:928][568]Allocator Stats for TBB: (not implemented)
[2016.12.12-18.01.48:208][568]LogAIModule: Creating AISystem for world BasicLevel
[2016.12.12-18.01.48:209][568]LogWorld: Game class is 'BattleCardGameMode_C'
[2016.12.12-18.01.48:214][568]LogWorld: Bringing World /Game/Levels/UEDPIE_0_BasicLevel.BasicLevel up for play (max tick rate 60) at 2016.12.12-13.01.48
[2016.12.12-18.01.48:215][568]LogWorld: Bringing up level for play took: 0.004971
[2016.12.12-18.01.48:215][568]LogGameMode: Warning - PATHS NOT DEFINED or NO PLAYERSTART with positive rating
[2016.12.12-18.01.48:216][568]LogGameMode:Display: Match State Changed from EnteringMap to WaitingToStart
[2016.12.12-18.01.48:216][568]LogGameState: Match State Changed from EnteringMap to WaitingToStart
[2016.12.12-18.01.48:216][568]LogGameMode:Display: Match State Changed from WaitingToStart to InProgress
[2016.12.12-18.01.48:217][568]LogGameState: Match State Changed from WaitingToStart to InProgress
[2016.12.12-18.01.48:217][568]LogLoad: Took 0.384278 seconds to LoadMap(/Game/Levels/BasicLevel)
[2016.12.12-18.01.48:240][569]LogBlueprintUserMessages: [Deck_C_0] 1
[2016.12.12-18.01.48:240][569]LogBlueprintUserMessages: [Deck_C_1] 0
[2016.12.12-18.02.02:269][896]LogBlueprintUserMessages: Early EndPlayMap Detection: Level '/Game/Levels/Empty.Empty:PersistentLevel' has LevelScriptBlueprint '/Game/Levels/Empty.Empty:PersistentLevel.Empty' with GeneratedClass '/Game/Levels/Empty.Empty_C' with ClassGeneratedBy '/Game/Levels/Empty.Empty:PersistentLevel.Empty'
[2016.12.12-18.02.02:303][896]LogBlueprintUserMessages: Late EndPlayMap Detection: Level '/Game/Levels/Empty.Empty:PersistentLevel' has LevelScriptBlueprint '/Game/Levels/Empty.Empty:PersistentLevel.Empty' with GeneratedClass '/Game/Levels/Empty.Empty_C' with ClassGeneratedBy '/Game/Levels/Empty.Empty:PersistentLevel.Empty'
[2016.12.12-18.02.07:110][163]LogAIModule: Creating AISystem for world BasicLevel
[2016.12.12-18.02.07:162][163]Cmd: MAP LOAD FILE="../../../../../../Users/Brian/Documents/GitHub/quad-shaped-battle-objects/CardGameProject3/Content/Levels/BasicLevel.umap" TEMPLATE=0 SHOWPROGRESS=1 FEATURELEVEL=3
[2016.12.12-18.02.07:162][163]LightingResults: New page: Lighting Build
[2016.12.12-18.02.07:163][163]LoadErrors: New page: Loading map: BasicLevel.umap
[2016.12.12-18.02.07:163][163]MapCheck: New page: Map Check
[2016.12.12-18.02.07:163][163]LightingResults: New page: Lighting Build
[2016.12.12-18.02.07:204][163]LogEditorServer: Finished looking for orphan Actors (0.000 secs)
[2016.12.12-18.02.07:239][163]Cmd: MAP CHECKDEP NOCLEARLOG
[2016.12.12-18.02.07:311][163]MapCheck: Info Map check complete: 0 Error(s), 0 Warning(s), took 71.897ms to complete.
[2016.12.12-18.02.07:311][163]LogFileHelpers: Loading map 'BasicLevel' took 0.150
[2016.12.12-18.02.08:173][212]LogEditorViewport: Clicking on Actor (LMB): TutorialMesh_C (TutorialMesh)
[2016.12.12-18.02.18:216][730]LogHttp:Warning: 000000EC9D73FE80: request failed, libcurl error: 6 (Couldn't resolve host name)
[2016.12.12-18.02.18:216][730]LogHttp:Warning: 000000EC9D73FE80: libcurl info message cache 8 (Could not resolve host: datarouter.ol.epicgames.com)
[2016.12.12-18.02.18:217][730]LogHttp:Warning: 000000EC9D73FE80: libcurl info message cache 9 (Closing connection 3)
[2016.12.12-18.02.40:969][882]LogBlueprintUserMessages: Early PlayInEditor Detection: Level '/Game/Levels/BasicLevel.BasicLevel:PersistentLevel' has LevelScriptBlueprint '/Game/Levels/BasicLevel.BasicLevel:PersistentLevel.BasicLevel' with GeneratedClass '/Game/Levels/BasicLevel.BasicLevel_C' with ClassGeneratedBy '/Game/Levels/BasicLevel.BasicLevel:PersistentLevel.BasicLevel'
[2016.12.12-18.02.40:969][882]LogPlayLevel: PlayLevel: No blueprints needed recompiling
[2016.12.12-18.02.40:969][882]PIE: New page: PIE session: BasicLevel (Dec 12, 2016, 8:02:40 AM)
[2016.12.12-18.02.40:970][882]LogPlayLevel: Creating play world package: /Game/Levels/UEDPIE_0_BasicLevel
[2016.12.12-18.02.40:972][882]LogPlayLevel: PIE: StaticDuplicateObject took: (0.002639s)
[2016.12.12-18.02.40:973][882]LogAIModule: Creating AISystem for world BasicLevel
[2016.12.12-18.02.40:974][882]LogPlayLevel: PIE: World Init took: (0.001185s)
[2016.12.12-18.02.40:974][882]LogPlayLevel: PIE: Created PIE world by copying editor world from /Game/Levels/BasicLevel.BasicLevel to /Game/Levels/UEDPIE_0_BasicLevel.BasicLevel (0.004147s)
[2016.12.12-18.02.41:023][882]LogInit: XAudio2 using 'Speakers (High Definition Audio Device)' : 2 channels at 44.1 kHz using 16 bits per sample (channel mask 0x3)
[2016.12.12-18.02.41:030][882]LogInit: FAudioDevice initialized.
[2016.12.12-18.02.41:071][882]LogWorld: Game class is 'BattleCardGameMode_C'
[2016.12.12-18.02.41:073][882]LogWorld: Bringing World /Game/Levels/UEDPIE_0_BasicLevel.BasicLevel up for play (max tick rate 60) at 2016.12.12-13.02.41
[2016.12.12-18.02.41:074][882]LogWorld: Bringing up level for play took: 0.002665
[2016.12.12-18.02.41:074][882]LogGameMode: Warning - PATHS NOT DEFINED or NO PLAYERSTART with positive rating
[2016.12.12-18.02.41:075][882]LogGameMode:Display: Match State Changed from EnteringMap to WaitingToStart
[2016.12.12-18.02.41:075][882]LogGameState: Match State Changed from EnteringMap to WaitingToStart
[2016.12.12-18.02.41:075][882]LogGameMode:Display: Match State Changed from WaitingToStart to InProgress
[2016.12.12-18.02.41:076][882]LogGameState: Match State Changed from WaitingToStart to InProgress
[2016.12.12-18.02.41:078][882]PIE: Info Play in editor start time for /Game/Levels/UEDPIE_0_BasicLevel 0.546
[2016.12.12-18.02.41:079][882]LogBlueprintUserMessages: Late PlayInEditor Detection: Level '/Game/Levels/BasicLevel.BasicLevel:PersistentLevel' has LevelScriptBlueprint '/Game/Levels/BasicLevel.BasicLevel:PersistentLevel.BasicLevel' with GeneratedClass '/Game/Levels/BasicLevel.BasicLevel_C' with ClassGeneratedBy '/Game/Levels/BasicLevel.BasicLevel:PersistentLevel.BasicLevel'
[2016.12.12-18.02.41:158][883]LogBlueprintUserMessages: [Deck_C_0] 0
[2016.12.12-18.02.41:158][883]LogBlueprintUserMessages: [Deck_C_1] 0
[2016.12.12-18.02.44:392][949]LogBlueprintUserMessages: Early EndPlayMap Detection: Level '/Game/Levels/BasicLevel.BasicLevel:PersistentLevel' has LevelScriptBlueprint '/Game/Levels/BasicLevel.BasicLevel:PersistentLevel.BasicLevel' with GeneratedClass '/Game/Levels/BasicLevel.BasicLevel_C' with ClassGeneratedBy '/Game/Levels/BasicLevel.BasicLevel:PersistentLevel.BasicLevel'
[2016.12.12-18.02.44:461][949]LogBlueprintUserMessages: Late EndPlayMap Detection: Level '/Game/Levels/BasicLevel.BasicLevel:PersistentLevel' has LevelScriptBlueprint '/Game/Levels/BasicLevel.BasicLevel:PersistentLevel.BasicLevel' with GeneratedClass '/Game/Levels/BasicLevel.BasicLevel_C' with ClassGeneratedBy '/Game/Levels/BasicLevel.BasicLevel:PersistentLevel.BasicLevel'
[2016.12.12-18.02.51:481][293]LogBlueprintUserMessages: Early PlayInEditor Detection: Level '/Game/Levels/BasicLevel.BasicLevel:PersistentLevel' has LevelScriptBlueprint '/Game/Levels/BasicLevel.BasicLevel:PersistentLevel.BasicLevel' with GeneratedClass '/Game/Levels/BasicLevel.BasicLevel_C' with ClassGeneratedBy '/Game/Levels/BasicLevel.BasicLevel:PersistentLevel.BasicLevel'
[2016.12.12-18.02.51:481][293]LogPlayLevel: PlayLevel: No blueprints needed recompiling
[2016.12.12-18.02.51:482][293]PIE: New page: PIE session: BasicLevel (Dec 12, 2016, 8:02:51 AM)
[2016.12.12-18.02.51:482][293]LogPlayLevel: Creating play world package: /Game/Levels/UEDPIE_0_BasicLevel
[2016.12.12-18.02.51:485][293]LogPlayLevel: PIE: StaticDuplicateObject took: (0.003122s)
[2016.12.12-18.02.51:486][293]LogAIModule: Creating AISystem for world BasicLevel
[2016.12.12-18.02.51:487][293]LogPlayLevel: PIE: World Init took: (0.001223s)
[2016.12.12-18.02.51:487][293]LogPlayLevel: PIE: Created PIE world by copying editor world from /Game/Levels/BasicLevel.BasicLevel to /Game/Levels/UEDPIE_0_BasicLevel.BasicLevel (0.004683s)
[2016.12.12-18.02.51:532][293]LogInit: XAudio2 using 'Speakers (High Definition Audio Device)' : 2 channels at 44.1 kHz using 16 bits per sample (channel mask 0x3)
[2016.12.12-18.02.51:538][293]LogInit: FAudioDevice initialized.
[2016.12.12-18.02.51:574][293]LogWorld: Game class is 'BattleCardGameMode_C'
[2016.12.12-18.02.51:576][293]LogWorld: Bringing World /Game/Levels/UEDPIE_0_BasicLevel.BasicLevel up for play (max tick rate 60) at 2016.12.12-13.02.51
[2016.12.12-18.02.51:577][293]LogWorld: Bringing up level for play took: 0.002640
[2016.12.12-18.02.51:577][293]LogGameMode: Warning - PATHS NOT DEFINED or NO PLAYERSTART with positive rating
[2016.12.12-18.02.51:578][293]LogGameMode:Display: Match State Changed from EnteringMap to WaitingToStart
[2016.12.12-18.02.51:578][293]LogGameState: Match State Changed from EnteringMap to WaitingToStart
[2016.12.12-18.02.51:578][293]LogGameMode:Display: Match State Changed from WaitingToStart to InProgress
[2016.12.12-18.02.51:579][293]LogGameState: Match State Changed from WaitingToStart to InProgress
[2016.12.12-18.02.51:582][293]PIE: Info Play in editor start time for /Game/Levels/UEDPIE_0_BasicLevel 1.05
[2016.12.12-18.02.51:582][293]LogBlueprintUserMessages: Late PlayInEditor Detection: Level '/Game/Levels/BasicLevel.BasicLevel:PersistentLevel' has LevelScriptBlueprint '/Game/Levels/BasicLevel.BasicLevel:PersistentLevel.BasicLevel' with GeneratedClass '/Game/Levels/BasicLevel.BasicLevel_C' with ClassGeneratedBy '/Game/Levels/BasicLevel.BasicLevel:PersistentLevel.BasicLevel'
[2016.12.12-18.02.51:715][295]LogBlueprintUserMessages: [Deck_C_0] 0
[2016.12.12-18.02.51:715][295]LogBlueprintUserMessages: [Deck_C_1] 0
[2016.12.12-18.03.03:082][538]LogBlueprintUserMessages: Early EndPlayMap Detection: Level '/Game/Levels/BasicLevel.BasicLevel:PersistentLevel' has LevelScriptBlueprint '/Game/Levels/BasicLevel.BasicLevel:PersistentLevel.BasicLevel' with GeneratedClass '/Game/Levels/BasicLevel.BasicLevel_C' with ClassGeneratedBy '/Game/Levels/BasicLevel.BasicLevel:PersistentLevel.BasicLevel'
[2016.12.12-18.03.03:147][538]LogBlueprintUserMessages: Late EndPlayMap Detection: Level '/Game/Levels/BasicLevel.BasicLevel:PersistentLevel' has LevelScriptBlueprint '/Game/Levels/BasicLevel.BasicLevel:PersistentLevel.BasicLevel' with GeneratedClass '/Game/Levels/BasicLevel.BasicLevel_C' with ClassGeneratedBy '/Game/Levels/BasicLevel.BasicLevel:PersistentLevel.BasicLevel'
[2016.12.12-18.03.13:439][ 59]LogBlueprintUserMessages: Early PlayInEditor Detection: Level '/Game/Levels/BasicLevel.BasicLevel:PersistentLevel' has LevelScriptBlueprint '/Game/Levels/BasicLevel.BasicLevel:PersistentLevel.BasicLevel' with GeneratedClass '/Game/Levels/BasicLevel.BasicLevel_C' with ClassGeneratedBy '/Game/Levels/BasicLevel.BasicLevel:PersistentLevel.BasicLevel'
[2016.12.12-18.03.13:439][ 59]LogPlayLevel: PlayLevel: No blueprints needed recompiling
[2016.12.12-18.03.13:439][ 59]PIE: New page: PIE session: BasicLevel (Dec 12, 2016, 8:03:13 AM)
[2016.12.12-18.03.13:440][ 59]LogPlayLevel: Creating play world package: /Game/Levels/UEDPIE_0_BasicLevel
[2016.12.12-18.03.13:443][ 59]LogPlayLevel: PIE: StaticDuplicateObject took: (0.003499s)
[2016.12.12-18.03.13:444][ 59]LogAIModule: Creating AISystem for world BasicLevel
[2016.12.12-18.03.13:445][ 59]LogPlayLevel: PIE: World Init took: (0.001068s)
[2016.12.12-18.03.13:445][ 59]LogPlayLevel: PIE: Created PIE world by copying editor world from /Game/Levels/BasicLevel.BasicLevel to /Game/Levels/UEDPIE_0_BasicLevel.BasicLevel (0.004885s)
[2016.12.12-18.03.13:490][ 59]LogInit: XAudio2 using 'Speakers (High Definition Audio Device)' : 2 channels at 44.1 kHz using 16 bits per sample (channel mask 0x3)
[2016.12.12-18.03.13:497][ 59]LogInit: FAudioDevice initialized.
[2016.12.12-18.03.13:533][ 59]LogWorld: Game class is 'BattleCardGameMode_C'
[2016.12.12-18.03.13:537][ 59]LogWorld: Bringing World /Game/Levels/UEDPIE_0_BasicLevel.BasicLevel up for play (max tick rate 60) at 2016.12.12-13.03.13
[2016.12.12-18.03.13:537][ 59]LogWorld: Bringing up level for play took: 0.003129
[2016.12.12-18.03.13:538][ 59]LogGameMode: Warning - PATHS NOT DEFINED or NO PLAYERSTART with positive rating
[2016.12.12-18.03.13:538][ 59]LogGameMode:Display: Match State Changed from EnteringMap to WaitingToStart
[2016.12.12-18.03.13:539][ 59]LogGameState: Match State Changed from EnteringMap to WaitingToStart
[2016.12.12-18.03.13:539][ 59]LogGameMode:Display: Match State Changed from WaitingToStart to InProgress
[2016.12.12-18.03.13:540][ 59]LogGameState: Match State Changed from WaitingToStart to InProgress
[2016.12.12-18.03.13:543][ 59]PIE: Info Play in editor start time for /Game/Levels/UEDPIE_0_BasicLevel 1.011
[2016.12.12-18.03.13:543][ 59]LogBlueprintUserMessages: Late PlayInEditor Detection: Level '/Game/Levels/BasicLevel.BasicLevel:PersistentLevel' has LevelScriptBlueprint '/Game/Levels/BasicLevel.BasicLevel:PersistentLevel.BasicLevel' with GeneratedClass '/Game/Levels/BasicLevel.BasicLevel_C' with ClassGeneratedBy '/Game/Levels/BasicLevel.BasicLevel:PersistentLevel.BasicLevel'
[2016.12.12-18.03.13:694][ 61]LogBlueprintUserMessages: [Deck_C_0] 0
[2016.12.12-18.03.13:695][ 61]LogBlueprintUserMessages: [Deck_C_1] 0
[2016.12.12-18.03.19:230][177]LogBlueprintUserMessages: Early EndPlayMap Detection: Level '/Game/Levels/BasicLevel.BasicLevel:PersistentLevel' has LevelScriptBlueprint '/Game/Levels/BasicLevel.BasicLevel:PersistentLevel.BasicLevel' with GeneratedClass '/Game/Levels/BasicLevel.BasicLevel_C' with ClassGeneratedBy '/Game/Levels/BasicLevel.BasicLevel:PersistentLevel.BasicLevel'
[2016.12.12-18.03.19:292][177]LogBlueprintUserMessages: Late EndPlayMap Detection: Level '/Game/Levels/BasicLevel.BasicLevel:PersistentLevel' has LevelScriptBlueprint '/Game/Levels/BasicLevel.BasicLevel:PersistentLevel.BasicLevel' with GeneratedClass '/Game/Levels/BasicLevel.BasicLevel_C' with ClassGeneratedBy '/Game/Levels/BasicLevel.BasicLevel:PersistentLevel.BasicLevel'
[2016.12.12-18.03.35:420][994]LogBlueprintUserMessages: Early PlayInEditor Detection: Level '/Game/Levels/BasicLevel.BasicLevel:PersistentLevel' has LevelScriptBlueprint '/Game/Levels/BasicLevel.BasicLevel:PersistentLevel.BasicLevel' with GeneratedClass '/Game/Levels/BasicLevel.BasicLevel_C' with ClassGeneratedBy '/Game/Levels/BasicLevel.BasicLevel:PersistentLevel.BasicLevel'
[2016.12.12-18.03.35:420][994]LogPlayLevel: PlayLevel: No blueprints needed recompiling
[2016.12.12-18.03.35:421][994]PIE: New page: PIE session: BasicLevel (Dec 12, 2016, 8:03:35 AM)
[2016.12.12-18.03.35:421][994]LogPlayLevel: Creating play world package: /Game/Levels/UEDPIE_0_BasicLevel
[2016.12.12-18.03.35:424][994]LogPlayLevel: PIE: StaticDuplicateObject took: (0.003226s)
[2016.12.12-18.03.35:425][994]LogAIModule: Creating AISystem for world BasicLevel
[2016.12.12-18.03.35:426][994]LogPlayLevel: PIE: World Init took: (0.001170s)
[2016.12.12-18.03.35:426][994]LogPlayLevel: PIE: Created PIE world by copying editor world from /Game/Levels/BasicLevel.BasicLevel to /Game/Levels/UEDPIE_0_BasicLevel.BasicLevel (0.004729s)
[2016.12.12-18.03.35:470][994]LogInit: XAudio2 using 'Speakers (High Definition Audio Device)' : 2 channels at 44.1 kHz using 16 bits per sample (channel mask 0x3)
[2016.12.12-18.03.35:477][994]LogInit: FAudioDevice initialized.
[2016.12.12-18.03.35:520][994]LogWorld: Game class is 'BattleCardGameMode_C'
[2016.12.12-18.03.35:524][994]LogWorld: Bringing World /Game/Levels/UEDPIE_0_BasicLevel.BasicLevel up for play (max tick rate 60) at 2016.12.12-13.03.35
[2016.12.12-18.03.35:525][994]LogWorld: Bringing up level for play took: 0.003709
[2016.12.12-18.03.35:525][994]LogGameMode: Warning - PATHS NOT DEFINED or NO PLAYERSTART with positive rating
[2016.12.12-18.03.35:526][994]LogGameMode:Display: Match State Changed from EnteringMap to WaitingToStart
[2016.12.12-18.03.35:526][994]LogGameState: Match State Changed from EnteringMap to WaitingToStart
[2016.12.12-18.03.35:526][994]LogGameMode:Display: Match State Changed from WaitingToStart to InProgress
[2016.12.12-18.03.35:527][994]LogGameState: Match State Changed from WaitingToStart to InProgress
[2016.12.12-18.03.35:530][994]PIE: Info Play in editor start time for /Game/Levels/UEDPIE_0_BasicLevel 0.998
[2016.12.12-18.03.35:530][994]LogBlueprintUserMessages: Late PlayInEditor Detection: Level '/Game/Levels/BasicLevel.BasicLevel:PersistentLevel' has LevelScriptBlueprint '/Game/Levels/BasicLevel.BasicLevel:PersistentLevel.BasicLevel' with GeneratedClass '/Game/Levels/BasicLevel.BasicLevel_C' with ClassGeneratedBy '/Game/Levels/BasicLevel.BasicLevel:PersistentLevel.BasicLevel'
[2016.12.12-18.03.35:678][996]LogBlueprintUserMessages: [Deck_C_0] 0
[2016.12.12-18.03.35:678][996]LogBlueprintUserMessages: [Deck_C_1] 0
[2016.12.12-18.03.41:108][112]LogHttp:Warning: 000000EC9D851D80: request failed, libcurl error: 6 (Couldn't resolve host name)
[2016.12.12-18.03.41:108][112]LogHttp:Warning: 000000EC9D851D80: libcurl info message cache 8 (Could not resolve host: datarouter.ol.epicgames.com)
[2016.12.12-18.03.41:108][112]LogHttp:Warning: 000000EC9D851D80: libcurl info message cache 9 (Closing connection 4)
[2016.12.12-18.03.45:923][215]LogBlueprintUserMessages: Early EndPlayMap Detection: Level '/Game/Levels/BasicLevel.BasicLevel:PersistentLevel' has LevelScriptBlueprint '/Game/Levels/BasicLevel.BasicLevel:PersistentLevel.BasicLevel' with GeneratedClass '/Game/Levels/BasicLevel.BasicLevel_C' with ClassGeneratedBy '/Game/Levels/BasicLevel.BasicLevel:PersistentLevel.BasicLevel'
[2016.12.12-18.03.45:986][215]LogBlueprintUserMessages: Late EndPlayMap Detection: Level '/Game/Levels/BasicLevel.BasicLevel:PersistentLevel' has LevelScriptBlueprint '/Game/Levels/BasicLevel.BasicLevel:PersistentLevel.BasicLevel' with GeneratedClass '/Game/Levels/BasicLevel.BasicLevel_C' with ClassGeneratedBy '/Game/Levels/BasicLevel.BasicLevel:PersistentLevel.BasicLevel'
[2016.12.12-18.03.47:737][283]LogSavePackage: Save=131.96ms
[2016.12.12-18.03.47:737][283]LogSavePackage: Moving '../../../../../../Users/Brian/Documents/GitHub/quad-shaped-battle-objects/CardGameProject3/Saved/BasicLevel0D5C3DD04785767A24D157AEF269280D.tmp' to '../../../../../../Users/Brian/Documents/GitHub/quad-shaped-battle-objects/CardGameProject3/Content/Levels/BasicLevel.umap'
[2016.12.12-18.03.47:742][283]LogSavePackage:Display: Finished SavePackage ../../../../../../Users/Brian/Documents/GitHub/quad-shaped-battle-objects/CardGameProject3/Content/Levels/BasicLevel.umap
[2016.12.12-18.03.47:790][283]LogFileHelpers: Saving map 'BasicLevel' took 0.322
[2016.12.12-18.04.47:433][780]LogHttp:Warning: 000000EC9D9C7E80: request failed, libcurl error: 6 (Couldn't resolve host name)
[2016.12.12-18.04.47:433][780]LogHttp:Warning: 000000EC9D9C7E80: libcurl info message cache 8 (Could not resolve host: datarouter.ol.epicgames.com)
[2016.12.12-18.04.47:433][780]LogHttp:Warning: 000000EC9D9C7E80: libcurl info message cache 9 (Closing connection 5)
[2016.12.12-18.05.53:052][666]LogBlueprintUserMessages: Early PlayInEditor Detection: Level '/Game/Levels/BasicLevel.BasicLevel:PersistentLevel' has LevelScriptBlueprint '/Game/Levels/BasicLevel.BasicLevel:PersistentLevel.BasicLevel' with GeneratedClass '/Game/Levels/BasicLevel.BasicLevel_C' with ClassGeneratedBy '/Game/Levels/BasicLevel.BasicLevel:PersistentLevel.BasicLevel'
[2016.12.12-18.05.53:052][666]BlueprintLog: New page: Pre-Play auto-recompile
[2016.12.12-18.05.53:052][666]LogPlayLevel: [PlayLevel] Compiling TutorialMesh before play...
[2016.12.12-18.05.53:247][666]LogPlayLevel: PlayLevel: Blueprint regeneration took 194 ms (1 blueprints)
[2016.12.12-18.05.53:247][666]PIE: New page: PIE session: BasicLevel (Dec 12, 2016, 8:05:53 AM)
[2016.12.12-18.05.53:248][666]LogPlayLevel: Creating play world package: /Game/Levels/UEDPIE_0_BasicLevel
[2016.12.12-18.05.53:250][666]LogPlayLevel: PIE: StaticDuplicateObject took: (0.002453s)
[2016.12.12-18.05.53:251][666]LogAIModule: Creating AISystem for world BasicLevel
[2016.12.12-18.05.53:251][666]LogPlayLevel: PIE: World Init took: (0.001050s)
[2016.12.12-18.05.53:251][666]LogPlayLevel: PIE: Created PIE world by copying editor world from /Game/Levels/BasicLevel.BasicLevel to /Game/Levels/UEDPIE_0_BasicLevel.BasicLevel (0.003783s)
[2016.12.12-18.05.53:295][666]LogInit: XAudio2 using 'Speakers (High Definition Audio Device)' : 2 channels at 44.1 kHz using 16 bits per sample (channel mask 0x3)
[2016.12.12-18.05.53:302][666]LogInit: FAudioDevice initialized.
[2016.12.12-18.05.53:337][666]LogWorld: Game class is 'BattleCardGameMode_C'
[2016.12.12-18.05.53:341][666]LogWorld: Bringing World /Game/Levels/UEDPIE_0_BasicLevel.BasicLevel up for play (max tick rate 60) at 2016.12.12-13.05.53
[2016.12.12-18.05.53:342][666]LogWorld: Bringing up level for play took: 0.004190
[2016.12.12-18.05.53:343][666]LogGameMode: Warning - PATHS NOT DEFINED or NO PLAYERSTART with positive rating
[2016.12.12-18.05.53:343][666]LogGameMode:Display: Match State Changed from EnteringMap to WaitingToStart
[2016.12.12-18.05.53:343][666]LogGameState: Match State Changed from EnteringMap to WaitingToStart
[2016.12.12-18.05.53:343][666]LogGameMode:Display: Match State Changed from WaitingToStart to InProgress
[2016.12.12-18.05.53:345][666]LogGameState: Match State Changed from WaitingToStart to InProgress
[2016.12.12-18.05.53:348][666]PIE: Info Play in editor start time for /Game/Levels/UEDPIE_0_BasicLevel 0.816
[2016.12.12-18.05.53:348][666]LogBlueprintUserMessages: Late PlayInEditor Detection: Level '/Game/Levels/BasicLevel.BasicLevel:PersistentLevel' has LevelScriptBlueprint '/Game/Levels/BasicLevel.BasicLevel:PersistentLevel.BasicLevel' with GeneratedClass '/Game/Levels/BasicLevel.BasicLevel_C' with ClassGeneratedBy '/Game/Levels/BasicLevel.BasicLevel:PersistentLevel.BasicLevel'
[2016.12.12-18.05.53:410][667]LogBlueprintUserMessages: [Deck_C_0] 0
[2016.12.12-18.05.53:410][667]LogBlueprintUserMessages: [Deck_C_1] 0
[2016.12.12-18.05.57:370][750]LogBlueprintUserMessages: Early EndPlayMap Detection: Level '/Game/Levels/BasicLevel.BasicLevel:PersistentLevel' has LevelScriptBlueprint '/Game/Levels/BasicLevel.BasicLevel:PersistentLevel.BasicLevel' with GeneratedClass '/Game/Levels/BasicLevel.BasicLevel_C' with ClassGeneratedBy '/Game/Levels/BasicLevel.BasicLevel:PersistentLevel.BasicLevel'
[2016.12.12-18.05.57:445][750]LogBlueprintUserMessages: Late EndPlayMap Detection: Level '/Game/Levels/BasicLevel.BasicLevel:PersistentLevel' has LevelScriptBlueprint '/Game/Levels/BasicLevel.BasicLevel:PersistentLevel.BasicLevel' with GeneratedClass '/Game/Levels/BasicLevel.BasicLevel_C' with ClassGeneratedBy '/Game/Levels/BasicLevel.BasicLevel:PersistentLevel.BasicLevel'
[2016.12.12-18.06.53:121][  5]LogHttp:Warning: 000000EC84636B00: request failed, libcurl error: 6 (Couldn't resolve host name)
[2016.12.12-18.06.53:121][  5]LogHttp:Warning: 000000EC84636B00: libcurl info message cache 8 (Could not resolve host: datarouter.ol.epicgames.com)
[2016.12.12-18.06.53:121][  5]LogHttp:Warning: 000000EC84636B00: libcurl info message cache 9 (Closing connection 6)
[2016.12.12-18.11.59:515][563]LogSavePackage: Save=132.24ms
[2016.12.12-18.11.59:515][563]LogSavePackage: Moving '../../../../../../Users/Brian/Documents/GitHub/quad-shaped-battle-objects/CardGameProject3/Saved/BasicLevel9E189DB744B7626FFB6404A944BD6FB3.tmp' to '../../../../../../Users/Brian/Documents/GitHub/quad-shaped-battle-objects/CardGameProject3/Content/Levels/BasicLevel.umap'
[2016.12.12-18.11.59:519][563]LogSavePackage:Display: Finished SavePackage ../../../../../../Users/Brian/Documents/GitHub/quad-shaped-battle-objects/CardGameProject3/Content/Levels/BasicLevel.umap
[2016.12.12-18.11.59:549][563]LogFileHelpers: Saving map 'BasicLevel' took 0.334
[2016.12.12-18.11.59:619][563]LogSavePackage: Save=23.26ms
[2016.12.12-18.11.59:619][563]LogSavePackage: Moving '../../../../../../Users/Brian/Documents/GitHub/quad-shaped-battle-objects/CardGameProject3/Saved/TutorialMesh38C04DF246870915A22CDC867A0D5359.tmp' to '../../../../../../Users/Brian/Documents/GitHub/quad-shaped-battle-objects/CardGameProject3/Content/Blueprints/Menus/TutorialMesh.uasset'
[2016.12.12-18.11.59:622][563]LogSavePackage:Display: Finished SavePackage ../../../../../../Users/Brian/Documents/GitHub/quad-shaped-battle-objects/CardGameProject3/Content/Blueprints/Menus/TutorialMesh.uasset
[2016.12.12-18.12.18:233][339]LogHttp:Warning: 000000EC93155A80: request failed, libcurl error: 6 (Couldn't resolve host name)
[2016.12.12-18.12.18:233][339]LogHttp:Warning: 000000EC93155A80: libcurl info message cache 8 (Could not resolve host: datarouter.ol.epicgames.com)
[2016.12.12-18.12.18:233][339]LogHttp:Warning: 000000EC93155A80: libcurl info message cache 9 (Closing connection 7)
[2016.12.12-18.12.32:788][124]LogSavePackage: Save=127.79ms
[2016.12.12-18.12.32:789][124]LogSavePackage: Moving '../../../../../../Users/Brian/Documents/GitHub/quad-shaped-battle-objects/CardGameProject3/Saved/BasicLevel0200AC78426BACFCEC772CBF6ECFCCC9.tmp' to '../../../../../../Users/Brian/Documents/GitHub/quad-shaped-battle-objects/CardGameProject3/Content/Levels/BasicLevel.umap'
[2016.12.12-18.12.32:792][124]LogSavePackage:Display: Finished SavePackage ../../../../../../Users/Brian/Documents/GitHub/quad-shaped-battle-objects/CardGameProject3/Content/Levels/BasicLevel.umap
[2016.12.12-18.12.32:824][124]LogFileHelpers: Saving map 'BasicLevel' took 0.322
[2016.12.12-18.12.32:890][124]LogSavePackage: Save=21.57ms
[2016.12.12-18.12.32:890][124]LogSavePackage: Moving '../../../../../../Users/Brian/Documents/GitHub/quad-shaped-battle-objects/CardGameProject3/Saved/TutorialMeshCD5B63794C59224BBC6649A65B174138.tmp' to '../../../../../../Users/Brian/Documents/GitHub/quad-shaped-battle-objects/CardGameProject3/Content/Blueprints/Menus/TutorialMesh.uasset'
[2016.12.12-18.12.32:893][124]LogSavePackage:Display: Finished SavePackage ../../../../../../Users/Brian/Documents/GitHub/quad-shaped-battle-objects/CardGameProject3/Content/Blueprints/Menus/TutorialMesh.uasset
[2016.12.12-18.12.34:135][196]BlueprintLog: New page: Compile TutorialMesh
[2016.12.12-18.13.32:506][967]LogHttp:Warning: 000000EC8F80B100: request failed, libcurl error: 6 (Couldn't resolve host name)
[2016.12.12-18.13.32:506][967]LogHttp:Warning: 000000EC8F80B100: libcurl info message cache 8 (Could not resolve host: datarouter.ol.epicgames.com)
[2016.12.12-18.13.32:506][967]LogHttp:Warning: 000000EC8F80B100: libcurl info message cache 9 (Closing connection 8)
[2016.12.12-18.15.10:296][783]LogSavePackage: Save=126.81ms
[2016.12.12-18.15.10:296][783]LogSavePackage: Moving '../../../../../../Users/Brian/Documents/GitHub/quad-shaped-battle-objects/CardGameProject3/Saved/BasicLevel4D1988494D4400EF1819F68A34705CFF.tmp' to '../../../../../../Users/Brian/Documents/GitHub/quad-shaped-battle-objects/CardGameProject3/Content/Levels/BasicLevel.umap'
[2016.12.12-18.15.10:299][783]LogSavePackage:Display: Finished SavePackage ../../../../../../Users/Brian/Documents/GitHub/quad-shaped-battle-objects/CardGameProject3/Content/Levels/BasicLevel.umap
[2016.12.12-18.15.10:333][783]LogFileHelpers: Saving map 'BasicLevel' took 0.321
[2016.12.12-18.15.10:398][783]LogSavePackage: Save=21.68ms
[2016.12.12-18.15.10:398][783]LogSavePackage: Moving '../../../../../../Users/Brian/Documents/GitHub/quad-shaped-battle-objects/CardGameProject3/Saved/TutorialMeshB670B10F44C27189133269A5D7000435.tmp' to '../../../../../../Users/Brian/Documents/GitHub/quad-shaped-battle-objects/CardGameProject3/Content/Blueprints/Menus/TutorialMesh.uasset'
[2016.12.12-18.15.10:402][783]LogSavePackage:Display: Finished SavePackage ../../../../../../Users/Brian/Documents/GitHub/quad-shaped-battle-objects/CardGameProject3/Content/Blueprints/Menus/TutorialMesh.uasset
[2016.12.12-18.15.58:169][503]LogSavePackage: Save=148.62ms
[2016.12.12-18.15.58:169][503]LogSavePackage: Moving '../../../../../../Users/Brian/Documents/GitHub/quad-shaped-battle-objects/CardGameProject3/Saved/BasicLevelB9FA4E48447DEA8AB5A60BB286FEF7E1.tmp' to '../../../../../../Users/Brian/Documents/GitHub/quad-shaped-battle-objects/CardGameProject3/Content/Levels/BasicLevel.umap'
[2016.12.12-18.15.58:173][503]LogSavePackage:Display: Finished SavePackage ../../../../../../Users/Brian/Documents/GitHub/quad-shaped-battle-objects/CardGameProject3/Content/Levels/BasicLevel.umap
[2016.12.12-18.15.58:207][503]LogFileHelpers: Saving map 'BasicLevel' took 0.325
[2016.12.12-18.15.58:274][503]LogSavePackage: Save=21.79ms
[2016.12.12-18.15.58:274][503]LogSavePackage: Moving '../../../../../../Users/Brian/Documents/GitHub/quad-shaped-battle-objects/CardGameProject3/Saved/TutorialMeshC883E0A94A6E3B84739AEC904BF40DC0.tmp' to '../../../../../../Users/Brian/Documents/GitHub/quad-shaped-battle-objects/CardGameProject3/Content/Blueprints/Menus/TutorialMesh.uasset'
[2016.12.12-18.15.58:278][503]LogSavePackage:Display: Finished SavePackage ../../../../../../Users/Brian/Documents/GitHub/quad-shaped-battle-objects/CardGameProject3/Content/Blueprints/Menus/TutorialMesh.uasset
[2016.12.12-18.16.02:451][742]LogBlueprintUserMessages: Early PlayInEditor Detection: Level '/Game/Levels/BasicLevel.BasicLevel:PersistentLevel' has LevelScriptBlueprint '/Game/Levels/BasicLevel.BasicLevel:PersistentLevel.BasicLevel' with GeneratedClass '/Game/Levels/BasicLevel.BasicLevel_C' with ClassGeneratedBy '/Game/Levels/BasicLevel.BasicLevel:PersistentLevel.BasicLevel'
[2016.12.12-18.16.02:451][742]BlueprintLog: New page: Pre-Play auto-recompile
[2016.12.12-18.16.02:451][742]LogPlayLevel: [PlayLevel] Compiling TutorialMesh before play...
[2016.12.12-18.16.02:614][742]LogPlayLevel: PlayLevel: Blueprint regeneration took 163 ms (1 blueprints)
[2016.12.12-18.16.02:614][742]PIE: New page: PIE session: BasicLevel (Dec 12, 2016, 8:16:02 AM)
[2016.12.12-18.16.02:615][742]LogPlayLevel: Creating play world package: /Game/Levels/UEDPIE_0_BasicLevel
[2016.12.12-18.16.02:617][742]LogPlayLevel: PIE: StaticDuplicateObject took: (0.002204s)
[2016.12.12-18.16.02:618][742]LogAIModule: Creating AISystem for world BasicLevel
[2016.12.12-18.16.02:618][742]LogPlayLevel: PIE: World Init took: (0.000979s)
[2016.12.12-18.16.02:618][742]LogPlayLevel: PIE: Created PIE world by copying editor world from /Game/Levels/BasicLevel.BasicLevel to /Game/Levels/UEDPIE_0_BasicLevel.BasicLevel (0.003430s)
[2016.12.12-18.16.02:670][742]LogInit: XAudio2 using 'Speakers (High Definition Audio Device)' : 2 channels at 44.1 kHz using 16 bits per sample (channel mask 0x3)
[2016.12.12-18.16.02:682][742]LogInit: FAudioDevice initialized.
[2016.12.12-18.16.02:729][742]LogWorld: Game class is 'BattleCardGameMode_C'
[2016.12.12-18.16.02:735][742]LogWorld: Bringing World /Game/Levels/UEDPIE_0_BasicLevel.BasicLevel up for play (max tick rate 60) at 2016.12.12-13.16.02
[2016.12.12-18.16.02:736][742]LogWorld: Bringing up level for play took: 0.006187
[2016.12.12-18.16.02:738][742]LogGameMode: Warning - PATHS NOT DEFINED or NO PLAYERSTART with positive rating
[2016.12.12-18.16.02:739][742]LogGameMode:Display: Match State Changed from EnteringMap to WaitingToStart
[2016.12.12-18.16.02:739][742]LogGameState: Match State Changed from EnteringMap to WaitingToStart
[2016.12.12-18.16.02:739][742]LogGameMode:Display: Match State Changed from WaitingToStart to InProgress
[2016.12.12-18.16.02:742][742]LogGameState: Match State Changed from WaitingToStart to InProgress
[2016.12.12-18.16.02:746][742]PIE: Info Play in editor start time for /Game/Levels/UEDPIE_0_BasicLevel 0.214
[2016.12.12-18.16.02:746][742]LogBlueprintUserMessages: Late PlayInEditor Detection: Level '/Game/Levels/BasicLevel.BasicLevel:PersistentLevel' has LevelScriptBlueprint '/Game/Levels/BasicLevel.BasicLevel:PersistentLevel.BasicLevel' with GeneratedClass '/Game/Levels/BasicLevel.BasicLevel_C' with ClassGeneratedBy '/Game/Levels/BasicLevel.BasicLevel:PersistentLevel.BasicLevel'
[2016.12.12-18.16.02:831][743]LogBlueprintUserMessages: [Deck_C_0] 0
[2016.12.12-18.16.02:832][743]LogBlueprintUserMessages: [Deck_C_1] 0
[2016.12.12-18.16.06:843][828]LogBlueprintUserMessages: Early EndPlayMap Detection: Level '/Game/Levels/BasicLevel.BasicLevel:PersistentLevel' has LevelScriptBlueprint '/Game/Levels/BasicLevel.BasicLevel:PersistentLevel.BasicLevel' with GeneratedClass '/Game/Levels/BasicLevel.BasicLevel_C' with ClassGeneratedBy '/Game/Levels/BasicLevel.BasicLevel:PersistentLevel.BasicLevel'
[2016.12.12-18.16.06:941][828]LogBlueprintUserMessages: Late EndPlayMap Detection: Level '/Game/Levels/BasicLevel.BasicLevel:PersistentLevel' has LevelScriptBlueprint '/Game/Levels/BasicLevel.BasicLevel:PersistentLevel.BasicLevel' with GeneratedClass '/Game/Levels/BasicLevel.BasicLevel_C' with ClassGeneratedBy '/Game/Levels/BasicLevel.BasicLevel:PersistentLevel.BasicLevel'
[2016.12.12-18.16.08:578][890]LogSavePackage: Save=126.67ms
[2016.12.12-18.16.08:578][890]LogSavePackage: Moving '../../../../../../Users/Brian/Documents/GitHub/quad-shaped-battle-objects/CardGameProject3/Saved/BasicLevelC40E584F48D03606B1D3B8AE2D4935CB.tmp' to '../../../../../../Users/Brian/Documents/GitHub/quad-shaped-battle-objects/CardGameProject3/Content/Levels/BasicLevel.umap'
[2016.12.12-18.16.08:581][890]LogSavePackage:Display: Finished SavePackage ../../../../../../Users/Brian/Documents/GitHub/quad-shaped-battle-objects/CardGameProject3/Content/Levels/BasicLevel.umap
[2016.12.12-18.16.08:612][890]LogFileHelpers: Saving map 'BasicLevel' took 0.333
[2016.12.12-18.16.08:677][890]LogSavePackage: Save=24.17ms
[2016.12.12-18.16.08:677][890]LogSavePackage: Moving '../../../../../../Users/Brian/Documents/GitHub/quad-shaped-battle-objects/CardGameProject3/Saved/TutorialMeshAC78323649F46923C97BD89879DF5699.tmp' to '../../../../../../Users/Brian/Documents/GitHub/quad-shaped-battle-objects/CardGameProject3/Content/Blueprints/Menus/TutorialMesh.uasset'
[2016.12.12-18.16.08:681][890]LogSavePackage:Display: Finished SavePackage ../../../../../../Users/Brian/Documents/GitHub/quad-shaped-battle-objects/CardGameProject3/Content/Blueprints/Menus/TutorialMesh.uasset
[2016.12.12-18.16.09:995][970]LogHttp:Warning: 000000EC9DAC8400: request failed, libcurl error: 6 (Couldn't resolve host name)
[2016.12.12-18.16.09:995][970]LogHttp:Warning: 000000EC9DAC8400: libcurl info message cache 8 (Could not resolve host: datarouter.ol.epicgames.com)
[2016.12.12-18.16.09:995][970]LogHttp:Warning: 000000EC9DAC8400: libcurl info message cache 9 (Closing connection 9)
[2016.12.12-18.16.52:923][174]LogActorComponent: UnregisterComponent: (/Engine/Transient.EditorFloorComp) Not registered. Aborting.
[2016.12.12-18.16.52:983][174]LogWindowsTextInputMethodSystem:Display: IME system now deactivated.
[2016.12.12-18.16.53:364][175]Cmd: QUIT_EDITOR
[2016.12.12-18.16.54:573][175]LogExit: Preparing to exit.
[2016.12.12-18.16.55:347][175]LogDirectoryWatcher: A directory notification for 'C:/Users/Brian/Documents/GitHub/quad-shaped-battle-objects/CardGameProject3/Content/' was aborted.
[2016.12.12-18.16.55:473][175]LogExit: Editor shut down
[2016.12.12-18.16.55:475][175]LogExit: Transaction tracking system shut down
[2016.12.12-18.16.55:930][175]LogObj: Freed 0b from 0 cluster array pools.
[2016.12.12-18.16.55:931][175]LogExit: Object subsystem successfully closed.
[2016.12.12-18.16.55:948][175]LogD3D11RHI: Shutdown
[2016.12.12-18.16.55:948][175]LogD3D11RHI: CleanupD3DDevice
[2016.12.12-18.16.56:018][175]LogD3D11RHI: ~FD3D11DynamicRHI
[2016.12.12-18.16.56:040][175]LogModuleManager: Shutting down and abandoning module MovieSceneCapture (236)
[2016.12.12-18.16.56:040][175]LogModuleManager: Shutting down and abandoning module BlueprintGraph (235)
[2016.12.12-18.16.56:040][175]LogModuleManager: Shutting down and abandoning module BlueprintProfiler (234)
[2016.12.12-18.16.56:040][175]LogModuleManager: Shutting down and abandoning module HierarchicalLODOutliner (233)
[2016.12.12-18.16.56:040][175]LogModuleManager: Shutting down and abandoning module CrashTracker (232)
[2016.12.12-18.16.56:040][175]LogModuleManager: Shutting down and abandoning module SceneOutliner (231)
[2016.12.12-18.16.56:040][175]LogModuleManager: Shutting down and abandoning module WidgetCarousel (230)
[2016.12.12-18.16.56:040][175]LogModuleManager: Shutting down and abandoning module AddContentDialog (229)
[2016.12.12-18.16.56:040][175]LogDirectoryWatcher: A directory notification for 'C:/Program Files (x86)/Epic Games/4.13/FeaturePacks/' was aborted.
[2016.12.12-18.16.56:041][175]LogModuleManager: Shutting down and abandoning module GameplayTags (228)
[2016.12.12-18.16.56:042][175]LogModuleManager: Shutting down and abandoning module EditorWidgets (227)
[2016.12.12-18.16.56:042][175]LogModuleManager: Shutting down and abandoning module CollectionManager (226)
[2016.12.12-18.16.56:042][175]LogDirectoryWatcher: A directory notification for 'C:/Users/Brian/Documents/GitHub/quad-shaped-battle-objects/CardGameProject3/Content/Collections/' was aborted.
[2016.12.12-18.16.56:042][175]LogDirectoryWatcher: A directory notification for 'C:/Users/Brian/Documents/GitHub/quad-shaped-battle-objects/CardGameProject3/Content/Developers/Brian/Collections/' was aborted.
[2016.12.12-18.16.56:042][175]LogDirectoryWatcher: A directory notification for 'C:/Users/Brian/Documents/GitHub/quad-shaped-battle-objects/CardGameProject3/Saved/Collections/' was aborted.
[2016.12.12-18.16.56:042][175]LogModuleManager: Shutting down and abandoning module StatsViewer (225)
[2016.12.12-18.16.56:042][175]LogModuleManager: Shutting down and abandoning module FoliageEdit (224)
[2016.12.12-18.16.56:042][175]LogModuleManager: Shutting down and abandoning module LandscapeEditor (223)
[2016.12.12-18.16.56:042][175]LogModuleManager: Shutting down and abandoning module SceneDepthPickerMode (222)
[2016.12.12-18.16.56:042][175]LogModuleManager: Shutting down and abandoning module ActorPickerMode (221)
[2016.12.12-18.16.56:042][175]LogModuleManager: Shutting down and abandoning module GeometryMode (220)
[2016.12.12-18.16.56:042][175]LogModuleManager: Shutting down and abandoning module TextureAlignMode (219)
[2016.12.12-18.16.56:042][175]LogModuleManager: Shutting down and abandoning module BspMode (218)
[2016.12.12-18.16.56:042][175]LogModuleManager: Shutting down and abandoning module HardwareSurvey (217)
[2016.12.12-18.16.56:042][175]LogModuleManager: Shutting down and abandoning module SequenceRecorderSections (216)
[2016.12.12-18.16.56:042][175]LogModuleManager: Shutting down and abandoning module SequenceRecorder (215)
[2016.12.12-18.16.56:042][175]LogModuleManager: Shutting down and abandoning module AutomationWorker (214)
[2016.12.12-18.16.56:042][175]LogModuleManager: Shutting down and abandoning module MatineeToLevelSequence (213)
[2016.12.12-18.16.56:042][175]LogModuleManager: Shutting down and abandoning module PlacementMode (212)
[2016.12.12-18.16.56:042][175]LogModuleManager: Shutting down and abandoning module LevelSequenceEditor (211)
[2016.12.12-18.16.56:043][175]LogModuleManager: Shutting down and abandoning module WmfMediaFactory (210)
[2016.12.12-18.16.56:043][175]LogModuleManager: Shutting down and abandoning module WmfMediaEditor (209)
[2016.12.12-18.16.56:043][175]LogModuleManager: Shutting down and abandoning module AvfMediaFactory (208)
[2016.12.12-18.16.56:043][175]LogModuleManager: Shutting down and abandoning module AvfMediaEditor (207)
[2016.12.12-18.16.56:043][175]LogModuleManager: Shutting down and abandoning module Media (206)
[2016.12.12-18.16.56:043][175]LogModuleManager: Shutting down and abandoning module AndroidMediaFactory (205)
[2016.12.12-18.16.56:043][175]LogModuleManager: Shutting down and abandoning module AndroidMediaEditor (204)
[2016.12.12-18.16.56:043][175]LogModuleManager: Shutting down and abandoning module CharacterAI (203)
[2016.12.12-18.16.56:043][175]LogModuleManager: Shutting down and abandoning module SmartSnapping (202)
[2016.12.12-18.16.56:043][175]LogModuleManager: Shutting down and abandoning module SessionServices (201)
[2016.12.12-18.16.56:043][175]LogModuleManager: Shutting down and abandoning module ViewportSnapping (200)
[2016.12.12-18.16.56:043][175]LogModuleManager: Shutting down and abandoning module ViewportInteraction (199)
[2016.12.12-18.16.56:043][175]LogModuleManager: Shutting down and abandoning module LogVisualizer (198)
[2016.12.12-18.16.56:043][175]LogModuleManager: Shutting down and abandoning module GameProjectGeneration (197)
[2016.12.12-18.16.56:043][175]LogModuleManager: Shutting down and abandoning module IntroTutorials (196)
[2016.12.12-18.16.56:043][175]LogModuleManager: Shutting down and abandoning module EditorLiveStreaming (195)
[2016.12.12-18.16.56:043][175]LogModuleManager: Shutting down and abandoning module IOSPlatformEditor (194)
[2016.12.12-18.16.56:043][175]LogModuleManager: Shutting down and abandoning module HTML5PlatformEditor (193)
[2016.12.12-18.16.56:043][175]LogModuleManager: Shutting down and abandoning module AndroidDeviceDetection (192)
[2016.12.12-18.16.56:382][175]LogModuleManager: Shutting down and abandoning module AndroidPlatformEditor (191)
[2016.12.12-18.16.56:382][175]LogModuleManager: Shutting down and abandoning module IOSRuntimeSettings (190)
[2016.12.12-18.16.56:382][175]LogModuleManager: Shutting down and abandoning module AndroidRuntimeSettings (189)
[2016.12.12-18.16.56:382][175]LogModuleManager: Shutting down and abandoning module NiagaraEditor (188)
[2016.12.12-18.16.56:382][175]LogModuleManager: Shutting down and abandoning module MergeActors (187)
[2016.12.12-18.16.56:382][175]LogModuleManager: Shutting down and abandoning module SizeMap (186)
[2016.12.12-18.16.56:382][175]LogModuleManager: Shutting down and abandoning module TreeMap (185)
[2016.12.12-18.16.56:382][175]LogModuleManager: Shutting down and abandoning module ReferenceViewer (184)
[2016.12.12-18.16.56:382][175]LogModuleManager: Shutting down and abandoning module LocalizationService (183)
[2016.12.12-18.16.56:382][175]LogModuleManager: Shutting down and abandoning module LocalizationDashboard (182)
[2016.12.12-18.16.56:383][175]LogModuleManager: Shutting down and abandoning module HardwareTargeting (181)
[2016.12.12-18.16.56:383][175]LogModuleManager: Shutting down and abandoning module DeviceProfileEditor (180)
[2016.12.12-18.16.56:383][175]LogModuleManager: Shutting down and abandoning module UndoHistory (179)
[2016.12.12-18.16.56:383][175]LogModuleManager: Shutting down and abandoning module UserFeedback (178)
[2016.12.12-18.16.56:383][175]LogModuleManager: Shutting down and abandoning module XmlParser (177)
[2016.12.12-18.16.56:383][175]LogModuleManager: Shutting down and abandoning module Blutility (176)
[2016.12.12-18.16.56:383][175]LogModuleManager: Shutting down and abandoning module ProjectTargetPlatformEditor (175)
[2016.12.12-18.16.56:383][175]LogModuleManager: Shutting down and abandoning module ProjectSettingsViewer (174)
[2016.12.12-18.16.56:383][175]LogModuleManager: Shutting down and abandoning module InputBindingEditor (173)
[2016.12.12-18.16.56:384][175]LogModuleManager: Shutting down and abandoning module EditorSettingsViewer (172)
[2016.12.12-18.16.56:384][175]LogModuleManager: Shutting down and abandoning module SettingsEditor (171)
[2016.12.12-18.16.56:384][175]LogModuleManager: Shutting down and abandoning module ProjectLauncher (170)
[2016.12.12-18.16.56:384][175]LogModuleManager: Shutting down and abandoning module SessionFrontend (169)
[2016.12.12-18.16.56:384][175]LogModuleManager: Shutting down and abandoning module ProfilerClient (168)
[2016.12.12-18.16.56:384][175]LogModuleManager: Shutting down and abandoning module TargetDeviceServices (167)
[2016.12.12-18.16.56:384][175]LogModuleManager: Shutting down and abandoning module DeviceManager (166)
[2016.12.12-18.16.56:429][175]LogModuleManager: Shutting down and abandoning module AutomationController (165)
[2016.12.12-18.16.56:429][175]LogModuleManager: Shutting down and abandoning module AutomationWindow (164)
[2016.12.12-18.16.56:429][175]LogModuleManager: Shutting down and abandoning module Layers (163)
[2016.12.12-18.16.56:429][175]LogModuleManager: Shutting down and abandoning module ComponentVisualizers (162)
[2016.12.12-18.16.56:429][175]LogModuleManager: Shutting down and abandoning module DetailCustomizations (161)
[2016.12.12-18.16.56:429][175]LogModuleManager: Shutting down and abandoning module PackagesDialog (160)
[2016.12.12-18.16.56:430][175]LogModuleManager: Shutting down and abandoning module AnimGraph (159)
[2016.12.12-18.16.56:430][175]LogModuleManager: Shutting down and abandoning module Persona (158)
[2016.12.12-18.16.56:430][175]LogModuleManager: Shutting down and abandoning module Kismet (157)
[2016.12.12-18.16.56:454][175]LogModuleManager: Shutting down and abandoning module GraphEditor (156)
[2016.12.12-18.16.56:454][175]LogModuleManager: Shutting down and abandoning module ClassViewer (155)
[2016.12.12-18.16.56:454][175]LogModuleManager: Shutting down and abandoning module Toolbox (154)
[2016.12.12-18.16.56:454][175]LogModuleManager: Shutting down and abandoning module ModuleUI (153)
[2016.12.12-18.16.56:454][175]LogModuleManager: Shutting down and abandoning module MovieSceneTools (152)
[2016.12.12-18.16.56:454][175]LogModuleManager: Shutting down and abandoning module OutputLog (151)
[2016.12.12-18.16.56:454][175]LogModuleManager: Shutting down and abandoning module GammaUI (150)
[2016.12.12-18.16.56:455][175]LogModuleManager: Shutting down and abandoning module Documentation (149)
[2016.12.12-18.16.56:455][175]LogModuleManager: Shutting down and abandoning module Niagara (148)
[2016.12.12-18.16.56:455][175]LogModuleManager: Shutting down and abandoning module StreamingPauseRendering (147)
[2016.12.12-18.16.56:455][175]LogModuleManager: Shutting down and abandoning module AnalyticsET (146)
[2016.12.12-18.16.56:455][175]LogModuleManager: Shutting down and abandoning module PortalServices (145)
[2016.12.12-18.16.56:455][175]LogModuleManager: Shutting down and abandoning module PortalRpc (144)
[2016.12.12-18.16.56:455][175]LogModuleManager: Shutting down and abandoning module MessagingRpc (143)
[2016.12.12-18.16.56:455][175]LogModuleManager: Shutting down and abandoning module GameplayDebugger (142)
[2016.12.12-18.16.56:455][175]LogModuleManager: Shutting down and abandoning module AITestSuite (141)
[2016.12.12-18.16.56:455][175]LogModuleManager: Shutting down and abandoning module AIModule (140)
[2016.12.12-18.16.56:455][175]LogModuleManager: Shutting down and abandoning module ProfilerService (139)
[2016.12.12-18.16.56:663][175]LogModuleManager: Shutting down and abandoning module TaskGraph (138)
[2016.12.12-18.16.56:663][175]LogModuleManager: Shutting down and abandoning module SlateRemote (137)
[2016.12.12-18.16.56:663][175]LogModuleManager: Shutting down and abandoning module SteamVRController (136)
[2016.12.12-18.16.56:663][175]LogModuleManager: Shutting down and abandoning module SteamVR (135)
[2016.12.12-18.16.56:663][175]LogModuleManager: Shutting down and abandoning module ProceduralMeshComponentEditor (134)
[2016.12.12-18.16.56:663][175]LogModuleManager: Shutting down and abandoning module ProceduralMeshComponent (133)
[2016.12.12-18.16.56:663][175]LogModuleManager: Shutting down and abandoning module OculusLibrary (132)
[2016.12.12-18.16.56:664][175]LogModuleManager: Shutting down and abandoning module OculusInput (131)
[2016.12.12-18.16.56:664][175]LogModuleManager: Shutting down and abandoning module CustomMeshComponent (130)
[2016.12.12-18.16.56:664][175]LogModuleManager: Shutting down and abandoning module CableComponent (129)
[2016.12.12-18.16.56:664][175]LogModuleManager: Shutting down and abandoning module ArchVisCharacter (128)
[2016.12.12-18.16.56:664][175]LogModuleManager: Shutting down and abandoning module MediaPlayerEditor (126)
[2016.12.12-18.16.56:664][175]LogModuleManager: Shutting down and abandoning module HTML5Networking (125)
[2016.12.12-18.16.56:664][175]LogModuleManager: Shutting down and abandoning module GeometryCacheEd (124)
[2016.12.12-18.16.56:664][175]LogModuleManager: Shutting down and abandoning module GeometryCache (123)
[2016.12.12-18.16.56:664][175]LogModuleManager: Shutting down and abandoning module AlembicLibrary (122)
[2016.12.12-18.16.56:664][175]LogModuleManager: Shutting down and abandoning module AlembicImporter (121)
[2016.12.12-18.16.56:664][175]LogModuleManager: Shutting down and abandoning module SuperSearch (120)
[2016.12.12-18.16.56:664][175]LogModuleManager: Shutting down and abandoning module SuperSearchEditor (119)
[2016.12.12-18.16.56:664][175]LogModuleManager: Shutting down and abandoning module SpeedTreeImporter (118)
[2016.12.12-18.16.56:664][175]LogModuleManager: Shutting down and abandoning module PluginBrowser (117)
[2016.12.12-18.16.56:664][175]LogModuleManager: Shutting down and abandoning module MobileLauncherProfileWizard (116)
[2016.12.12-18.16.56:665][175]LogModuleManager: Shutting down and abandoning module EpicSurvey (115)
[2016.12.12-18.16.56:665][175]LogModuleManager: Shutting down and abandoning module DesktopPlatform (114)
[2016.12.12-18.16.56:665][175]LogModuleManager: Shutting down and abandoning module VisualStudioSourceCodeAccess (113)
[2016.12.12-18.16.56:665][175]LogModuleManager: Shutting down and abandoning module UObjectPlugin (112)
[2016.12.12-18.16.56:665][175]LogModuleManager: Shutting down and abandoning module SubversionSourceControl (111)
[2016.12.12-18.16.56:665][175]LogModuleManager: Shutting down and abandoning module PerforceSourceControl (110)
[2016.12.12-18.16.56:665][175]LogModuleManager: Shutting down and abandoning module SourceControl (109)
[2016.12.12-18.16.56:665][175]LogModuleManager: Shutting down and abandoning module GitSourceControl (108)
[2016.12.12-18.16.56:665][175]LogModuleManager: Shutting down and abandoning module LightPropagationVolumeEditor (107)
[2016.12.12-18.16.56:665][175]LogModuleManager: Shutting down and abandoning module PaperTiledImporter (106)
[2016.12.12-18.16.56:665][175]LogModuleManager: Shutting down and abandoning module PaperSpriteSheetImporter (105)
[2016.12.12-18.16.56:665][175]LogModuleManager: Shutting down and abandoning module MeshPaint (104)
[2016.12.12-18.16.56:665][175]LogModuleManager: Shutting down and abandoning module FbxAutomationBuilderModule (103)
[2016.12.12-18.16.56:666][175]LogModuleManager: Shutting down and abandoning module PixelInspectorModule (102)
[2016.12.12-18.16.56:666][175]LogModuleManager: Shutting down and abandoning module HotReload (101)
[2016.12.12-18.16.56:667][175]LogModuleManager: Shutting down and abandoning module MainFrame (100)
[2016.12.12-18.16.56:667][175]LogModuleManager: Shutting down and abandoning module LevelEditor (99)
[2016.12.12-18.16.56:674][175]LogModuleManager: Shutting down and abandoning module ContentBrowser (98)
[2016.12.12-18.16.56:677][175]LogModuleManager: Shutting down and abandoning module Paper2DEditor (97)
[2016.12.12-18.16.56:677][175]LogModuleManager: Shutting down and abandoning module UdpMessaging (96)
[2016.12.12-18.16.56:778][175]LogModuleManager: Shutting down and abandoning module TcpMessaging (95)
[2016.12.12-18.16.56:879][175]LogModuleManager: Shutting down and abandoning module LightPropagationVolumeRuntime (94)
[2016.12.12-18.16.56:879][175]LogModuleManager: Shutting down and abandoning module Paper2D (93)
[2016.12.12-18.16.56:879][175]LogModuleManager: Shutting down and abandoning module WindowsMoviePlayer (92)
[2016.12.12-18.16.56:879][175]LogModuleManager: Shutting down and abandoning module WmfMedia (91)
[2016.12.12-18.16.56:880][175]LogModuleManager: Shutting down and abandoning module MediaAssets (90)
[2016.12.12-18.16.56:880][175]LogModuleManager: Shutting down and abandoning module GameLiveStreaming (89)
[2016.12.12-18.16.56:880][175]LogModuleManager: Shutting down and abandoning module GameplayTagsEditor (88)
[2016.12.12-18.16.56:880][175]LogModuleManager: Shutting down and abandoning module VREditor (87)
[2016.12.12-18.16.56:880][175]LogModuleManager: Shutting down and abandoning module GameplayTasksEditor (86)
[2016.12.12-18.16.56:880][175]LogModuleManager: Shutting down and abandoning module PropertyEditor (85)
[2016.12.12-18.16.56:880][175]LogModuleManager: Shutting down and abandoning module BehaviorTreeEditor (84)
[2016.12.12-18.16.56:880][175]LogModuleManager: Shutting down and abandoning module FunctionalTesting (83)
[2016.12.12-18.16.56:881][175]LogModuleManager: Shutting down and abandoning module CollisionAnalyzer (82)
[2016.12.12-18.16.56:881][175]LogModuleManager: Shutting down and abandoning module Sequencer (81)
[2016.12.12-18.16.56:881][175]LogModuleManager: Shutting down and abandoning module WorkspaceMenuStructure (80)
[2016.12.12-18.16.56:881][175]LogModuleManager: Shutting down and abandoning module MessageLog (79)
[2016.12.12-18.16.56:881][175]LogModuleManager: Shutting down and abandoning module AssetTools (78)
[2016.12.12-18.16.56:881][175]LogModuleManager: Shutting down and abandoning module UMGEditor (77)
[2016.12.12-18.16.56:881][175]LogModuleManager: Shutting down and abandoning module UMG (76)
[2016.12.12-18.16.56:881][175]LogModuleManager: Shutting down and abandoning module SlateReflector (75)
[2016.12.12-18.16.56:881][175]LogModuleManager: Shutting down and abandoning module Slate (74)
[2016.12.12-18.16.56:882][175]LogModuleManager: Shutting down and abandoning module EditorStyle (73)
[2016.12.12-18.16.56:891][175]LogModuleManager: Shutting down and abandoning module SourceCodeAccess (72)
[2016.12.12-18.16.56:891][175]LogModuleManager: Shutting down and abandoning module HeadMountedDisplay (71)
[2016.12.12-18.16.56:892][175]LogModuleManager: Shutting down and abandoning module XAudio2 (70)
[2016.12.12-18.16.56:892][175]LogModuleManager: Shutting down and abandoning module Networking (68)
[2016.12.12-18.16.56:892][175]LogModuleManager: Shutting down and abandoning module Core (67)
[2016.12.12-18.16.56:892][175]LogModuleManager: Shutting down and abandoning module DirectoryWatcher (66)
[2016.12.12-18.16.56:892][175]LogDirectoryWatcher: A directory notification for '../../../Engine/Content/' was aborted.
[2016.12.12-18.16.56:892][175]LogDirectoryWatcher: A directory notification for '../../../../../../Users/Brian/Documents/GitHub/quad-shaped-battle-objects/CardGameProject3/Content/' was aborted.
[2016.12.12-18.16.56:893][175]LogDirectoryWatcher: A directory notification for '../../../Engine/Plugins/2D/Paper2D/Content/' was aborted.
[2016.12.12-18.16.56:895][175]LogModuleManager: Shutting down and abandoning module AssetRegistry (65)
[2016.12.12-18.16.57:068][175]LogModuleManager: Shutting down and abandoning module KismetCompiler (64)
[2016.12.12-18.16.57:068][175]LogModuleManager: Shutting down and abandoning module PhysXFormats (63)
[2016.12.12-18.16.57:068][175]LogModuleManager: Shutting down and abandoning module MeshUtilities (62)
[2016.12.12-18.16.57:068][175]LogModuleManager: Shutting down and abandoning module DerivedDataCache (61)
[2016.12.12-18.16.57:089][175]LogDerivedDataCache: Shutdown
[2016.12.12-18.16.57:089][175]LogModuleManager: Shutting down and abandoning module VulkanShaderFormat (60)
[2016.12.12-18.16.57:089][175]LogModuleManager: Shutting down and abandoning module ShaderFormatOpenGL (59)
[2016.12.12-18.16.57:089][175]LogModuleManager: Shutting down and abandoning module ShaderFormatD3D (58)
[2016.12.12-18.16.57:089][175]LogModuleManager: Shutting down and abandoning module MetalShaderFormat (57)
[2016.12.12-18.16.57:089][175]LogModuleManager: Shutting down and abandoning module TextureFormatUncompressed (56)
[2016.12.12-18.16.57:089][175]LogModuleManager: Shutting down and abandoning module TextureFormatPVR (55)
[2016.12.12-18.16.57:089][175]LogModuleManager: Shutting down and abandoning module TextureFormatDXT (54)
[2016.12.12-18.16.57:089][175]LogModuleManager: Shutting down and abandoning module TextureFormatIntelISPCTexComp (53)
[2016.12.12-18.16.57:089][175]LogModuleManager: Shutting down and abandoning module ImageWrapper (52)
[2016.12.12-18.16.57:089][175]LogModuleManager: Shutting down and abandoning module TextureFormatASTC (51)
[2016.12.12-18.16.57:089][175]LogModuleManager: Shutting down and abandoning module TextureFormatAndroid (50)
[2016.12.12-18.16.57:089][175]LogModuleManager: Shutting down and abandoning module AudioFormatOpus (49)
[2016.12.12-18.16.57:089][175]LogModuleManager: Shutting down and abandoning module AudioFormatOgg (48)
[2016.12.12-18.16.57:089][175]LogModuleManager: Shutting down and abandoning module AudioFormatADPCM (47)
[2016.12.12-18.16.57:089][175]LogModuleManager: Shutting down and abandoning module LinuxTargetPlatform (46)
[2016.12.12-18.16.57:089][175]LogModuleManager: Shutting down and abandoning module LinuxServerTargetPlatform (45)
[2016.12.12-18.16.57:089][175]LogModuleManager: Shutting down and abandoning module LinuxNoEditorTargetPlatform (44)
[2016.12.12-18.16.57:090][175]LogModuleManager: Shutting down and abandoning module LinuxClientTargetPlatform (43)
[2016.12.12-18.16.57:090][175]LogModuleManager: Shutting down and abandoning module TVOSTargetPlatform (42)
[2016.12.12-18.16.57:090][175]LogModuleManager: Shutting down and abandoning module Messaging (41)
[2016.12.12-18.16.57:090][175]LogModuleManager: Shutting down and abandoning module IOSTargetPlatform (40)
[2016.12.12-18.16.57:090][175]LogModuleManager: Shutting down and abandoning module HTML5TargetPlatform (39)
[2016.12.12-18.16.57:090][175]LogModuleManager: Shutting down and abandoning module Android_PVRTCTargetPlatform (38)
[2016.12.12-18.16.57:090][175]LogModuleManager: Shutting down and abandoning module Android_MultiTargetPlatform (37)
[2016.12.12-18.16.57:090][175]LogModuleManager: Shutting down and abandoning module Android_ETC2TargetPlatform (36)
[2016.12.12-18.16.57:090][175]LogModuleManager: Shutting down and abandoning module Android_ETC1TargetPlatform (35)
[2016.12.12-18.16.57:090][175]LogModuleManager: Shutting down and abandoning module Android_DXTTargetPlatform (34)
[2016.12.12-18.16.57:090][175]LogModuleManager: Shutting down and abandoning module Android_ATCTargetPlatform (33)
[2016.12.12-18.16.57:090][175]LogModuleManager: Shutting down and abandoning module Android_ASTCTargetPlatform (32)
[2016.12.12-18.16.57:090][175]LogModuleManager: Shutting down and abandoning module AndroidTargetPlatform (31)
[2016.12.12-18.16.57:090][175]LogModuleManager: Shutting down and abandoning module WindowsTargetPlatform (30)
[2016.12.12-18.16.57:090][175]LogModuleManager: Shutting down and abandoning module WindowsServerTargetPlatform (29)
[2016.12.12-18.16.57:090][175]LogModuleManager: Shutting down and abandoning module WindowsNoEditorTargetPlatform (28)
[2016.12.12-18.16.57:090][175]LogModuleManager: Shutting down and abandoning module WindowsClientTargetPlatform (27)
[2016.12.12-18.16.57:090][175]LogModuleManager: Shutting down and abandoning module AllDesktopTargetPlatform (26)
[2016.12.12-18.16.57:090][175]LogModuleManager: Shutting down and abandoning module TargetPlatform (25)
[2016.12.12-18.16.57:090][175]LogModuleManager: Shutting down and abandoning module InputCore (24)
[2016.12.12-18.16.57:090][175]LogModuleManager: Shutting down and abandoning module Settings (23)
[2016.12.12-18.16.57:090][175]LogModuleManager: Shutting down and abandoning module OculusRift (22)
[2016.12.12-18.16.57:090][175]LogModuleManager: Shutting down and abandoning module GearVR (21)
[2016.12.12-18.16.57:090][175]LogModuleManager: Shutting down and abandoning module ExampleDeviceProfileSelector (20)
[2016.12.12-18.16.57:090][175]LogModuleManager: Shutting down and abandoning module OnlineBlueprintSupport (19)
[2016.12.12-18.16.57:091][175]LogModuleManager: Shutting down and abandoning module OnlineSubsystem (17)
[2016.12.12-18.16.57:091][175]LogOnline:Display: Unloading online subsystem: NULL
[2016.12.12-18.16.57:091][175]LogModuleManager: Shutting down and abandoning module HTTP (16)
[2016.12.12-18.16.57:091][175]LogHttp:Display: Http module shutting down, but needs to wait on 1 outstanding Http requests:
[2016.12.12-18.16.57:091][175]LogHttp:Display: 	verb=[POST] url=[https://datarouter.ol.epicgames.com/datarouter/api/v1/public/data?SessionID=%7BFF271791-4220-3BE9-9C29-D29D0A7EFCD3%7D&AppID=UEEditor.Rocket.Release&AppVersion=4.13.2-3172292%2B%2B%2BUE4%2BRelease-4.13&UserID=622d6cc84c757446e01d25b6259f4ae3%7C0088da38c4fe4f999d6f0e52c41d2185%7C0f0e893d-46e4-44f8-bd74-7f933f7c90a3&AppEnvironment=datacollector-binary&UploadType=eteventstream] status=Processing
[2016.12.12-18.16.57:091][175]LogHttp:Warning: 000000ED00899300: request failed, libcurl error: 6 (Couldn't resolve host name)
[2016.12.12-18.16.57:091][175]LogHttp:Warning: 000000ED00899300: libcurl info message cache 8 (Could not resolve host: datarouter.ol.epicgames.com)
[2016.12.12-18.16.57:091][175]LogHttp:Warning: 000000ED00899300: libcurl info message cache 9 (Closing connection 10)
[2016.12.12-18.16.57:106][175]LogModuleManager: Shutting down and abandoning module XMPP (15)
[2016.12.12-18.16.57:106][175]LogModuleManager: Shutting down and abandoning module TextureCompressor (14)
[2016.12.12-18.16.57:107][175]LogModuleManager: Shutting down and abandoning module ShaderCore (13)
[2016.12.12-18.16.57:107][175]LogModuleManager: Shutting down and abandoning module Landscape (12)
[2016.12.12-18.16.57:107][175]LogModuleManager: Shutting down and abandoning module SlateRHIRenderer (11)
[2016.12.12-18.16.57:115][175]LogModuleManager: Shutting down and abandoning module OpenGLDrv (10)
[2016.12.12-18.16.57:115][175]LogModuleManager: Shutting down and abandoning module D3D11RHI (9)
[2016.12.12-18.16.57:115][175]LogModuleManager: Shutting down and abandoning module AnimGraphRuntime (8)
[2016.12.12-18.16.57:115][175]LogModuleManager: Shutting down and abandoning module Renderer (7)
[2016.12.12-18.16.57:115][175]LogModuleManager: Shutting down and abandoning module Engine (6)
[2016.12.12-18.16.57:115][175]LogModuleManager: Shutting down and abandoning module CoreUObject (5)
[2016.12.12-18.16.57:115][175]LogModuleManager: Shutting down and abandoning module NetworkFile (4)
[2016.12.12-18.16.57:115][175]LogModuleManager: Shutting down and abandoning module StreamingFile (3)
[2016.12.12-18.16.57:115][175]LogModuleManager: Shutting down and abandoning module SandboxFile (2)
[2016.12.12-18.16.57:115][175]LogModuleManager: Shutting down and abandoning module PakFile (1)
[2016.12.12-18.16.57:120][175]LogExit: Exiting.
[2016.12.12-18.16.57:125][175]Log file closed, 12/12/16 13:16:57
