Log file open, 11/08/16 15:00:57
LogInit:Display: Running engine for game: CardGameProject3
LogPlatformFile: Not using cached read wrapper
LogInit:Display: RandInit(1939401368) SRandInit(1939401368).
LogTaskGraph: Started task graph with 5 named threads and 8 total threads with 1 sets of task threads.
LogStats: Stats thread started at 1.160528
LogPluginManager: Loaded Plugin Paper2D, From C:/Program Files (x86)/Epic Games/4.13/Engine/Plugins/2D/Paper2D/Paper2D.uplugin
LogPluginManager: Loaded Plugin LightPropagationVolume, From C:/Program Files (x86)/Epic Games/4.13/Engine/Plugins/Blendables/LightPropagationVolume/LightPropagationVolume.uplugin
LogPluginManager: Loaded Plugin BlankPlugin, From C:/Program Files (x86)/Epic Games/4.13/Engine/Plugins/Developer/BlankPlugin/BlankPlugin.uplugin
LogPluginManager: Loaded Plugin CodeLiteSourceCodeAccess, From C:/Program Files (x86)/Epic Games/4.13/Engine/Plugins/Developer/CodeLiteSourceCodeAccess/CodeLiteSourceCodeAccess.uplugin
LogPluginManager: Loaded Plugin GitSourceControl, From C:/Program Files (x86)/Epic Games/4.13/Engine/Plugins/Developer/GitSourceControl/GitSourceControl.uplugin
LogPluginManager: Loaded Plugin KDevelopSourceCodeAccess, From C:/Program Files (x86)/Epic Games/4.13/Engine/Plugins/Developer/KDevelopSourceCodeAccess/KDevelopSourceCodeAccess.uplugin
LogPluginManager: Loaded Plugin NullSourceCodeAccess, From C:/Program Files (x86)/Epic Games/4.13/Engine/Plugins/Developer/NullSourceCodeAccess/NullSourceCodeAccess.uplugin
LogPluginManager: Loaded Plugin OneSkyLocalizationService, From C:/Program Files (x86)/Epic Games/4.13/Engine/Plugins/Developer/OneSkyLocalizationService/OneSkyLocalizationService.uplugin
LogPluginManager: Loaded Plugin PerforceSourceControl, From C:/Program Files (x86)/Epic Games/4.13/Engine/Plugins/Developer/PerforceSourceControl/PerforceSourceControl.uplugin
LogPluginManager: Loaded Plugin SubversionSourceControl, From C:/Program Files (x86)/Epic Games/4.13/Engine/Plugins/Developer/SubversionSourceControl/SubversionSourceControl.uplugin
LogPluginManager: Loaded Plugin UObjectPlugin, From C:/Program Files (x86)/Epic Games/4.13/Engine/Plugins/Developer/UObjectPlugin/UObjectPlugin.uplugin
LogPluginManager: Loaded Plugin VisualStudioSourceCodeAccess, From C:/Program Files (x86)/Epic Games/4.13/Engine/Plugins/Developer/VisualStudioSourceCodeAccess/VisualStudioSourceCodeAccess.uplugin
LogPluginManager: Loaded Plugin XCodeSourceCodeAccess, From C:/Program Files (x86)/Epic Games/4.13/Engine/Plugins/Developer/XCodeSourceCodeAccess/XCodeSourceCodeAccess.uplugin
LogPluginManager: Loaded Plugin EpicSurvey, From C:/Program Files (x86)/Epic Games/4.13/Engine/Plugins/Editor/EpicSurvey/EpicSurvey.uplugin
LogPluginManager: Loaded Plugin MacGraphicsSwitching, From C:/Program Files (x86)/Epic Games/4.13/Engine/Plugins/Editor/MacGraphicsSwitching/MacGraphicsSwitching.uplugin
LogPluginManager: Loaded Plugin MobileLauncherProfileWizard, From C:/Program Files (x86)/Epic Games/4.13/Engine/Plugins/Editor/MobileLauncherProfileWizard/MobileLauncherProfileWizard.uplugin
LogPluginManager: Loaded Plugin PluginBrowser, From C:/Program Files (x86)/Epic Games/4.13/Engine/Plugins/Editor/PluginBrowser/PluginBrowser.uplugin
LogPluginManager: Loaded Plugin SpeedTreeImporter, From C:/Program Files (x86)/Epic Games/4.13/Engine/Plugins/Editor/SpeedTreeImporter/SpeedTreeImporter.uplugin
LogPluginManager: Loaded Plugin SuperSearchEditor, From C:/Program Files (x86)/Epic Games/4.13/Engine/Plugins/Editor/SuperSearchEditor/SuperSearchEditor.uplugin
LogPluginManager: Loaded Plugin AlembicImporter, From C:/Program Files (x86)/Epic Games/4.13/Engine/Plugins/Experimental/AlembicImporter/AlembicImporter.uplugin
LogPluginManager: Loaded Plugin BlueprintStats, From C:/Program Files (x86)/Epic Games/4.13/Engine/Plugins/Experimental/BlueprintStats/BlueprintStats.uplugin
LogPluginManager: Loaded Plugin CharacterAI, From C:/Program Files (x86)/Epic Games/4.13/Engine/Plugins/Experimental/CharacterAI/CharacterAI.uplugin
LogPluginManager: Loaded Plugin CodeEditor, From C:/Program Files (x86)/Epic Games/4.13/Engine/Plugins/Experimental/CodeEditor/CodeEditor.uplugin
LogPluginManager: Loaded Plugin CodeView, From C:/Program Files (x86)/Epic Games/4.13/Engine/Plugins/Experimental/CodeView/CodeView.uplugin
LogPluginManager: Loaded Plugin HTML5Networking, From C:/Program Files (x86)/Epic Games/4.13/Engine/Plugins/Experimental/HTML5Networking/HTML5Networking.uplugin
LogPluginManager: Loaded Plugin LiveEditor, From C:/Program Files (x86)/Epic Games/4.13/Engine/Plugins/Experimental/LiveEditor/LiveEditor.uplugin
LogPluginManager: Loaded Plugin OSVR, From C:/Program Files (x86)/Epic Games/4.13/Engine/Plugins/Experimental/OSVR/OSVR.uplugin
LogPluginManager: Loaded Plugin Phya, From C:/Program Files (x86)/Epic Games/4.13/Engine/Plugins/Experimental/Phya/Phya.uplugin
LogPluginManager: Loaded Plugin SignificanceManager, From C:/Program Files (x86)/Epic Games/4.13/Engine/Plugins/Experimental/SignificanceManager/SignificanceManager.uplugin
LogPluginManager: Loaded Plugin SimpleHMD, From C:/Program Files (x86)/Epic Games/4.13/Engine/Plugins/Experimental/SimpleHMD/SimpleHMD.uplugin
LogPluginManager: Loaded Plugin StereoPanorama, From C:/Program Files (x86)/Epic Games/4.13/Engine/Plugins/Experimental/StereoPanorama/StereoPanorama.uplugin
LogPluginManager: Loaded Plugin StructBox, From C:/Program Files (x86)/Epic Games/4.13/Engine/Plugins/Experimental/StructBox/StructBox.uplugin
LogPluginManager: Loaded Plugin AndroidMedia, From C:/Program Files (x86)/Epic Games/4.13/Engine/Plugins/Media/AndroidMedia/AndroidMedia.uplugin
LogPluginManager: Loaded Plugin AvfMedia, From C:/Program Files (x86)/Epic Games/4.13/Engine/Plugins/Media/AvfMedia/AvfMedia.uplugin
LogPluginManager: Loaded Plugin MediaPlayerEditor, From C:/Program Files (x86)/Epic Games/4.13/Engine/Plugins/Media/MediaPlayerEditor/MediaPlayerEditor.uplugin
LogPluginManager: Loaded Plugin WmfMedia, From C:/Program Files (x86)/Epic Games/4.13/Engine/Plugins/Media/WmfMedia/WmfMedia.uplugin
LogPluginManager: Loaded Plugin MessagingDebugger, From C:/Program Files (x86)/Epic Games/4.13/Engine/Plugins/Messaging/MessagingDebugger/MessagingDebugger.uplugin
LogPluginManager: Loaded Plugin TcpMessaging, From C:/Program Files (x86)/Epic Games/4.13/Engine/Plugins/Messaging/TcpMessaging/TcpMessaging.uplugin
LogPluginManager: Loaded Plugin UdpMessaging, From C:/Program Files (x86)/Epic Games/4.13/Engine/Plugins/Messaging/UdpMessaging/UdpMessaging.uplugin
LogPluginManager: Loaded Plugin LevelSequenceEditor, From C:/Program Files (x86)/Epic Games/4.13/Engine/Plugins/MovieScene/LevelSequenceEditor/LevelSequenceEditor.uplugin
LogPluginManager: Loaded Plugin MatineeToLevelSequence, From C:/Program Files (x86)/Epic Games/4.13/Engine/Plugins/MovieScene/MatineeToLevelSequence/MatineeToLevelSequence.uplugin
LogPluginManager: Loaded Plugin NetcodeUnitTest, From C:/Program Files (x86)/Epic Games/4.13/Engine/Plugins/NetcodeUnitTest/NetcodeUnitTest/NetcodeUnitTest.uplugin
LogPluginManager: Loaded Plugin NUTUnrealEngine4, From C:/Program Files (x86)/Epic Games/4.13/Engine/Plugins/NetcodeUnitTest/NUTUnrealEngine4/NUTUnrealEngine4.uplugin
LogPluginManager: Loaded Plugin OnlineSubsystemGooglePlay, From C:/Program Files (x86)/Epic Games/4.13/Engine/Plugins/Online/Android/OnlineSubsystemGooglePlay/OnlineSubsystemGooglePlay.uplugin
LogPluginManager: Loaded Plugin OnlineSubsystemIOS, From C:/Program Files (x86)/Epic Games/4.13/Engine/Plugins/Online/IOS/OnlineSubsystemIOS/OnlineSubsystemIOS.uplugin
LogPluginManager: Loaded Plugin OnlineFramework, From C:/Program Files (x86)/Epic Games/4.13/Engine/Plugins/Online/OnlineFramework/OnlineFramework.uplugin
LogPluginManager: Loaded Plugin OnlineSubsystem, From C:/Program Files (x86)/Epic Games/4.13/Engine/Plugins/Online/OnlineSubsystem/OnlineSubsystem.uplugin
LogPluginManager: Loaded Plugin OnlineSubsystemAmazon, From C:/Program Files (x86)/Epic Games/4.13/Engine/Plugins/Online/OnlineSubsystemAmazon/OnlineSubsystemAmazon.uplugin
LogPluginManager: Loaded Plugin OnlineSubsystemFacebook, From C:/Program Files (x86)/Epic Games/4.13/Engine/Plugins/Online/OnlineSubsystemFacebook/OnlineSubsystemFacebook.uplugin
LogPluginManager: Loaded Plugin OnlineSubsystemNull, From C:/Program Files (x86)/Epic Games/4.13/Engine/Plugins/Online/OnlineSubsystemNull/OnlineSubsystemNull.uplugin
LogPluginManager: Loaded Plugin OnlineSubsystemOculus, From C:/Program Files (x86)/Epic Games/4.13/Engine/Plugins/Online/OnlineSubsystemOculus/OnlineSubsystemOculus.uplugin
LogPluginManager: Loaded Plugin OnlineSubsystemSteam, From C:/Program Files (x86)/Epic Games/4.13/Engine/Plugins/Online/OnlineSubsystemSteam/OnlineSubsystemSteam.uplugin
LogPluginManager: Loaded Plugin OnlineSubsystemUtils, From C:/Program Files (x86)/Epic Games/4.13/Engine/Plugins/Online/OnlineSubsystemUtils/OnlineSubsystemUtils.uplugin
LogPluginManager: Loaded Plugin IOSTapJoy, From C:/Program Files (x86)/Epic Games/4.13/Engine/Plugins/Runtime/Advertising/IOSTapJoy/IOSTapJoy.uplugin
LogPluginManager: Loaded Plugin AnalyticsBlueprintLibrary, From C:/Program Files (x86)/Epic Games/4.13/Engine/Plugins/Runtime/Analytics/AnalyticsBlueprintLibrary/AnalyticsBlueprintLibrary.uplugin
LogPluginManager: Loaded Plugin AnalyticsMulticast, From C:/Program Files (x86)/Epic Games/4.13/Engine/Plugins/Runtime/Analytics/AnalyticsMulticast/AnalyticsMulticast.uplugin
LogPluginManager: Loaded Plugin Apsalar, From C:/Program Files (x86)/Epic Games/4.13/Engine/Plugins/Runtime/Analytics/Apsalar/Apsalar.uplugin
LogPluginManager: Loaded Plugin FileLogging, From C:/Program Files (x86)/Epic Games/4.13/Engine/Plugins/Runtime/Analytics/FileLogging/FileLogging.uplugin
LogPluginManager: Loaded Plugin Flurry, From C:/Program Files (x86)/Epic Games/4.13/Engine/Plugins/Runtime/Analytics/Flurry/Flurry.uplugin
LogPluginManager: Loaded Plugin AndroidDeviceProfileSelector, From C:/Program Files (x86)/Epic Games/4.13/Engine/Plugins/Runtime/AndroidDeviceProfileSelector/AndroidDeviceProfileSelector.uplugin
LogPluginManager: Loaded Plugin AndroidMoviePlayer, From C:/Program Files (x86)/Epic Games/4.13/Engine/Plugins/Runtime/AndroidMoviePlayer/AndroidMoviePlayer.uplugin
LogPluginManager: Loaded Plugin AppleMoviePlayer, From C:/Program Files (x86)/Epic Games/4.13/Engine/Plugins/Runtime/AppleMoviePlayer/AppleMoviePlayer.uplugin
LogPluginManager: Loaded Plugin ArchVisCharacter, From C:/Program Files (x86)/Epic Games/4.13/Engine/Plugins/Runtime/ArchVisCharacter/ArchVisCharacter.uplugin
LogPluginManager: Loaded Plugin CableComponent, From C:/Program Files (x86)/Epic Games/4.13/Engine/Plugins/Runtime/CableComponent/CableComponent.uplugin
LogPluginManager: Loaded Plugin CustomMeshComponent, From C:/Program Files (x86)/Epic Games/4.13/Engine/Plugins/Runtime/CustomMeshComponent/CustomMeshComponent.uplugin
LogPluginManager: Loaded Plugin ExampleDeviceProfileSelector, From C:/Program Files (x86)/Epic Games/4.13/Engine/Plugins/Runtime/ExampleDeviceProfileSelector/ExampleDeviceProfileSelector.uplugin
LogPluginManager: Loaded Plugin GearVR, From C:/Program Files (x86)/Epic Games/4.13/Engine/Plugins/Runtime/GearVR/GearVR.uplugin
LogPluginManager: Loaded Plugin GoogleVRController, From C:/Program Files (x86)/Epic Games/4.13/Engine/Plugins/Runtime/GoogleVR/GoogleVRController/GoogleVRController.uplugin
LogPluginManager: Loaded Plugin GoogleVRHMD, From C:/Program Files (x86)/Epic Games/4.13/Engine/Plugins/Runtime/GoogleVR/GoogleVRHMD/GoogleVRHMD.uplugin
LogPluginManager: Loaded Plugin IOSDeviceProfileSelector, From C:/Program Files (x86)/Epic Games/4.13/Engine/Plugins/Runtime/IOSDeviceProfileSelector/IOSDeviceProfileSelector.uplugin
LogPluginManager: Loaded Plugin LeapMotion, From C:/Program Files (x86)/Epic Games/4.13/Engine/Plugins/Runtime/LeapMotion/LeapMotion.uplugin
LogPluginManager: Loaded Plugin LinuxDeviceProfileSelector, From C:/Program Files (x86)/Epic Games/4.13/Engine/Plugins/Runtime/LinuxDeviceProfileSelector/LinuxDeviceProfileSelector.uplugin
LogPluginManager: Loaded Plugin LiveEditorListenServer, From C:/Program Files (x86)/Epic Games/4.13/Engine/Plugins/Runtime/LiveEditorListenServer/LiveEditorListenServer.uplugin
LogPluginManager: Loaded Plugin OculusAudio, From C:/Program Files (x86)/Epic Games/4.13/Engine/Plugins/Runtime/OculusAudio/OculusAudio.uplugin
LogPluginManager: Loaded Plugin OculusInput, From C:/Program Files (x86)/Epic Games/4.13/Engine/Plugins/Runtime/OculusInput/OculusInput.uplugin
LogPluginManager: Loaded Plugin OculusLibrary, From C:/Program Files (x86)/Epic Games/4.13/Engine/Plugins/Runtime/OculusLibrary/OculusLibrary.uplugin
LogPluginManager: Loaded Plugin OculusRift, From C:/Program Files (x86)/Epic Games/4.13/Engine/Plugins/Runtime/OculusRift/OculusRift.uplugin
LogPluginManager: Loaded Plugin Oodle, From C:/Program Files (x86)/Epic Games/4.13/Engine/Plugins/Runtime/PacketHandlers/CompressionComponents/Oodle/Oodle.uplugin
LogPluginManager: Loaded Plugin ProceduralMeshComponent, From C:/Program Files (x86)/Epic Games/4.13/Engine/Plugins/Runtime/ProceduralMeshComponent/ProceduralMeshComponent.uplugin
LogPluginManager: Loaded Plugin SoundMod, From C:/Program Files (x86)/Epic Games/4.13/Engine/Plugins/Runtime/SoundMod/SoundMod.uplugin
LogPluginManager: Loaded Plugin SoundVisualizations, From C:/Program Files (x86)/Epic Games/4.13/Engine/Plugins/Runtime/SoundVisualizations/SoundVisualizations.uplugin
LogPluginManager: Loaded Plugin SteamController, From C:/Program Files (x86)/Epic Games/4.13/Engine/Plugins/Runtime/Steam/SteamController/SteamController.uplugin
LogPluginManager: Loaded Plugin SteamVR, From C:/Program Files (x86)/Epic Games/4.13/Engine/Plugins/Runtime/Steam/SteamVR/SteamVR.uplugin
LogPluginManager: Loaded Plugin WebBrowserWidget, From C:/Program Files (x86)/Epic Games/4.13/Engine/Plugins/Runtime/WebBrowserWidget/WebBrowserWidget.uplugin
LogPluginManager: Loaded Plugin WindowsDeviceProfileSelector, From C:/Program Files (x86)/Epic Games/4.13/Engine/Plugins/Runtime/WindowsDeviceProfileSelector/WindowsDeviceProfileSelector.uplugin
LogPluginManager: Loaded Plugin WindowsMoviePlayer, From C:/Program Files (x86)/Epic Games/4.13/Engine/Plugins/Runtime/WindowsMoviePlayer/WindowsMoviePlayer.uplugin
LogPluginManager: Loaded Plugin ScriptPlugin, From C:/Program Files (x86)/Epic Games/4.13/Engine/Plugins/ScriptPlugin/ScriptPlugin.uplugin
LogPluginManager: Loaded Plugin SlateRemote, From C:/Program Files (x86)/Epic Games/4.13/Engine/Plugins/Slate/SlateRemote/SlateRemote.uplugin
LogInit: Using libcurl 7.47.1
LogInit:  - built for x86_64-pc-win32
LogInit:  - supports SSL with WinSSL
LogInit:  - other features:
LogInit:      CURL_VERSION_SSL
LogInit:      CURL_VERSION_IPV6
LogInit:      CURL_VERSION_ASYNCHDNS
LogInit:      CURL_VERSION_LARGEFILE
LogInit:      CURL_VERSION_IDN
LogInit:  CurlRequestOptions (configurable via config and command line):
LogInit:  - bVerifyPeer = false  - Libcurl will NOT verify peer certificate
LogInit:  - bUseHttpProxy = false  - Libcurl will NOT use HTTP proxy
LogInit:  - bDontReuseConnections = false  - Libcurl will reuse connections
LogInit:  - CertBundlePath = nullptr  - Libcurl will use whatever was configured at build time.
LogInit: Build: ++UE4+Release-4.13-CL-3106830
LogInit: Engine Version: 4.13.0-3106830+++UE4+Release-4.13
LogInit: Compatible Engine Version: 4.13.0-3106830+++UE4+Release-4.13
LogInit: Net CL: 3106830
LogDevObjectVersion: Number of dev versions registered: 13
LogDevObjectVersion:   Dev-Blueprints (B0D832E4-1F89-4F0D-ACCF-7EB736FD4AA2): 5
LogDevObjectVersion:   Dev-Build (E1C64328-A22C-4D53-A36C-8E866417BD8C): 0
LogDevObjectVersion:   Dev-Core (375EC13C-06E4-48FB-B500-84F0262A717E): 1
LogDevObjectVersion:   Dev-Editor (E4B068ED-F494-42E9-A231-DA0B2E46BB41): 6
LogDevObjectVersion:   Dev-Framework (CFFC743F-43B0-4480-9391-14DF171D2073): 12
LogDevObjectVersion:   Dev-Mobile (B02B49B5-BB20-44E9-A304-32B752E40360): 0
LogDevObjectVersion:   Dev-Networking (A4E4105C-59A1-49B5-A7C5-40C4547EDFEE): 0
LogDevObjectVersion:   Dev-Online (39C831C9-5AE6-47DC-9A44-9C173E1C8E7C): 0
LogDevObjectVersion:   Dev-Physics (78F01B33-EBEA-4F98-B9B4-84EACCB95AA2): 0
LogDevObjectVersion:   Dev-Platform (6631380F-2D4D-43E0-8009-CF276956A95A): 0
LogDevObjectVersion:   Dev-Rendering (12F88B9F-8875-4AFC-A67C-D90C383ABD29): 4
LogDevObjectVersion:   Dev-Sequencer (7B5AE74C-D270-4C10-A958-57980B212A5A): 0
LogDevObjectVersion:   Dev-VR (D7296918-1DD6-4BDD-9DE2-64A83CC13884): 0
LogInit: Compiled (64-bit): Aug 30 2016 18:11:39
LogInit: Compiled with Visual C++: 19.00.23026.00
LogInit: Build Configuration: Development
LogInit: Branch Name: ++UE4+Release-4.13
LogInit: Command line:  
LogInit: Base directory: C:/Program Files (x86)/Epic Games/4.13/Engine/Binaries/Win64/
LogInit: Installed Engine Build: 1
LogInit: Presizing for max 8388607 objects, including 0 objects not considered by GC, pre-allocating 0 bytes for permanent pool.
LogInit: Object subsystem initialized
[2016.11.08-20.00.58:672][  0]LogInit: Selected Device Profile: [Windows]
[2016.11.08-20.00.58:672][  0]LogInit: Applying CVar settings loaded from the selected device profile: [Windows]
[2016.11.08-20.00.58:938][  0]LogInit: Computer: ACARDOSO3
[2016.11.08-20.00.58:938][  0]LogInit: User: Adam
[2016.11.08-20.00.58:938][  0]LogInit: CPU Page size=65536, Cores=4
[2016.11.08-20.00.58:938][  0]LogInit: High frequency timer resolution =1.949469 MHz
[2016.11.08-20.00.58:939][  0]LogMemory: Memory total: Physical=3.4GB (4GB approx)
[2016.11.08-20.00.58:947][  0]LogMemory: Platform Memory Stats for Windows
[2016.11.08-20.00.58:947][  0]LogMemory: Process Physical Memory: 257.68 MB used, 257.68 MB peak
[2016.11.08-20.00.58:947][  0]LogMemory: Process Virtual Memory: 259.79 MB used, 259.79 MB peak
[2016.11.08-20.00.58:948][  0]LogMemory: Physical Memory: 2279.67 MB used, 3528.98 MB total
[2016.11.08-20.00.58:948][  0]LogMemory: Virtual Memory: 622.81 MB used, 134217728.00 MB total
[2016.11.08-20.01.00:527][  0]LogTextLocalizationManager: No specific translations for ('en-US') exist, so ('en') translations will be used.
[2016.11.08-20.01.11:601][  0]LogD3D11RHI: D3D11 adapters:
[2016.11.08-20.01.11:655][  0]LogD3D11RHI:    0. 'AMD Radeon(TM) R5 Graphics' (Feature Level 11_0)
[2016.11.08-20.01.11:655][  0]LogD3D11RHI:       497/0/1764 MB DedicatedVideo/DedicatedSystem/SharedSystem, Outputs:1, VendorId:0x1002
[2016.11.08-20.01.11:658][  0]LogD3D11RHI:    1. 'Microsoft Basic Render Driver' (Feature Level 11_0)
[2016.11.08-20.01.11:658][  0]LogD3D11RHI:       0/0/1764 MB DedicatedVideo/DedicatedSystem/SharedSystem, Outputs:0, VendorId:0x1414
[2016.11.08-20.01.11:658][  0]LogD3D11RHI: Chosen D3D11 Adapter: 0
[2016.11.08-20.01.11:710][  0]LogD3D11RHI: Creating new Direct3DDevice
[2016.11.08-20.01.11:719][  0]LogD3D11RHI:     GPU DeviceId: 0x9851 (for the marketing name, search the web for "GPU Device Id")
[2016.11.08-20.01.11:731][  0]LogWindows: EnumDisplayDevices:
[2016.11.08-20.01.11:731][  0]LogWindows:    0. 'AMD Radeon(TM) R5 Graphics' (P:1 D:1)
[2016.11.08-20.01.11:733][  0]LogWindows:    1. 'AMD Radeon(TM) R5 Graphics' (P:0 D:0)
[2016.11.08-20.01.11:735][  0]LogWindows: DebugString: FoundDriverCount:2 
[2016.11.08-20.01.11:735][  0]LogD3D11RHI:     Adapter Name: AMD Radeon(TM) R5 Graphics
[2016.11.08-20.01.11:735][  0]LogD3D11RHI:   Driver Version: 15.200.1055.0 (internal:15.200.1055.0, unified:15.200.1055.0)
[2016.11.08-20.01.11:735][  0]LogD3D11RHI:      Driver Date: 7-6-2015
[2016.11.08-20.01.11:735][  0]LogRHI: Texture pool is 348 MB (70% of 497 MB)
[2016.11.08-20.01.11:766][  0]LogD3D11RHI: Async texture creation enabled
[2016.11.08-20.01.12:450][  0]LogD3D11RHI: GPU Timing Frequency: 100.000000 (Debug: 2 1)
[2016.11.08-20.01.12:588][  0]LogShaderCompilers: Guid format shader working directory is -44 characters bigger than the processId version (../../../../../../Users/Adam/Documents/GitHub/quad-shaped-battle-objects/CardGameProject3/Intermediate/Shaders/WorkingDirectory/7732/).
[2016.11.08-20.01.12:588][  0]LogShaderCompilers: Cleaned the shader compiler working directory 'C:/Users/Adam/AppData/Local/Temp/UnrealShaderWorkingDir/0F03FE5A4C38BB00CD23FF8A51F6DDD9/'.
[2016.11.08-20.01.12:589][  0]LogShaderCompilers:Display: Using Local Shader Compiler.
[2016.11.08-20.01.24:200][  0]LogTemp:Display: Loaded TP AllDesktopTargetPlatform
[2016.11.08-20.01.24:222][  0]LogTemp:Display: Loaded TP WindowsClientTargetPlatform
[2016.11.08-20.01.24:245][  0]LogTemp:Display: Loaded TP WindowsNoEditorTargetPlatform
[2016.11.08-20.01.24:267][  0]LogTemp:Display: Loaded TP WindowsServerTargetPlatform
[2016.11.08-20.01.24:290][  0]LogTemp:Display: Loaded TP WindowsTargetPlatform
[2016.11.08-20.01.24:370][  0]LogTemp:Display: Loaded TP AndroidTargetPlatform
[2016.11.08-20.01.24:392][  0]LogTemp:Display: Loaded TP Android_ASTCTargetPlatform
[2016.11.08-20.01.24:441][  0]LogTemp:Display: Loaded TP Android_ATCTargetPlatform
[2016.11.08-20.01.24:472][  0]LogTemp:Display: Loaded TP Android_DXTTargetPlatform
[2016.11.08-20.01.24:502][  0]LogTemp:Display: Loaded TP Android_ETC1TargetPlatform
[2016.11.08-20.01.24:535][  0]LogTemp:Display: Loaded TP Android_ETC2TargetPlatform
[2016.11.08-20.01.24:575][  0]LogTemp:Display: Loaded TP Android_MultiTargetPlatform
[2016.11.08-20.01.24:575][  0]LogTemp:Display: Loaded TP Android_PVRTCTargetPlatform
[2016.11.08-20.01.24:579][  0]LogTemp:Display: Loaded TP HTML5TargetPlatform
[2016.11.08-20.01.24:750][  0]LogTemp:Display: Loaded TP IOSTargetPlatform
[2016.11.08-20.01.24:771][  0]LogTemp:Display: Loaded TP TVOSTargetPlatform
[2016.11.08-20.01.24:790][  0]LogTemp:Display: Loaded TP LinuxClientTargetPlatform
[2016.11.08-20.01.24:811][  0]LogTemp:Display: Loaded TP LinuxNoEditorTargetPlatform
[2016.11.08-20.01.24:830][  0]LogTemp:Display: Loaded TP LinuxServerTargetPlatform
[2016.11.08-20.01.24:933][  0]LogTemp:Display: Loaded TP LinuxTargetPlatform
[2016.11.08-20.01.24:933][  0]LogTargetPlatformManager:Display: Building Assets For Windows
[2016.11.08-20.01.26:465][  0]LogDerivedDataCache:Display: Max Cache Size: 512 MB
[2016.11.08-20.01.27:444][  0]LogDerivedDataCache: Loaded boot cache 0.96s 62MB C:/Users/Adam/AppData/Local/UnrealEngine/4.13/DerivedDataCache/Boot.ddc.
[2016.11.08-20.01.27:444][  0]LogDerivedDataCache:Display: Loaded Boot cache: C:/Users/Adam/AppData/Local/UnrealEngine/4.13/DerivedDataCache/Boot.ddc
[2016.11.08-20.01.27:444][  0]LogDerivedDataCache: FDerivedDataBackendGraph:  Pak pak cache file ../../../../../../Users/Adam/Documents/GitHub/quad-shaped-battle-objects/CardGameProject3/DerivedDataCache/DDC.ddp not found, will not use a pak cache.
[2016.11.08-20.01.27:444][  0]LogDerivedDataCache: Unable to find inner node Pak for hierarchical cache Hierarchy.
[2016.11.08-20.01.27:445][  0]LogDerivedDataCache: FDerivedDataBackendGraph:  CompressedPak pak cache file ../../../../../../Users/Adam/Documents/GitHub/quad-shaped-battle-objects/CardGameProject3/DerivedDataCache/Compressed.ddp not found, will not use a pak cache.
[2016.11.08-20.01.27:445][  0]LogDerivedDataCache: Unable to find inner node CompressedPak for hierarchical cache Hierarchy.
[2016.11.08-20.01.27:641][  0]LogDerivedDataCache:Display: Pak cache opened for reading ../../../Engine/DerivedDataCache/Compressed.ddp.
[2016.11.08-20.01.27:687][  0]LogDerivedDataCache: Using Local data cache path C:/Users/Adam/AppData/Local/UnrealEngine/Common/DerivedDataCache: Writable
[2016.11.08-20.01.44:839][  0]LogInit: Selected Device Profile: [Windows]
[2016.11.08-20.01.45:191][  0]LogContentStreaming: Texture pool size is 0.00 MB
[2016.11.08-20.01.45:928][  0]LogMeshUtilities: No automatic mesh reduction module available
[2016.11.08-20.01.45:928][  0]LogMeshUtilities: No automatic mesh merging module available
[2016.11.08-20.01.45:928][  0]LogMeshUtilities: No distributed automatic mesh merging module available
[2016.11.08-20.01.48:514][  0]LogMaterial: Uniform references updated for custom material expression Custom.
[2016.11.08-20.01.49:480][  0]LogLinker:Warning: Can't find file '/Engine/EditorMaterials/AssetViewer/EpicQuadPanorama_CC+EV1'
[2016.11.08-20.01.49:481][  0]LogLinker: Can't find file '/Engine/EditorMaterials/AssetViewer/EpicQuadPanorama_CC+EV1'
[2016.11.08-20.01.56:572][  0]LogNetVersion: GetLocalNetworkVersion: CL: 3106830, ProjectName: cardgameproject3, ProjectVersion: , EngineNetworkVersion: 1, GameNetworkVersion: 0, NetworkChecksum: 3133689517
[2016.11.08-20.01.56:872][  0]LogAssetRegistry: FAssetRegistry took 0.0296 seconds to start up
[2016.11.08-20.01.57:321][  0]LogPackageLocalizationCache: Processed 3 localized package path(s) for 2 prioritized culture(s) in 0.214796 seconds
[2016.11.08-20.01.57:338][  0]LogUObjectArray: 29781 objects as part of root set at end of initial load.
[2016.11.08-20.01.57:338][  0]LogUObjectAllocator: 6126232 out of 0 bytes used by permanent object pool.
[2016.11.08-20.01.57:338][  0]LogUObjectArray: CloseDisregardForGC: 0/0 objects in disregard for GC pool
[2016.11.08-20.01.57:487][  0]LogInit: WinSock: version 1.1 (2.2), MaxSocks=32767, MaxUdp=65467
[2016.11.08-20.02.09:523][  0]LogSlate: SlateFontCache - WITH_FREETYPE: 1, WITH_HARFBUZZ: 1
[2016.11.08-20.02.09:524][  0]LogSlate: SlateFontCache - WITH_FREETYPE: 1, WITH_HARFBUZZ: 1
[2016.11.08-20.02.37:831][  0]LogUdpMessaging: Initializing bridge on interface 0.0.0.0:0 to multicast group 230.0.0.1:6666.
[2016.11.08-20.02.40:828][  0]SourceControl: Info Source control is disabled
[2016.11.08-20.02.40:831][  0]SourceControl: Info Source control is disabled
[2016.11.08-20.02.40:950][  0]SourceControl: Info Source control is disabled
[2016.11.08-20.02.41:140][  0]SourceControl: Info Source control is disabled
[2016.11.08-20.02.44:267][  0]LogEngine: Initializing Engine...
[2016.11.08-20.02.44:295][  0]LogHMD: Failed to initialize OpenVR with code 110
[2016.11.08-20.02.46:458][  0]LogAIModule: Creating AISystem for world Untitled
[2016.11.08-20.02.46:678][  0]LogInit: XAudio2 using 'Speaker/HP (Realtek High Definition Audio)' : 2 channels at 44.1 kHz using 16 bits per sample (channel mask 0x3)
[2016.11.08-20.02.48:390][  0]LogInit: FAudioDevice initialized.
[2016.11.08-20.02.48:507][  0]LogDerivedDataCache: Saved boot cache 0.12s 62MB C:/Users/Adam/AppData/Local/UnrealEngine/4.13/DerivedDataCache/Boot.ddc.
[2016.11.08-20.02.48:560][  0]LogInit: Texture streaming: Enabled
[2016.11.08-20.02.48:924][  0]LogInit: Transaction tracking system initialized
[2016.11.08-20.02.49:377][  0]BlueprintLog: New page: Editor Load
[2016.11.08-20.02.51:903][  0]LocalizationService: Info Localization service is disabled
[2016.11.08-20.02.53:826][  0]LogConsoleResponse:Display: 
[2016.11.08-20.03.00:333][  0]LogFileCache: Scanning file cache for directory 'C:/Users/Adam/Documents/GitHub/quad-shaped-battle-objects/CardGameProject3/Content/' took 0.18s
[2016.11.08-20.03.00:334][  0]LogCook:Display: Max memory allowance for cook 16384mb min free memory 0mb
[2016.11.08-20.03.00:353][  0]LogCook:Display: Mobile HDR setting 1
[2016.11.08-20.03.04:274][  0]SourceControl: Info Source control is disabled
[2016.11.08-20.03.26:278][  0]LogWindowsTextInputMethodSystem:Display: IME system now deactivated.
[2016.11.08-20.03.26:369][  0]LogWindowsTextInputMethodSystem:Display: IME system now deactivated.
[2016.11.08-20.03.30:099][  0]LogWindowsTextInputMethodSystem:Display: IME system now deactivated.
[2016.11.08-20.03.30:259][  0]LogWindowsTextInputMethodSystem:Display: IME system now deactivated.
[2016.11.08-20.03.30:312][  0]Cmd: MAP LOAD FILE="../../../../../../Users/Adam/Documents/GitHub/quad-shaped-battle-objects/CardGameProject3/Content/Levels/BasicLevel.umap" TEMPLATE=0 SHOWPROGRESS=1 FEATURELEVEL=3
[2016.11.08-20.03.30:347][  0]LightingResults: New page: Lighting Build
[2016.11.08-20.03.30:768][  0]MapCheck: New page: Map Check
[2016.11.08-20.03.30:769][  0]LightingResults: New page: Lighting Build
[2016.11.08-20.03.35:012][  0]LogAIModule: Creating AISystem for world BasicLevel
[2016.11.08-20.03.36:183][  0]LogEditorServer: Finished looking for orphan Actors (0.007 secs)
[2016.11.08-20.03.36:295][  0]Cmd: MAP CHECKDEP NOCLEARLOG
[2016.11.08-20.03.36:451][  0]MapCheck: Info Map check complete: 0 Error(s), 0 Warning(s), took 147.238ms to complete.
[2016.11.08-20.03.36:451][  0]LogFileHelpers: Loading map 'BasicLevel' took 6.164
[2016.11.08-20.03.38:519][  0]LogStats:Warning: MetaData mismatch. Did you assign a stat to two groups? New //STATGROUP_Threads//SplashScreenThread///Thread_d94_0///####STATCAT_Advanced#### old //STATGROUP_Threads//SplashScreenThread///Thread_197c_0///####STATCAT_Advanced####
[2016.11.08-20.03.38:519][  0]LogCollectionManager: Loaded 0 collections in 0.020668 seconds
[2016.11.08-20.03.38:845][  0]LogFileCache: Scanning file cache for directory 'C:/Users/Adam/Documents/GitHub/quad-shaped-battle-objects/CardGameProject3/Saved/Collections/' took 0.01s
[2016.11.08-20.03.38:845][  0]LogFileCache: Scanning file cache for directory 'C:/Users/Adam/Documents/GitHub/quad-shaped-battle-objects/CardGameProject3/Content/Developers/Adam/Collections/' took 0.01s
[2016.11.08-20.03.38:845][  0]LogFileCache: Scanning file cache for directory 'C:/Users/Adam/Documents/GitHub/quad-shaped-battle-objects/CardGameProject3/Content/Collections/' took 0.01s
[2016.11.08-20.03.38:845][  0]LogCollectionManager: Rebuilt the GUID cache for 0 collections in 0.000007 seconds
[2016.11.08-20.03.38:902][  0]LogContentBrowser: Native class hierarchy populated in 0.0549 seconds. Added 2141 classes and 415 folders.
[2016.11.08-20.03.38:983][  0]LogStats: UGameplayTagsManager::ConstructGameplayTagTree: Construct from data asset -  0.000 s
[2016.11.08-20.03.38:983][  0]LogStats: UGameplayTagsManager::ConstructGameplayTagTree: GameplayTagTreeChangedEvent.Broadcast -  0.000 s
[2016.11.08-20.03.39:006][  0]LogContentBrowser: Native class hierarchy updated for 'GameplayTags' in 0.0016 seconds. Added 12 classes and 0 folders.
[2016.11.08-20.03.39:053][  0]LogContentBrowser: Native class hierarchy updated for 'WidgetCarousel' in 0.0012 seconds. Added 0 classes and 0 folders.
[2016.11.08-20.03.41:385][  0]LogContentBrowser: Native class hierarchy updated for 'AddContentDialog' in 0.0026 seconds. Added 0 classes and 0 folders.
[2016.11.08-20.03.41:458][  0]LogContentBrowser: Native class hierarchy updated for 'SceneOutliner' in 0.0020 seconds. Added 1 classes and 2 folders.
[2016.11.08-20.03.42:847][  0]LogCrashTracker: Crashtracker disabled due to settings.
[2016.11.08-20.03.43:186][  0]LogUObjectGlobals:Warning: Failed to find object 'Class None.'
[2016.11.08-20.03.43:379][  0]LogContentBrowser: Native class hierarchy updated for 'HierarchicalLODOutliner' in 0.0012 seconds. Added 1 classes and 2 folders.
[2016.11.08-20.03.43:380][  0]LogLoad: (Engine Initialization) Total time: 172.70 seconds
[2016.11.08-20.03.43:380][  0]LogLoad: (Engine Initialization) Total Blueprint compile time: 1.43 seconds
[2016.11.08-20.03.43:389][  0]LogExternalProfiler: Found external profiler: VSPerf
[2016.11.08-20.03.43:389][  0]LogExternalProfiler: Using external profiler: VSPerf
[2016.11.08-20.03.43:423][  0]LogOcInput: OculusInput pre-init called
[2016.11.08-20.03.43:740][  0]LogContentStreaming: Texture pool size now 400 MB
[2016.11.08-20.03.45:505][  0]LogRenderer: Reallocating scene render targets to support 772x356 (Frame:2).
[2016.11.08-20.03.47:704][  9]LogAssetRegistry: Asset discovery search completed in 110.8581 seconds
[2016.11.08-20.03.47:708][  9]LogCollectionManager: Rebuilt the object cache for 0 collections in 0.000002 seconds (found 0 objects)
[2016.11.08-20.03.47:708][  9]LogCollectionManager: Fixed up redirectors for 0 collections in 0.004372 seconds (updated 0 objects)
[2016.11.08-20.04.33:308][543]LogContentBrowser: Native class hierarchy updated for 'BlueprintGraph' in 0.0032 seconds. Added 112 classes and 0 folders.
[2016.11.08-20.05.05:929][216]LogSavePackage: Save=257.21ms
[2016.11.08-20.05.05:929][216]LogSavePackage: Moving '../../../../../../Users/Adam/Documents/GitHub/quad-shaped-battle-objects/CardGameProject3/Saved/BattleCardGameState1D8D976D4FCABB03D0054EA8493738F6.tmp' to '../../../../../../Users/Adam/Documents/GitHub/quad-shaped-battle-objects/CardGameProject3/Content/Blueprints/BattleCardGameState.uasset'
[2016.11.08-20.05.05:960][216]LogSavePackage:Display: Finished SavePackage ../../../../../../Users/Adam/Documents/GitHub/quad-shaped-battle-objects/CardGameProject3/Content/Blueprints/BattleCardGameState.uasset
[2016.11.08-20.09.32:563][466]BlueprintLog: New page: Compile BattleCardGameState
[2016.11.08-20.09.32:660][466]LogBlueprint:Error: [Compiler BattleCardGameState] Error This blueprint (self) is not a Card_C, therefore ' self ' must have a connection.
[2016.11.08-20.09.32:674][466]LogBlueprint:Error: [Compiler BattleCardGameState] Error Variable node  K2Node_VariableGet_26  uses an invalid target.  It may depend on a node that is not connected to the execution chain, and got purged.
[2016.11.08-20.09.33:530][466]BlueprintEditorCompileResults:Error: Error This blueprint (self) is not a Card_C, therefore ' self ' must have a connection.
[2016.11.08-20.09.33:530][466]BlueprintEditorCompileResults:Error: Error Variable node  K2Node_VariableGet_26  uses an invalid target.  It may depend on a node that is not connected to the execution chain, and got purged.
[2016.11.08-20.09.33:530][466]LogBlueprint:Warning: [Compiler BattleCardGameState] Warning [0522.85] Compile of BattleCardGameState failed. 2 Fatal Issue(s) 0 Warning(s) [in 967 ms] (/Game/Blueprints/BattleCardGameState.BattleCardGameState)
[2016.11.08-20.17.24:698][160]BlueprintLog: New page: Compile BattleCardGameState
[2016.11.08-20.17.28:273][298]LogSavePackage: Save=114.26ms
[2016.11.08-20.17.28:273][298]LogSavePackage: Moving '../../../../../../Users/Adam/Documents/GitHub/quad-shaped-battle-objects/CardGameProject3/Saved/BattleCardGameStateCFCD77364F99CD93807412952E0A3F67.tmp' to '../../../../../../Users/Adam/Documents/GitHub/quad-shaped-battle-objects/CardGameProject3/Content/Blueprints/BattleCardGameState.uasset'
[2016.11.08-20.17.28:279][298]LogSavePackage:Display: Finished SavePackage ../../../../../../Users/Adam/Documents/GitHub/quad-shaped-battle-objects/CardGameProject3/Content/Blueprints/BattleCardGameState.uasset
[2016.11.08-20.17.30:272][374]LogBlueprintUserMessages: Early PlayInEditor Detection: Level '/Game/Levels/BasicLevel.BasicLevel:PersistentLevel' has LevelScriptBlueprint '/Game/Levels/BasicLevel.BasicLevel:PersistentLevel.BasicLevel' with GeneratedClass '/Game/Levels/BasicLevel.BasicLevel_C' with ClassGeneratedBy '/Game/Levels/BasicLevel.BasicLevel:PersistentLevel.BasicLevel'
[2016.11.08-20.17.30:305][374]LogPlayLevel: PlayLevel: No blueprints needed recompiling
[2016.11.08-20.17.30:382][374]PIE: New page: PIE session: BasicLevel (Nov 8, 2016, 10:17:30 AM)
[2016.11.08-20.17.30:382][374]LogPlayLevel: Creating play world package: /Game/Levels/UEDPIE_0_BasicLevel
[2016.11.08-20.17.30:474][374]LogPlayLevel: PIE: StaticDuplicateObject took: (0.091513s)
[2016.11.08-20.17.30:477][374]LogAIModule: Creating AISystem for world BasicLevel
[2016.11.08-20.17.30:486][374]LogPlayLevel: PIE: World Init took: (0.011662s)
[2016.11.08-20.17.30:495][374]LogPlayLevel: PIE: Created PIE world by copying editor world from /Game/Levels/BasicLevel.BasicLevel to /Game/Levels/UEDPIE_0_BasicLevel.BasicLevel (0.112951s)
[2016.11.08-20.17.30:582][374]LogInit: XAudio2 using 'Speaker/HP (Realtek High Definition Audio)' : 2 channels at 44.1 kHz using 16 bits per sample (channel mask 0x3)
[2016.11.08-20.17.31:134][374]LogInit: FAudioDevice initialized.
[2016.11.08-20.17.31:579][374]LogWorld: Game class is 'BattleCardGameMode_C'
[2016.11.08-20.17.31:770][374]LogWorld: Bringing World /Game/Levels/UEDPIE_0_BasicLevel.BasicLevel up for play (max tick rate 60) at 2016.11.08-15.17.31
[2016.11.08-20.17.31:857][374]LogWorld: Bringing up level for play took: 0.083145
[2016.11.08-20.17.32:246][374]LogContentBrowser: Native class hierarchy updated for 'MovieSceneCapture' in 0.0033 seconds. Added 11 classes and 0 folders.
[2016.11.08-20.17.32:275][374]LogGameMode:Display: Match State Changed from EnteringMap to WaitingToStart
[2016.11.08-20.17.32:295][374]LogGameState: Match State Changed from EnteringMap to WaitingToStart
[2016.11.08-20.17.32:295][374]LogGameMode:Display: Match State Changed from WaitingToStart to InProgress
[2016.11.08-20.17.32:536][374]LogGameState: Match State Changed from WaitingToStart to InProgress
[2016.11.08-20.17.32:552][374]PIE: Info Play in editor start time for /Game/Levels/UEDPIE_0_BasicLevel 1.608
[2016.11.08-20.17.32:553][374]LogBlueprintUserMessages: Late PlayInEditor Detection: Level '/Game/Levels/BasicLevel.BasicLevel:PersistentLevel' has LevelScriptBlueprint '/Game/Levels/BasicLevel.BasicLevel:PersistentLevel.BasicLevel' with GeneratedClass '/Game/Levels/BasicLevel.BasicLevel_C' with ClassGeneratedBy '/Game/Levels/BasicLevel.BasicLevel:PersistentLevel.BasicLevel'
[2016.11.08-20.17.43:938][811]LogBlueprintUserMessages: Early EndPlayMap Detection: Level '/Game/Levels/BasicLevel.BasicLevel:PersistentLevel' has LevelScriptBlueprint '/Game/Levels/BasicLevel.BasicLevel:PersistentLevel.BasicLevel' with GeneratedClass '/Game/Levels/BasicLevel.BasicLevel_C' with ClassGeneratedBy '/Game/Levels/BasicLevel.BasicLevel:PersistentLevel.BasicLevel'
[2016.11.08-20.17.44:210][811]LogBlueprintUserMessages: Late EndPlayMap Detection: Level '/Game/Levels/BasicLevel.BasicLevel:PersistentLevel' has LevelScriptBlueprint '/Game/Levels/BasicLevel.BasicLevel:PersistentLevel.BasicLevel' with GeneratedClass '/Game/Levels/BasicLevel.BasicLevel_C' with ClassGeneratedBy '/Game/Levels/BasicLevel.BasicLevel:PersistentLevel.BasicLevel'
[2016.11.08-20.17.44:555][812]Cmd: SELECT NONE
[2016.11.08-20.17.44:790][812]Cmd: SELECT NONE
[2016.11.08-20.28.36:331][390]LogFileHelpers: Editor autosave (incl. sublevels) for '/Game/Levels/BasicLevel' took 0.039
[2016.11.08-20.28.36:368][390]OBJ SavePackage: Generating thumbnails for [0] asset(s) in package [/Game/Blueprints/BattleCardGameState] ([1] browsable assets)...
[2016.11.08-20.28.36:368][390]OBJ SavePackage: Finished generating thumbnails for package [/Game/Blueprints/BattleCardGameState]
[2016.11.08-20.28.36:560][390]LogSavePackage: Save=125.38ms
[2016.11.08-20.28.36:560][390]LogSavePackage: Moving '../../../../../../Users/Adam/Documents/GitHub/quad-shaped-battle-objects/CardGameProject3/Saved/BattleCardGameState_Auto1C104646D476C95C58F80D8A4E1BD9DF5.tmp' to '../../../../../../Users/Adam/Documents/GitHub/quad-shaped-battle-objects/CardGameProject3/Saved/Autosaves/Game/Blueprints/BattleCardGameState_Auto1.uasset'
[2016.11.08-20.28.36:563][390]LogSavePackage:Display: Finished SavePackage ../../../../../../Users/Adam/Documents/GitHub/quad-shaped-battle-objects/CardGameProject3/Saved/Autosaves/Game/Blueprints/BattleCardGameState_Auto1.uasset
[2016.11.08-20.28.36:563][390]LogFileHelpers: Auto-saving content packages took 0.205
[2016.11.08-20.29.39:195][461]LogSavePackage: Save=122.20ms
[2016.11.08-20.29.39:195][461]LogSavePackage: Moving '../../../../../../Users/Adam/Documents/GitHub/quad-shaped-battle-objects/CardGameProject3/Saved/BattleCardGameStateB47FA9B843AA99AD84ADAD83B744D0DF.tmp' to '../../../../../../Users/Adam/Documents/GitHub/quad-shaped-battle-objects/CardGameProject3/Content/Blueprints/BattleCardGameState.uasset'
[2016.11.08-20.29.39:203][461]LogSavePackage:Display: Finished SavePackage ../../../../../../Users/Adam/Documents/GitHub/quad-shaped-battle-objects/CardGameProject3/Content/Blueprints/BattleCardGameState.uasset
[2016.11.08-20.38.36:771][593]LogFileHelpers: Editor autosave (incl. sublevels) for '/Game/Levels/BasicLevel' took 0.040
[2016.11.08-20.38.36:776][593]OBJ SavePackage: Generating thumbnails for [0] asset(s) in package [/Game/Blueprints/BattleCardGameState] ([1] browsable assets)...
[2016.11.08-20.38.36:776][593]OBJ SavePackage: Finished generating thumbnails for package [/Game/Blueprints/BattleCardGameState]
[2016.11.08-20.38.36:965][593]LogSavePackage: Save=111.73ms
[2016.11.08-20.38.36:965][593]LogSavePackage: Moving '../../../../../../Users/Adam/Documents/GitHub/quad-shaped-battle-objects/CardGameProject3/Saved/BattleCardGameState_Auto201D280ED4393DDA6FD756FBE13700AFD.tmp' to '../../../../../../Users/Adam/Documents/GitHub/quad-shaped-battle-objects/CardGameProject3/Saved/Autosaves/Game/Blueprints/BattleCardGameState_Auto2.uasset'
[2016.11.08-20.38.36:970][593]LogSavePackage:Display: Finished SavePackage ../../../../../../Users/Adam/Documents/GitHub/quad-shaped-battle-objects/CardGameProject3/Saved/Autosaves/Game/Blueprints/BattleCardGameState_Auto2.uasset
[2016.11.08-20.38.36:970][593]LogFileHelpers: Auto-saving content packages took 0.197
[2016.11.08-20.42.26:315][848]LogSavePackage: Save=107.62ms
[2016.11.08-20.42.26:315][848]LogSavePackage: Moving '../../../../../../Users/Adam/Documents/GitHub/quad-shaped-battle-objects/CardGameProject3/Saved/BattleCardGameState276484474A0B5FEB39FD01A1B1A88796.tmp' to '../../../../../../Users/Adam/Documents/GitHub/quad-shaped-battle-objects/CardGameProject3/Content/Blueprints/BattleCardGameState.uasset'
[2016.11.08-20.42.26:322][848]LogSavePackage:Display: Finished SavePackage ../../../../../../Users/Adam/Documents/GitHub/quad-shaped-battle-objects/CardGameProject3/Content/Blueprints/BattleCardGameState.uasset
[2016.11.08-20.47.57:787][354]BlueprintLog: New page: Compile BattleCardGameState
[2016.11.08-20.47.59:052][389]LogSavePackage: Save=126.91ms
[2016.11.08-20.47.59:052][389]LogSavePackage: Moving '../../../../../../Users/Adam/Documents/GitHub/quad-shaped-battle-objects/CardGameProject3/Saved/BattleCardGameState4055039E4108D89ADA23DDB93A3AF8E8.tmp' to '../../../../../../Users/Adam/Documents/GitHub/quad-shaped-battle-objects/CardGameProject3/Content/Blueprints/BattleCardGameState.uasset'
[2016.11.08-20.47.59:060][389]LogSavePackage:Display: Finished SavePackage ../../../../../../Users/Adam/Documents/GitHub/quad-shaped-battle-objects/CardGameProject3/Content/Blueprints/BattleCardGameState.uasset
[2016.11.08-20.48.01:377][479]LogBlueprintUserMessages: Early PlayInEditor Detection: Level '/Game/Levels/BasicLevel.BasicLevel:PersistentLevel' has LevelScriptBlueprint '/Game/Levels/BasicLevel.BasicLevel:PersistentLevel.BasicLevel' with GeneratedClass '/Game/Levels/BasicLevel.BasicLevel_C' with ClassGeneratedBy '/Game/Levels/BasicLevel.BasicLevel:PersistentLevel.BasicLevel'
[2016.11.08-20.48.01:378][479]LogPlayLevel: PlayLevel: No blueprints needed recompiling
[2016.11.08-20.48.01:378][479]PIE: New page: PIE session: BasicLevel (Nov 8, 2016, 10:48:01 AM)
[2016.11.08-20.48.01:378][479]LogPlayLevel: Creating play world package: /Game/Levels/UEDPIE_0_BasicLevel
[2016.11.08-20.48.01:384][479]LogPlayLevel: PIE: StaticDuplicateObject took: (0.005952s)
[2016.11.08-20.48.01:387][479]LogAIModule: Creating AISystem for world BasicLevel
[2016.11.08-20.48.01:389][479]LogPlayLevel: PIE: World Init took: (0.004035s)
[2016.11.08-20.48.01:389][479]LogPlayLevel: PIE: Created PIE world by copying editor world from /Game/Levels/BasicLevel.BasicLevel to /Game/Levels/UEDPIE_0_BasicLevel.BasicLevel (0.010626s)
[2016.11.08-20.48.01:434][479]LogInit: XAudio2 using 'Speaker/HP (Realtek High Definition Audio)' : 2 channels at 44.1 kHz using 16 bits per sample (channel mask 0x3)
[2016.11.08-20.48.01:473][479]LogInit: FAudioDevice initialized.
[2016.11.08-20.48.01:513][479]LogWorld: Game class is 'BattleCardGameMode_C'
[2016.11.08-20.48.01:520][479]LogWorld: Bringing World /Game/Levels/UEDPIE_0_BasicLevel.BasicLevel up for play (max tick rate 60) at 2016.11.08-15.48.01
[2016.11.08-20.48.01:521][479]LogWorld: Bringing up level for play took: 0.005408
[2016.11.08-20.48.01:524][479]LogGameMode:Display: Match State Changed from EnteringMap to WaitingToStart
[2016.11.08-20.48.01:525][479]LogGameState: Match State Changed from EnteringMap to WaitingToStart
[2016.11.08-20.48.01:525][479]LogGameMode:Display: Match State Changed from WaitingToStart to InProgress
[2016.11.08-20.48.01:540][479]LogGameState: Match State Changed from WaitingToStart to InProgress
[2016.11.08-20.48.01:540][479]PIE: Info Play in editor start time for /Game/Levels/UEDPIE_0_BasicLevel 0.596
[2016.11.08-20.48.01:541][479]LogBlueprintUserMessages: Late PlayInEditor Detection: Level '/Game/Levels/BasicLevel.BasicLevel:PersistentLevel' has LevelScriptBlueprint '/Game/Levels/BasicLevel.BasicLevel:PersistentLevel.BasicLevel' with GeneratedClass '/Game/Levels/BasicLevel.BasicLevel_C' with ClassGeneratedBy '/Game/Levels/BasicLevel.BasicLevel:PersistentLevel.BasicLevel'
[2016.11.08-20.48.08:711][779]LogBlueprintUserMessages: Early EndPlayMap Detection: Level '/Game/Levels/BasicLevel.BasicLevel:PersistentLevel' has LevelScriptBlueprint '/Game/Levels/BasicLevel.BasicLevel:PersistentLevel.BasicLevel' with GeneratedClass '/Game/Levels/BasicLevel.BasicLevel_C' with ClassGeneratedBy '/Game/Levels/BasicLevel.BasicLevel:PersistentLevel.BasicLevel'
[2016.11.08-20.48.08:766][779]LogBlueprintUserMessages: Late EndPlayMap Detection: Level '/Game/Levels/BasicLevel.BasicLevel:PersistentLevel' has LevelScriptBlueprint '/Game/Levels/BasicLevel.BasicLevel:PersistentLevel.BasicLevel' with GeneratedClass '/Game/Levels/BasicLevel.BasicLevel_C' with ClassGeneratedBy '/Game/Levels/BasicLevel.BasicLevel:PersistentLevel.BasicLevel'
[2016.11.08-20.48.09:051][789]Cmd: SELECT NONE
[2016.11.08-20.48.30:015][727]BlueprintLog: New page: Compile BattleCardGameState
[2016.11.08-20.48.31:063][752]LogSavePackage: Save=109.58ms
[2016.11.08-20.48.31:063][752]LogSavePackage: Moving '../../../../../../Users/Adam/Documents/GitHub/quad-shaped-battle-objects/CardGameProject3/Saved/BattleCardGameState8980BA5443AB161FA2695C9AD98E88FA.tmp' to '../../../../../../Users/Adam/Documents/GitHub/quad-shaped-battle-objects/CardGameProject3/Content/Blueprints/BattleCardGameState.uasset'
[2016.11.08-20.48.31:072][752]LogSavePackage:Display: Finished SavePackage ../../../../../../Users/Adam/Documents/GitHub/quad-shaped-battle-objects/CardGameProject3/Content/Blueprints/BattleCardGameState.uasset
[2016.11.08-20.48.32:996][826]LogBlueprintUserMessages: Early PlayInEditor Detection: Level '/Game/Levels/BasicLevel.BasicLevel:PersistentLevel' has LevelScriptBlueprint '/Game/Levels/BasicLevel.BasicLevel:PersistentLevel.BasicLevel' with GeneratedClass '/Game/Levels/BasicLevel.BasicLevel_C' with ClassGeneratedBy '/Game/Levels/BasicLevel.BasicLevel:PersistentLevel.BasicLevel'
[2016.11.08-20.48.32:996][826]LogPlayLevel: PlayLevel: No blueprints needed recompiling
[2016.11.08-20.48.32:996][826]PIE: New page: PIE session: BasicLevel (Nov 8, 2016, 10:48:32 AM)
[2016.11.08-20.48.32:997][826]LogPlayLevel: Creating play world package: /Game/Levels/UEDPIE_0_BasicLevel
[2016.11.08-20.48.33:003][826]LogPlayLevel: PIE: StaticDuplicateObject took: (0.006156s)
[2016.11.08-20.48.33:005][826]LogAIModule: Creating AISystem for world BasicLevel
[2016.11.08-20.48.33:006][826]LogPlayLevel: PIE: World Init took: (0.003215s)
[2016.11.08-20.48.33:007][826]LogPlayLevel: PIE: Created PIE world by copying editor world from /Game/Levels/BasicLevel.BasicLevel to /Game/Levels/UEDPIE_0_BasicLevel.BasicLevel (0.010584s)
[2016.11.08-20.48.33:057][826]LogInit: XAudio2 using 'Speaker/HP (Realtek High Definition Audio)' : 2 channels at 44.1 kHz using 16 bits per sample (channel mask 0x3)
[2016.11.08-20.48.33:089][826]LogInit: FAudioDevice initialized.
[2016.11.08-20.48.33:130][826]LogWorld: Game class is 'BattleCardGameMode_C'
[2016.11.08-20.48.33:137][826]LogWorld: Bringing World /Game/Levels/UEDPIE_0_BasicLevel.BasicLevel up for play (max tick rate 60) at 2016.11.08-15.48.33
[2016.11.08-20.48.33:138][826]LogWorld: Bringing up level for play took: 0.005185
[2016.11.08-20.48.33:140][826]LogGameMode:Display: Match State Changed from EnteringMap to WaitingToStart
[2016.11.08-20.48.33:140][826]LogGameState: Match State Changed from EnteringMap to WaitingToStart
[2016.11.08-20.48.33:140][826]LogGameMode:Display: Match State Changed from WaitingToStart to InProgress
[2016.11.08-20.48.33:157][826]LogGameState: Match State Changed from WaitingToStart to InProgress
[2016.11.08-20.48.33:157][826]PIE: Info Play in editor start time for /Game/Levels/UEDPIE_0_BasicLevel 0.213
[2016.11.08-20.48.33:158][826]LogBlueprintUserMessages: Late PlayInEditor Detection: Level '/Game/Levels/BasicLevel.BasicLevel:PersistentLevel' has LevelScriptBlueprint '/Game/Levels/BasicLevel.BasicLevel:PersistentLevel.BasicLevel' with GeneratedClass '/Game/Levels/BasicLevel.BasicLevel_C' with ClassGeneratedBy '/Game/Levels/BasicLevel.BasicLevel:PersistentLevel.BasicLevel'
[2016.11.08-20.48.39:372][ 78]LogBlueprintUserMessages: Early EndPlayMap Detection: Level '/Game/Levels/BasicLevel.BasicLevel:PersistentLevel' has LevelScriptBlueprint '/Game/Levels/BasicLevel.BasicLevel:PersistentLevel.BasicLevel' with GeneratedClass '/Game/Levels/BasicLevel.BasicLevel_C' with ClassGeneratedBy '/Game/Levels/BasicLevel.BasicLevel:PersistentLevel.BasicLevel'
[2016.11.08-20.48.39:422][ 78]LogBlueprintUserMessages: Late EndPlayMap Detection: Level '/Game/Levels/BasicLevel.BasicLevel:PersistentLevel' has LevelScriptBlueprint '/Game/Levels/BasicLevel.BasicLevel:PersistentLevel.BasicLevel' with GeneratedClass '/Game/Levels/BasicLevel.BasicLevel_C' with ClassGeneratedBy '/Game/Levels/BasicLevel.BasicLevel:PersistentLevel.BasicLevel'
[2016.11.08-20.48.47:569][452]BlueprintLog: New page: Compile BattleCardGameState
[2016.11.08-20.48.50:893][561]LogBlueprintUserMessages: Early PlayInEditor Detection: Level '/Game/Levels/BasicLevel.BasicLevel:PersistentLevel' has LevelScriptBlueprint '/Game/Levels/BasicLevel.BasicLevel:PersistentLevel.BasicLevel' with GeneratedClass '/Game/Levels/BasicLevel.BasicLevel_C' with ClassGeneratedBy '/Game/Levels/BasicLevel.BasicLevel:PersistentLevel.BasicLevel'
[2016.11.08-20.48.50:894][561]LogPlayLevel: PlayLevel: No blueprints needed recompiling
[2016.11.08-20.48.50:894][561]PIE: New page: PIE session: BasicLevel (Nov 8, 2016, 10:48:50 AM)
[2016.11.08-20.48.50:894][561]LogPlayLevel: Creating play world package: /Game/Levels/UEDPIE_0_BasicLevel
[2016.11.08-20.48.50:898][561]LogPlayLevel: PIE: StaticDuplicateObject took: (0.004278s)
[2016.11.08-20.48.50:900][561]LogAIModule: Creating AISystem for world BasicLevel
[2016.11.08-20.48.50:901][561]LogPlayLevel: PIE: World Init took: (0.002299s)
[2016.11.08-20.48.50:901][561]LogPlayLevel: PIE: Created PIE world by copying editor world from /Game/Levels/BasicLevel.BasicLevel to /Game/Levels/UEDPIE_0_BasicLevel.BasicLevel (0.007230s)
[2016.11.08-20.48.50:947][561]LogInit: XAudio2 using 'Speaker/HP (Realtek High Definition Audio)' : 2 channels at 44.1 kHz using 16 bits per sample (channel mask 0x3)
[2016.11.08-20.48.50:975][561]LogInit: FAudioDevice initialized.
[2016.11.08-20.48.51:021][561]LogWorld: Game class is 'BattleCardGameMode_C'
[2016.11.08-20.48.51:026][561]LogWorld: Bringing World /Game/Levels/UEDPIE_0_BasicLevel.BasicLevel up for play (max tick rate 60) at 2016.11.08-15.48.51
[2016.11.08-20.48.51:027][561]LogWorld: Bringing up level for play took: 0.004661
[2016.11.08-20.48.51:030][561]LogGameMode:Display: Match State Changed from EnteringMap to WaitingToStart
[2016.11.08-20.48.51:030][561]LogGameState: Match State Changed from EnteringMap to WaitingToStart
[2016.11.08-20.48.51:030][561]LogGameMode:Display: Match State Changed from WaitingToStart to InProgress
[2016.11.08-20.48.51:045][561]LogGameState: Match State Changed from WaitingToStart to InProgress
[2016.11.08-20.48.51:045][561]PIE: Info Play in editor start time for /Game/Levels/UEDPIE_0_BasicLevel 0.101
[2016.11.08-20.48.51:046][561]LogBlueprintUserMessages: Late PlayInEditor Detection: Level '/Game/Levels/BasicLevel.BasicLevel:PersistentLevel' has LevelScriptBlueprint '/Game/Levels/BasicLevel.BasicLevel:PersistentLevel.BasicLevel' with GeneratedClass '/Game/Levels/BasicLevel.BasicLevel_C' with ClassGeneratedBy '/Game/Levels/BasicLevel.BasicLevel:PersistentLevel.BasicLevel'
[2016.11.08-20.48.53:077][643]LogBlueprintUserMessages: Early EndPlayMap Detection: Level '/Game/Levels/BasicLevel.BasicLevel:PersistentLevel' has LevelScriptBlueprint '/Game/Levels/BasicLevel.BasicLevel:PersistentLevel.BasicLevel' with GeneratedClass '/Game/Levels/BasicLevel.BasicLevel_C' with ClassGeneratedBy '/Game/Levels/BasicLevel.BasicLevel:PersistentLevel.BasicLevel'
[2016.11.08-20.48.53:186][643]LogBlueprintUserMessages: Late EndPlayMap Detection: Level '/Game/Levels/BasicLevel.BasicLevel:PersistentLevel' has LevelScriptBlueprint '/Game/Levels/BasicLevel.BasicLevel:PersistentLevel.BasicLevel' with GeneratedClass '/Game/Levels/BasicLevel.BasicLevel_C' with ClassGeneratedBy '/Game/Levels/BasicLevel.BasicLevel:PersistentLevel.BasicLevel'
[2016.11.08-20.48.56:261][767]LogSavePackage: Save=111.34ms
[2016.11.08-20.48.56:261][767]LogSavePackage: Moving '../../../../../../Users/Adam/Documents/GitHub/quad-shaped-battle-objects/CardGameProject3/Saved/BattleCardGameState5ACFDE8043BEE23A3E6B8692CA1C0D6B.tmp' to '../../../../../../Users/Adam/Documents/GitHub/quad-shaped-battle-objects/CardGameProject3/Content/Blueprints/BattleCardGameState.uasset'
[2016.11.08-20.48.56:268][767]LogSavePackage:Display: Finished SavePackage ../../../../../../Users/Adam/Documents/GitHub/quad-shaped-battle-objects/CardGameProject3/Content/Blueprints/BattleCardGameState.uasset
[2016.11.08-20.49.10:687][474]BlueprintLog: New page: Compile BattleCardGameState
[2016.11.08-20.49.13:122][562]LogBlueprintUserMessages: Early PlayInEditor Detection: Level '/Game/Levels/BasicLevel.BasicLevel:PersistentLevel' has LevelScriptBlueprint '/Game/Levels/BasicLevel.BasicLevel:PersistentLevel.BasicLevel' with GeneratedClass '/Game/Levels/BasicLevel.BasicLevel_C' with ClassGeneratedBy '/Game/Levels/BasicLevel.BasicLevel:PersistentLevel.BasicLevel'
[2016.11.08-20.49.13:122][562]LogPlayLevel: PlayLevel: No blueprints needed recompiling
[2016.11.08-20.49.13:122][562]PIE: New page: PIE session: BasicLevel (Nov 8, 2016, 10:49:13 AM)
[2016.11.08-20.49.13:123][562]LogPlayLevel: Creating play world package: /Game/Levels/UEDPIE_0_BasicLevel
[2016.11.08-20.49.13:129][562]LogPlayLevel: PIE: StaticDuplicateObject took: (0.005845s)
[2016.11.08-20.49.13:132][562]LogAIModule: Creating AISystem for world BasicLevel
[2016.11.08-20.49.13:133][562]LogPlayLevel: PIE: World Init took: (0.003912s)
[2016.11.08-20.49.13:133][562]LogPlayLevel: PIE: Created PIE world by copying editor world from /Game/Levels/BasicLevel.BasicLevel to /Game/Levels/UEDPIE_0_BasicLevel.BasicLevel (0.010693s)
[2016.11.08-20.49.13:184][562]LogInit: XAudio2 using 'Speaker/HP (Realtek High Definition Audio)' : 2 channels at 44.1 kHz using 16 bits per sample (channel mask 0x3)
[2016.11.08-20.49.13:216][562]LogInit: FAudioDevice initialized.
[2016.11.08-20.49.13:262][562]LogWorld: Game class is 'BattleCardGameMode_C'
[2016.11.08-20.49.13:268][562]LogWorld: Bringing World /Game/Levels/UEDPIE_0_BasicLevel.BasicLevel up for play (max tick rate 60) at 2016.11.08-15.49.13
[2016.11.08-20.49.13:269][562]LogWorld: Bringing up level for play took: 0.005204
[2016.11.08-20.49.13:272][562]LogGameMode:Display: Match State Changed from EnteringMap to WaitingToStart
[2016.11.08-20.49.13:272][562]LogGameState: Match State Changed from EnteringMap to WaitingToStart
[2016.11.08-20.49.13:272][562]LogGameMode:Display: Match State Changed from WaitingToStart to InProgress
[2016.11.08-20.49.13:287][562]LogGameState: Match State Changed from WaitingToStart to InProgress
[2016.11.08-20.49.13:287][562]PIE: Info Play in editor start time for /Game/Levels/UEDPIE_0_BasicLevel 0.343
[2016.11.08-20.49.13:288][562]LogBlueprintUserMessages: Late PlayInEditor Detection: Level '/Game/Levels/BasicLevel.BasicLevel:PersistentLevel' has LevelScriptBlueprint '/Game/Levels/BasicLevel.BasicLevel:PersistentLevel.BasicLevel' with GeneratedClass '/Game/Levels/BasicLevel.BasicLevel_C' with ClassGeneratedBy '/Game/Levels/BasicLevel.BasicLevel:PersistentLevel.BasicLevel'
[2016.11.08-20.49.19:630][834]LogBlueprintUserMessages: Early EndPlayMap Detection: Level '/Game/Levels/BasicLevel.BasicLevel:PersistentLevel' has LevelScriptBlueprint '/Game/Levels/BasicLevel.BasicLevel:PersistentLevel.BasicLevel' with GeneratedClass '/Game/Levels/BasicLevel.BasicLevel_C' with ClassGeneratedBy '/Game/Levels/BasicLevel.BasicLevel:PersistentLevel.BasicLevel'
[2016.11.08-20.49.19:677][834]LogBlueprintUserMessages: Late EndPlayMap Detection: Level '/Game/Levels/BasicLevel.BasicLevel:PersistentLevel' has LevelScriptBlueprint '/Game/Levels/BasicLevel.BasicLevel:PersistentLevel.BasicLevel' with GeneratedClass '/Game/Levels/BasicLevel.BasicLevel_C' with ClassGeneratedBy '/Game/Levels/BasicLevel.BasicLevel:PersistentLevel.BasicLevel'
[2016.11.08-20.49.22:390][935]LogSavePackage: Save=110.15ms
[2016.11.08-20.49.22:390][935]LogSavePackage: Moving '../../../../../../Users/Adam/Documents/GitHub/quad-shaped-battle-objects/CardGameProject3/Saved/BattleCardGameStateF745DFA04A1A153E54D681957864014B.tmp' to '../../../../../../Users/Adam/Documents/GitHub/quad-shaped-battle-objects/CardGameProject3/Content/Blueprints/BattleCardGameState.uasset'
[2016.11.08-20.49.22:397][935]LogSavePackage:Display: Finished SavePackage ../../../../../../Users/Adam/Documents/GitHub/quad-shaped-battle-objects/CardGameProject3/Content/Blueprints/BattleCardGameState.uasset
[2016.11.08-20.50.24:029][328]BlueprintLog: New page: Compile BattleCardGameState
[2016.11.08-20.50.24:177][328]LogBlueprint:Error: [Compiler BattleCardGameState] Error The current value of the ' TargetArray ' pin is invalid: Array inputs (like 'Target Array') must have an input wired into them (try connecting a MakeArray node).
[2016.11.08-20.50.24:596][328]BlueprintEditorCompileResults:Error: Error The current value of the ' TargetArray ' pin is invalid: Array inputs (like 'Target Array') must have an input wired into them (try connecting a MakeArray node).
[2016.11.08-20.50.24:596][328]LogBlueprint:Warning: [Compiler BattleCardGameState] Warning [2973.92] Compile of BattleCardGameState failed. 1 Fatal Issue(s) 0 Warning(s) [in 566 ms] (/Game/Blueprints/BattleCardGameState.BattleCardGameState)
[2016.11.08-20.50.34:983][875]BlueprintLog: New page: Compile BattleCardGameState
[2016.11.08-20.50.37:486][955]LogBlueprintUserMessages: Early PlayInEditor Detection: Level '/Game/Levels/BasicLevel.BasicLevel:PersistentLevel' has LevelScriptBlueprint '/Game/Levels/BasicLevel.BasicLevel:PersistentLevel.BasicLevel' with GeneratedClass '/Game/Levels/BasicLevel.BasicLevel_C' with ClassGeneratedBy '/Game/Levels/BasicLevel.BasicLevel:PersistentLevel.BasicLevel'
[2016.11.08-20.50.37:486][955]LogPlayLevel: PlayLevel: No blueprints needed recompiling
[2016.11.08-20.50.37:486][955]PIE: New page: PIE session: BasicLevel (Nov 8, 2016, 10:50:37 AM)
[2016.11.08-20.50.37:487][955]LogPlayLevel: Creating play world package: /Game/Levels/UEDPIE_0_BasicLevel
[2016.11.08-20.50.37:492][955]LogPlayLevel: PIE: StaticDuplicateObject took: (0.005658s)
[2016.11.08-20.50.37:495][955]LogAIModule: Creating AISystem for world BasicLevel
[2016.11.08-20.50.37:497][955]LogPlayLevel: PIE: World Init took: (0.004587s)
[2016.11.08-20.50.37:498][955]LogPlayLevel: PIE: Created PIE world by copying editor world from /Game/Levels/BasicLevel.BasicLevel to /Game/Levels/UEDPIE_0_BasicLevel.BasicLevel (0.011153s)
[2016.11.08-20.50.37:550][955]LogInit: XAudio2 using 'Speaker/HP (Realtek High Definition Audio)' : 2 channels at 44.1 kHz using 16 bits per sample (channel mask 0x3)
[2016.11.08-20.50.37:582][955]LogInit: FAudioDevice initialized.
[2016.11.08-20.50.37:627][955]LogWorld: Game class is 'BattleCardGameMode_C'
[2016.11.08-20.50.37:633][955]LogWorld: Bringing World /Game/Levels/UEDPIE_0_BasicLevel.BasicLevel up for play (max tick rate 60) at 2016.11.08-15.50.37
[2016.11.08-20.50.37:634][955]LogWorld: Bringing up level for play took: 0.004820
[2016.11.08-20.50.37:637][955]LogGameMode:Display: Match State Changed from EnteringMap to WaitingToStart
[2016.11.08-20.50.37:637][955]LogGameState: Match State Changed from EnteringMap to WaitingToStart
[2016.11.08-20.50.37:637][955]LogGameMode:Display: Match State Changed from WaitingToStart to InProgress
[2016.11.08-20.50.37:708][955]LogGameState: Match State Changed from WaitingToStart to InProgress
[2016.11.08-20.50.37:708][955]PIE: Info Play in editor start time for /Game/Levels/UEDPIE_0_BasicLevel 0.764
[2016.11.08-20.50.37:709][955]LogBlueprintUserMessages: Late PlayInEditor Detection: Level '/Game/Levels/BasicLevel.BasicLevel:PersistentLevel' has LevelScriptBlueprint '/Game/Levels/BasicLevel.BasicLevel:PersistentLevel.BasicLevel' with GeneratedClass '/Game/Levels/BasicLevel.BasicLevel_C' with ClassGeneratedBy '/Game/Levels/BasicLevel.BasicLevel:PersistentLevel.BasicLevel'
[2016.11.08-20.50.50:677][513]LogBlueprintUserMessages: Early EndPlayMap Detection: Level '/Game/Levels/BasicLevel.BasicLevel:PersistentLevel' has LevelScriptBlueprint '/Game/Levels/BasicLevel.BasicLevel:PersistentLevel.BasicLevel' with GeneratedClass '/Game/Levels/BasicLevel.BasicLevel_C' with ClassGeneratedBy '/Game/Levels/BasicLevel.BasicLevel:PersistentLevel.BasicLevel'
[2016.11.08-20.50.50:724][513]LogBlueprintUserMessages: Late EndPlayMap Detection: Level '/Game/Levels/BasicLevel.BasicLevel:PersistentLevel' has LevelScriptBlueprint '/Game/Levels/BasicLevel.BasicLevel:PersistentLevel.BasicLevel' with GeneratedClass '/Game/Levels/BasicLevel.BasicLevel_C' with ClassGeneratedBy '/Game/Levels/BasicLevel.BasicLevel:PersistentLevel.BasicLevel'
[2016.11.08-20.50.59:922][982]BlueprintLog: New page: Compile BattleCardGameState
[2016.11.08-20.51.01:909][ 44]LogBlueprintUserMessages: Early PlayInEditor Detection: Level '/Game/Levels/BasicLevel.BasicLevel:PersistentLevel' has LevelScriptBlueprint '/Game/Levels/BasicLevel.BasicLevel:PersistentLevel.BasicLevel' with GeneratedClass '/Game/Levels/BasicLevel.BasicLevel_C' with ClassGeneratedBy '/Game/Levels/BasicLevel.BasicLevel:PersistentLevel.BasicLevel'
[2016.11.08-20.51.01:909][ 44]LogPlayLevel: PlayLevel: No blueprints needed recompiling
[2016.11.08-20.51.01:910][ 44]PIE: New page: PIE session: BasicLevel (Nov 8, 2016, 10:51:01 AM)
[2016.11.08-20.51.01:910][ 44]LogPlayLevel: Creating play world package: /Game/Levels/UEDPIE_0_BasicLevel
[2016.11.08-20.51.01:917][ 44]LogPlayLevel: PIE: StaticDuplicateObject took: (0.006608s)
[2016.11.08-20.51.01:919][ 44]LogAIModule: Creating AISystem for world BasicLevel
[2016.11.08-20.51.01:920][ 44]LogPlayLevel: PIE: World Init took: (0.002849s)
[2016.11.08-20.51.01:920][ 44]LogPlayLevel: PIE: Created PIE world by copying editor world from /Game/Levels/BasicLevel.BasicLevel to /Game/Levels/UEDPIE_0_BasicLevel.BasicLevel (0.010382s)
[2016.11.08-20.51.01:968][ 44]LogInit: XAudio2 using 'Speaker/HP (Realtek High Definition Audio)' : 2 channels at 44.1 kHz using 16 bits per sample (channel mask 0x3)
[2016.11.08-20.51.01:996][ 44]LogInit: FAudioDevice initialized.
[2016.11.08-20.51.02:036][ 44]LogWorld: Game class is 'BattleCardGameMode_C'
[2016.11.08-20.51.02:042][ 44]LogWorld: Bringing World /Game/Levels/UEDPIE_0_BasicLevel.BasicLevel up for play (max tick rate 60) at 2016.11.08-15.51.02
[2016.11.08-20.51.02:043][ 44]LogWorld: Bringing up level for play took: 0.004616
[2016.11.08-20.51.02:046][ 44]LogGameMode:Display: Match State Changed from EnteringMap to WaitingToStart
[2016.11.08-20.51.02:046][ 44]LogGameState: Match State Changed from EnteringMap to WaitingToStart
[2016.11.08-20.51.02:046][ 44]LogGameMode:Display: Match State Changed from WaitingToStart to InProgress
[2016.11.08-20.51.02:059][ 44]LogGameState: Match State Changed from WaitingToStart to InProgress
[2016.11.08-20.51.02:059][ 44]PIE: Info Play in editor start time for /Game/Levels/UEDPIE_0_BasicLevel 1.115
[2016.11.08-20.51.02:060][ 44]LogBlueprintUserMessages: Late PlayInEditor Detection: Level '/Game/Levels/BasicLevel.BasicLevel:PersistentLevel' has LevelScriptBlueprint '/Game/Levels/BasicLevel.BasicLevel:PersistentLevel.BasicLevel' with GeneratedClass '/Game/Levels/BasicLevel.BasicLevel_C' with ClassGeneratedBy '/Game/Levels/BasicLevel.BasicLevel:PersistentLevel.BasicLevel'
[2016.11.08-20.51.21:121][870]LogBlueprintUserMessages: Early EndPlayMap Detection: Level '/Game/Levels/BasicLevel.BasicLevel:PersistentLevel' has LevelScriptBlueprint '/Game/Levels/BasicLevel.BasicLevel:PersistentLevel.BasicLevel' with GeneratedClass '/Game/Levels/BasicLevel.BasicLevel_C' with ClassGeneratedBy '/Game/Levels/BasicLevel.BasicLevel:PersistentLevel.BasicLevel'
[2016.11.08-20.51.21:172][870]LogBlueprintUserMessages: Late EndPlayMap Detection: Level '/Game/Levels/BasicLevel.BasicLevel:PersistentLevel' has LevelScriptBlueprint '/Game/Levels/BasicLevel.BasicLevel:PersistentLevel.BasicLevel' with GeneratedClass '/Game/Levels/BasicLevel.BasicLevel_C' with ClassGeneratedBy '/Game/Levels/BasicLevel.BasicLevel:PersistentLevel.BasicLevel'
[2016.11.08-20.51.25:735][ 62]LogSavePackage: Save=117.38ms
[2016.11.08-20.51.25:735][ 62]LogSavePackage: Moving '../../../../../../Users/Adam/Documents/GitHub/quad-shaped-battle-objects/CardGameProject3/Saved/BattleCardGameStateE7B4652B4818280AC2F6C4AA8FC68C11.tmp' to '../../../../../../Users/Adam/Documents/GitHub/quad-shaped-battle-objects/CardGameProject3/Content/Blueprints/BattleCardGameState.uasset'
[2016.11.08-20.51.25:741][ 62]LogSavePackage:Display: Finished SavePackage ../../../../../../Users/Adam/Documents/GitHub/quad-shaped-battle-objects/CardGameProject3/Content/Blueprints/BattleCardGameState.uasset
[2016.11.08-20.52.00:555][887]BlueprintLog: New page: Compile BattleCardGameState
[2016.11.08-20.52.02:817][954]LogBlueprintUserMessages: Early PlayInEditor Detection: Level '/Game/Levels/BasicLevel.BasicLevel:PersistentLevel' has LevelScriptBlueprint '/Game/Levels/BasicLevel.BasicLevel:PersistentLevel.BasicLevel' with GeneratedClass '/Game/Levels/BasicLevel.BasicLevel_C' with ClassGeneratedBy '/Game/Levels/BasicLevel.BasicLevel:PersistentLevel.BasicLevel'
[2016.11.08-20.52.02:817][954]LogPlayLevel: PlayLevel: No blueprints needed recompiling
[2016.11.08-20.52.02:817][954]PIE: New page: PIE session: BasicLevel (Nov 8, 2016, 10:52:02 AM)
[2016.11.08-20.52.02:818][954]LogPlayLevel: Creating play world package: /Game/Levels/UEDPIE_0_BasicLevel
[2016.11.08-20.52.02:822][954]LogPlayLevel: PIE: StaticDuplicateObject took: (0.004024s)
[2016.11.08-20.52.02:823][954]LogAIModule: Creating AISystem for world BasicLevel
[2016.11.08-20.52.02:824][954]LogPlayLevel: PIE: World Init took: (0.002223s)
[2016.11.08-20.52.02:824][954]LogPlayLevel: PIE: Created PIE world by copying editor world from /Game/Levels/BasicLevel.BasicLevel to /Game/Levels/UEDPIE_0_BasicLevel.BasicLevel (0.006734s)
[2016.11.08-20.52.02:868][954]LogInit: XAudio2 using 'Speaker/HP (Realtek High Definition Audio)' : 2 channels at 44.1 kHz using 16 bits per sample (channel mask 0x3)
[2016.11.08-20.52.02:894][954]LogInit: FAudioDevice initialized.
[2016.11.08-20.52.02:937][954]LogWorld: Game class is 'BattleCardGameMode_C'
[2016.11.08-20.52.02:943][954]LogWorld: Bringing World /Game/Levels/UEDPIE_0_BasicLevel.BasicLevel up for play (max tick rate 60) at 2016.11.08-15.52.02
[2016.11.08-20.52.02:944][954]LogWorld: Bringing up level for play took: 0.004506
[2016.11.08-20.52.02:946][954]LogGameMode:Display: Match State Changed from EnteringMap to WaitingToStart
[2016.11.08-20.52.02:946][954]LogGameState: Match State Changed from EnteringMap to WaitingToStart
[2016.11.08-20.52.02:946][954]LogGameMode:Display: Match State Changed from WaitingToStart to InProgress
[2016.11.08-20.52.02:958][954]LogGameState: Match State Changed from WaitingToStart to InProgress
[2016.11.08-20.52.02:959][954]PIE: Info Play in editor start time for /Game/Levels/UEDPIE_0_BasicLevel 0.014
[2016.11.08-20.52.02:959][954]LogBlueprintUserMessages: Late PlayInEditor Detection: Level '/Game/Levels/BasicLevel.BasicLevel:PersistentLevel' has LevelScriptBlueprint '/Game/Levels/BasicLevel.BasicLevel:PersistentLevel.BasicLevel' with GeneratedClass '/Game/Levels/BasicLevel.BasicLevel_C' with ClassGeneratedBy '/Game/Levels/BasicLevel.BasicLevel:PersistentLevel.BasicLevel'
[2016.11.08-20.52.10:238][269]LogBlueprintUserMessages: Early EndPlayMap Detection: Level '/Game/Levels/BasicLevel.BasicLevel:PersistentLevel' has LevelScriptBlueprint '/Game/Levels/BasicLevel.BasicLevel:PersistentLevel.BasicLevel' with GeneratedClass '/Game/Levels/BasicLevel.BasicLevel_C' with ClassGeneratedBy '/Game/Levels/BasicLevel.BasicLevel:PersistentLevel.BasicLevel'
[2016.11.08-20.52.10:289][269]LogBlueprintUserMessages: Late EndPlayMap Detection: Level '/Game/Levels/BasicLevel.BasicLevel:PersistentLevel' has LevelScriptBlueprint '/Game/Levels/BasicLevel.BasicLevel:PersistentLevel.BasicLevel' with GeneratedClass '/Game/Levels/BasicLevel.BasicLevel_C' with ClassGeneratedBy '/Game/Levels/BasicLevel.BasicLevel:PersistentLevel.BasicLevel'
[2016.11.08-20.53.23:000][603]BlueprintLog: New page: Compile BattleCardGameState
[2016.11.08-20.53.25:043][667]LogBlueprintUserMessages: Early PlayInEditor Detection: Level '/Game/Levels/BasicLevel.BasicLevel:PersistentLevel' has LevelScriptBlueprint '/Game/Levels/BasicLevel.BasicLevel:PersistentLevel.BasicLevel' with GeneratedClass '/Game/Levels/BasicLevel.BasicLevel_C' with ClassGeneratedBy '/Game/Levels/BasicLevel.BasicLevel:PersistentLevel.BasicLevel'
[2016.11.08-20.53.25:044][667]LogPlayLevel: PlayLevel: No blueprints needed recompiling
[2016.11.08-20.53.25:044][667]PIE: New page: PIE session: BasicLevel (Nov 8, 2016, 10:53:25 AM)
[2016.11.08-20.53.25:044][667]LogPlayLevel: Creating play world package: /Game/Levels/UEDPIE_0_BasicLevel
[2016.11.08-20.53.25:049][667]LogPlayLevel: PIE: StaticDuplicateObject took: (0.005278s)
[2016.11.08-20.53.25:051][667]LogAIModule: Creating AISystem for world BasicLevel
[2016.11.08-20.53.25:052][667]LogPlayLevel: PIE: World Init took: (0.002598s)
[2016.11.08-20.53.25:053][667]LogPlayLevel: PIE: Created PIE world by copying editor world from /Game/Levels/BasicLevel.BasicLevel to /Game/Levels/UEDPIE_0_BasicLevel.BasicLevel (0.008466s)
[2016.11.08-20.53.25:102][667]LogInit: XAudio2 using 'Speaker/HP (Realtek High Definition Audio)' : 2 channels at 44.1 kHz using 16 bits per sample (channel mask 0x3)
[2016.11.08-20.53.25:136][667]LogInit: FAudioDevice initialized.
[2016.11.08-20.53.25:179][667]LogWorld: Game class is 'BattleCardGameMode_C'
[2016.11.08-20.53.25:186][667]LogWorld: Bringing World /Game/Levels/UEDPIE_0_BasicLevel.BasicLevel up for play (max tick rate 60) at 2016.11.08-15.53.25
[2016.11.08-20.53.25:187][667]LogWorld: Bringing up level for play took: 0.005765
[2016.11.08-20.53.25:190][667]LogGameMode:Display: Match State Changed from EnteringMap to WaitingToStart
[2016.11.08-20.53.25:190][667]LogGameState: Match State Changed from EnteringMap to WaitingToStart
[2016.11.08-20.53.25:190][667]LogGameMode:Display: Match State Changed from WaitingToStart to InProgress
[2016.11.08-20.53.25:207][667]LogGameState: Match State Changed from WaitingToStart to InProgress
[2016.11.08-20.53.25:208][667]PIE: Info Play in editor start time for /Game/Levels/UEDPIE_0_BasicLevel 0.263
[2016.11.08-20.53.25:208][667]LogBlueprintUserMessages: Late PlayInEditor Detection: Level '/Game/Levels/BasicLevel.BasicLevel:PersistentLevel' has LevelScriptBlueprint '/Game/Levels/BasicLevel.BasicLevel:PersistentLevel.BasicLevel' with GeneratedClass '/Game/Levels/BasicLevel.BasicLevel_C' with ClassGeneratedBy '/Game/Levels/BasicLevel.BasicLevel:PersistentLevel.BasicLevel'
[2016.11.08-20.53.48:090][631]LogBlueprintUserMessages: Early EndPlayMap Detection: Level '/Game/Levels/BasicLevel.BasicLevel:PersistentLevel' has LevelScriptBlueprint '/Game/Levels/BasicLevel.BasicLevel:PersistentLevel.BasicLevel' with GeneratedClass '/Game/Levels/BasicLevel.BasicLevel_C' with ClassGeneratedBy '/Game/Levels/BasicLevel.BasicLevel:PersistentLevel.BasicLevel'
[2016.11.08-20.53.48:142][631]LogBlueprintUserMessages: Late EndPlayMap Detection: Level '/Game/Levels/BasicLevel.BasicLevel:PersistentLevel' has LevelScriptBlueprint '/Game/Levels/BasicLevel.BasicLevel:PersistentLevel.BasicLevel' with GeneratedClass '/Game/Levels/BasicLevel.BasicLevel_C' with ClassGeneratedBy '/Game/Levels/BasicLevel.BasicLevel:PersistentLevel.BasicLevel'
[2016.11.08-20.54.03:462][299]BlueprintLog: New page: Compile BattleCardGameState
[2016.11.08-20.54.06:040][404]LogBlueprintUserMessages: Early PlayInEditor Detection: Level '/Game/Levels/BasicLevel.BasicLevel:PersistentLevel' has LevelScriptBlueprint '/Game/Levels/BasicLevel.BasicLevel:PersistentLevel.BasicLevel' with GeneratedClass '/Game/Levels/BasicLevel.BasicLevel_C' with ClassGeneratedBy '/Game/Levels/BasicLevel.BasicLevel:PersistentLevel.BasicLevel'
[2016.11.08-20.54.06:040][404]LogPlayLevel: PlayLevel: No blueprints needed recompiling
[2016.11.08-20.54.06:041][404]PIE: New page: PIE session: BasicLevel (Nov 8, 2016, 10:54:06 AM)
[2016.11.08-20.54.06:041][404]LogPlayLevel: Creating play world package: /Game/Levels/UEDPIE_0_BasicLevel
[2016.11.08-20.54.06:045][404]LogPlayLevel: PIE: StaticDuplicateObject took: (0.004325s)
[2016.11.08-20.54.06:047][404]LogAIModule: Creating AISystem for world BasicLevel
[2016.11.08-20.54.06:048][404]LogPlayLevel: PIE: World Init took: (0.002468s)
[2016.11.08-20.54.06:048][404]LogPlayLevel: PIE: Created PIE world by copying editor world from /Game/Levels/BasicLevel.BasicLevel to /Game/Levels/UEDPIE_0_BasicLevel.BasicLevel (0.007338s)
[2016.11.08-20.54.06:090][404]LogInit: XAudio2 using 'Speaker/HP (Realtek High Definition Audio)' : 2 channels at 44.1 kHz using 16 bits per sample (channel mask 0x3)
[2016.11.08-20.54.06:118][404]LogInit: FAudioDevice initialized.
[2016.11.08-20.54.06:248][404]LogWorld: Game class is 'BattleCardGameMode_C'
[2016.11.08-20.54.06:254][404]LogWorld: Bringing World /Game/Levels/UEDPIE_0_BasicLevel.BasicLevel up for play (max tick rate 60) at 2016.11.08-15.54.06
[2016.11.08-20.54.06:255][404]LogWorld: Bringing up level for play took: 0.005436
[2016.11.08-20.54.06:259][404]LogGameMode:Display: Match State Changed from EnteringMap to WaitingToStart
[2016.11.08-20.54.06:259][404]LogGameState: Match State Changed from EnteringMap to WaitingToStart
[2016.11.08-20.54.06:259][404]LogGameMode:Display: Match State Changed from WaitingToStart to InProgress
[2016.11.08-20.54.06:276][404]LogGameState: Match State Changed from WaitingToStart to InProgress
[2016.11.08-20.54.06:288][404]PIE: Info Play in editor start time for /Game/Levels/UEDPIE_0_BasicLevel -0.656
[2016.11.08-20.54.06:289][404]LogBlueprintUserMessages: Late PlayInEditor Detection: Level '/Game/Levels/BasicLevel.BasicLevel:PersistentLevel' has LevelScriptBlueprint '/Game/Levels/BasicLevel.BasicLevel:PersistentLevel.BasicLevel' with GeneratedClass '/Game/Levels/BasicLevel.BasicLevel_C' with ClassGeneratedBy '/Game/Levels/BasicLevel.BasicLevel:PersistentLevel.BasicLevel'
[2016.11.08-20.54.06:366][404]LogRenderer: Reallocating scene render targets to support 772x380 (Frame:7169).
[2016.11.08-20.54.12:623][599]LogBlueprintUserMessages: Early EndPlayMap Detection: Level '/Game/Levels/BasicLevel.BasicLevel:PersistentLevel' has LevelScriptBlueprint '/Game/Levels/BasicLevel.BasicLevel:PersistentLevel.BasicLevel' with GeneratedClass '/Game/Levels/BasicLevel.BasicLevel_C' with ClassGeneratedBy '/Game/Levels/BasicLev