Log file open, 11/03/16 14:06:06
LogInit:Display: Running engine for game: CardGameProject3
LogPlatformFile: Not using cached read wrapper
LogInit:Display: RandInit(-662382941) SRandInit(-662382941).
LogTaskGraph: Started task graph with 5 named threads and 6 total threads with 1 sets of task threads.
LogStats: Stats thread started at 0.065175
LogPluginManager: Loaded Plugin Paper2D, From C:/Program Files (x86)/Epic Games/4.13/Engine/Plugins/2D/Paper2D/Paper2D.uplugin
LogPluginManager: Loaded Plugin LightPropagationVolume, From C:/Program Files (x86)/Epic Games/4.13/Engine/Plugins/Blendables/LightPropagationVolume/LightPropagationVolume.uplugin
LogPluginManager: Loaded Plugin BlankPlugin, From C:/Program Files (x86)/Epic Games/4.13/Engine/Plugins/Developer/BlankPlugin/BlankPlugin.uplugin
LogPluginManager: Loaded Plugin CodeLiteSourceCodeAccess, From C:/Program Files (x86)/Epic Games/4.13/Engine/Plugins/Developer/CodeLiteSourceCodeAccess/CodeLiteSourceCodeAccess.uplugin
LogPluginManager: Loaded Plugin GitSourceControl, From C:/Program Files (x86)/Epic Games/4.13/Engine/Plugins/Developer/GitSourceControl/GitSourceControl.uplugin
LogPluginManager: Loaded Plugin KDevelopSourceCodeAccess, From C:/Program Files (x86)/Epic Games/4.13/Engine/Plugins/Developer/KDevelopSourceCodeAccess/KDevelopSourceCodeAccess.uplugin
LogPluginManager: Loaded Plugin NullSourceCodeAccess, From C:/Program Files (x86)/Epic Games/4.13/Engine/Plugins/Developer/NullSourceCodeAccess/NullSourceCodeAccess.uplugin
LogPluginManager: Loaded Plugin OneSkyLocalizationService, From C:/Program Files (x86)/Epic Games/4.13/Engine/Plugins/Developer/OneSkyLocalizationService/OneSkyLocalizationService.uplugin
LogPluginManager: Loaded Plugin PerforceSourceControl, From C:/Program Files (x86)/Epic Games/4.13/Engine/Plugins/Developer/PerforceSourceControl/PerforceSourceControl.uplugin
LogPluginManager: Loaded Plugin SubversionSourceControl, From C:/Program Files (x86)/Epic Games/4.13/Engine/Plugins/Developer/SubversionSourceControl/SubversionSourceControl.uplugin
LogPluginManager: Loaded Plugin UObjectPlugin, From C:/Program Files (x86)/Epic Games/4.13/Engine/Plugins/Developer/UObjectPlugin/UObjectPlugin.uplugin
LogPluginManager: Loaded Plugin VisualStudioSourceCodeAccess, From C:/Program Files (x86)/Epic Games/4.13/Engine/Plugins/Developer/VisualStudioSourceCodeAccess/VisualStudioSourceCodeAccess.uplugin
LogPluginManager: Loaded Plugin XCodeSourceCodeAccess, From C:/Program Files (x86)/Epic Games/4.13/Engine/Plugins/Developer/XCodeSourceCodeAccess/XCodeSourceCodeAccess.uplugin
LogPluginManager: Loaded Plugin EpicSurvey, From C:/Program Files (x86)/Epic Games/4.13/Engine/Plugins/Editor/EpicSurvey/EpicSurvey.uplugin
LogPluginManager: Loaded Plugin MacGraphicsSwitching, From C:/Program Files (x86)/Epic Games/4.13/Engine/Plugins/Editor/MacGraphicsSwitching/MacGraphicsSwitching.uplugin
LogPluginManager: Loaded Plugin MobileLauncherProfileWizard, From C:/Program Files (x86)/Epic Games/4.13/Engine/Plugins/Editor/MobileLauncherProfileWizard/MobileLauncherProfileWizard.uplugin
LogPluginManager: Loaded Plugin PluginBrowser, From C:/Program Files (x86)/Epic Games/4.13/Engine/Plugins/Editor/PluginBrowser/PluginBrowser.uplugin
LogPluginManager: Loaded Plugin SpeedTreeImporter, From C:/Program Files (x86)/Epic Games/4.13/Engine/Plugins/Editor/SpeedTreeImporter/SpeedTreeImporter.uplugin
LogPluginManager: Loaded Plugin SuperSearchEditor, From C:/Program Files (x86)/Epic Games/4.13/Engine/Plugins/Editor/SuperSearchEditor/SuperSearchEditor.uplugin
LogPluginManager: Loaded Plugin AlembicImporter, From C:/Program Files (x86)/Epic Games/4.13/Engine/Plugins/Experimental/AlembicImporter/AlembicImporter.uplugin
LogPluginManager: Loaded Plugin BlueprintStats, From C:/Program Files (x86)/Epic Games/4.13/Engine/Plugins/Experimental/BlueprintStats/BlueprintStats.uplugin
LogPluginManager: Loaded Plugin CharacterAI, From C:/Program Files (x86)/Epic Games/4.13/Engine/Plugins/Experimental/CharacterAI/CharacterAI.uplugin
LogPluginManager: Loaded Plugin CodeEditor, From C:/Program Files (x86)/Epic Games/4.13/Engine/Plugins/Experimental/CodeEditor/CodeEditor.uplugin
LogPluginManager: Loaded Plugin CodeView, From C:/Program Files (x86)/Epic Games/4.13/Engine/Plugins/Experimental/CodeView/CodeView.uplugin
LogPluginManager: Loaded Plugin HTML5Networking, From C:/Program Files (x86)/Epic Games/4.13/Engine/Plugins/Experimental/HTML5Networking/HTML5Networking.uplugin
LogPluginManager: Loaded Plugin LiveEditor, From C:/Program Files (x86)/Epic Games/4.13/Engine/Plugins/Experimental/LiveEditor/LiveEditor.uplugin
LogPluginManager: Loaded Plugin OSVR, From C:/Program Files (x86)/Epic Games/4.13/Engine/Plugins/Experimental/OSVR/OSVR.uplugin
LogPluginManager: Loaded Plugin Phya, From C:/Program Files (x86)/Epic Games/4.13/Engine/Plugins/Experimental/Phya/Phya.uplugin
LogPluginManager: Loaded Plugin SignificanceManager, From C:/Program Files (x86)/Epic Games/4.13/Engine/Plugins/Experimental/SignificanceManager/SignificanceManager.uplugin
LogPluginManager: Loaded Plugin SimpleHMD, From C:/Program Files (x86)/Epic Games/4.13/Engine/Plugins/Experimental/SimpleHMD/SimpleHMD.uplugin
LogPluginManager: Loaded Plugin StereoPanorama, From C:/Program Files (x86)/Epic Games/4.13/Engine/Plugins/Experimental/StereoPanorama/StereoPanorama.uplugin
LogPluginManager: Loaded Plugin StructBox, From C:/Program Files (x86)/Epic Games/4.13/Engine/Plugins/Experimental/StructBox/StructBox.uplugin
LogPluginManager: Loaded Plugin AndroidMedia, From C:/Program Files (x86)/Epic Games/4.13/Engine/Plugins/Media/AndroidMedia/AndroidMedia.uplugin
LogPluginManager: Loaded Plugin AvfMedia, From C:/Program Files (x86)/Epic Games/4.13/Engine/Plugins/Media/AvfMedia/AvfMedia.uplugin
LogPluginManager: Loaded Plugin MediaPlayerEditor, From C:/Program Files (x86)/Epic Games/4.13/Engine/Plugins/Media/MediaPlayerEditor/MediaPlayerEditor.uplugin
LogPluginManager: Loaded Plugin WmfMedia, From C:/Program Files (x86)/Epic Games/4.13/Engine/Plugins/Media/WmfMedia/WmfMedia.uplugin
LogPluginManager: Loaded Plugin MessagingDebugger, From C:/Program Files (x86)/Epic Games/4.13/Engine/Plugins/Messaging/MessagingDebugger/MessagingDebugger.uplugin
LogPluginManager: Loaded Plugin TcpMessaging, From C:/Program Files (x86)/Epic Games/4.13/Engine/Plugins/Messaging/TcpMessaging/TcpMessaging.uplugin
LogPluginManager: Loaded Plugin UdpMessaging, From C:/Program Files (x86)/Epic Games/4.13/Engine/Plugins/Messaging/UdpMessaging/UdpMessaging.uplugin
LogPluginManager: Loaded Plugin LevelSequenceEditor, From C:/Program Files (x86)/Epic Games/4.13/Engine/Plugins/MovieScene/LevelSequenceEditor/LevelSequenceEditor.uplugin
LogPluginManager: Loaded Plugin MatineeToLevelSequence, From C:/Program Files (x86)/Epic Games/4.13/Engine/Plugins/MovieScene/MatineeToLevelSequence/MatineeToLevelSequence.uplugin
LogPluginManager: Loaded Plugin NetcodeUnitTest, From C:/Program Files (x86)/Epic Games/4.13/Engine/Plugins/NetcodeUnitTest/NetcodeUnitTest/NetcodeUnitTest.uplugin
LogPluginManager: Loaded Plugin NUTUnrealEngine4, From C:/Program Files (x86)/Epic Games/4.13/Engine/Plugins/NetcodeUnitTest/NUTUnrealEngine4/NUTUnrealEngine4.uplugin
LogPluginManager: Loaded Plugin OnlineSubsystemGooglePlay, From C:/Program Files (x86)/Epic Games/4.13/Engine/Plugins/Online/Android/OnlineSubsystemGooglePlay/OnlineSubsystemGooglePlay.uplugin
LogPluginManager: Loaded Plugin OnlineSubsystemIOS, From C:/Program Files (x86)/Epic Games/4.13/Engine/Plugins/Online/IOS/OnlineSubsystemIOS/OnlineSubsystemIOS.uplugin
LogPluginManager: Loaded Plugin OnlineFramework, From C:/Program Files (x86)/Epic Games/4.13/Engine/Plugins/Online/OnlineFramework/OnlineFramework.uplugin
LogPluginManager: Loaded Plugin OnlineSubsystem, From C:/Program Files (x86)/Epic Games/4.13/Engine/Plugins/Online/OnlineSubsystem/OnlineSubsystem.uplugin
LogPluginManager: Loaded Plugin OnlineSubsystemAmazon, From C:/Program Files (x86)/Epic Games/4.13/Engine/Plugins/Online/OnlineSubsystemAmazon/OnlineSubsystemAmazon.uplugin
LogPluginManager: Loaded Plugin OnlineSubsystemFacebook, From C:/Program Files (x86)/Epic Games/4.13/Engine/Plugins/Online/OnlineSubsystemFacebook/OnlineSubsystemFacebook.uplugin
LogPluginManager: Loaded Plugin OnlineSubsystemNull, From C:/Program Files (x86)/Epic Games/4.13/Engine/Plugins/Online/OnlineSubsystemNull/OnlineSubsystemNull.uplugin
LogPluginManager: Loaded Plugin OnlineSubsystemOculus, From C:/Program Files (x86)/Epic Games/4.13/Engine/Plugins/Online/OnlineSubsystemOculus/OnlineSubsystemOculus.uplugin
LogPluginManager: Loaded Plugin OnlineSubsystemSteam, From C:/Program Files (x86)/Epic Games/4.13/Engine/Plugins/Online/OnlineSubsystemSteam/OnlineSubsystemSteam.uplugin
LogPluginManager: Loaded Plugin OnlineSubsystemUtils, From C:/Program Files (x86)/Epic Games/4.13/Engine/Plugins/Online/OnlineSubsystemUtils/OnlineSubsystemUtils.uplugin
LogPluginManager: Loaded Plugin IOSTapJoy, From C:/Program Files (x86)/Epic Games/4.13/Engine/Plugins/Runtime/Advertising/IOSTapJoy/IOSTapJoy.uplugin
LogPluginManager: Loaded Plugin AnalyticsBlueprintLibrary, From C:/Program Files (x86)/Epic Games/4.13/Engine/Plugins/Runtime/Analytics/AnalyticsBlueprintLibrary/AnalyticsBlueprintLibrary.uplugin
LogPluginManager: Loaded Plugin AnalyticsMulticast, From C:/Program Files (x86)/Epic Games/4.13/Engine/Plugins/Runtime/Analytics/AnalyticsMulticast/AnalyticsMulticast.uplugin
LogPluginManager: Loaded Plugin Apsalar, From C:/Program Files (x86)/Epic Games/4.13/Engine/Plugins/Runtime/Analytics/Apsalar/Apsalar.uplugin
LogPluginManager: Loaded Plugin FileLogging, From C:/Program Files (x86)/Epic Games/4.13/Engine/Plugins/Runtime/Analytics/FileLogging/FileLogging.uplugin
LogPluginManager: Loaded Plugin Flurry, From C:/Program Files (x86)/Epic Games/4.13/Engine/Plugins/Runtime/Analytics/Flurry/Flurry.uplugin
LogPluginManager: Loaded Plugin AndroidDeviceProfileSelector, From C:/Program Files (x86)/Epic Games/4.13/Engine/Plugins/Runtime/AndroidDeviceProfileSelector/AndroidDeviceProfileSelector.uplugin
LogPluginManager: Loaded Plugin AndroidMoviePlayer, From C:/Program Files (x86)/Epic Games/4.13/Engine/Plugins/Runtime/AndroidMoviePlayer/AndroidMoviePlayer.uplugin
LogPluginManager: Loaded Plugin AppleMoviePlayer, From C:/Program Files (x86)/Epic Games/4.13/Engine/Plugins/Runtime/AppleMoviePlayer/AppleMoviePlayer.uplugin
LogPluginManager: Loaded Plugin ArchVisCharacter, From C:/Program Files (x86)/Epic Games/4.13/Engine/Plugins/Runtime/ArchVisCharacter/ArchVisCharacter.uplugin
LogPluginManager: Loaded Plugin CableComponent, From C:/Program Files (x86)/Epic Games/4.13/Engine/Plugins/Runtime/CableComponent/CableComponent.uplugin
LogPluginManager: Loaded Plugin CustomMeshComponent, From C:/Program Files (x86)/Epic Games/4.13/Engine/Plugins/Runtime/CustomMeshComponent/CustomMeshComponent.uplugin
LogPluginManager: Loaded Plugin ExampleDeviceProfileSelector, From C:/Program Files (x86)/Epic Games/4.13/Engine/Plugins/Runtime/ExampleDeviceProfileSelector/ExampleDeviceProfileSelector.uplugin
LogPluginManager: Loaded Plugin GearVR, From C:/Program Files (x86)/Epic Games/4.13/Engine/Plugins/Runtime/GearVR/GearVR.uplugin
LogPluginManager: Loaded Plugin GoogleVRController, From C:/Program Files (x86)/Epic Games/4.13/Engine/Plugins/Runtime/GoogleVR/GoogleVRController/GoogleVRController.uplugin
LogPluginManager: Loaded Plugin GoogleVRHMD, From C:/Program Files (x86)/Epic Games/4.13/Engine/Plugins/Runtime/GoogleVR/GoogleVRHMD/GoogleVRHMD.uplugin
LogPluginManager: Loaded Plugin IOSDeviceProfileSelector, From C:/Program Files (x86)/Epic Games/4.13/Engine/Plugins/Runtime/IOSDeviceProfileSelector/IOSDeviceProfileSelector.uplugin
LogPluginManager: Loaded Plugin LeapMotion, From C:/Program Files (x86)/Epic Games/4.13/Engine/Plugins/Runtime/LeapMotion/LeapMotion.uplugin
LogPluginManager: Loaded Plugin LinuxDeviceProfileSelector, From C:/Program Files (x86)/Epic Games/4.13/Engine/Plugins/Runtime/LinuxDeviceProfileSelector/LinuxDeviceProfileSelector.uplugin
LogPluginManager: Loaded Plugin LiveEditorListenServer, From C:/Program Files (x86)/Epic Games/4.13/Engine/Plugins/Runtime/LiveEditorListenServer/LiveEditorListenServer.uplugin
LogPluginManager: Loaded Plugin OculusAudio, From C:/Program Files (x86)/Epic Games/4.13/Engine/Plugins/Runtime/OculusAudio/OculusAudio.uplugin
LogPluginManager: Loaded Plugin OculusInput, From C:/Program Files (x86)/Epic Games/4.13/Engine/Plugins/Runtime/OculusInput/OculusInput.uplugin
LogPluginManager: Loaded Plugin OculusLibrary, From C:/Program Files (x86)/Epic Games/4.13/Engine/Plugins/Runtime/OculusLibrary/OculusLibrary.uplugin
LogPluginManager: Loaded Plugin OculusRift, From C:/Program Files (x86)/Epic Games/4.13/Engine/Plugins/Runtime/OculusRift/OculusRift.uplugin
LogPluginManager: Loaded Plugin Oodle, From C:/Program Files (x86)/Epic Games/4.13/Engine/Plugins/Runtime/PacketHandlers/CompressionComponents/Oodle/Oodle.uplugin
LogPluginManager: Loaded Plugin ProceduralMeshComponent, From C:/Program Files (x86)/Epic Games/4.13/Engine/Plugins/Runtime/ProceduralMeshComponent/ProceduralMeshComponent.uplugin
LogPluginManager: Loaded Plugin SoundMod, From C:/Program Files (x86)/Epic Games/4.13/Engine/Plugins/Runtime/SoundMod/SoundMod.uplugin
LogPluginManager: Loaded Plugin SoundVisualizations, From C:/Program Files (x86)/Epic Games/4.13/Engine/Plugins/Runtime/SoundVisualizations/SoundVisualizations.uplugin
LogPluginManager: Loaded Plugin SteamController, From C:/Program Files (x86)/Epic Games/4.13/Engine/Plugins/Runtime/Steam/SteamController/SteamController.uplugin
LogPluginManager: Loaded Plugin SteamVR, From C:/Program Files (x86)/Epic Games/4.13/Engine/Plugins/Runtime/Steam/SteamVR/SteamVR.uplugin
LogPluginManager: Loaded Plugin WebBrowserWidget, From C:/Program Files (x86)/Epic Games/4.13/Engine/Plugins/Runtime/WebBrowserWidget/WebBrowserWidget.uplugin
LogPluginManager: Loaded Plugin WindowsDeviceProfileSelector, From C:/Program Files (x86)/Epic Games/4.13/Engine/Plugins/Runtime/WindowsDeviceProfileSelector/WindowsDeviceProfileSelector.uplugin
LogPluginManager: Loaded Plugin WindowsMoviePlayer, From C:/Program Files (x86)/Epic Games/4.13/Engine/Plugins/Runtime/WindowsMoviePlayer/WindowsMoviePlayer.uplugin
LogPluginManager: Loaded Plugin ScriptPlugin, From C:/Program Files (x86)/Epic Games/4.13/Engine/Plugins/ScriptPlugin/ScriptPlugin.uplugin
LogPluginManager: Loaded Plugin SlateRemote, From C:/Program Files (x86)/Epic Games/4.13/Engine/Plugins/Slate/SlateRemote/SlateRemote.uplugin
LogInit: Using libcurl 7.47.1
LogInit:  - built for x86_64-pc-win32
LogInit:  - supports SSL with WinSSL
LogInit:  - other features:
LogInit:      CURL_VERSION_SSL
LogInit:      CURL_VERSION_IPV6
LogInit:      CURL_VERSION_ASYNCHDNS
LogInit:      CURL_VERSION_LARGEFILE
LogInit:      CURL_VERSION_IDN
LogInit:  CurlRequestOptions (configurable via config and command line):
LogInit:  - bVerifyPeer = false  - Libcurl will NOT verify peer certificate
LogInit:  - bUseHttpProxy = false  - Libcurl will NOT use HTTP proxy
LogInit:  - bDontReuseConnections = false  - Libcurl will reuse connections
LogInit:  - CertBundlePath = nullptr  - Libcurl will use whatever was configured at build time.
LogInit: Build: ++UE4+Release-4.13-CL-3172292
LogInit: Engine Version: 4.13.2-3172292+++UE4+Release-4.13
LogInit: Compatible Engine Version: 4.13.0-3106830+++UE4+Release-4.13
LogInit: Net CL: 3172292
LogDevObjectVersion: Number of dev versions registered: 13
LogDevObjectVersion:   Dev-Blueprints (B0D832E4-1F89-4F0D-ACCF-7EB736FD4AA2): 5
LogDevObjectVersion:   Dev-Build (E1C64328-A22C-4D53-A36C-8E866417BD8C): 0
LogDevObjectVersion:   Dev-Core (375EC13C-06E4-48FB-B500-84F0262A717E): 1
LogDevObjectVersion:   Dev-Editor (E4B068ED-F494-42E9-A231-DA0B2E46BB41): 6
LogDevObjectVersion:   Dev-Framework (CFFC743F-43B0-4480-9391-14DF171D2073): 12
LogDevObjectVersion:   Dev-Mobile (B02B49B5-BB20-44E9-A304-32B752E40360): 0
LogDevObjectVersion:   Dev-Networking (A4E4105C-59A1-49B5-A7C5-40C4547EDFEE): 0
LogDevObjectVersion:   Dev-Online (39C831C9-5AE6-47DC-9A44-9C173E1C8E7C): 0
LogDevObjectVersion:   Dev-Physics (78F01B33-EBEA-4F98-B9B4-84EACCB95AA2): 0
LogDevObjectVersion:   Dev-Platform (6631380F-2D4D-43E0-8009-CF276956A95A): 0
LogDevObjectVersion:   Dev-Rendering (12F88B9F-8875-4AFC-A67C-D90C383ABD29): 4
LogDevObjectVersion:   Dev-Sequencer (7B5AE74C-D270-4C10-A958-57980B212A5A): 0
LogDevObjectVersion:   Dev-VR (D7296918-1DD6-4BDD-9DE2-64A83CC13884): 0
LogInit: Compiled (64-bit): Oct 24 2016 14:29:06
LogInit: Compiled with Visual C++: 19.00.23026.00
LogInit: Build Configuration: Development
LogInit: Branch Name: ++UE4+Release-4.13
LogInit: Command line:  
LogInit: Base directory: C:/Program Files (x86)/Epic Games/4.13/Engine/Binaries/Win64/
LogInit: Installed Engine Build: 1
LogInit: Presizing for max 8388607 objects, including 0 objects not considered by GC, pre-allocating 0 bytes for permanent pool.
LogInit: Object subsystem initialized
[2016.11.03-18.06.07:053][  0]LogInit: Selected Device Profile: [Windows]
[2016.11.03-18.06.07:053][  0]LogInit: Applying CVar settings loaded from the selected device profile: [Windows]
[2016.11.03-18.06.07:083][  0]LogInit: Computer: BSARDINHA
[2016.11.03-18.06.07:083][  0]LogInit: User: Brian
[2016.11.03-18.06.07:083][  0]LogInit: CPU Page size=65536, Cores=2
[2016.11.03-18.06.07:083][  0]LogInit: High frequency timer resolution =2.530855 MHz
[2016.11.03-18.06.07:084][  0]LogMemory: Memory total: Physical=7.9GB (8GB approx)
[2016.11.03-18.06.07:084][  0]LogMemory: Platform Memory Stats for Windows
[2016.11.03-18.06.07:084][  0]LogMemory: Process Physical Memory: 254.54 MB used, 254.54 MB peak
[2016.11.03-18.06.07:084][  0]LogMemory: Process Virtual Memory: 259.77 MB used, 259.77 MB peak
[2016.11.03-18.06.07:084][  0]LogMemory: Physical Memory: 1969.85 MB used, 8075.23 MB total
[2016.11.03-18.06.07:084][  0]LogMemory: Virtual Memory: 599.96 MB used, 134217728.00 MB total
[2016.11.03-18.06.07:129][  0]LogTextLocalizationManager: No specific translations for ('en-US') exist, so ('en') translations will be used.
[2016.11.03-18.06.07:894][  0]LogD3D11RHI: D3D11 adapters:
[2016.11.03-18.06.08:247][  0]LogD3D11RHI:    0. 'NVIDIA NVS 4200M    ' (Feature Level 11_0)
[2016.11.03-18.06.08:247][  0]LogD3D11RHI:       973/0/3071 MB DedicatedVideo/DedicatedSystem/SharedSystem, Outputs:1, VendorId:0x10de
[2016.11.03-18.06.08:270][  0]LogD3D11RHI:    1. 'NVIDIA NVS 4200M    ' (Feature Level 11_0)
[2016.11.03-18.06.08:270][  0]LogD3D11RHI:       973/0/3071 MB DedicatedVideo/DedicatedSystem/SharedSystem, Outputs:0, VendorId:0x10de
[2016.11.03-18.06.08:272][  0]LogD3D11RHI:    2. 'Microsoft Basic Render Driver' (Feature Level 11_0)
[2016.11.03-18.06.08:272][  0]LogD3D11RHI:       973/0/3071 MB DedicatedVideo/DedicatedSystem/SharedSystem, Outputs:0, VendorId:0x1414
[2016.11.03-18.06.08:272][  0]LogD3D11RHI: Chosen D3D11 Adapter: 0
[2016.11.03-18.06.08:278][  0]LogD3D11RHI: Creating new Direct3DDevice
[2016.11.03-18.06.08:278][  0]LogD3D11RHI:     GPU DeviceId: 0x1057 (for the marketing name, search the web for "GPU Device Id")
[2016.11.03-18.06.08:278][  0]LogWindows: EnumDisplayDevices:
[2016.11.03-18.06.08:279][  0]LogWindows:    0. 'Intel(R) HD Graphics 3000' (P:1 D:1)
[2016.11.03-18.06.08:279][  0]LogWindows:    1. 'Intel(R) HD Graphics 3000' (P:0 D:0)
[2016.11.03-18.06.08:279][  0]LogWindows:    2. 'NVIDIA NVS 4200M    ' (P:0 D:0)
[2016.11.03-18.06.08:279][  0]LogWindows:    3. 'NVIDIA NVS 4200M    ' (P:0 D:0)
[2016.11.03-18.06.08:280][  0]LogWindows: DebugString: PrimaryIsNotTheChoosenAdapter PrimaryIsNotTheChoosenAdapter FoundDriverCount:2 
[2016.11.03-18.06.08:280][  0]LogD3D11RHI:     Adapter Name: NVIDIA NVS 4200M    
[2016.11.03-18.06.08:280][  0]LogD3D11RHI:   Driver Version: 354.45 (internal:10.18.13.5445, unified:354.45)
[2016.11.03-18.06.08:280][  0]LogD3D11RHI:      Driver Date: 11-5-2015
[2016.11.03-18.06.08:280][  0]LogRHI: Texture pool is 681 MB (70% of 973 MB)
[2016.11.03-18.06.08:296][  0]LogD3D11RHI: Async texture creation enabled
[2016.11.03-18.06.08:317][  0]LogD3D11RHI: GPU Timing Frequency: 1000.000000 (Debug: 2 2)
[2016.11.03-18.06.08:317][  0]LogShaderCompilers: Guid format shader working directory is -44 characters bigger than the processId version (../../../../../../Users/Brian/Documents/GitHub/quad-shaped-battle-objects/CardGameProject3/Intermediate/Shaders/WorkingDirectory/8300/).
[2016.11.03-18.06.08:317][  0]LogShaderCompilers: Cleaned the shader compiler working directory 'C:/Users/Brian/AppData/Local/Temp/UnrealShaderWorkingDir/DD18C803476C9E4891E0C297AB402210/'.
[2016.11.03-18.06.08:317][  0]LogShaderCompilers:Display: Using Local Shader Compiler.
[2016.11.03-18.06.10:135][  0]LogTemp:Display: Loaded TP AllDesktopTargetPlatform
[2016.11.03-18.06.10:146][  0]LogTemp:Display: Loaded TP WindowsClientTargetPlatform
[2016.11.03-18.06.10:165][  0]LogTemp:Display: Loaded TP WindowsNoEditorTargetPlatform
[2016.11.03-18.06.10:183][  0]LogTemp:Display: Loaded TP WindowsServerTargetPlatform
[2016.11.03-18.06.10:200][  0]LogTemp:Display: Loaded TP WindowsTargetPlatform
[2016.11.03-18.06.10:215][  0]LogTemp:Display: Loaded TP AndroidTargetPlatform
[2016.11.03-18.06.10:225][  0]LogTemp:Display: Loaded TP Android_ASTCTargetPlatform
[2016.11.03-18.06.10:234][  0]LogTemp:Display: Loaded TP Android_ATCTargetPlatform
[2016.11.03-18.06.10:245][  0]LogTemp:Display: Loaded TP Android_DXTTargetPlatform
[2016.11.03-18.06.10:256][  0]LogTemp:Display: Loaded TP Android_ETC1TargetPlatform
[2016.11.03-18.06.10:266][  0]LogTemp:Display: Loaded TP Android_ETC2TargetPlatform
[2016.11.03-18.06.10:293][  0]LogTemp:Display: Loaded TP Android_MultiTargetPlatform
[2016.11.03-18.06.10:293][  0]LogTemp:Display: Loaded TP Android_PVRTCTargetPlatform
[2016.11.03-18.06.10:295][  0]LogTemp:Display: Loaded TP HTML5TargetPlatform
[2016.11.03-18.06.10:330][  0]LogTemp:Display: Loaded TP IOSTargetPlatform
[2016.11.03-18.06.10:347][  0]LogTemp:Display: Loaded TP TVOSTargetPlatform
[2016.11.03-18.06.10:365][  0]LogTemp:Display: Loaded TP LinuxClientTargetPlatform
[2016.11.03-18.06.10:388][  0]LogTemp:Display: Loaded TP LinuxNoEditorTargetPlatform
[2016.11.03-18.06.10:400][  0]LogTemp:Display: Loaded TP LinuxServerTargetPlatform
[2016.11.03-18.06.10:414][  0]LogTemp:Display: Loaded TP LinuxTargetPlatform
[2016.11.03-18.06.10:414][  0]LogTargetPlatformManager:Display: Building Assets For Windows
[2016.11.03-18.06.10:538][  0]LogDerivedDataCache:Display: Max Cache Size: 512 MB
[2016.11.03-18.06.10:625][  0]LogDerivedDataCache: Loaded boot cache 0.09s 63MB C:/Users/Brian/AppData/Local/UnrealEngine/4.13/DerivedDataCache/Boot.ddc.
[2016.11.03-18.06.10:625][  0]LogDerivedDataCache:Display: Loaded Boot cache: C:/Users/Brian/AppData/Local/UnrealEngine/4.13/DerivedDataCache/Boot.ddc
[2016.11.03-18.06.10:625][  0]LogDerivedDataCache: FDerivedDataBackendGraph:  Pak pak cache file ../../../../../../Users/Brian/Documents/GitHub/quad-shaped-battle-objects/CardGameProject3/DerivedDataCache/DDC.ddp not found, will not use a pak cache.
[2016.11.03-18.06.10:625][  0]LogDerivedDataCache: Unable to find inner node Pak for hierarchical cache Hierarchy.
[2016.11.03-18.06.10:625][  0]LogDerivedDataCache: FDerivedDataBackendGraph:  CompressedPak pak cache file ../../../../../../Users/Brian/Documents/GitHub/quad-shaped-battle-objects/CardGameProject3/DerivedDataCache/Compressed.ddp not found, will not use a pak cache.
[2016.11.03-18.06.10:625][  0]LogDerivedDataCache: Unable to find inner node CompressedPak for hierarchical cache Hierarchy.
[2016.11.03-18.06.10:655][  0]LogDerivedDataCache:Display: Pak cache opened for reading ../../../Engine/DerivedDataCache/Compressed.ddp.
[2016.11.03-18.06.10:667][  0]LogDerivedDataCache: Using Local data cache path C:/Users/Brian/AppData/Local/UnrealEngine/Common/DerivedDataCache: Writable
[2016.11.03-18.06.11:009][  0]LogInit: Selected Device Profile: [Windows]
[2016.11.03-18.06.11:013][  0]LogContentStreaming: Texture pool size is 0.00 MB
[2016.11.03-18.06.11:153][  0]LogMeshUtilities: No automatic mesh reduction module available
[2016.11.03-18.06.11:153][  0]LogMeshUtilities: No automatic mesh merging module available
[2016.11.03-18.06.11:153][  0]LogMeshUtilities: No distributed automatic mesh merging module available
[2016.11.03-18.06.11:293][  0]LogMaterial: Uniform references updated for custom material expression Custom.
[2016.11.03-18.06.11:731][  0]LogNetVersion: GetLocalNetworkVersion: CL: 3106830, ProjectName: cardgameproject3, ProjectVersion: , EngineNetworkVersion: 1, GameNetworkVersion: 0, NetworkChecksum: 2141254031
[2016.11.03-18.06.11:775][  0]LogAssetRegistry: FAssetRegistry took 0.0224 seconds to start up
[2016.11.03-18.06.11:817][  0]LogPackageLocalizationCache: Processed 3 localized package path(s) for 2 prioritized culture(s) in 0.037317 seconds
[2016.11.03-18.06.11:827][  0]LogUObjectArray: 29778 objects as part of root set at end of initial load.
[2016.11.03-18.06.11:827][  0]LogUObjectAllocator: 6125448 out of 0 bytes used by permanent object pool.
[2016.11.03-18.06.11:827][  0]LogUObjectArray: CloseDisregardForGC: 0/0 objects in disregard for GC pool
[2016.11.03-18.06.11:840][  0]LogInit: WinSock: version 1.1 (2.2), MaxSocks=32767, MaxUdp=65467
[2016.11.03-18.06.12:170][  0]LogSlate: SlateFontCache - WITH_FREETYPE: 1, WITH_HARFBUZZ: 1
[2016.11.03-18.06.12:170][  0]LogSlate: SlateFontCache - WITH_FREETYPE: 1, WITH_HARFBUZZ: 1
[2016.11.03-18.06.13:026][  0]LogTcpMessaging: Initializing TcpMessaging bridge
[2016.11.03-18.06.13:050][  0]LogUdpMessaging: Initializing bridge on interface 0.0.0.0:0 to multicast group 230.0.0.1:6666.
[2016.11.03-18.06.13:353][  0]SourceControl: Info Source control is disabled
[2016.11.03-18.06.13:355][  0]SourceControl: Info Source control is disabled
[2016.11.03-18.06.13:368][  0]SourceControl: Info Source control is disabled
[2016.11.03-18.06.13:381][  0]SourceControl: Info Source control is disabled
[2016.11.03-18.06.13:498][  0]LogLinker:Warning: Can't find file '/Game/2DSideScrollerBP/2DSideScrollerOverview'
[2016.11.03-18.06.13:498][  0]LogLinker:Warning: Can't find file '/Game/2DSideScrollerBP/2DSideScrollerOverview'
[2016.11.03-18.06.13:499][  0]LogUObjectGlobals:Warning: Failed to find object 'Class /Game/2DSideScrollerBP/2DSideScrollerOverview.2DSideScrollerOverview_C'
[2016.11.03-18.06.13:824][  0]LogEngine: Initializing Engine...
[2016.11.03-18.06.13:825][  0]LogHMD: Failed to initialize OpenVR with code 110
[2016.11.03-18.06.14:065][  0]LogAIModule: Creating AISystem for world Untitled
[2016.11.03-18.06.14:078][  0]LogInit: XAudio2 using 'Headphones (High Definition Audio Device)' : 2 channels at 44.1 kHz using 16 bits per sample (channel mask 0x3)
[2016.11.03-18.06.14:094][  0]LogInit: FAudioDevice initialized.
[2016.11.03-18.06.14:135][  0]LogDerivedDataCache: Saved boot cache 0.04s 63MB C:/Users/Brian/AppData/Local/UnrealEngine/4.13/DerivedDataCache/Boot.ddc.
[2016.11.03-18.06.14:149][  0]LogInit: Texture streaming: Enabled
[2016.11.03-18.06.14:222][  0]LogInit: Transaction tracking system initialized
[2016.11.03-18.06.14:268][  0]BlueprintLog: New page: Editor Load
[2016.11.03-18.06.14:435][  0]LocalizationService: Info Localization service is disabled
[2016.11.03-18.06.14:589][  0]LogConsoleResponse:Display: 
[2016.11.03-18.06.14:793][  0]LogCook:Display: Max memory allowance for cook 16384mb min free memory 0mb
[2016.11.03-18.06.14:793][  0]LogCook:Display: Mobile HDR setting 1
[2016.11.03-18.06.15:079][  0]LogFileCache: Scanning file cache for directory 'C:/Users/Brian/Documents/GitHub/quad-shaped-battle-objects/CardGameProject3/Content/' took 0.01s
[2016.11.03-18.06.15:090][  0]SourceControl: Info Source control is disabled
[2016.11.03-18.06.15:090][  0]Cmd: MAP LOAD FILE="../../../Engine/Content/Maps/Templates/Template_Default.umap" TEMPLATE=1 SHOWPROGRESS=1 FEATURELEVEL=3
[2016.11.03-18.06.15:091][  0]LightingResults: New page: Lighting Build
[2016.11.03-18.06.15:096][  0]MapCheck: New page: Map Check
[2016.11.03-18.06.15:096][  0]LightingResults: New page: Lighting Build
[2016.11.03-18.06.15:727][  0]LogAIModule: Creating AISystem for world Untitled_1
[2016.11.03-18.06.15:737][  0]LogEditorServer: Finished looking for orphan Actors (0.000 secs)
[2016.11.03-18.06.15:744][  0]Cmd: MAP CHECKDEP NOCLEARLOG
[2016.11.03-18.06.15:829][  0]MapCheck: Info Map check complete: 0 Error(s), 0 Warning(s), took 83.849ms to complete.
[2016.11.03-18.06.15:829][  0]LogFileHelpers: Loading map 'Template_Default' took 0.738
[2016.11.03-18.06.15:999][  0]LogCollectionManager: Loaded 0 collections in 0.002741 seconds
[2016.11.03-18.06.16:044][  0]LogFileCache: Scanning file cache for directory 'C:/Users/Brian/Documents/GitHub/quad-shaped-battle-objects/CardGameProject3/Saved/Collections/' took 0.01s
[2016.11.03-18.06.16:044][  0]LogFileCache: Scanning file cache for directory 'C:/Users/Brian/Documents/GitHub/quad-shaped-battle-objects/CardGameProject3/Content/Developers/Brian/Collections/' took 0.01s
[2016.11.03-18.06.16:044][  0]LogFileCache: Scanning file cache for directory 'C:/Users/Brian/Documents/GitHub/quad-shaped-battle-objects/CardGameProject3/Content/Collections/' took 0.01s
[2016.11.03-18.06.16:044][  0]LogCollectionManager: Rebuilt the GUID cache for 0 collections in 0.000004 seconds
[2016.11.03-18.06.16:066][  0]LogContentBrowser: Native class hierarchy populated in 0.0212 seconds. Added 2141 classes and 415 folders.
[2016.11.03-18.06.16:073][  0]LogStats: UGameplayTagsManager::ConstructGameplayTagTree: Construct from data asset -  0.000 s
[2016.11.03-18.06.16:074][  0]LogStats: UGameplayTagsManager::ConstructGameplayTagTree: GameplayTagTreeChangedEvent.Broadcast -  0.000 s
[2016.11.03-18.06.16:075][  0]LogContentBrowser: Native class hierarchy updated for 'GameplayTags' in 0.0010 seconds. Added 12 classes and 0 folders.
[2016.11.03-18.06.16:084][  0]LogContentBrowser: Native class hierarchy updated for 'WidgetCarousel' in 0.0010 seconds. Added 0 classes and 0 folders.
[2016.11.03-18.06.16:154][  0]LogContentBrowser: Native class hierarchy updated for 'AddContentDialog' in 0.0010 seconds. Added 0 classes and 0 folders.
[2016.11.03-18.06.16:164][  0]LogContentBrowser: Native class hierarchy updated for 'SceneOutliner' in 0.0006 seconds. Added 1 classes and 2 folders.
[2016.11.03-18.06.16:267][  0]LogCrashTracker: Crashtracker disabled due to settings.
[2016.11.03-18.06.16:276][  0]LogUObjectGlobals:Warning: Failed to find object 'Class None.'
[2016.11.03-18.06.16:309][  0]LogContentBrowser: Native class hierarchy updated for 'HierarchicalLODOutliner' in 0.0009 seconds. Added 1 classes and 2 folders.
[2016.11.03-18.06.16:310][  0]LogLoad: (Engine Initialization) Total time: 10.20 seconds
[2016.11.03-18.06.16:310][  0]LogLoad: (Engine Initialization) Total Blueprint compile time: 0.11 seconds
[2016.11.03-18.06.16:310][  0]LogExternalProfiler: Found external profiler: VSPerf
[2016.11.03-18.06.16:310][  0]LogExternalProfiler: Using external profiler: VSPerf
[2016.11.03-18.06.16:650][  0]LogOcInput: OculusInput pre-init called
[2016.11.03-18.06.16:678][  0]LogContentStreaming: Texture pool size now 1000 MB
[2016.11.03-18.06.16:926][  0]LogRenderer: Reallocating scene render targets to support 1004x504 (Frame:2).
[2016.11.03-18.06.17:438][  2]LogAssetRegistry: Asset discovery search completed in 5.6865 seconds
[2016.11.03-18.06.17:438][  2]LogCollectionManager: Rebuilt the object cache for 0 collections in 0.000002 seconds (found 0 objects)
[2016.11.03-18.06.17:438][  2]LogCollectionManager: Fixed up redirectors for 0 collections in 0.000038 seconds (updated 0 objects)
[2016.11.03-18.06.22:025][ 74]LogAIModule: Creating AISystem for world BasicLevel
[2016.11.03-18.06.22:082][ 74]Cmd: MAP LOAD FILE="../../../../../../Users/Brian/Documents/GitHub/quad-shaped-battle-objects/CardGameProject3/Content/Levels/BasicLevel.umap" TEMPLATE=0 SHOWPROGRESS=1 FEATURELEVEL=3
[2016.11.03-18.06.22:082][ 74]LightingResults: New page: Lighting Build
[2016.11.03-18.06.22:083][ 74]LoadErrors: New page: Loading map: BasicLevel.umap
[2016.11.03-18.06.22:084][ 74]MapCheck: New page: Map Check
[2016.11.03-18.06.22:084][ 74]LightingResults: New page: Lighting Build
[2016.11.03-18.06.22:194][ 74]LogEditorServer: Finished looking for orphan Actors (0.000 secs)
[2016.11.03-18.06.22:228][ 74]Cmd: MAP CHECKDEP NOCLEARLOG
[2016.11.03-18.06.22:303][ 74]MapCheck: Info Map check complete: 0 Error(s), 0 Warning(s), took 75.483ms to complete.
[2016.11.03-18.06.22:305][ 74]LogFileHelpers: Loading map 'BasicLevel' took 0.224
[2016.11.03-18.06.27:225][155]LogContentBrowser: Native class hierarchy updated for 'BlueprintGraph' in 0.0017 seconds. Added 112 classes and 0 folders.
[2016.11.03-18.21.12:747][413]BlueprintLog: New page: Compile Card
[2016.11.03-18.21.12:979][413]BlueprintEditorCompileResults: Info The execution path doesn't end with a return node.  then
[2016.11.03-18.21.31:825][402]BlueprintLog: New page: Compile Card
[2016.11.03-18.21.37:991][643]LogSavePackage: Save=55.95ms
[2016.11.03-18.21.37:991][643]LogSavePackage: Moving '../../../../../../Users/Brian/Documents/GitHub/quad-shaped-battle-objects/CardGameProject3/Saved/BasicLevel806A7C07465CCCE1C437D5A245092773.tmp' to '../../../../../../Users/Brian/Documents/GitHub/quad-shaped-battle-objects/CardGameProject3/Content/Levels/BasicLevel.umap'
[2016.11.03-18.21.37:994][643]LogSavePackage:Display: Finished SavePackage ../../../../../../Users/Brian/Documents/GitHub/quad-shaped-battle-objects/CardGameProject3/Content/Levels/BasicLevel.umap
[2016.11.03-18.21.38:027][643]LogFileHelpers: Saving map 'BasicLevel' took 0.220
[2016.11.03-18.21.38:115][643]Cmd: OBJ SAVEPACKAGE PACKAGE="/Game/Blueprints/Card" FILE="../../../../../../Users/Brian/Documents/GitHub/quad-shaped-battle-objects/CardGameProject3/Content/Blueprints/Card.uasset" SILENT=true
[2016.11.03-18.21.38:212][643]LogSavePackage: Save=82.94ms
[2016.11.03-18.21.38:212][643]LogSavePackage: Moving '../../../../../../Users/Brian/Documents/GitHub/quad-shaped-battle-objects/CardGameProject3/Saved/Card420967104EFE2D0A6C70DF97224B518C.tmp' to '../../../../../../Users/Brian/Documents/GitHub/quad-shaped-battle-objects/CardGameProject3/Content/Blueprints/Card.uasset'
[2016.11.03-18.21.38:216][643]LogSavePackage:Display: Finished SavePackage ../../../../../../Users/Brian/Documents/GitHub/quad-shaped-battle-objects/CardGameProject3/Content/Blueprints/Card.uasset
[2016.11.03-18.22.16:230][859]BlueprintLog: New page: Compile Card
[2016.11.03-18.22.54:369][112]LogSavePackage: Save=38.99ms
[2016.11.03-18.22.54:369][112]LogSavePackage: Moving '../../../../../../Users/Brian/Documents/GitHub/quad-shaped-battle-objects/CardGameProject3/Saved/BasicLevel3D535B2547621C14046EC297BB125FBB.tmp' to '../../../../../../Users/Brian/Documents/GitHub/quad-shaped-battle-objects/CardGameProject3/Content/Levels/BasicLevel.umap'
[2016.11.03-18.22.54:372][112]LogSavePackage:Display: Finished SavePackage ../../../../../../Users/Brian/Documents/GitHub/quad-shaped-battle-objects/CardGameProject3/Content/Levels/BasicLevel.umap
[2016.11.03-18.22.54:397][112]LogFileHelpers: Saving map 'BasicLevel' took 0.165
[2016.11.03-18.22.54:442][112]Cmd: OBJ SAVEPACKAGE PACKAGE="/Game/Blueprints/Card" FILE="../../../../../../Users/Brian/Documents/GitHub/quad-shaped-battle-objects/CardGameProject3/Content/Blueprints/Card.uasset" SILENT=true
[2016.11.03-18.22.54:528][112]LogSavePackage: Save=74.47ms
[2016.11.03-18.22.54:528][112]LogSavePackage: Moving '../../../../../../Users/Brian/Documents/GitHub/quad-shaped-battle-objects/CardGameProject3/Saved/Card10A372ED4CF74F24EEF88F86482713D7.tmp' to '../../../../../../Users/Brian/Documents/GitHub/quad-shaped-battle-objects/CardGameProject3/Content/Blueprints/Card.uasset'
[2016.11.03-18.22.54:532][112]LogSavePackage:Display: Finished SavePackage ../../../../../../Users/Brian/Documents/GitHub/quad-shaped-battle-objects/CardGameProject3/Content/Blueprints/Card.uasset
[2016.11.03-18.23.17:886][505]Cmd: OBJ SAVEPACKAGE PACKAGE="/Game/Blueprints/Card" FILE="../../../../../../Users/Brian/Documents/GitHub/quad-shaped-battle-objects/CardGameProject3/Content/Blueprints/Card.uasset" SILENT=true
[2016.11.03-18.23.17:978][505]LogSavePackage: Save=78.00ms
[2016.11.03-18.23.17:978][505]LogSavePackage: Moving '../../../../../../Users/Brian/Documents/GitHub/quad-shaped-battle-objects/CardGameProject3/Saved/CardA7BAE40B456C6CDCC93E39804F08BFBB.tmp' to '../../../../../../Users/Brian/Documents/GitHub/quad-shaped-battle-objects/CardGameProject3/Content/Blueprints/Card.uasset'
[2016.11.03-18.23.17:982][505]LogSavePackage:Display: Finished SavePackage ../../../../../../Users/Brian/Documents/GitHub/quad-shaped-battle-objects/CardGameProject3/Content/Blueprints/Card.uasset
[2016.11.03-18.23.43:389][954]Cmd: OBJ SAVEPACKAGE PACKAGE="/Game/Blueprints/Card" FILE="../../../../../../Users/Brian/Documents/GitHub/quad-shaped-battle-objects/CardGameProject3/Content/Blueprints/Card.uasset" SILENT=true
[2016.11.03-18.23.43:491][954]LogSavePackage: Save=85.72ms
[2016.11.03-18.23.43:491][954]LogSavePackage: Moving '../../../../../../Users/Brian/Documents/GitHub/quad-shaped-battle-objects/CardGameProject3/Saved/Card8A97DF224E7C0E9AE28EE2A27C831655.tmp' to '../../../../../../Users/Brian/Documents/GitHub/quad-shaped-battle-objects/CardGameProject3/Content/Blueprints/Card.uasset'
[2016.11.03-18.23.43:495][954]LogSavePackage:Display: Finished SavePackage ../../../../../../Users/Brian/Documents/GitHub/quad-shaped-battle-objects/CardGameProject3/Content/Blueprints/Card.uasset
[2016.11.03-18.24.01:827][991]LogEditorTransaction: Undo Move Nodes
[2016.11.03-18.25.13:636][183]LogSavePackage: Save=53.36ms
[2016.11.03-18.25.13:636][183]LogSavePackage: Moving '../../../../../../Users/Brian/Documents/GitHub/quad-shaped-battle-objects/CardGameProject3/Saved/BasicLevelAF8D7D054FAF31DB073749A2BF921D02.tmp' to '../../../../../../Users/Brian/Documents/GitHub/quad-shaped-battle-objects/CardGameProject3/Content/Levels/BasicLevel.umap'
[2016.11.03-18.25.13:640][183]LogSavePackage:Display: Finished SavePackage ../../../../../../Users/Brian/Documents/GitHub/quad-shaped-battle-objects/CardGameProject3/Content/Levels/BasicLevel.umap
[2016.11.03-18.25.13:688][183]LogFileHelpers: Saving map 'BasicLevel' took 0.227
[2016.11.03-18.25.13:740][183]Cmd: OBJ SAVEPACKAGE PACKAGE="/Game/Blueprints/Card" FILE="../../../../../../Users/Brian/Documents/GitHub/quad-shaped-battle-objects/CardGameProject3/Content/Blueprints/Card.uasset" SILENT=true
[2016.11.03-18.25.13:846][183]LogSavePackage: Save=92.52ms
[2016.11.03-18.25.13:846][183]LogSavePackage: Moving '../../../../../../Users/Brian/Documents/GitHub/quad-shaped-battle-objects/CardGameProject3/Saved/Card157BC3F3432247AEBDC1ECB07907145C.tmp' to '../../../../../../Users/Brian/Documents/GitHub/quad-shaped-battle-objects/CardGameProject3/Content/Blueprints/Card.uasset'
[2016.11.03-18.25.13:850][183]LogSavePackage:Display: Finished SavePackage ../../../../../../Users/Brian/Documents/GitHub/quad-shaped-battle-objects/CardGameProject3/Content/Blueprints/Card.uasset
[2016.11.03-18.25.23:539][722]BlueprintLog: New page: Compile Card
[2016.11.03-18.25.32:791][107]LogSavePackage: Save=39.84ms
[2016.11.03-18.25.32:791][107]LogSavePackage: Moving '../../../../../../Users/Brian/Documents/GitHub/quad-shaped-battle-objects/CardGameProject3/Saved/BasicLevelA9B8F18B45B2CF3EB9ACFBBE3E77343E.tmp' to '../../../../../../Users/Brian/Documents/GitHub/quad-shaped-battle-objects/CardGameProject3/Content/Levels/BasicLevel.umap'
[2016.11.03-18.25.32:795][107]LogSavePackage:Display: Finished SavePackage ../../../../../../Users/Brian/Documents/GitHub/quad-shaped-battle-objects/CardGameProject3/Content/Levels/BasicLevel.umap
[2016.11.03-18.25.32:820][107]LogFileHelpers: Saving map 'BasicLevel' took 0.168
[2016.11.03-18.25.32:868][107]Cmd: OBJ SAVEPACKAGE PACKAGE="/Game/Blueprints/Card" FILE="../../../../../../Users/Brian/Documents/GitHub/quad-shaped-battle-objects/CardGameProject3/Content/Blueprints/Card.uasset" SILENT=true
[2016.11.03-18.25.32:959][107]LogSavePackage: Save=77.45ms
[2016.11.03-18.25.32:959][107]LogSavePackage: Moving '../../../../../../Users/Brian/Documents/GitHub/quad-shaped-battle-objects/CardGameProject3/Saved/Card331846F9430343E533E30C889CF5711B.tmp' to '../../../../../../Users/Brian/Documents/GitHub/quad-shaped-battle-objects/CardGameProject3/Content/Blueprints/Card.uasset'
[2016.11.03-18.25.32:963][107]LogSavePackage:Display: Finished SavePackage ../../../../../../Users/Brian/Documents/GitHub/quad-shaped-battle-objects/CardGameProject3/Content/Blueprints/Card.uasset
[2016.11.03-18.25.45:275][731]BlueprintLog: New page: Compile Card
[2016.11.03-18.26.02:272][480]BlueprintLog: New page: Compile Card
[2016.11.03-18.26.39:400][139]LogSavePackage: Save=41.11ms
[2016.11.03-18.26.39:400][139]LogSavePackage: Moving '../../../../../../Users/Brian/Documents/GitHub/quad-shaped-battle-objects/CardGameProject3/Saved/BasicLevel45EEC3444E2714B75078E28AD9F54EAC.tmp' to '../../../../../../Users/Brian/Documents/GitHub/quad-shaped-battle-objects/CardGameProject3/Content/Levels/BasicLevel.umap'
[2016.11.03-18.26.39:403][139]LogSavePackage:Display: Finished SavePackage ../../../../../../Users/Brian/Documents/GitHub/quad-shaped-battle-objects/CardGameProject3/Content/Levels/BasicLevel.umap
[2016.11.03-18.26.39:444][139]LogFileHelpers: Saving map 'BasicLevel' took 0.191
[2016.11.03-18.26.39:490][139]Cmd: OBJ SAVEPACKAGE PACKAGE="/Game/Blueprints/Card" FILE="../../../../../../Users/Brian/Documents/GitHub/quad-shaped-battle-objects/CardGameProject3/Content/Blueprints/Card.uasset" SILENT=true
[2016.11.03-18.26.39:573][139]LogSavePackage: Save=70.55ms
[2016.11.03-18.26.39:573][139]LogSavePackage: Moving '../../../../../../Users/Brian/Documents/GitHub/quad-shaped-battle-objects/CardGameProject3/Saved/Card05AABAE84AD9275F2C6CFD914548B2CC.tmp' to '../../../../../../Users/Brian/Documents/GitHub/quad-shaped-battle-objects/CardGameProject3/Content/Blueprints/Card.uasset'
[2016.11.03-18.26.39:577][139]LogSavePackage:Display: Finished SavePackage ../../../../../../Users/Brian/Documents/GitHub/quad-shaped-battle-objects/CardGameProject3/Content/Blueprints/Card.uasset
[2016.11.03-18.47.14:466][538]Cmd: OBJ SAVEPACKAGE PACKAGE="/Game/Blueprints/Deck" FILE="../../../../../../Users/Brian/Documents/GitHub/quad-shaped-battle-objects/CardGameProject3/Content/Blueprints/Deck.uasset" SILENT=true
[2016.11.03-18.47.14:509][538]LogSavePackage: Save=26.40ms
[2016.11.03-18.47.14:509][538]LogSavePackage: Moving '../../../../../../Users/Brian/Documents/GitHub/quad-shaped-battle-objects/CardGameProject3/Saved/DeckB91AD6F74CD92A2BC80BF1B10E1D4CCF.tmp' to '../../../../../../Users/Brian/Documents/GitHub/quad-shaped-battle-objects/CardGameProject3/Content/Blueprints/Deck.uasset'
[2016.11.03-18.47.14:512][538]LogSavePackage:Display: Finished SavePackage ../../../../../../Users/Brian/Documents/GitHub/quad-shaped-battle-objects/CardGameProject3/Content/Blueprints/Deck.uasset
[2016.11.03-18.47.54:474][826]Cmd: OBJ SAVEPACKAGE PACKAGE="/Game/Blueprints/Deck" FILE="../../../../../../Users/Brian/Documents/GitHub/quad-shaped-battle-objects/CardGameProject3/Content/Blueprints/Deck.uasset" SILENT=true
[2016.11.03-18.47.54:511][826]LogSavePackage: Save=24.56ms
[2016.11.03-18.47.54:511][826]LogSavePackage: Moving '../../../../../../Users/Brian/Documents/GitHub/quad-shaped-battle-objects/CardGameProject3/Saved/Deck409EF1094529E9C12B95DCAD40C422DA.tmp' to '../../../../../../Users/Brian/Documents/GitHub/quad-shaped-battle-objects/CardGameProject3/Content/Blueprints/Deck.uasset'
[2016.11.03-18.47.54:514][826]LogSavePackage:Display: Finished SavePackage ../../../../../../Users/Brian/Documents/GitHub/quad-shaped-battle-objects/CardGameProject3/Content/Blueprints/Deck.uasset
[2016.11.03-18.48.45:000][395]LogFileHelpers: Editor autosave (incl. sublevels) for '/Game/Levels/BasicLevel' took 0.037
[2016.11.03-18.48.45:002][395]OBJ SavePackage: Generating thumbnails for [0] asset(s) in package [/Game/Blueprints/BattleCardGameMode] ([1] browsable assets)...
[2016.11.03-18.48.45:002][395]OBJ SavePackage: Finished generating thumbnails for package [/Game/Blueprints/BattleCardGameMode]
[2016.11.03-18.48.45:026][395]LogSavePackage: Save=9.99ms
[2016.11.03-18.48.45:026][395]LogSavePackage: Moving '../../../../../../Users/Brian/Documents/GitHub/quad-shaped-battle-objects/CardGameProject3/Saved/BattleCardGameMode_Auto10BEBE9AC465C15BA9D99A28E4087DC60.tmp' to '../../../../../../Users/Brian/Documents/GitHub/quad-shaped-battle-objects/CardGameProject3/Saved/Autosaves/Game/Blueprints/BattleCardGameMode_Auto1.uasset'
[2016.11.03-18.48.45:028][395]LogSavePackage:Display: Finished SavePackage ../../../../../../Users/Brian/Documents/GitHub/quad-shaped-battle-objects/CardGameProject3/Saved/Autosaves/Game/Blueprints/BattleCardGameMode_Auto1.uasset
[2016.11.03-18.48.45:028][395]LogFileHelpers: Auto-saving content packages took 0.027
[2016.11.03-18.58.54:868][684]LogFileHelpers: Editor autosave (incl. sublevels) for '/Game/Levels/BasicLevel' took 0.052
[2016.11.03-18.58.54:871][684]OBJ SavePackage: Generating thumbnails for [0] asset(s) in package [/Game/Blueprints/BattleCardGameMode] ([1] browsable assets)...
[2016.11.03-18.58.54:871][684]OBJ SavePackage: Finished generating thumbnails for package [/Game/Blueprints/BattleCardGameMode]
[2016.11.03-18.58.54:900][684]LogSavePackage: Save=9.92ms
[2016.11.03-18.58.54:900][684]LogSavePackage: Moving '../../../../../../Users/Brian/Documents/GitHub/quad-shaped-battle-objects/CardGameProject3/Saved/BattleCardGameMode_Auto2E860DF67436B6FEC40D928B88CF9787A.tmp' to '../../../../../../Users/Brian/Documents/GitHub/quad-shaped-battle-objects/CardGameProject3/Saved/Autosaves/Game/Blueprints/BattleCardGameMode_Auto2.uasset'
[2016.11.03-18.58.54:902][684]LogSavePackage:Display: Finished SavePackage ../../../../../../Users/Brian/Documents/GitHub/quad-shaped-battle-objects/CardGameProject3/Saved/Autosaves/Game/Blueprints/BattleCardGameMode_Auto2.uasset
[2016.11.03-18.58.54:903][684]OBJ SavePackage: Generating thumbnails for [1] asset(s) in package [/Game/Blueprints/Deck] ([1] browsable assets)...
[2016.11.03-18.58.54:948][684]OBJ SavePackage:     Rendered thumbnail for [Blueprint /Game/Blueprints/Deck.Deck]
[2016.11.03-18.58.54:948][684]OBJ SavePackage: Finished generating thumbnails for package [/Game/Blueprints/Deck]
[2016.11.03-18.58.54:988][684]LogSavePackage: Save=26.08ms
[2016.11.03-18.58.54:988][684]LogSavePackage: Moving '../../../../../../Users/Brian/Documents/GitHub/quad-shaped-battle-objects/CardGameProject3/Saved/Deck_Auto2235DB4AD40EBFBFA0558AFA5FF2CC0D3.tmp' to '../../../../../../Users/Brian/Documents/GitHub/quad-shaped-battle-objects/CardGameProject3/Saved/Autosaves/Game/Blueprints/Deck_Auto2.uasset'
[2016.11.03-18.58.54:990][684]LogSavePackage:Display: Finished SavePackage ../../../../../../Users/Brian/Documents/GitHub/quad-shaped-battle-objects/CardGameProject3/Saved/Autosaves/Game/Blueprints/Deck_Auto2.uasset
[2016.11.03-18.58.54:990][684]LogFileHelpers: Auto-saving content packages took 0.121
[2016.11.03-18.58.56:765][780]LogSavePackage: Save=10.21ms
[2016.11.03-18.58.56:765][780]LogSavePackage: Moving '../../../../../../Users/Brian/Documents/GitHub/quad-shaped-battle-objects/CardGameProject3/Saved/BattleCardGameModeF975D07E41585364DAD3BA89B144187B.tmp' to '../../../../../../Users/Brian/Documents/GitHub/quad-shaped-battle-objects/CardGameProject3/Content/Blueprints/BattleCardGameMode.uasset'
[2016.11.03-18.58.56:769][780]LogSavePackage:Display: Finished SavePackage ../../../../../../Users/Brian/Documents/GitHub/quad-shaped-battle-objects/CardGameProject3/Content/Blueprints/BattleCardGameMode.uasset
[2016.11.03-18.58.56:777][780]Cmd: OBJ SAVEPACKAGE PACKAGE="/Game/Blueprints/Deck" FILE="../../../../../../Users/Brian/Documents/GitHub/quad-shaped-battle-objects/CardGameProject3/Content/Blueprints/Deck.uasset" SILENT=true
[2016.11.03-18.58.56:809][780]LogSavePackage: Save=18.52ms
[2016.11.03-18.58.56:809][780]LogSavePackage: Moving '../../../../../../Users/Brian/Documents/GitHub/quad-shaped-battle-objects/CardGameProject3/Saved/DeckB7113AA14E51DC91FDE36AAAA1884FB2.tmp' to '../../../../../../Users/Brian/Documents/GitHub/quad-shaped-battle-objects/CardGameProject3/Content/Blueprints/Deck.uasset'
[2016.11.03-18.58.56:813][780]LogSavePackage:Display: Finished SavePackage ../../../../../../Users/Brian/Documents/GitHub/quad-shaped-battle-objects/CardGameProject3/Content/Blueprints/Deck.uasset
[2016.11.03-19.08.10:327][659]LogSavePackage: Save=11.94ms
[2016.11.03-19.08.10:327][659]LogSavePackage: Moving '../../../../../../Users/Brian/Documents/GitHub/quad-shaped-battle-objects/CardGameProject3/Saved/BattleCardGameMode4020F9F948750A20C3F7389B063D4B75.tmp' to '../../../../../../Users/Brian/Documents/GitHub/quad-shaped-battle-objects/CardGameProject3/Content/Blueprints/BattleCardGameMode.uasset'
[2016.11.03-19.08.10:330][659]LogSavePackage:Display: Finished SavePackage ../../../../../../Users/Brian/Documents/GitHub/quad-shaped-battle-objects/CardGameProject3/Content/Blueprints/BattleCardGameMode.uasset
[2016.11.03-19.08.10:385][659]Cmd: OBJ SAVEPACKAGE PACKAGE="/Game/Blueprints/Deck" FILE="../../../../../../Users/Brian/Documents/GitHub/quad-shaped-battle-objects/CardGameProject3/Content/Blueprints/Deck.uasset" SILENT=true
[2016.11.03-19.08.10:438][659]LogSavePackage: Save=32.93ms
[2016.11.03-19.08.10:438][659]LogSavePackage: Moving '../../../../../../Users/Brian/Documents/GitHub/quad-shaped-battle-objects/CardGameProject3/Saved/Deck8D1400A34460F31B41151F9CCAD68DF2.tmp' to '../../../../../../Users/Brian/Documents/GitHub/quad-shaped-battle-objects/CardGameProject3/Content/Blueprints/Deck.uasset'
[2016.11.03-19.08.10:441][659]LogSavePackage:Display: Finished SavePackage ../../../../../../Users/Brian/Documents/GitHub/quad-shaped-battle-objects/CardGameProject3/Content/Blueprints/Deck.uasset
[2016.11.03-19.08.57:981][357]BlueprintLog: New page: Compile BattleCardGameMode
[2016.11.03-19.08.57:990][357]LogBlueprint:Error: [Compiler BattleCardGameMode] Error Could not find a function named "InitializeDeck" in 'Deck_C'.
Make sure 'Deck_C' has been compiled for  K2Node_CallFunction_4
[2016.11.03-19.08.58:117][357]LogTexture:Display: Building textures: BadBlueprintSprite (BGRA8)
[2016.11.03-19.08.58:351][357]BlueprintEditorCompileResults:Error: Error Could not find a function named "InitializeDeck" in 'Deck_C'.
Make sure 'Deck_C' has been compiled for  K2Node_CallFunction_4
[2016.11.03-19.08.58:351][357]LogBlueprint:Warning: [Compiler BattleCardGameMode] Warning [3772.24] Compile of BattleCardGameMode failed. 1 Fatal Issue(s) 0 Warning(s) [in 369 ms] (/Game/Blueprints/BattleCardGameMode.BattleCardGameMode)
[2016.11.03-19.09.31:824][327]LogFileHelpers: Editor autosave (incl. sublevels) for '/Game/Levels/BasicLevel' took 0.041
[2016.11.03-19.09.31:826][327]OBJ SavePackage: Generating thumbnails for [0] asset(s) in package [/Game/Blueprints/BattleCardGameMode] ([1] browsable assets)...
[2016.11.03-19.09.31:826][327]OBJ SavePackage: Finished generating thumbnails for package [/Game/Blueprints/BattleCardGameMode]
[2016.11.03-19.09.31:851][327]LogSavePackage: Save=11.46ms
[2016.11.03-19.09.31:851][327]LogSavePackage: Moving '../../../../../../Users/Brian/Documents/GitHub/quad-shaped-battle-objects/CardGameProject3/Saved/BattleCardGameMode_Auto36063AAD8488C3B7CA3B45D98CB4BBB8B.tmp' to '../../../../../../Users/Brian/Documents/GitHub/quad-shaped-battle-objects/CardGameProject3/Saved/Autosaves/Game/Blueprints/BattleCardGameMode_Auto3.uasset'
[2016.11.03-19.09.31:853][327]LogSavePackage:Display: Finished SavePackage ../../../../../../Users/Brian/Documents/GitHub/quad-shaped-battle-objects/CardGameProject3/Saved/Autosaves/Game/Blueprints/BattleCardGameMode_Auto3.uasset
[2016.11.03-19.09.31:853][327]LogFileHelpers: Auto-saving content packages took 0.028
[2016.11.03-19.10.07:320][445]BlueprintLog: New page: Compile Deck
[2016.11.03-19.10.07:791][445]BlueprintEditorCompileResults: Info The execution path doesn't end with a return node.  else
[2016.11.03-19.10.11:056][575]BlueprintLog: New page: Compile BattleCardGameMode
[2016.11.03-19.11.58:983][613]LogRenderer: Reallocating scene render targets to support 1004x568 (Frame:14422).
[2016.11.03-19.16.58:360][156]LogSavePackage: Save=100.84ms
[2016.11.03-19.16.58:361][156]LogSavePackage: Moving '../../../../../../Users/Brian/Documents/GitHub/quad-shaped-battle-objects/CardGameProject3/Saved/BasicLevelEFF4D25D42B11DD7015687B6BB89C681.tmp' to '../../../../../../Users/Brian/Documents/GitHub/quad-shaped-battle-objects/CardGameProject3/Content/Levels/BasicLevel.umap'
[2016.11.03-19.16.58:366][156]LogSavePackage:Display: Finished SavePackage ../../../../../../Users/Brian/Documents/GitHub/quad-shaped-battle-objects/CardGameProject3/Content/Levels/BasicLevel.umap
[2016.11.03-19.16.58:422][156]LogFileHelpers: Saving map 'BasicLevel' took 0.410
[2016.11.03-19.16.58:488][156]LogSavePackage: Save=23.96ms
[2016.11.03-19.16.58:488][156]LogSavePackage: Moving '../../../../../../Users/Brian/Documents/GitHub/quad-shaped-battle-objects/CardGameProject3/Saved/BattleCardGameMode64FA2DFD4C49494B9BE2F1B598C51C7B.tmp' to '../../../../../../Users/Brian/Documents/GitHub/quad-shaped-battle-objects/CardGameProject3/Content/Blueprints/BattleCardGameMode.uasset'
[2016.11.03-19.16.58:495][156]LogSavePackage:Display: Finished SavePackage ../../../../../../Users/Brian/Documents/GitHub/quad-shaped-battle-objects/CardGameProject3/Content/Blueprints/BattleCardGameMode.uasset
[2016.11.03-19.16.58:592][156]Cmd: OBJ SAVEPACKAGE PACKAGE="/Game/Blueprints/Card" FILE="../../../../../../Users/Brian/Documents/GitHub/quad-shaped-battle-objects/CardGameProject3/Content/Blueprints/Card.uasset" SILENT=true
[2016.11.03-19.16.58:813][156]LogSavePackage: Save=171.87ms
[2016.11.03-19.16.58:813][156]LogSavePackage: Moving '../../../../../../Users/Brian/Documents/GitHub/quad-shaped-battle-objects/CardGameProject3/Saved/Card3492769346D36DD3B4F4CD8B4307319E.tmp' to '../../../../../../Users/Brian/Documents/GitHub/quad-shaped-battle-objects/CardGameProject3/Content/Blueprints/Card.uasset'
[2016.11.03-19.16.58:819][156]LogSavePackage:Display: Finished SavePackage ../../../../../../Users/Brian/Documents/GitHub/quad-shaped-battle-objects/CardGameProject3/Content/Blueprints/Card.uasset
[2016.11.03-19.20.08:426][203]LogSavePackage: Save=66.13ms
[2016.11.03-19.20.08:426][203]LogSavePackage: Moving '../../../../../../Users/Brian/Documents/GitHub/quad-shaped-battle-objects/CardGameProject3/Saved/BasicLevel6F094A3845C904EA7DA96ABC3C349AF2.tmp' to '../../../../../../Users/Brian/Documents/GitHub/quad-shaped-battle-objects/CardGameProject3/Content/Levels/BasicLevel.umap'
[2016.11.03-19.20.08:430][203]LogSavePackage:Display: Finished SavePackage ../../../../../../Users/Brian/Documents/GitHub/quad-shaped-battle-objects/CardGameProject3/Content/Levels/BasicLevel.umap
[2016.11.03-19.20.08:489][203]LogFileHelpers: Saving map 'BasicLevel' took 0.286
[2016.11.03-19.20.08:568][203]Cmd: OBJ SAVEPACKAGE PACKAGE="/Game/Blueprints/Card" FILE="../../../../../../Users/Brian/Documents/GitHub/quad-shaped-battle-objects/CardGameProject3/Content/Blueprints/Card.uasset" SILENT=true
[2016.11.03-19.20.08:741][203]LogSavePackage: Save=137.31ms
[2016.11.03-19.20.08:741][203]LogSavePackage: Moving '../../../../../../Users/Brian/Documents/GitHub/quad-shaped-battle-objects/CardGameProject3/Saved/CardCA64D2D94981ADE06DA31CA10BAB19C0.tmp' to '../../../../../../Users/Brian/Documents/GitHub/quad-shaped-battle-objects/CardGameProject3/Content/Blueprints/Card.uasset'
[2016.11.03-19.20.08:747][203]LogSavePackage:Display: Finished SavePackage ../../../../../../Users/Brian/Documents/GitHub/quad-shaped-battle-objects/CardGameProject3/Content/Blueprints/Card.uasset
[2016.11.03-19.20.34:829][  7]Cmd: OBJ SAVEPACKAGE PACKAGE="/Game/Blueprints/Card" FILE="../../../../../../Users/Brian/Documents/GitHub/quad-shaped-battle-objects/CardGameProject3/Content/Blueprints/Card.uasset" SILENT=true
[2016.11.03-19.20.34:939][  7]LogSavePackage: Save=88.24ms
[2016.11.03-19.20.34:939][  7]LogSavePackage: Moving '../../../../../../Users/Brian/Documents/GitHub/quad-shaped-battle-objects/CardGameProject3/Saved/Card34B4A4F54E82C7BABEB4A894195FD242.tmp' to '../../../../../../Users/Brian/Documents/GitHub/quad-shaped-battle-objects/CardGameProject3/Content/Blueprints/Card.uasset'
[2016.11.03-19.20.34:943][  7]LogSavePackage:Display: Finished SavePackage ../../../../../../Users/Brian/Documents/GitHub/quad-shaped-battle-objects/CardGameProject3/Content/Blueprints/Card.uasset
[2016.11.03-19.20.35:883][ 59]BlueprintLog: New page: Compile Card
[2016.11.03-19.20.44:250][381]BlueprintLog: New page: Compile Card
[2016.11.03-19.20.47:821][517]LogSavePackage: Save=54.29ms
[2016.11.03-19.20.47:822][517]LogSavePackage: Moving '../../../../../../Users/Brian/Documents/GitHub/quad-shaped-battle-objects/CardGameProject3/Saved/BasicLevel54CAD36240B7B6CD481726AE607A91FD.tmp' to '../../../../../../Users/Brian/Documents/GitHub/quad-shaped-battle-objects/CardGameProject3/Content/Levels/BasicLevel.umap'
[2016.11.03-19.20.47:825][517]LogSavePackage:Display: Finished SavePackage ../../../../../../Users/Brian/Documents/GitHub/quad-shaped-battle-objects/CardGameProject3/Content/Levels/BasicLevel.umap
[2016.11.03-19.20.47:858][517]LogFileHelpers: Saving map 'BasicLevel' took 0.302
[2016.11.03-19.21.17:029][721]Cmd: OBJ SAVEPACKAGE PACKAGE="/Game/Blueprints/Card" FILE="../../../../../../Users/Brian/Documents/GitHub/quad-shaped-battle-objects/CardGameProject3/Content/Blueprints/Card.uasset" SILENT=true
[2016.11.03-19.21.17:135][721]LogSavePackage: Save=90.70ms
[2016.11.03-19.21.17:135][721]LogSavePackage: Moving '../../../../../../Users/Brian/Documents/GitHub/quad-shaped-battle-objects/CardGameProject3/Saved/Card10CD67E242B406673CC448A9960160ED.tmp' to '../../../../../../Users/Brian/Documents/GitHub/quad-shaped-battle-objects/CardGameProject3/Content/Blueprints/Card.uasset'
[2016.11.03-19.21.17:140][721]LogSavePackage:Display: Finished SavePackage ../../../../../../Users/Brian/Documents/GitHub/quad-shaped-battle-objects/CardGameProject3/Content/Blueprints/Card.uasset
[2016.11.03-19.22.00:390][196]BlueprintLog: New page: Compile Card
[2016.11.03-19.22.03:753][286]LogSavePackage: Save=56.14ms
[2016.11.03-19.22.03:753][286]LogSavePackage: Moving '../../../../../../Users/Brian/Documents/GitHub/quad-shaped-battle-objects/CardGameProject3/Saved/BasicLevel2941684B44F4CBC6E6C105B853E192C2.tmp' to '../../../../../../Users/Brian/Documents/GitHub/quad-shaped-battle-objects/CardGameProject3/Content/Levels/BasicLevel.umap'
[2016.11.03-19.22.03:758][286]LogSavePackage:Display: Finished SavePackage ../../../../../../Users/Brian/Documents/GitHub/quad-shaped-battle-objects/CardGameProject3/Content/Levels/BasicLevel.umap
[2016.11.03-19.22.03:795][286]LogFileHelpers: Saving map 'BasicLevel' took 0.310
[2016.11.03-19.22.57:996][102]BlueprintLog: New page: Compile Card
[2016.11.03-19.23.07:948][435]LogSavePackage: Save=47.64ms
[2016.11.03-19.23.07:948][435]LogSavePackage: Moving '../../../../../../Users/Brian/Documents/GitHub/quad-shaped-battle-objects/CardGameProject3/Saved/BasicLevelEBD833FF4E877EAC4DAD6599E916AA6B.tmp' to '../../../../../../Users/Brian/Documents/GitHub/quad-shaped-battle-objects/CardGameProject3/Content/Levels/BasicLevel.umap'
[2016.11.03-19.23.07:954][435]LogSavePackage:Display: Finished SavePackage ../../../../../../Users/Brian/Documents/GitHub/quad-shaped-battle-objects/CardGameProject3/Content/Levels/BasicLevel.umap
[2016.11.03-19.23.07:993][435]LogFileHelpers: Saving map 'BasicLevel' took 0.229
[2016.11.03-19.23.08:055][435]Cmd: OBJ SAVEPACKAGE PACKAGE="/Game/Blueprints/Card" FILE="../../../../../../Users/Brian/Documents/GitHub/quad-shaped-battle-objects/CardGameProject3/Content/Blueprints/Card.uasset" SILENT=true
[2016.11.03-19.23.08:172][435]LogSavePackage: Save=98.75ms
[2016.11.03-19.23.08:172][435]LogSavePackage: Moving '../../../../../../Users/Brian/Documents/GitHub/quad-shaped-battle-objects/CardGameProject3/Saved/Card68D1397F4928051F322DE9B718D802BE.tmp' to '../../../../../../Users/Brian/Documents/GitHub/quad-shaped-battle-objects/CardGameProject3/Content/Blueprints/Card.uasset'
[2016.11.03-19.23.08:177][435]LogSavePackage:Display: Finished SavePackage ../../../../../../Users/Brian/Documents/GitHub/quad-shaped-battle-objects/CardGameProject3/Content/Blueprints/Card.uasset
[2016.11.03-19.23.08:721][462]BlueprintLog: New page: Compile Card
[2016.11.03-19.23.11:920][568]LogEditorViewport: Clicking on Actor (LMB): StaticMeshActor (Cube)
[2016.11.03-19.24.06:400][288]LogEditorViewport: Clicking on Actor (LMB): StaticMeshActor (Floor)
[2016.11.03-19.31.30:159][445]LogSavePackage: Save=62.67ms
[2016.11.03-19.31.30:159][445]LogSavePackage: Moving '../../../../../../Users/Brian/Documents/GitHub/quad-shaped-battle-objects/CardGameProject3/Saved/BasicLevelA6ACDA654347081369145E943C76685E.tmp' to '../../../../../../Users/Brian/Documents/GitHub/quad-shaped-battle-objects/CardGameProject3/Content/Levels/BasicLevel.umap'
[2016.11.03-19.31.30:165][445]LogSavePackage:Display: Finished SavePackage ../../../../../../Users/Brian/Documents/GitHub/quad-shaped-battle-objects/CardGameProject3/Content/Levels/BasicLevel.umap
[2016.11.03-19.31.30:221][445]LogFileHelpers: Saving map 'BasicLevel' took 0.285
[2016.11.03-19.33.34:581][998]LogSavePackage: Save=11.95ms
[2016.11.03-19.33.34:581][998]LogSavePackage: Moving '../../../../../../Users/Brian/Documents/GitHub/quad-shaped-battle-objects/CardGameProject3/Saved/BattleCardGameMode7E8BD3724B87FE93338F72A4A91B9FE5.tmp' to '../../../../../../Users/Brian/Documents/GitHub/quad-shaped-battle-objects/CardGameProject3/Content/Blueprints/BattleCardGameMode.uasset'
[2016.11.03-19.33.34:585][998]LogSavePackage:Display: Finished SavePackage ../../../../../../Users/Brian/Documents/GitHub/quad-shaped-battle-objects/CardGameProject3/Content/Blueprints/BattleCardGameMode.uasset
[2016.11.03-19.33.34:629][998]LogSavePackage: Save=12.75ms
[2016.11.03-19.33.34:629][998]LogSavePackage: Moving '../../../../../../Users/Brian/Documents/GitHub/quad-shaped-battle-objects/CardGameProject3/Saved/BattleCardGameStateC8B9F7C347C3F046B90315BABB5510B7.tmp' to '../../../../../../Users/Brian/Documents/GitHub/quad-shaped-battle-objects/CardGameProject3/Content/Blueprints/BattleCardGameState.uasset'
[2016.11.03-19.33.34:635][998]LogSavePackage:Display: Finished SavePackage ../../../../../../Users/Brian/Documents/GitHub/quad-shaped-battle-objects/CardGameProject3/Content/Blueprints/BattleCardGameState.uasset
[2016.11.03-19.34.54:113][454]BlueprintLog: New page: Compile BattleCardGameState
[2016.11.03-19.36.52:933][550]LogSavePackage: Save=11.70ms
[2016.11.03-19.36.52:933][550]LogSavePackage: Moving '../../../../../../Users/Brian/Documents/GitHub/quad-shaped-battle-objects/CardGameProject3/Saved/BattleCardGameState152379D8452E1EA89AA200986AA922D1.tmp' to '../../../../../../Users/Brian/Documents/GitHub/quad-shaped-battle-objects/CardGameProject3/Content/Blueprints/BattleCardGameState.uasset'
[2016.11.03-19.36.52:937][550]LogSavePackage:Display: Finished SavePackage ../../../../../../Users/Brian/Documents/GitHub/quad-shaped-battle-objects/CardGameProject3/Content/Blueprints/BattleCardGameState.uasset
[2016.11.03-19.37.14:897][856]LogSavePackage: Save=11.73ms
[2016.11.03-19.37.14:897][856]LogSavePackage: Moving '../../../../../../Users/Brian/Documents/GitHub/quad-shaped-battle-objects/CardGameProject3/Saved/BattleCardGameStateD186ACBF4F71BC890D409D9B5967123A.tmp' to '../../../../../../Users/Brian/Documents/GitHub/quad-shaped-battle-objects/CardGameProject3/Content/Blueprints/BattleCardGameState.uasset'
[2016.11.03-19.37.14:901][856]LogSavePackage:Display: Finished SavePackage ../../../../../../Users/Brian/Documents/GitHub/quad-shaped-battle-objects/CardGameProject3/Content/Blueprints/BattleCardGameState.uasset
[2016.11.03-20.09.47:211][352]LogFileHelpers: Editor autosave (incl. sublevels) for '/Game/Levels/BasicLevel' took 0.054
[2016.11.03-20.09.47:213][352]OBJ SavePackage: Generating thumbnails for [1] asset(s) in package [/Game/Blueprints/Deck] ([1] browsable assets)...
[2016.11.03-20.09.47:307][352]OBJ SavePackage:     Rendered thumbnail for [Blueprint /Game/Blueprints/Deck.Deck]
[2016.11.03-20.09.47:307][352]OBJ SavePackage: Finished generating thumbnails for package [/Game/Blueprints/Deck]
[2016.11.03-20.09.47:349][352]LogSavePackage: Save=24.64ms
[2016.11.03-20.09.47:349][352]LogSavePackage: Moving '../../../../../../Users/Brian/Documents/GitHub/quad-shaped-battle-objects/CardGameProject3/Saved/Deck_Auto4D8E21A404D09F353A4E25C9828D46004.tmp' to '../../../../../../Users/Brian/Documents/GitHub/quad-shaped-battle-objects/CardGameProject3/Saved/Autosaves/Game/Blueprints/Deck_Auto4.uasset'
[2016.11.03-20.09.47:351][352]LogSavePackage:Display: Finished SavePackage ../../../../../../Users/Brian/Documents/GitHub/quad-shaped-battle-objects/CardGameProject3/Saved/Autosaves/Game/Blueprints/Deck_Auto4.uasset
[2016.11.03-20.09.47:351][352]LogFileHelpers: Auto-saving content packages took 0.139
[2016.11.03-20.16.24:112][688]Cmd: OBJ SAVEPACKAGE PACKAGE="/Game/Blueprints/Deck" FILE="../../../../../../Users/Brian/Documents/GitHub/quad-shaped-battle-objects/CardGameProject3/Content/Blueprints/Deck.uasset" SILENT=true
[2016.11.03-20.16.24:161][688]LogSavePackage: Save=22.64ms
[2016.11.03-20.16.24:161][688]LogSavePackage: Moving '../../../../../../Users/Brian/Documents/GitHub/quad-shaped-battle-objects/CardGameProject3/Saved/DeckC818E5774B8FC0A62E66F59AF03E9C34.tmp' to '../../../../../../Users/Brian/Documents/GitHub/quad-shaped-battle-objects/CardGameProject3/Content/Blueprints/Deck.uasset'
[2016.11.03-20.16.24:165][688]LogSavePackage:Display: Finished SavePackage ../../../../../../Users/Brian/Documents/GitHub/quad-shaped-battle-objects/CardGameProject3/Content/Blueprints/Deck.uasset
[2016.11.03-20.16.25:092][729]LogActorComponent: UnregisterComponent: (/Engine/Transient.EditorFloorComp) Not registered. Aborting.
[2016.11.03-20.16.25:146][729]LogActorComponent: UnregisterComponent: (/Engine/Transient.EditorFloorComp) Not registered. Aborting.
[2016.11.03-20.16.25:205][729]LogActorComponent: UnregisterComponent: (/Engine/Transient.EditorFloorComp) Not registered. Aborting.
[2016.11.03-20.16.25:257][729]LogWindowsTextInputMethodSystem:Display: IME system now deactivated.
[2016.11.03-20.16.25:455][730]Cmd: QUIT_EDITOR
[2016.11.03-20.16.25:516][730]LogExit: Preparing to exit.
[2016.11.03-20.16.25:929][730]LogDirectoryWatcher: A directory notification for 'C:/Users/Brian/Documents/GitHub/quad-shaped-battle-objects/CardGameProject3/Content/' was aborted.
[2016.11.03-20.16.25:968][730]LogExit: Editor shut down
[2016.11.03-20.16.25:969][730]LogExit: Transaction tracking system shut down
[2016.11.03-20.16.26:157][730]LogObj: Freed 0b from 0 cluster array pools.
[2016.11.03-20.16.26:157][730]LogExit: Object subsystem successfully closed.
[2016.11.03-20.16.26:173][730]LogD3D11RHI: Shutdown
[2016.11.03-20.16.26:173][730]LogD3D11RHI: CleanupD3DDevice
[2016.11.03-20.16.26:262][730]LogD3D11RHI: ~FD3D11DynamicRHI
[2016.11.03-20.16.26:282][730]LogModuleManager: Shutting down and abandoning module DataTableEditor (236)
[2016.11.03-20.16.26:282][730]LogModuleManager: Shutting down and abandoning module BlueprintGraph (235)
[2016.11.03-20.16.26:282][730]LogModuleManager: Shutting down and abandoning module BlueprintProfiler (234)
[2016.11.03-20.16.26:282][730]LogModuleManager: Shutting down and abandoning module HierarchicalLODOutliner (233)
[2016.11.03-20.16.26:282][730]LogModuleManager: Shutting down and abandoning module CrashTracker (232)
[2016.11.03-20.16.26:282][730]LogModuleManager: Shutting down and abandoning module SceneOutliner (231)
[2016.11.03-20.16.26:282][730]LogModuleManager: Shutting down and abandoning module WidgetCarousel (230)
[2016.11.03-20.16.26:282][730]LogModuleManager: Shutting down and abandoning module AddContentDialog (229)
[2016.11.03-20.16.26:282][730]LogDirectoryWatcher: A directory notification for 'C:/Program Files (x86)/Epic Games/4.13/FeaturePacks/' was aborted.
[2016.11.03-20.16.26:283][730]LogModuleManager: Shutting down and abandoning module GameplayTags (228)
[2016.11.03-20.16.26:283][730]LogModuleManager: Shutting down and abandoning module EditorWidgets (227)
[2016.11.03-20.16.26:283][730]LogModuleManager: Shutting down and abandoning module CollectionManager (226)
[2016.11.03-20.16.26:283][730]LogDirectoryWatcher: A directory notification for 'C:/Users/Brian/Documents/GitHub/quad-shaped-battle-objects/CardGameProject3/Content/Collections/' was aborted.
[2016.11.03-20.16.26:283][730]LogDirectoryWatcher: A directory notification for 'C:/Users/Brian/Documents/GitHub/quad-shaped-battle-objects/CardGameProject3/Content/Developers/Brian/Collections/' was aborted.
[2016.11.03-20.16.26:283][730]LogDirectoryWatcher: A directory notification for 'C:/Users/Brian/Documents/GitHub/quad-shaped-battle-objects/CardGameProject3/Saved/Collections/' was aborted.
[2016.11.03-20.16.26:283][730]LogModuleManager: Shutting down and abandoning module StatsViewer (225)
[2016.11.03-20.16.26:284][730]LogModuleManager: Shutting down and abandoning module FoliageEdit (224)
[2016.11.03-20.16.26:284][730]LogModuleManager: Shutting down and abandoning module LandscapeEditor (223)
[2016.11.03-20.16.26:284][730]LogModuleManager: Shutting down and abandoning module SceneDepthPickerMode (222)
[2016.11.03-20.16.26:284][730]LogModuleManager: Shutting down and abandoning module ActorPickerMode (221)
[2016.11.03-20.16.26:284][730]LogModuleManager: Shutting down and abandoning module GeometryMode (220)
[2016.11.03-20.16.26:284][730]LogModuleManager: Shutting down and abandoning module TextureAlignMode (219)
[2016.11.03-20.16.26:284][730]LogModuleManager: Shutting down and abandoning module BspMode (218)
[2016.11.03-20.16.26:284][730]LogModuleManager: Shutting down and abandoning module HardwareSurvey (217)
[2016.11.03-20.16.26:284][730]LogModuleManager: Shutting down and abandoning module SequenceRecorderSections (216)
[2016.11.03-20.16.26:284][730]LogModuleManager: Shutting down and abandoning module SequenceRecorder (215)
[2016.11.03-20.16.26:284][730]LogModuleManager: Shutting down and abandoning module AutomationWorker (214)
[2016.11.03-20.16.26:284][730]LogModuleManager: Shutting down and abandoning module MatineeToLevelSequence (213)
[2016.11.03-20.16.26:284][730]LogModuleManager: Shutting down and abandoning module PlacementMode (212)
[2016.11.03-20.16.26:284][730]LogModuleManager: Shutting down and abandoning module LevelSequenceEditor (211)
[2016.11.03-20.16.26:284][730]LogModuleManager: Shutting down and abandoning module WmfMediaFactory (210)
[2016.11.03-20.16.26:284][730]LogModuleManager: Shutting down and abandoning module WmfMediaEditor (209)
[2016.11.03-20.16.26:284][730]LogModuleManager: Shutting down and abandoning module AvfMediaFactory (208)
[2016.11.03-20.16.26:284][730]LogModuleManager: Shutting down and abandoning module AvfMediaEditor (207)
[2016.11.03-20.16.26:284][730]LogModuleManager: Shutting down and abandoning module Media (206)
[2016.11.03-20.16.26:284][730]LogModuleManager: Shutting down and abandoning module AndroidMediaFactory (205)
[2016.11.03-20.16.26:284][730]LogModuleManager: Shutting down and abandoning module AndroidMediaEditor (204)
[2016.11.03-20.16.26:284][730]LogModuleManager: Shutting down and abandoning module CharacterAI (203)
[2016.11.03-20.16.26:284][730]LogModuleManager: Shutting down and abandoning module SmartSnapping (202)
[2016.11.03-20.16.26:284][730]LogModuleManager: Shutting down and abandoning module SessionServices (201)
[2016.11.03-20.16.26:284][730]LogModuleManager: Shutting down and abandoning module ViewportSnapping (200)
[2016.11.03-20.16.26:284][730]LogModuleManager: Shutting down and abandoning module ViewportInteraction (199)
[2016.11.03-20.16.26:284][730]LogModuleManager: Shutting down and abandoning module LogVisualizer (198)
[2016.11.03-20.16.26:285][730]LogModuleManager: Shutting down and abandoning module GameProjectGeneration (197)
[2016.11.03-20.16.26:285][730]LogModuleManager: Shutting down and abandoning module IntroTutorials (196)
[2016.11.03-20.16.26:285][730]LogModuleManager: Shutting down and abandoning module EditorLiveStreaming (195)
[2016.11.03-20.16.26:285][730]LogModuleManager: Shutting down and abandoning module IOSPlatformEditor (194)
[2016.11.03-20.16.26:285][730]LogModuleManager: Shutting down and abandoning module HTML5PlatformEditor (193)
[2016.11.03-20.16.26:285][730]LogModuleManager: Shutting down and abandoning module AndroidDeviceDetection (192)
[2016.11.03-20.16.26:708][730]LogModuleManager: Shutting down and abandoning module AndroidPlatformEditor (191)
[2016.11.03-20.16.26:708][730]LogModuleManager: Shutting down and abandoning module IOSRuntimeSettings (190)
[2016.11.03-20.16.26:708][730]LogModuleManager: Shutting down and abandoning module AndroidRuntimeSettings (189)
[2016.11.03-20.16.26:708][730]LogModuleManager: Shutting down and abandoning module NiagaraEditor (188)
[2016.11.03-20.16.26:708][730]LogModuleManager: Shutting down and abandoning module MergeActors (187)
[2016.11.03-20.16.26:708][730]LogModuleManager: Shutting down and abandoning module SizeMap (186)
[2016.11.03-20.16.26:708][730]LogModuleManager: Shutting down and abandoning module TreeMap (185)
[2016.11.03-20.16.26:708][730]LogModuleManager: Shutting down and abandoning module ReferenceViewer (184)
[2016.11.03-20.16.26:708][730]LogModuleManager: Shutting down and abandoning module LocalizationService (183)
[2016.11.03-20.16.26:708][730]LogModuleManager: Shutting down and abandoning module LocalizationDashboard (182)
[2016.11.03-20.16.26:708][730]LogModuleManager: Shutting down and abandoning module HardwareTargeting (181)
[2016.11.03-20.16.26:708][730]LogModuleManager: Shutting down and abandoning module DeviceProfileEditor (180)
[2016.11.03-20.16.26:708][730]LogModuleManager: Shutting down and abandoning module UndoHistory (179)
[2016.11.03-20.16.26:708][730]LogModuleManager: Shutting down and abandoning module UserFeedback (178)
[2016.11.03-20.16.26:708][730]LogModuleManager: Shutting down and abandoning module XmlParser (177)
[2016.11.03-20.16.26:708][730]LogModuleManager: Shutting down and abandoning module Blutility (176)
[2016.11.03-20.16.26:708][730]LogModuleManager: Shutting down and abandoning module ProjectTargetPlatformEditor (175)
[2016.11.03-20.16.26:709][730]LogModuleManager: Shutting down and abandoning module ProjectSettingsViewer (174)
[2016.11.03-20.16.26:709][730]LogModuleManager: Shutting down and abandoning module InputBindingEditor (173)
[2016.11.03-20.16.26:709][730]LogModuleManager: Shutting down and abandoning module EditorSettingsViewer (172)
[2016.11.03-20.16.26:709][730]LogModuleManager: Shutting down and abandoning module SettingsEditor (171)
[2016.11.03-20.16.26:709][730]LogModuleManager: Shutting down and abandoning module ProjectLauncher (170)
[2016.11.03-20.16.26:709][730]LogModuleManager: Shutting down and abandoning module SessionFrontend (169)
[2016.11.03-20.16.26:709][730]LogModuleManager: Shutting down and abandoning module ProfilerClient (168)
[2016.11.03-20.16.26:709][730]LogModuleManager: Shutting down and abandoning module TargetDeviceServices (167)
[2016.11.03-20.16.26:709][730]LogModuleManager: Shutting down and abandoning module DeviceManager (166)
[2016.11.03-20.16.26:753][730]LogModuleManager: Shutting down and abandoning module AutomationController (165)
[2016.11.03-20.16.26:753][730]LogModuleManager: Shutting down and abandoning module AutomationWindow (164)
[2016.11.03-20.16.26:753][730]LogModuleManager: Shutting down and abandoning module Layers (163)
[2016.11.03-20.16.26:753][730]LogModuleManager: Shutting down and abandoning module ComponentVisualizers (162)
[2016.11.03-20.16.26:753][730]LogModuleManager: Shutting down and abandoning module DetailCustomizations (161)
[2016.11.03-20.16.26:753][730]LogModuleManager: Shutting down and abandoning module PackagesDialog (160)
[2016.11.03-20.16.26:753][730]LogModuleManager: Shutting down and abandoning module AnimGraph (159)
[2016.11.03-20.16.26:753][730]LogModuleManager: Shutting down and abandoning module Persona (158)
[2016.11.03-20.16.26:753][730]LogModuleManager: Shutting down and abandoning module Kismet (157)
[2016.11.03-20.16.26:759][730]LogModuleManager: Shutting down and abandoning module GraphEditor (156)
[2016.11.03-20.16.26:759][730]LogModuleManager: Shutting down and abandoning module ClassViewer (155)
[2016.11.03-20.16.26:760][730]LogModuleManager: Shutting down and abandoning module Toolbox (154)
[2016.11.03-20.16.26:760][730]LogModuleManager: Shutting down and abandoning module ModuleUI (153)
[2016.11.03-20.16.26:760][730]LogModuleManager: Shutting down and abandoning module MovieSceneTools (152)
[2016.11.03-20.16.26:760][730]LogModuleManager: Shutting down and abandoning module OutputLog (151)
[2016.11.03-20.16.26:760][730]LogModuleManager: Shutting down and abandoning module GammaUI (150)
[2016.11.03-20.16.26:760][730]LogModuleManager: Shutting down and abandoning module Documentation (149)
[2016.11.03-20.16.26:761][730]LogModuleManager: Shutting down and abandoning module Niagara (148)
[2016.11.03-20.16.26:761][730]LogModuleManager: Shutting down and abandoning module StreamingPauseRendering (147)
[2016.11.03-20.16.26:761][730]LogModuleManager: Shutting down and abandoning module AnalyticsET (146)
[2016.11.03-20.16.26:761][730]LogModuleManager: Shutting down and abandoning module PortalServices (145)
[2016.11.03-20.16.26:761][730]LogModuleManager: Shutting down and abandoning module PortalRpc (144)
[2016.11.03-20.16.26:761][730]LogModuleManager: Shutting down and abandoning module MessagingRpc (143)
[2016.11.03-20.16.26:761][730]LogModuleManager: Shutting down and abandoning module GameplayDebugger (142)
[2016.11.03-20.16.26:761][730]LogModuleManager: Shutting down and abandoning module AITestSuite (141)
[2016.11.03-20.16.26:761][730]LogModuleManager: Shutting down and abandoning module AIModule (140)
[2016.11.03-20.16.26:761][730]LogModuleManager: Shutting down and abandoning module ProfilerService (139)
[2016.11.03-20.16.26:907][730]LogModuleManager: Shutting down and abandoning module TaskGraph (138)
[2016.11.03-20.16.26:907][730]LogModuleManager: Shutting down and abandoning module SlateRemote (137)
[2016.11.03-20.16.26:908][730]LogModuleManager: Shutting down and abandoning module SteamVRController (136)
[2016.11.03-20.16.26:908][730]LogModuleManager: Shutting down and abandoning module SteamVR (135)
[2016.11.03-20.16.26:908][730]LogModuleManager: Shutting down and abandoning module ProceduralMeshComponentEditor (134)
[2016.11.03-20.16.26:908][730]LogModuleManager: Shutting down and abandoning module ProceduralMeshComponent (133)
[2016.11.03-20.16.26:908][730]LogModuleManager: Shutting down and abandoning module OculusLibrary (132)
[2016.11.03-20.16.26:908][730]LogModuleManager: Shutting down and abandoning module OculusInput (131)
[2016.11.03-20.16.26:908][730]LogModuleManager: Shutting down and abandoning module CustomMeshComponent (130)
[2016.11.03-20.16.26:908][730]LogModuleManager: Shutting down and abandoning module CableComponent (129)
[2016.11.03-20.16.26:908][730]LogModuleManager: Shutting down and abandoning module ArchVisCharacter (128)
[2016.11.03-20.16.26:908][730]LogModuleManager: Shutting down and abandoning module MediaPlayerEditor (126)
[2016.11.03-20.16.26:908][730]LogModuleManager: Shutting down and abandoning module HTML5Networking (125)
[2016.11.03-20.16.26:908][730]LogModuleManager: Shutting down and abandoning module GeometryCacheEd (124)
[2016.11.03-20.16.26:908][730]LogModuleManager: Shutting down and abandoning module GeometryCache (123)
[2016.11.03-20.16.26:908][730]LogModuleManager: Shutting down and abandoning module AlembicLibrary (122)
[2016.11.03-20.16.26:908][730]LogModuleManager: Shutting down and abandoning module AlembicImporter (121)
[2016.11.03-20.16.26:908][730]LogModuleManager: Shutting down and abandoning module SuperSearch (120)
[2016.11.03-20.16.26:908][730]LogModuleManager: Shutting down and abandoning module SuperSearchEditor (119)
[2016.11.03-20.16.26:908][730]LogModuleManager: Shutting down and abandoning module SpeedTreeImporter (118)
[2016.11.03-20.16.26:908][730]LogModuleManager: Shutting down and abandoning module PluginBrowser (117)
[2016.11.03-20.16.26:908][730]LogModuleManager: Shutting down and abandoning module MobileLauncherProfileWizard (116)
[2016.11.03-20.16.26:908][730]LogModuleManager: Shutting down and abandoning module EpicSurvey (115)
[2016.11.03-20.16.26:908][730]LogModuleManager: Shutting down and abandoning module DesktopPlatform (114)
[2016.11.03-20.16.26:908][730]LogModuleManager: Shutting down and abandoning module VisualStudioSourceCodeAccess (113)
[2016.11.03-20.16.26:908][730]LogModuleManager: Shutting down and abandoning module UObjectPlugin (112)
[2016.11.03-20.16.26:908][730]LogModuleManager: Shutting down and abandoning module SubversionSourceControl (111)
[2016.11.03-20.16.26:908][730]LogModuleManager: Shutting down and abandoning module PerforceSourceControl (110)
[2016.11.03-20.16.26:908][730]LogModuleManager: Shutting down and abandoning module SourceControl (109)
[2016.11.03-20.16.26:908][730]LogModuleManager: Shutting down and abandoning module GitSourceControl (108)
[2016.11.03-20.16.26:908][730]LogModuleManager: Shutting down and abandoning module LightPropagationVolumeEditor (107)
[2016.11.03-20.16.26:908][730]LogModuleManager: Shutting down and abandoning module PaperTiledImporter (106)
[2016.11.03-20.16.26:908][730]LogModuleManager: Shutting down and abandoning module PaperSpriteSheetImporter (105)
[2016.11.03-20.16.26:908][730]LogModuleManager: Shutting down and abandoning module MeshPaint (104)
[2016.11.03-20.16.26:908][730]LogModuleManager: Shutting down and abandoning module FbxAutomationBuilderModule (103)
[2016.11.03-20.16.26:908][730]LogModuleManager: Shutting down and abandoning module PixelInspectorModule (102)
[2016.11.03-20.16.26:908][730]LogModuleManager: Shutting down and abandoning module HotReload (101)
[2016.11.03-20.16.26:909][730]LogModuleManager: Shutting down and abandoning module MainFrame (100)
[2016.11.03-20.16.26:909][730]LogModuleManager: Shutting down and abandoning module LevelEditor (99)
[2016.11.03-20.16.26:909][730]LogModuleManager: Shutting down and abandoning module ContentBrowser (98)
[2016.11.03-20.16.26:910][730]LogModuleManager: Shutting down and abandoning module Paper2DEditor (97)
[2016.11.03-20.16.26:910][730]LogModuleManager: Shutting down and abandoning module UdpMessaging (96)
[2016.11.03-20.16.27:011][730]LogModuleManager: Shutting down and abandoning module TcpMessaging (95)
[2016.11.03-20.16.27:112][730]LogModuleManager: Shutting down and abandoning module LightPropagationVolumeRuntime (94)
[2016.11.03-20.16.27:112][730]LogModuleManager: Shutting down and abandoning module Paper2D (93)
[2016.11.03-20.16.27:112][730]LogModuleManager: Shutting down and abandoning module WindowsMoviePlayer (92)
[2016.11.03-20.16.27:112][730]LogModuleManager: Shutting down and abandoning module WmfMedia (91)
[2016.11.03-20.16.27:112][730]LogModuleManager: Shutting down and abandoning module MediaAssets (90)
[2016.11.03-20.16.27:112][730]LogModuleManager: Shutting down and abandoning module GameLiveStreaming (89)
[2016.11.03-20.16.27:112][730]LogModuleManager: Shutting down and abandoning module GameplayTagsEditor (88)
[2016.11.03-20.16.27:112][730]LogModuleManager: Shutting down and abandoning module VREditor (87)
[2016.11.03-20.16.27:112][730]LogModuleManager: Shutting down and abandoning module GameplayTasksEditor (86)
[2016.11.03-20.16.27:112][730]LogModuleManager: Shutting down and abandoning module PropertyEditor (85)
[2016.11.03-20.16.27:112][730]LogModuleManager: Shutting down and abandoning module BehaviorTreeEditor (84)
[2016.11.03-20.16.27:112][730]LogModuleManager: Shutting down and abandoning module FunctionalTesting (83)
[2016.11.03-20.16.27:112][730]LogModuleManager: Shutting down and abandoning module CollisionAnalyzer (82)
[2016.11.03-20.16.27:112][730]LogModuleManager: Shutting down and abandoning module Sequencer (81)
[2016.11.03-20.16.27:112][730]LogModuleManager: Shutting down and abandoning module WorkspaceMenuStructure (80)
[2016.11.03-20.16.27:112][730]LogModuleManager: Shutting down and abandoning module MessageLog (79)
[2016.11.03-20.16.27:112][730]LogModuleManager: Shutting down and abandoning module AssetTools (78)
[2016.11.03-20.16.27:112][730]LogModuleManager: Shutting down and abandoning module UMGEditor (77)
[2016.11.03-20.16.27:112][730]LogModuleManager: Shutting down and abandoning module UMG (76)
[2016.11.03-20.16.27:112][730]LogModuleManager: Shutting down and abandoning module SlateReflector (75)
[2016.11.03-20.16.27:112][730]LogModuleManager: Shutting down and abandoning module Slate (74)
[2016.11.03-20.16.27:112][730]LogModuleManager: Shutting down and abandoning module EditorStyle (73)
[2016.11.03-20.16.27:115][730]LogModuleManager: Shutting down and abandoning module SourceCodeAccess (72)
[2016.11.03-20.16.27:115][730]LogModuleManager: Shutting down and abandoning module HeadMountedDisplay (71)
[2016.11.03-20.16.27:115][730]LogModuleManager: Shutting down and abandoning module XAudio2 (70)
[2016.11.03-20.16.27:115][730]LogModuleManager: Shutting down and abandoning module Networking (68)
[2016.11.03-20.16.27:115][730]LogModuleManager: Shutting down and abandoning module Core (67)
[2016.11.03-20.16.27:115][730]LogModuleManager: Shutting down and abandoning module DirectoryWatcher (66)
[2016.11.03-20.16.27:116][730]LogDirectoryWatcher: A directory notification for '../../../Engine/Content/' was aborted.
[2016.11.03-20.16.27:116][730]LogDirectoryWatcher: A directory notification for '../../../../../../Users/Brian/Documents/GitHub/quad-shaped-battle-objects/CardGameProject3/Content/' was aborted.
[2016.11.03-20.16.27:116][730]LogDirectoryWatcher: A directory notification for '../../../Engine/Plugins/2D/Paper2D/Content/' was aborted.
[2016.11.03-20.16.27:116][730]LogModuleManager: Shutting down and abandoning module AssetRegistry (65)
[2016.11.03-20.16.27:187][730]LogModuleManager: Shutting down and abandoning module KismetCompiler (64)
[2016.11.03-20.16.27:187][730]LogModuleManager: Shutting down and abandoning module PhysXFormats (63)
[2016.11.03-20.16.27:187][730]LogModuleManager: Shutting down and abandoning module MeshUtilities (62)
[2016.11.03-20.16.27:187][730]LogModuleManager: Shutting down and abandoning module DerivedDataCache (61)
[2016.11.03-20.16.27:261][730]LogDerivedDataCache: Shutdown
[2016.11.03-20.16.27:261][730]LogModuleManager: Shutting down and abandoning module VulkanShaderFormat (60)
[2016.11.03-20.16.27:261][730]LogModuleManager: Shutting down and abandoning module ShaderFormatOpenGL (59)
[2016.11.03-20.16.27:261][730]LogModuleManager: Shutting down and abandoning module ShaderFormatD3D (58)
[2016.11.03-20.16.27:261][730]LogModuleManager: Shutting down and abandoning module MetalShaderFormat (57)
[2016.11.03-20.16.27:261][730]LogModuleManager: Shutting down and abandoning module TextureFormatUncompressed (56)
[2016.11.03-20.16.27:261][730]LogModuleManager: Shutting down and abandoning module TextureFormatPVR (55)
[2016.11.03-20.16.27:261][730]LogModuleManager: Shutting down and abandoning module TextureFormatDXT (54)
[2016.11.03-20.16.27:261][730]LogModuleManager: Shutting down and abandoning module TextureFormatIntelISPCTexComp (53)
[2016.11.03-20.16.27:262][730]LogModuleManager: Shutting down and abandoning module ImageWrapper (52)
[2016.11.03-20.16.27:262][730]LogModuleManager: Shutting down and abandoning module TextureFormatASTC (51)
[2016.11.03-20.16.27:262][730]LogModuleManager: Shutting down and abandoning module TextureFormatAndroid (50)
[2016.11.03-20.16.27:262][730]LogModuleManager: Shutting down and abandoning module AudioFormatOpus (49)
[2016.11.03-20.16.27:262][730]LogModuleManager: Shutting down and abandoning module AudioFormatOgg (48)
[2016.11.03-20.16.27:262][730]LogModuleManager: Shutting down and abandoning module AudioFormatADPCM (47)
[2016.11.03-20.16.27:262][730]LogModuleManager: Shutting down and abandoning module LinuxTargetPlatform (46)
[2016.11.03-20.16.27:262][730]LogModuleManager: Shutting down and abandoning module LinuxServerTargetPlatform (45)
[2016.11.03-20.16.27:262][730]LogModuleManager: Shutting down and abandoning module LinuxNoEditorTargetPlatform (44)
[2016.11.03-20.16.27:262][730]LogModuleManager: Shutting down and abandoning module LinuxClientTargetPlatform (43)
[2016.11.03-20.16.27:262][730]LogModuleManager: Shutting down and abandoning module TVOSTargetPlatform (42)
[2016.11.03-20.16.27:262][730]LogModuleManager: Shutting down and abandoning module Messaging (41)
[2016.11.03-20.16.27:262][730]LogModuleManager: Shutting down and abandoning module IOSTargetPlatform (40)
[2016.11.03-20.16.27:262][730]LogModuleManager: Shutting down and abandoning module HTML5TargetPlatform (39)
[2016.11.03-20.16.27:262][730]LogModuleManager: Shutting down and abandoning module Android_PVRTCTargetPlatform (38)
[2016.11.03-20.16.27:262][730]LogModuleManager: Shutting down and abandoning module Android_MultiTargetPlatform (37)
[2016.11.03-20.16.27:262][730]LogModuleManager: Shutting down and abandoning module Android_ETC2TargetPlatform (36)
[2016.11.03-20.16.27:262][730]LogModuleManager: Shutting down and abandoning module Android_ETC1TargetPlatform (35)
[2016.11.03-20.16.27:262][730]LogModuleManager: Shutting down and abandoning module Android_DXTTargetPlatform (34)
[2016.11.03-20.16.27:262][730]LogModuleManager: Shutting down and abandoning module Android_ATCTargetPlatform (33)
[2016.11.03-20.16.27:262][730]LogModuleManager: Shutting down and abandoning module Android_ASTCTargetPlatform (32)
[2016.11.03-20.16.27:262][730]LogModuleManager: Shutting down and abandoning module AndroidTargetPlatform (31)
[2016.11.03-20.16.27:262][730]LogModuleManager: Shutting down and abandoning module WindowsTargetPlatform (30)
[2016.11.03-20.16.27:262][730]LogModuleManager: Shutting down and abandoning module WindowsServerTargetPlatform (29)
[2016.11.03-20.16.27:262][730]LogModuleManager: Shutting down and abandoning module WindowsNoEditorTargetPlatform (28)
[2016.11.03-20.16.27:262][730]LogModuleManager: Shutting down and abandoning module WindowsClientTargetPlatform (27)
[2016.11.03-20.16.27:262][730]LogModuleManager: Shutting down and abandoning module AllDesktopTargetPlatform (26)
[2016.11.03-20.16.27:262][730]LogModuleManager: Shutting down and abandoning module TargetPlatform (25)
[2016.11.03-20.16.27:262][730]LogModuleManager: Shutting down and abandoning module InputCore (24)
[2016.11.03-20.16.27:262][730]LogModuleManager: Shutting down and abandoning module Settings (23)
[2016.11.03-20.16.27:262][730]LogModuleManager: Shutting down and abandoning module OculusRift (22)
[2016.11.03-20.16.27:262][730]LogModuleManager: Shutting down and abandoning module GearVR (21)
[2016.11.03-20.16.27:262][730]LogModuleManager: Shutting down and abandoning module ExampleDeviceProfileSelector (20)
[2016.11.03-20.16.27:262][730]LogModuleManager: Shutting down and abandoning module OnlineBlueprintSupport (19)
[2016.11.03-20.16.27:262][730]LogModuleManager: Shutting down and abandoning module OnlineSubsystem (17)
[2016.11.03-20.16.27:262][730]LogOnline:Display: Unloading online subsystem: NULL
[2016.11.03-20.16.27:262][730]LogModuleManager: Shutting down and abandoning module HTTP (16)
[2016.11.03-20.16.27:262][730]LogHttp:Display: Http module shutting down, but needs to wait on 2 outstanding Http requests:
[2016.11.03-20.16.27:262][730]LogHttp:Display: 	verb=[POST] url=[https://datarouter.ol.epicgames.com/datarouter/api/v1/public/data?SessionID=%7BC941B16E-4D4E-DD3F-31B5-92B48B08BE2E%7D&AppID=UEEditor.Rocket.Release&AppVersion=4.13.2-3172292%2B%2B%2BUE4%2BRelease-4.13&UserID=622d6cc84c757446e01d25b6259f4ae3%7C0088da38c4fe4f999d6f0e52c41d2185%7C0f0e893d-46e4-44f8-bd74-7f933f7c90a3&AppEnvironment=datacollector-binary&UploadType=eteventstream] status=Processing
[2016.11.03-20.16.27:262][730]LogHttp:Display: 	verb=[POST] url=[https://datarouter.ol.epicgames.com/datarouter/api/v1/public/data?SessionID=%7BC941B16E-4D4E-DD3F-31B5-92B48B08BE2E%7D&AppID=UEEditor.Rocket.Release&AppVersion=4.13.2-3172292%2B%2B%2BUE4%2BRelease-4.13&UserID=622d6cc84c757446e01d25b6259f4ae3%7C0088da38c4fe4f999d6f0e52c41d2185%7C0f0e893d-46e4-44f8-bd74-7f933f7c90a3&AppEnvironment=datacollector-binary&UploadType=eteventstream] status=Processing
[2016.11.03-20.16.27:279][730]LogModuleManager: Shutting down and abandoning module XMPP (15)
[2016.11.03-20.16.27:279][730]LogModuleManager: Shutting down and abandoning module TextureCompressor (14)
[2016.11.03-20.16.27:279][730]LogModuleManager: Shutting down and abandoning module ShaderCore (13)
[2016.11.03-20.16.27:279][730]LogModuleManager: Shutting down and abandoning module Landscape (12)
[2016.11.03-20.16.27:279][730]LogModuleManager: Shutting down and abandoning module SlateRHIRenderer (11)
[2016.11.03-20.16.27:283][730]LogModuleManager: Shutting down and abandoning module OpenGLDrv (10)
[2016.11.03-20.16.27:283][730]LogModuleManager: Shutting down and abandoning module D3D11RHI (9)
[2016.11.03-20.16.27:283][730]LogModuleManager: Shutting down and abandoning module AnimGraphRuntime (8)
[2016.11.03-20.16.27:283][730]LogModuleManager: Shutting down and abandoning module Renderer (7)
[2016.11.03-20.16.27:283][730]LogModuleManager: Shutting down and abandoning module Engine (6)
[2016.11.03-20.16.27:283][730]LogModuleManager: Shutting down and abandoning module CoreUObject (5)
[2016.11.03-20.16.27:283][730]LogModuleManager: Shutting down and abandoning module NetworkFile (4)
[2016.11.03-20.16.27:283][730]LogModuleManager: Shutting down and abandoning module StreamingFile (3)
[2016.11.03-20.16.27:283][730]LogModuleManager: Shutting down and abandoning module SandboxFile (2)
[2016.11.03-20.16.27:283][730]LogModuleManager: Shutting down and abandoning module PakFile (1)
[2016.11.03-20.16.27:284][730]LogExit: Exiting.
[2016.11.03-20.16.27:286][730]Log file closed, 11/03/16 16:16:27
