"../../../Engine/Content/Functions/Engine_MaterialFunctions01/Shading/PowerToRoughness.uasset" 0
"../../../Engine/Content/Functions/Engine_MaterialFunctions01/Shading/ConvertFromDiffSpec.uasset" 1
"../../../Engine/Content/EngineMaterials/DefaultDiffuse.uasset" 2
"../../../Engine/Content/EngineMaterials/DefaultDeferredDecalMaterial.uasset" 3
"../../../Engine/Content/EngineMaterials/DefaultLightFunctionMaterial.uasset" 4
"../../../Engine/Content/Functions/Engine_MaterialFunctions02/Utility/BreakOutFloat2Components.uasset" 5
"../../../Engine/Content/EngineMaterials/DefaultPostProcessMaterial.uasset" 6
"../../../Engine/Content/EditorMaterials/Camera/CineMat.uasset" 7
"../../../Engine/Content/EditorMaterials/Camera/MI_CineMat_Rig.uasset" 8
"../../../Engine/Content/EditorMeshes/Camera/SM_CraneRig_Base.uasset" 9
"../../../Engine/Content/EditorMeshes/Camera/SM_CraneRig_Arm.uasset" 10
"../../../Engine/Content/EditorMeshes/Camera/SM_CraneRig_Mount.uasset" 11
"../../../Engine/Content/EditorMeshes/Camera/SM_CraneRig_Body.uasset" 12
"../../../Engine/Content/EditorMeshes/Camera/SM_RailRig_Track.uasset" 13
"../../../Engine/Content/EditorMeshes/Camera/SM_RailRig_Mount.uasset" 14
"../../../Engine/Content/EngineResources/AICON-Red.uasset" 15
"../../../Engine/Content/EngineResources/AICON-Green.uasset" 16
"../../../Engine/Content/EngineFonts/Roboto.uasset" 17
"../../../Engine/Content/EngineResources/DefaultTexture.uasset" 18
"../../../Engine/Content/Functions/Engine_MaterialFunctions01/Texturing/ScaleUVsByCenter.uasset" 19
"../../../Engine/Content/Functions/Engine_MaterialFunctions02/ScreenResolution.uasset" 20
"../../../Engine/Content/Functions/Engine_MaterialFunctions02/Texturing/ScreenAlignedUVs.uasset" 21
"../../../Engine/Content/EngineResources/WhiteSquareTexture.uasset" 22
"../../../Engine/Content/EngineMaterials/Widget3DPassThrough.uasset" 23
"../../../Engine/Content/EngineMaterials/Widget3DPassThrough_Translucent.uasset" 24
"../../../Engine/Content/EngineMaterials/Widget3DPassThrough_Translucent_OneSided.uasset" 25
"../../../Engine/Content/EngineMaterials/Widget3DPassThrough_Opaque.uasset" 26
"../../../Engine/Content/EngineMaterials/Widget3DPassThrough_Opaque_OneSided.uasset" 27
"../../../Engine/Content/EngineMaterials/Widget3DPassThrough_Masked.uasset" 28
"../../../Engine/Content/EngineMaterials/Widget3DPassThrough_Masked_OneSided.uasset" 29
"../../../Engine/Content/EditorResources/S_Actor.uasset" 30
"../../../Engine/Content/EditorMaterials/AssetViewer/EpicQuadPanorama_CC+EV1.uasset" 31
"../../../Engine/Content/EditorResources/RGBTable16x1_AssetViewer.uasset" 32
"../../../Engine/Content/Maps/Templates/Thumbnails/Default.uasset" 33
"../../../Engine/Content/Maps/Templates/Thumbnails/VR-Basic.uasset" 34
"../../../Engine/Content/EditorMaterials/ParticleSystems/PSysThumbnail_NoImage.uasset" 35
"../../../Engine/Content/EditorMaterials/ParticleSystems/PSysThumbnail_OOD.uasset" 36
"../../../Engine/Content/EditorLandscapeResources/DataLayer.uasset" 37
"../../../Engine/Content/EngineDamageTypes/DmgTypeBP_Environmental.uasset" 38
"../../../Engine/Content/EngineMeshes/Sphere.uasset" 39
"../../../Engine/Content/EngineFonts/RobotoDistanceField.uasset" 40
"../../../Engine/Content/EngineMaterials/DefaultTextMaterialOpaque.uasset" 41
"../../../Engine/Content/EditorResources/S_Trigger.uasset" 42
"../../../Engine/Content/EngineResources/GradientTexture0.uasset" 43
"../../../Engine/Content/EngineResources/Black.uasset" 44
"../../../Engine/Content/EditorMaterials/MatineeGroups/MAT_Groups_Float.uasset" 45
"../../../Engine/Content/EditorMaterials/MatineeGroups/MAT_Groups_Director.uasset" 46
"../../../Engine/Content/EditorMaterials/MatineeGroups/MAT_Groups_Event.uasset" 47
"../../../Engine/Content/EditorMaterials/MatineeGroups/MAT_Groups_Anim.uasset" 48
"../../../Engine/Content/EditorMaterials/MatineeGroups/MAT_Groups_Fade.uasset" 49
"../../../Engine/Content/EditorMaterials/MatineeGroups/MAT_Groups_Move.uasset" 50
"../../../Engine/Content/EditorMaterials/MatineeGroups/MAT_Groups_Slomo.uasset" 51
"../../../Engine/Content/EditorMaterials/MatineeGroups/MAT_ColorTrack.uasset" 52
"../../../Engine/Content/EditorMaterials/MAT_Groups_Toggle.uasset" 53
"../../../Engine/Content/EditorMaterials/MatineeGroups/MAT_Groups_AudioMaster.uasset" 54
"../../../Engine/Content/EditorMaterials/MatineeGroups/MAT_Groups_Sound.uasset" 55
"../../../Engine/Content/EditorMaterials/MatineeGroups/MAT_Groups_Vector.uasset" 56
"../../../Engine/Content/EditorMaterials/MAT_Groups_Visibility.uasset" 57
"../../../Engine/Content/EngineResources/DefaultTextureCube.uasset" 58
"../../../Engine/Content/Functions/Engine_MaterialFunctions01/Opacity/CameraDepthFade.uasset" 59
"../../../Engine/Content/EngineMaterials/T_Default_Material_Grid_M.uasset" 60
"../../../Engine/Content/EngineMaterials/T_Default_Material_Grid_N.uasset" 61
"../../../Engine/Content/EngineMaterials/DefaultMaterial.uasset" 62
"../../../Engine/Content/EngineMeshes/Cylinder.uasset" 63
"../../../Engine/Content/EngineTireTypes/DefaultTireType.uasset" 64
"../../../Engine/Content/VREditor/LaserPointer/VR_LaserPower_01.uasset" 65
"../../../Engine/Content/VREditor/TransformGizmo/TransformGizmoMaterial.uasset" 66
"../../../Engine/Content/VREditor/TransformGizmo/TranslucentTransformGizmoMaterial.uasset" 67
"../../../Engine/Content/VREditor/TransformGizmo/UniformScaleHandle.uasset" 68
"../../../Engine/Content/VREditor/TransformGizmo/TranslateHandleLong.uasset" 69
"../../../Engine/Content/VREditor/TransformGizmo/PlaneTranslationHandle.uasset" 70
"../../../Engine/Content/VREditor/TransformGizmo/RotationHandleFull.uasset" 71
"../../../Engine/Content/VREditor/TransformGizmo/StretchingHandle.uasset" 72
"../../../Engine/Content/VREditor/TransformGizmo/BoundingBoxCorner.uasset" 73
"../../../Engine/Content/VREditor/TransformGizmo/BoundingBoxEdge.uasset" 74
"../../../Engine/Content/VREditor/UI/SelectionBarMesh.uasset" 75
"../../../Engine/Content/VREditor/UI/CloseButtonMesh.uasset" 76
"../../../Engine/Content/VREditor/FloatingText/LineMaterial.uasset" 77
"../../../Engine/Content/VREditor/FloatingText/LineSegmentCylinder.uasset" 78
"../../../Engine/Content/VREditor/FloatingText/JointSphere.uasset" 79
"../../../Engine/Content/VREditor/Fonts/VRText_RobotoLarge.uasset" 80
"../../../Engine/Content/VREditor/Fonts/VRTextMaterial.uasset" 81
"../../../Engine/Content/VREditor/Fonts/TranslucentVRTextMaterial.uasset" 82
"../../../Engine/Content/VREditor/TransformGizmo/TranslationHandle.uasset" 83
"../../../Engine/Content/VREditor/TransformGizmo/RotationHandle.uasset" 84
"../../../Engine/Content/VREditor/Devices/Generic/GenericHMDMaterial.uasset" 85
"../../../Engine/Content/VREditor/Devices/Generic/GenericHMD.uasset" 86
"../../../Engine/Content/Functions/Engine_MaterialFunctions01/Gradient/RadialGradient.uasset" 87
"../../../Engine/Content/EditorLandscapeResources/FlattenHeightMat.uasset" 88
"../../../Engine/Content/VREditor/WorldMovementGrid/PlaneMesh.uasset" 89
"../../../Engine/Content/VREditor/WorldMovementGrid/SimpleGrid.uasset" 90
"../../../Engine/Content/VREditor/WorldMovementGrid/GridMaterial.uasset" 91
"../../../Engine/Content/VREditor/LaserPointer/LaserPointerMaterial.uasset" 92
"../../../Engine/Content/VREditor/LaserPointer/LaserPointerMaterialInst.uasset" 93
"../../../Engine/Content/VREditor/LaserPointer/TranslucentLaserPointerMaterialInst.uasset" 94
"../../../Engine/Content/VREditor/LaserPointer/LaserPointerMesh.uasset" 95
"../../../Engine/Content/Functions/Engine_MaterialFunctions01/Density/ExponentialDensity.uasset" 96
"../../../Engine/Content/VREditor/WorldMovementGrid/GridPostProcess.uasset" 97
"../../../Engine/Content/VREditor/Sounds/VR_teleport_Cue.uasset" 98
"../../../Engine/Content/VREditor/Sounds/VR_grab_Cue.uasset" 99
"../../../Engine/Content/Tutorial/Basics/TutorialAssets/icon_tab_Levels_40x.uasset" 100
"../../../Engine/Content/Tutorial/Landscape/TutorialAssets/Landscape.uasset" 101
"../../../Engine/Content/Tutorial/BlueprintTutorials/TutorialAssets/Blueprint_64x.uasset" 102
"../../../Engine/Content/Tutorial/ContentIntroCurve.uasset" 103
"../../../Engine/Plugins/2D/Paper2D/Content/PlaceholderTextures/DummySpriteTexture.uasset" 104
"../../../Engine/Plugins/2D/Paper2D/Content/DefaultSpriteMaterial.uasset" 105
"../../../Engine/Plugins/2D/Paper2D/Content/MaskedUnlitSpriteMaterial.uasset" 106
"../../../Engine/Plugins/2D/Paper2D/Content/OpaqueUnlitSpriteMaterial.uasset" 107
"../../../Engine/Plugins/2D/Paper2D/Content/DummySprite.uasset" 108
"../../../Engine/Plugins/2D/Paper2D/Content/DefaultPaperTerrainMaterial.uasset" 109
"../../../Engine/Content/EngineMaterials/RemoveSurfaceMaterial.uasset" 110
"../../../Engine/Content/EngineDebugMaterials/DebugMeshMaterial.uasset" 111
"../../../Engine/Content/EngineMaterials/InvalidLightmapSettings.uasset" 112
"../../../Engine/Content/EngineMaterials/M_InvalidLightmapSettings.uasset" 113
"../../../Engine/Content/EditorMaterials/GizmoMaterial.uasset" 114
"../../../Engine/Content/EngineMaterials/PhAT_JointLimitMaterial.uasset" 115
"../../../Engine/Content/EngineMaterials/Good64x64TilingNoiseHighFreq.uasset" 116
"../../../Engine/Content/EngineMaterials/DefaultBokeh.uasset" 117
"../../../Engine/Content/EngineMaterials/PreintegratedSkinBRDF.uasset" 118
"../../../Engine/Content/EngineMaterials/MiniFont.uasset" 119
"../../../Engine/Content/EngineMaterials/WeightMapPlaceholderTexture.uasset" 120
"../../../Engine/Content/EngineMaterials/DefaultWhiteGrid.uasset" 121
"../../../Engine/Content/EngineMaterials/DefaultPhysicalMaterial.uasset" 122
"../../../Engine/Content/EngineFonts/RobotoTiny.uasset" 123
"../../../Engine/Content/EditorSounds/Notifications/CompileSuccess.uasset" 124
"../../../Engine/Content/EditorSounds/Notifications/CompileStart_Cue.uasset" 125
"../../../Engine/Content/EditorSounds/Notifications/CompileSuccess_Cue.uasset" 126
"../../../Engine/Content/EditorSounds/Notifications/CompileFailed.uasset" 127
"../../../Engine/Content/EditorSounds/Notifications/CompileFailed_Cue.uasset" 128
"../../../Engine/Content/BasicShapes/Cylinder.uasset" 129
"../../../Engine/Content/BasicShapes/Cone.uasset" 130
"../../../Engine/Content/EditorResources/BSPVertex.uasset" 131
"../../../Engine/Content/EngineDebugMaterials/GeomMaterial.uasset" 132
"../../../Engine/Content/EngineDebugMaterials/HeatmapGradient.uasset" 133
"../../../Engine/Content/EngineDebugMaterials/BoneWeightMaterial.uasset" 134
"../../../Engine/Content/EditorMaterials/PreviewShadowIndicator.uasset" 135
"../../../Engine/Content/EditorMaterials/PreviewShadowIndicatorMaterial.uasset" 136
"../../../Engine/Content/EngineMaterials/EditorBrushMaterial.uasset" 137
"../../../Engine/Content/EditorMeshes/ColorCalibrator/M_ChromeBall.uasset" 138
"../../../Engine/Content/EditorMeshes/ColorCalibrator/M_ClearCoat.uasset" 139
"../../../Engine/Content/EditorMeshes/ColorCalibrator/M_ClearCoatBlack.uasset" 140
"../../../Engine/Content/EditorMeshes/ColorCalibrator/T_ColorGrid.uasset" 141
"../../../Engine/Content/EditorMeshes/ColorCalibrator/M_ColorGrid.uasset" 142
"../../../Engine/Content/EditorMeshes/ColorCalibrator/M_GreyBall.uasset" 143
"../../../Engine/Content/EditorMeshes/ColorCalibrator/SM_ColorCalibrator.uasset" 144
"../../../Engine/Content/MobileResources/HUD/VirtualJoystick_Background.uasset" 145
"../../../Engine/Content/MobileResources/HUD/VirtualJoystick_Thumb.uasset" 146
"../../../Engine/Content/MobileResources/HUD/DefaultVirtualJoysticks.uasset" 147
"../../../Engine/Content/Tutorial/SubEditors/TutorialAssets/icon_Editor_Preferences_General_40x.uasset" 148
"../../../Engine/Content/Tutorial/Paper2D/TutorialAssets/Paper2DSprite_TutorialIcon.uasset" 149
"../../../Engine/Content/Tutorial/SubEditors/TutorialAssets/icon_ShowSkeletalMeshes_40x.uasset" 150
"../../../Engine/Content/Tutorial/Foliage/TutorialAssets/Foliage.uasset" 151
"../../../Engine/Content/Tutorial/BlueprintTutorials/TutorialAssets/BlueprintMacroLibrary_64x.uasset" 152
"../../../Engine/Content/Tutorial/BlueprintTutorials/TutorialAssets/BlueprintInterface_64x.uasset" 153
"../../../Engine/Content/Tutorial/Paper2D/TutorialAssets/Paper2DFlipbook_TutorialIcon.uasset" 154
"../../../Engine/Content/MobileResources/HUD/T_Castle_ThumbstickInner.uasset" 155
"../../../Engine/Content/MobileResources/HUD/MobileHUDDirectionPad3.uasset" 156
"../../../Engine/Content/EngineMeshes/Cube.uasset" 157
"../../../Engine/Content/Tutorial/BlueprintTutorials/TutorialAssets/Tutorial_BP_Interface.uasset" 158
"../../../Engine/Content/EngineMaterials/WorldGridMaterial.uasset" 159
"../../../Engine/Content/EditorMeshes/EditorCube.uasset" 160
"../../../Engine/Content/Tutorial/SubEditors/TutorialAssets/Tutorial_DM.uasset" 161
"../../../Engine/Content/Tutorial/SubEditors/TutorialAssets/TutorialMaterial.uasset" 162
"../../../Engine/Content/Tutorial/SubEditors/TutorialAssets/T_SmokeSubUV_8X8.uasset" 163
"../../../Engine/Content/Tutorial/SubEditors/TutorialAssets/T_soft_smoke.uasset" 164
"../../../Engine/Content/Tutorial/SubEditors/TutorialAssets/M_smoke_subUV_blackbody.uasset" 165
"../../../Engine/Content/Tutorial/SubEditors/TutorialAssets/TutorialParticleSystem.uasset" 166
"../../../Engine/Content/MobileResources/HUD/MobileHUDButtonFire.uasset" 167
"../../../Engine/Content/MobileResources/HUD/MobileHUDButton3.uasset" 168
"../../../Engine/Content/MobileResources/HUD/MobileHUDButton2_on.uasset" 169
"../../../Engine/Content/MobileResources/HUD/MobileHUDButton2_off.uasset" 170
"../../../Engine/Content/MobileResources/HUD/MobileHUDButton1_on.uasset" 171
"../../../Engine/Content/MobileResources/HUD/MobileHUDButton1_off.uasset" 172
"../../../Engine/Content/MobileResources/HUD/LeftVirtualJoystickOnly.uasset" 173
"../../../Engine/Content/MobileResources/T_MobileMenu2.uasset" 174
"../../../Engine/Content/MobileResources/T_MobileControls_texture.uasset" 175
"../../../CardGameProject3/Content/Textures/LightningBoltTest.uasset" 176
"../../../CardGameProject3/Content/Textures/leather-texture.uasset" 177
"../../../Engine/Content/EditorResources/EmptyActor.uasset" 178
"../../../CardGameProject3/Content/Sounds/Slash_Cue.uasset" 179
"../../../CardGameProject3/Content/Sounds/PlayCard_Cue.uasset" 180
"../../../CardGameProject3/Content/Sounds/GameDesign2_Loop_Cue.uasset" 181
"../../../CardGameProject3/Content/Sounds/DrawCard_Cue.uasset" 182
"../../../Engine/Content/ArtTools/RenderToTexture/Textures/127grey.uasset" 183
"../../../CardGameProject3/Content/Materials/ManaMat.uasset" 184
"../../../CardGameProject3/Content/Textures/leather-texture2.uasset" 185
"../../../CardGameProject3/Content/Materials/BoardMat2.uasset" 186
"../../../CardGameProject3/Content/Textures/background2.uasset" 187
"../../../CardGameProject3/Content/Textures/Tut-background.uasset" 188
"../../../CardGameProject3/Content/Materials/TutMat.uasset" 189
"../../../Engine/Content/BasicShapes/Cube.uasset" 190
"../../../CardGameProject3/Content/Blueprints/Menus/TutorialMesh.uasset" 191
"../../../Engine/Content/EditorMaterials/Cascade/CASC_Cross.uasset" 192
"../../../Engine/Content/EditorMaterials/Cascade/CASC_None.uasset" 193
"../../../Engine/Content/Functions/Engine_MaterialFunctions03/Blends/Blend_Overlay.uasset" 194
"../../../Engine/Content/EngineMaterials/PhysMat_Ice.uasset" 195
"../../../CardGameProject3/Content/Textures/blueTex.uasset" 196
"../../../CardGameProject3/Content/Textures/glass.uasset" 197
"../../../CardGameProject3/Content/Materials/ETButtonMat.uasset" 198
"../../../CardGameProject3/Content/Blueprints/Buttons/ZoomButton.uasset" 199
"../../../Engine/Content/MobileResources/HUD/MobileHUDDirectionStick.uasset" 200
"../../../Engine/Content/MobileResources/HUD/T_Castle_ThumbstickOutter.uasset" 201
"../../../Engine/Content/MobileResources/HUD/MobileHUDDirectionPad2.uasset" 202
"../../../Engine/Content/MobileResources/HUD/MobileHUDDirectionPad.uasset" 203
"../../../Engine/Content/MobileResources/HUD/AnalogHat.uasset" 204
"../../../Engine/Content/EngineMaterials/DefaultNormal.uasset" 205
"../../../Engine/Content/Maps/Entry.umap" 206
"../../../Engine/Content/EditorBlueprintResources/StandardMacros.uasset" 207
"../../../CardGameProject3/Content/Blueprints/BattleGameInstance.uasset" 208
"../../../CardGameProject3/Content/Data/CardAbility.uasset" 209
"../../../CardGameProject3/Content/Data/CardDataStruct.uasset" 210
"../../../CardGameProject3/Content/Data/CardDatabase.uasset" 211
"../../../Engine/Content/EngineMaterials/PhysMat_Carboard.uasset" 212
"../../../CardGameProject3/Content/Textures/monsterCard2.uasset" 213
"../../../CardGameProject3/Content/Materials/BeastCardMat.uasset" 214
"../../../CardGameProject3/Content/Textures/creatureTex9.uasset" 215
"../../../CardGameProject3/Content/Materials/BeastCardMat10.uasset" 216
"../../../CardGameProject3/Content/Textures/creatureTex10.uasset" 217
"../../../CardGameProject3/Content/Materials/BeastCardMat11.uasset" 218
"../../../CardGameProject3/Content/Textures/creatureTex11.uasset" 219
"../../../CardGameProject3/Content/Materials/BeastCardMat12.uasset" 220
"../../../CardGameProject3/Content/Textures/creatureTex12.uasset" 221
"../../../CardGameProject3/Content/Materials/BeastCardMat13.uasset" 222
"../../../CardGameProject3/Content/Textures/creatureTex13.uasset" 223
"../../../CardGameProject3/Content/Materials/BeastCardMat14.uasset" 224
"../../../CardGameProject3/Content/Textures/creatureTex14.uasset" 225
"../../../CardGameProject3/Content/Materials/BeastCardMat15.uasset" 226
"../../../CardGameProject3/Content/Textures/creatureTex15.uasset" 227
"../../../CardGameProject3/Content/Materials/BeastCardMat16.uasset" 228
"../../../CardGameProject3/Content/Textures/creatureTex1.uasset" 229
"../../../CardGameProject3/Content/Materials/BeastCardMat2.uasset" 230
"../../../CardGameProject3/Content/Textures/creatureTex2.uasset" 231
"../../../CardGameProject3/Content/Materials/BeastCardMat3.uasset" 232
"../../../CardGameProject3/Content/Textures/creatureTex3.uasset" 233
"../../../CardGameProject3/Content/Materials/BeastCardMat4.uasset" 234
"../../../CardGameProject3/Content/Textures/creatureTex4.uasset" 235
"../../../CardGameProject3/Content/Materials/BeastCardMat5.uasset" 236
"../../../CardGameProject3/Content/Textures/creatureTex5.uasset" 237
"../../../CardGameProject3/Content/Materials/BeastCardMat6.uasset" 238
"../../../CardGameProject3/Content/Textures/creatureTex6.uasset" 239
"../../../CardGameProject3/Content/Materials/BeastCardMat7.uasset" 240
"../../../CardGameProject3/Content/Textures/creatureTex7.uasset" 241
"../../../CardGameProject3/Content/Materials/BeastCardMat8.uasset" 242
"../../../CardGameProject3/Content/Textures/creatureTex8.uasset" 243
"../../../CardGameProject3/Content/Materials/BeastCardMat9.uasset" 244
"../../../CardGameProject3/Content/Textures/characterCard.uasset" 245
"../../../CardGameProject3/Content/Materials/CharacterCardMat.uasset" 246
"../../../CardGameProject3/Content/Materials/CardMat_Inst.uasset" 247
"../../../CardGameProject3/Content/Meshes/CardMesh.uasset" 248
"../../../CardGameProject3/Content/Blueprints/Card.uasset" 249
"../../../Engine/Content/EditorBlueprintResources/ActorMacros.uasset" 250
"../../../CardGameProject3/Content/Blueprints/Deck.uasset" 251
"../../../Engine/Content/ArtTools/RenderToTexture/Materials/Debug/M_Emissive_Color.uasset" 252
"../../../Engine/Content/ArtTools/RenderToTexture/Materials/Debug/M_Emissive_Color_127-127-0.uasset" 253
"../../../Engine/Content/BasicShapes/Sphere.uasset" 254
"../../../CardGameProject3/Content/Blueprints/ManaBall.uasset" 255
"../../../Engine/Content/BasicShapes/BasicShapeMaterial.uasset" 256
"../../../CardGameProject3/Content/Blueprints/Red_Particle.uasset" 257
"../../../Engine/Content/EngineMaterials/OrientParticle.uasset" 258
"../../../Engine/Content/EngineMaterials/DefaultParticle.uasset" 259
"../../../CardGameProject3/Content/Blueprints/DamageEffect.uasset" 260
"../../../Engine/Content/EngineFonts/DroidSansMono.uasset" 261
"../../../CardGameProject3/Content/Textures/rain-on-window.uasset" 262
"../../../CardGameProject3/Content/Blueprints/Menus/SelectMenu.uasset" 263
"../../../CardGameProject3/Content/Blueprints/Menus/StartMenu.uasset" 264
"../../../CardGameProject3/Content/Blueprints/Menus/LoseMenu.uasset" 265
"../../../CardGameProject3/Content/Blueprints/Menus/WinMenu.uasset" 266
"../../../CardGameProject3/Content/Sounds/DrawCard.uasset" 267
"../../../CardGameProject3/Content/Sounds/PlayCard.uasset" 268
"../../../CardGameProject3/Content/Sounds/Punch.uasset" 269
"../../../CardGameProject3/Content/Sounds/Sharp_Punch.uasset" 270
"../../../CardGameProject3/Content/Sounds/sword-gesture1.uasset" 271
"../../../CardGameProject3/Content/Blueprints/BattleCardGameState.uasset" 272
"../../../CardGameProject3/Content/Blueprints/CardGameController.uasset" 273
"../../../CardGameProject3/Content/Blueprints/PlayerPawn.uasset" 274
"../../../CardGameProject3/Content/Blueprints/BattleCardGameMode.uasset" 275
"../../../CardGameProject3/Content/Sounds/Button_Press_Cue.uasset" 276
"../../../CardGameProject3/Content/Blueprints/Buttons/EndTurnButton.uasset" 277
"../../../CardGameProject3/Content/Blueprints/Buttons/PlayCardButton.uasset" 278
"../../../Engine/Content/MapTemplates/Materials/BasicAsset03.uasset" 279
"../../../CardGameProject3/Content/Textures/GameBoard.uasset" 280
"../../../CardGameProject3/Content/Textures/GameBoard2.uasset" 281
"../../../CardGameProject3/Content/Materials/BoardMat.uasset" 282
"../../../CardGameProject3/Content/Textures/Wood_floor.uasset" 283
"../../../CardGameProject3/Content/Materials/TableMat.uasset" 284
"../../../Engine/Content/MapTemplates/SM_Template_Map_Floor.uasset" 285
"../../../CardGameProject3/Content/Meshes/Board.uasset" 286
"../../../Engine/Content/EngineSounds/Normal_Attack.uasset" 287
"../../../Engine/Content/EngineSounds/Duck_Normal_Attack_MixMod.uasset" 288
"../../../Engine/Content/EngineSounds/Special_Attack_PSM.uasset" 289
"../../../Engine/Content/EngineSounds/SFX.uasset" 290
"../../../Engine/Content/EngineSounds/Voice.uasset" 291
"../../../Engine/Content/EngineSounds/Master.uasset" 292
"../../../Engine/Content/EngineSounds/Music.uasset" 293
"../../../CardGameProject3/Content/Sounds/Loop1_Cue.uasset" 294
"../../../CardGameProject3/Content/Levels/BasicLevel.umap" 295
"../../../CardGameProject3/Content/Levels/Empty.umap" 296
